

$$$$$$$$$$$$$$$$$$$$$$$$$$$$$$$$$$$$$$$$$
New Run
Current date and time = 2022-08-19 17:07:49.514866
$$$$$$$$$$$$$$$$$$$$$$$$$$$$$$$$$$$$$$$$$
The data set contains images
The data set contains images
Epoch 1/500


$$$$$$$$$$$$$$$$$$$$$$$$$$$$$$$$$$$$$$$$$
New Run
Current date and time = 2022-08-19 17:30:43.318679
$$$$$$$$$$$$$$$$$$$$$$$$$$$$$$$$$$$$$$$$$
The data set contains images
The data set contains images
Epoch 1/500


$$$$$$$$$$$$$$$$$$$$$$$$$$$$$$$$$$$$$$$$$
New Run
Current date and time = 2022-08-19 17:32:03.816205
$$$$$$$$$$$$$$$$$$$$$$$$$$$$$$$$$$$$$$$$$
The data set contains images
The data set contains images
Epoch 1/500


$$$$$$$$$$$$$$$$$$$$$$$$$$$$$$$$$$$$$$$$$
New Run
Current date and time = 2022-08-19 17:32:29.920423
$$$$$$$$$$$$$$$$$$$$$$$$$$$$$$$$$$$$$$$$$
The data set contains images
The data set contains images
Epoch 1/500
795/795 [==============================] - 107s 124ms/step - loss: 3.7259 - accuracy: 0.6640 - val_loss: 0.8839 - val_accuracy: 0.6956

Epoch 00001: val_loss improved from inf to 0.88387, saving model to best_model_ternary_CNNsq_kappa0.3/
Epoch 2/500
795/795 [==============================] - 98s 123ms/step - loss: 0.7615 - accuracy: 0.7003 - val_loss: 0.7177 - val_accuracy: 0.7047

Epoch 00002: val_loss improved from 0.88387 to 0.71773, saving model to best_model_ternary_CNNsq_kappa0.3/
Epoch 3/500
795/795 [==============================] - 98s 123ms/step - loss: 0.7121 - accuracy: 0.7083 - val_loss: 0.6935 - val_accuracy: 0.7161

Epoch 00003: val_loss improved from 0.71773 to 0.69354, saving model to best_model_ternary_CNNsq_kappa0.3/
Epoch 4/500
795/795 [==============================] - 98s 123ms/step - loss: 0.6989 - accuracy: 0.7154 - val_loss: 0.6825 - val_accuracy: 0.7217

Epoch 00004: val_loss improved from 0.69354 to 0.68247, saving model to best_model_ternary_CNNsq_kappa0.3/
Epoch 5/500
795/795 [==============================] - 98s 123ms/step - loss: 0.6888 - accuracy: 0.7202 - val_loss: 0.6735 - val_accuracy: 0.7266

Epoch 00005: val_loss improved from 0.68247 to 0.67349, saving model to best_model_ternary_CNNsq_kappa0.3/
Epoch 6/500
795/795 [==============================] - 98s 123ms/step - loss: 0.6802 - accuracy: 0.7246 - val_loss: 0.6689 - val_accuracy: 0.7287

Epoch 00006: val_loss improved from 0.67349 to 0.66890, saving model to best_model_ternary_CNNsq_kappa0.3/
Epoch 7/500
795/795 [==============================] - 98s 123ms/step - loss: 0.6758 - accuracy: 0.7259 - val_loss: 0.6660 - val_accuracy: 0.7299

Epoch 00007: val_loss improved from 0.66890 to 0.66597, saving model to best_model_ternary_CNNsq_kappa0.3/
Epoch 8/500
795/795 [==============================] - 98s 123ms/step - loss: 0.6717 - accuracy: 0.7283 - val_loss: 0.6635 - val_accuracy: 0.7315

Epoch 00008: val_loss improved from 0.66597 to 0.66350, saving model to best_model_ternary_CNNsq_kappa0.3/
Epoch 9/500
795/795 [==============================] - 98s 123ms/step - loss: 0.6688 - accuracy: 0.7297 - val_loss: 0.6617 - val_accuracy: 0.7319

Epoch 00009: val_loss improved from 0.66350 to 0.66174, saving model to best_model_ternary_CNNsq_kappa0.3/
Epoch 10/500
795/795 [==============================] - 98s 123ms/step - loss: 0.6650 - accuracy: 0.7319 - val_loss: 0.6615 - val_accuracy: 0.7325

Epoch 00010: val_loss improved from 0.66174 to 0.66149, saving model to best_model_ternary_CNNsq_kappa0.3/
Epoch 11/500
795/795 [==============================] - 98s 123ms/step - loss: 0.6624 - accuracy: 0.7333 - val_loss: 0.6572 - val_accuracy: 0.7348

Epoch 00011: val_loss improved from 0.66149 to 0.65720, saving model to best_model_ternary_CNNsq_kappa0.3/
Epoch 12/500
795/795 [==============================] - 98s 123ms/step - loss: 0.6610 - accuracy: 0.7330 - val_loss: 0.6584 - val_accuracy: 0.7346

Epoch 00012: val_loss did not improve from 0.65720
Epoch 13/500
795/795 [==============================] - 98s 123ms/step - loss: 0.6579 - accuracy: 0.7348 - val_loss: 0.6565 - val_accuracy: 0.7349

Epoch 00013: val_loss improved from 0.65720 to 0.65648, saving model to best_model_ternary_CNNsq_kappa0.3/
Epoch 14/500
795/795 [==============================] - 98s 123ms/step - loss: 0.6565 - accuracy: 0.7357 - val_loss: 0.6549 - val_accuracy: 0.7361

Epoch 00014: val_loss improved from 0.65648 to 0.65492, saving model to best_model_ternary_CNNsq_kappa0.3/
Epoch 15/500
795/795 [==============================] - 98s 123ms/step - loss: 0.6545 - accuracy: 0.7368 - val_loss: 0.6527 - val_accuracy: 0.7371

Epoch 00015: val_loss improved from 0.65492 to 0.65267, saving model to best_model_ternary_CNNsq_kappa0.3/
Epoch 16/500
795/795 [==============================] - 98s 123ms/step - loss: 0.6522 - accuracy: 0.7380 - val_loss: 0.6522 - val_accuracy: 0.7368

Epoch 00016: val_loss improved from 0.65267 to 0.65220, saving model to best_model_ternary_CNNsq_kappa0.3/
Epoch 17/500
795/795 [==============================] - 98s 123ms/step - loss: 0.6510 - accuracy: 0.7381 - val_loss: 0.6520 - val_accuracy: 0.7365

Epoch 00017: val_loss improved from 0.65220 to 0.65202, saving model to best_model_ternary_CNNsq_kappa0.3/
Epoch 18/500
795/795 [==============================] - 98s 123ms/step - loss: 0.6502 - accuracy: 0.7386 - val_loss: 0.6528 - val_accuracy: 0.7358

Epoch 00018: val_loss did not improve from 0.65202
Epoch 19/500
795/795 [==============================] - 98s 123ms/step - loss: 0.6483 - accuracy: 0.7399 - val_loss: 0.6519 - val_accuracy: 0.7369

Epoch 00019: val_loss improved from 0.65202 to 0.65188, saving model to best_model_ternary_CNNsq_kappa0.3/
Epoch 20/500
795/795 [==============================] - 98s 123ms/step - loss: 0.6467 - accuracy: 0.7408 - val_loss: 0.6519 - val_accuracy: 0.7364

Epoch 00020: val_loss improved from 0.65188 to 0.65186, saving model to best_model_ternary_CNNsq_kappa0.3/
Epoch 21/500
795/795 [==============================] - 98s 124ms/step - loss: 0.6449 - accuracy: 0.7415 - val_loss: 0.6529 - val_accuracy: 0.7365

Epoch 00021: val_loss did not improve from 0.65186
Epoch 22/500
795/795 [==============================] - 98s 123ms/step - loss: 0.6437 - accuracy: 0.7419 - val_loss: 0.6513 - val_accuracy: 0.7372

Epoch 00022: val_loss improved from 0.65186 to 0.65130, saving model to best_model_ternary_CNNsq_kappa0.3/
Epoch 23/500
795/795 [==============================] - 98s 123ms/step - loss: 0.6429 - accuracy: 0.7425 - val_loss: 0.6530 - val_accuracy: 0.7355

Epoch 00023: val_loss did not improve from 0.65130
Epoch 24/500
795/795 [==============================] - 98s 123ms/step - loss: 0.6412 - accuracy: 0.7431 - val_loss: 0.6518 - val_accuracy: 0.7369

Epoch 00024: val_loss did not improve from 0.65130
Epoch 25/500
795/795 [==============================] - 98s 123ms/step - loss: 0.6396 - accuracy: 0.7445 - val_loss: 0.6507 - val_accuracy: 0.7379

Epoch 00025: val_loss improved from 0.65130 to 0.65072, saving model to best_model_ternary_CNNsq_kappa0.3/
Epoch 26/500
795/795 [==============================] - 98s 123ms/step - loss: 0.6386 - accuracy: 0.7449 - val_loss: 0.6529 - val_accuracy: 0.7363

Epoch 00026: val_loss did not improve from 0.65072
Epoch 27/500
795/795 [==============================] - 98s 123ms/step - loss: 0.6371 - accuracy: 0.7458 - val_loss: 0.6512 - val_accuracy: 0.7370

Epoch 00027: val_loss did not improve from 0.65072
Epoch 28/500
795/795 [==============================] - 98s 123ms/step - loss: 0.6361 - accuracy: 0.7469 - val_loss: 0.6520 - val_accuracy: 0.7372

Epoch 00028: val_loss did not improve from 0.65072
Epoch 29/500
795/795 [==============================] - 98s 123ms/step - loss: 0.6342 - accuracy: 0.7474 - val_loss: 0.6538 - val_accuracy: 0.7353

Epoch 00029: val_loss did not improve from 0.65072
Epoch 30/500
795/795 [==============================] - 98s 123ms/step - loss: 0.6324 - accuracy: 0.7485 - val_loss: 0.6530 - val_accuracy: 0.7365

Epoch 00030: val_loss did not improve from 0.65072
Epoch 31/500
795/795 [==============================] - 98s 123ms/step - loss: 0.6311 - accuracy: 0.7495 - val_loss: 0.6560 - val_accuracy: 0.7349

Epoch 00031: val_loss did not improve from 0.65072
Epoch 32/500
795/795 [==============================] - 98s 123ms/step - loss: 0.6294 - accuracy: 0.7500 - val_loss: 0.6528 - val_accuracy: 0.7367

Epoch 00032: val_loss did not improve from 0.65072
Epoch 33/500
795/795 [==============================] - 98s 123ms/step - loss: 0.6280 - accuracy: 0.7515 - val_loss: 0.6543 - val_accuracy: 0.7357

Epoch 00033: val_loss did not improve from 0.65072
Epoch 34/500
795/795 [==============================] - 98s 123ms/step - loss: 0.6266 - accuracy: 0.7518 - val_loss: 0.6560 - val_accuracy: 0.7354

Epoch 00034: val_loss did not improve from 0.65072
Epoch 35/500
795/795 [==============================] - 98s 123ms/step - loss: 0.6243 - accuracy: 0.7532 - val_loss: 0.6574 - val_accuracy: 0.7358

Epoch 00035: val_loss did not improve from 0.65072
Epoch 00035: early stopping
The data set contains images
127283/127283 [==============================] - 1003s 8ms/step - loss: 0.6530 - accuracy: 0.7388
Testing Loss = 0.652980, Testing Accuracy = 0.738787
The data set contains images
[[0.010890940204262733, 0.12303350865840912, 0.8660755753517151], [0.03353992849588394, 0.5925201773643494, 0.3739399015903473], [0.036122869700193405, 0.03829798474907875, 0.9255791306495667], [0.6454682350158691, 0.21382680535316467, 0.14070498943328857], [0.4854493737220764, 0.19423778355121613, 0.32031288743019104], [0.01447809487581253, 0.011084792204201221, 0.9744371771812439], [0.06275662034749985, 0.06361307948827744, 0.8736303448677063], [0.17378847301006317, 0.7323477864265442, 0.09386373311281204], [0.029979774728417397, 0.9583944082260132, 0.011625762097537518], [0.013503584079444408, 0.10355976969003677, 0.8829366564750671]]
[[0.0, 0.0, 1.0], [0.0, 0.0, 1.0], [0.0, 0.0, 1.0], [1.0, 0.0, 0.0], [1.0, 0.0, 0.0], [0.0, 0.0, 1.0], [0.0, 0.0, 1.0], [0.0, 1.0, 0.0], [0.0, 1.0, 0.0], [0.0, 0.0, 1.0]]
3


$$$$$$$$$$$$$$$$$$$$$$$$$$$$$$$$$$$$$$$$$
New Run
Current date and time = 2022-08-23 14:31:29.267920
$$$$$$$$$$$$$$$$$$$$$$$$$$$$$$$$$$$$$$$$$
The data set contains images
The data set contains images


$$$$$$$$$$$$$$$$$$$$$$$$$$$$$$$$$$$$$$$$$
New Run
Current date and time = 2022-08-23 14:31:47.413277
$$$$$$$$$$$$$$$$$$$$$$$$$$$$$$$$$$$$$$$$$
The data set contains images
The data set contains images
Epoch 1/500
795/795 [==============================] - 111s 132ms/step - loss: 3.6998 - accuracy: 0.6622 - val_loss: 0.8844 - val_accuracy: 0.6919

Epoch 00001: val_loss improved from inf to 0.88439, saving model to best_model_ternary_CNNsq_kappa0.3/
Epoch 2/500
795/795 [==============================] - 102s 129ms/step - loss: 0.7575 - accuracy: 0.7021 - val_loss: 0.7259 - val_accuracy: 0.6977

Epoch 00002: val_loss improved from 0.88439 to 0.72588, saving model to best_model_ternary_CNNsq_kappa0.3/
Epoch 3/500
795/795 [==============================] - 102s 128ms/step - loss: 0.7071 - accuracy: 0.7109 - val_loss: 0.7045 - val_accuracy: 0.7057

Epoch 00003: val_loss improved from 0.72588 to 0.70453, saving model to best_model_ternary_CNNsq_kappa0.3/
Epoch 4/500
795/795 [==============================] - 102s 128ms/step - loss: 0.6930 - accuracy: 0.7179 - val_loss: 0.6900 - val_accuracy: 0.7152

Epoch 00004: val_loss improved from 0.70453 to 0.68997, saving model to best_model_ternary_CNNsq_kappa0.3/
Epoch 5/500
795/795 [==============================] - 102s 128ms/step - loss: 0.6837 - accuracy: 0.7224 - val_loss: 0.6869 - val_accuracy: 0.7163

Epoch 00005: val_loss improved from 0.68997 to 0.68689, saving model to best_model_ternary_CNNsq_kappa0.3/
Epoch 6/500
795/795 [==============================] - 102s 128ms/step - loss: 0.6771 - accuracy: 0.7257 - val_loss: 0.6841 - val_accuracy: 0.7174

Epoch 00006: val_loss improved from 0.68689 to 0.68405, saving model to best_model_ternary_CNNsq_kappa0.3/
Epoch 7/500
795/795 [==============================] - 102s 128ms/step - loss: 0.6726 - accuracy: 0.7281 - val_loss: 0.6816 - val_accuracy: 0.7185

Epoch 00007: val_loss improved from 0.68405 to 0.68158, saving model to best_model_ternary_CNNsq_kappa0.3/
Epoch 8/500
795/795 [==============================] - 102s 128ms/step - loss: 0.6682 - accuracy: 0.7298 - val_loss: 0.6805 - val_accuracy: 0.7200

Epoch 00008: val_loss improved from 0.68158 to 0.68051, saving model to best_model_ternary_CNNsq_kappa0.3/
Epoch 9/500
795/795 [==============================] - 102s 128ms/step - loss: 0.6643 - accuracy: 0.7314 - val_loss: 0.6786 - val_accuracy: 0.7205

Epoch 00009: val_loss improved from 0.68051 to 0.67858, saving model to best_model_ternary_CNNsq_kappa0.3/
Epoch 10/500
795/795 [==============================] - 102s 128ms/step - loss: 0.6617 - accuracy: 0.7331 - val_loss: 0.6771 - val_accuracy: 0.7215

Epoch 00010: val_loss improved from 0.67858 to 0.67712, saving model to best_model_ternary_CNNsq_kappa0.3/
Epoch 11/500
795/795 [==============================] - 102s 128ms/step - loss: 0.6589 - accuracy: 0.7341 - val_loss: 0.6756 - val_accuracy: 0.7225

Epoch 00011: val_loss improved from 0.67712 to 0.67560, saving model to best_model_ternary_CNNsq_kappa0.3/
Epoch 12/500
795/795 [==============================] - 102s 128ms/step - loss: 0.6568 - accuracy: 0.7352 - val_loss: 0.6716 - val_accuracy: 0.7239

Epoch 00012: val_loss improved from 0.67560 to 0.67160, saving model to best_model_ternary_CNNsq_kappa0.3/
Epoch 13/500
795/795 [==============================] - 103s 129ms/step - loss: 0.6550 - accuracy: 0.7364 - val_loss: 0.6705 - val_accuracy: 0.7247

Epoch 00013: val_loss improved from 0.67160 to 0.67053, saving model to best_model_ternary_CNNsq_kappa0.3/
Epoch 14/500
795/795 [==============================] - 102s 128ms/step - loss: 0.6533 - accuracy: 0.7372 - val_loss: 0.6702 - val_accuracy: 0.7253

Epoch 00014: val_loss improved from 0.67053 to 0.67021, saving model to best_model_ternary_CNNsq_kappa0.3/
Epoch 15/500
795/795 [==============================] - 102s 128ms/step - loss: 0.6509 - accuracy: 0.7385 - val_loss: 0.6722 - val_accuracy: 0.7239

Epoch 00015: val_loss did not improve from 0.67021
Epoch 16/500
795/795 [==============================] - 102s 129ms/step - loss: 0.6495 - accuracy: 0.7392 - val_loss: 0.6677 - val_accuracy: 0.7265

Epoch 00016: val_loss improved from 0.67021 to 0.66775, saving model to best_model_ternary_CNNsq_kappa0.3/
Epoch 17/500
795/795 [==============================] - 102s 128ms/step - loss: 0.6478 - accuracy: 0.7399 - val_loss: 0.6698 - val_accuracy: 0.7259

Epoch 00017: val_loss did not improve from 0.66775
Epoch 18/500
795/795 [==============================] - 102s 128ms/step - loss: 0.6464 - accuracy: 0.7404 - val_loss: 0.6675 - val_accuracy: 0.7265

Epoch 00018: val_loss improved from 0.66775 to 0.66749, saving model to best_model_ternary_CNNsq_kappa0.3/
Epoch 19/500
795/795 [==============================] - 102s 128ms/step - loss: 0.6451 - accuracy: 0.7410 - val_loss: 0.6673 - val_accuracy: 0.7269

Epoch 00019: val_loss improved from 0.66749 to 0.66726, saving model to best_model_ternary_CNNsq_kappa0.3/
Epoch 20/500
795/795 [==============================] - 102s 128ms/step - loss: 0.6435 - accuracy: 0.7418 - val_loss: 0.6682 - val_accuracy: 0.7259

Epoch 00020: val_loss did not improve from 0.66726
Epoch 21/500
795/795 [==============================] - 102s 128ms/step - loss: 0.6420 - accuracy: 0.7431 - val_loss: 0.6663 - val_accuracy: 0.7270

Epoch 00021: val_loss improved from 0.66726 to 0.66632, saving model to best_model_ternary_CNNsq_kappa0.3/
Epoch 22/500
795/795 [==============================] - 102s 128ms/step - loss: 0.6407 - accuracy: 0.7436 - val_loss: 0.6662 - val_accuracy: 0.7274

Epoch 00022: val_loss improved from 0.66632 to 0.66622, saving model to best_model_ternary_CNNsq_kappa0.3/
Epoch 23/500
795/795 [==============================] - 102s 128ms/step - loss: 0.6392 - accuracy: 0.7447 - val_loss: 0.6648 - val_accuracy: 0.7286

Epoch 00023: val_loss improved from 0.66622 to 0.66480, saving model to best_model_ternary_CNNsq_kappa0.3/
Epoch 24/500
795/795 [==============================] - 102s 128ms/step - loss: 0.6387 - accuracy: 0.7450 - val_loss: 0.6666 - val_accuracy: 0.7278

Epoch 00024: val_loss did not improve from 0.66480
Epoch 25/500
795/795 [==============================] - 102s 128ms/step - loss: 0.6382 - accuracy: 0.7451 - val_loss: 0.6674 - val_accuracy: 0.7272

Epoch 00025: val_loss did not improve from 0.66480
Epoch 26/500
795/795 [==============================] - 102s 128ms/step - loss: 0.6363 - accuracy: 0.7462 - val_loss: 0.6672 - val_accuracy: 0.7267

Epoch 00026: val_loss did not improve from 0.66480
Epoch 27/500
795/795 [==============================] - 102s 128ms/step - loss: 0.6344 - accuracy: 0.7474 - val_loss: 0.6652 - val_accuracy: 0.7282

Epoch 00027: val_loss did not improve from 0.66480
Epoch 28/500
795/795 [==============================] - 102s 128ms/step - loss: 0.6334 - accuracy: 0.7481 - val_loss: 0.6715 - val_accuracy: 0.7259

Epoch 00028: val_loss did not improve from 0.66480
Epoch 29/500
795/795 [==============================] - 102s 128ms/step - loss: 0.6322 - accuracy: 0.7489 - val_loss: 0.6687 - val_accuracy: 0.7275

Epoch 00029: val_loss did not improve from 0.66480
Epoch 30/500
795/795 [==============================] - 102s 128ms/step - loss: 0.6303 - accuracy: 0.7497 - val_loss: 0.6679 - val_accuracy: 0.7274

Epoch 00030: val_loss did not improve from 0.66480
Epoch 31/500
795/795 [==============================] - 102s 128ms/step - loss: 0.6286 - accuracy: 0.7505 - val_loss: 0.6729 - val_accuracy: 0.7256

Epoch 00031: val_loss did not improve from 0.66480
Epoch 32/500
795/795 [==============================] - 102s 128ms/step - loss: 0.6270 - accuracy: 0.7521 - val_loss: 0.6681 - val_accuracy: 0.7273

Epoch 00032: val_loss did not improve from 0.66480
Epoch 33/500
795/795 [==============================] - 102s 128ms/step - loss: 0.6254 - accuracy: 0.7529 - val_loss: 0.6696 - val_accuracy: 0.7274

Epoch 00033: val_loss did not improve from 0.66480
Epoch 00033: early stopping
The data set contains images
127283/127283 [==============================] - 990s 8ms/step - loss: 0.7194 - accuracy: 0.7004
Testing Loss = 0.719429, Testing Accuracy = 0.700431
The data set contains images
[[0.1605607122182846, 0.03114446811378002, 0.8082948327064514], [0.01065121404826641, 0.3996365964412689, 0.5897122025489807], [0.04396756738424301, 0.8185247182846069, 0.13750775158405304], [0.07008523494005203, 0.0347185879945755, 0.8951961994171143], [0.09262686222791672, 0.027403704822063446, 0.8799694776535034], [0.30793726444244385, 0.6176903247833252, 0.07437244802713394], [0.2326699048280716, 0.5540433526039124, 0.21328672766685486], [0.030463533475995064, 0.03669338300824165, 0.932843029499054], [0.8402451872825623, 0.02526266500353813, 0.1344921737909317], [0.011683905497193336, 0.6479134559631348, 0.34040260314941406]]
[[1.0, 0.0, 0.0], [0.0, 0.0, 1.0], [0.0, 1.0, 0.0], [0.0, 0.0, 1.0], [1.0, 0.0, 0.0], [0.0, 1.0, 0.0], [1.0, 0.0, 0.0], [0.0, 0.0, 1.0], [1.0, 0.0, 0.0], [0.0, 0.0, 1.0]]
3
