

$$$$$$$$$$$$$$$$$$$$$$$$$$$$$$$$$$$$$$$$$
New Run
Current date and time = 2022-08-20 14:28:15.528531
$$$$$$$$$$$$$$$$$$$$$$$$$$$$$$$$$$$$$$$$$


$$$$$$$$$$$$$$$$$$$$$$$$$$$$$$$$$$$$$$$$$
New Run
Current date and time = 2022-08-20 14:29:09.284855
$$$$$$$$$$$$$$$$$$$$$$$$$$$$$$$$$$$$$$$$$
The data set contains images
The data set contains images
Epoch 1/500
642/642 [==============================] - 61s 68ms/step - loss: 4.0315 - accuracy: 0.6269 - val_loss: 1.2473 - val_accuracy: 0.6917

Epoch 00001: val_loss improved from inf to 1.24730, saving model to best_model_ternary_CNN_kappa0.5/
Epoch 2/500
642/642 [==============================] - 44s 68ms/step - loss: 0.9419 - accuracy: 0.6860 - val_loss: 0.7810 - val_accuracy: 0.6929

Epoch 00002: val_loss improved from 1.24730 to 0.78099, saving model to best_model_ternary_CNN_kappa0.5/
Epoch 3/500
642/642 [==============================] - 44s 68ms/step - loss: 0.7642 - accuracy: 0.6936 - val_loss: 0.7284 - val_accuracy: 0.7028

Epoch 00003: val_loss improved from 0.78099 to 0.72842, saving model to best_model_ternary_CNN_kappa0.5/
Epoch 4/500
642/642 [==============================] - 44s 68ms/step - loss: 0.7395 - accuracy: 0.6987 - val_loss: 0.7275 - val_accuracy: 0.6992

Epoch 00004: val_loss improved from 0.72842 to 0.72750, saving model to best_model_ternary_CNN_kappa0.5/
Epoch 5/500
642/642 [==============================] - 44s 68ms/step - loss: 0.7310 - accuracy: 0.7014 - val_loss: 0.7187 - val_accuracy: 0.7043

Epoch 00005: val_loss improved from 0.72750 to 0.71873, saving model to best_model_ternary_CNN_kappa0.5/
Epoch 6/500
642/642 [==============================] - 44s 68ms/step - loss: 0.7248 - accuracy: 0.7042 - val_loss: 0.7268 - val_accuracy: 0.7003

Epoch 00006: val_loss did not improve from 0.71873
Epoch 7/500
642/642 [==============================] - 44s 68ms/step - loss: 0.7205 - accuracy: 0.7071 - val_loss: 0.7241 - val_accuracy: 0.7018

Epoch 00007: val_loss did not improve from 0.71873
Epoch 8/500
642/642 [==============================] - 44s 68ms/step - loss: 0.7165 - accuracy: 0.7092 - val_loss: 0.7120 - val_accuracy: 0.7094

Epoch 00008: val_loss improved from 0.71873 to 0.71196, saving model to best_model_ternary_CNN_kappa0.5/
Epoch 9/500
642/642 [==============================] - 46s 69ms/step - loss: 0.7134 - accuracy: 0.7108 - val_loss: 0.7118 - val_accuracy: 0.7070

Epoch 00009: val_loss improved from 0.71196 to 0.71178, saving model to best_model_ternary_CNN_kappa0.5/
Epoch 10/500
642/642 [==============================] - 44s 68ms/step - loss: 0.7089 - accuracy: 0.7131 - val_loss: 0.7049 - val_accuracy: 0.7120

Epoch 00010: val_loss improved from 0.71178 to 0.70493, saving model to best_model_ternary_CNN_kappa0.5/
Epoch 11/500
642/642 [==============================] - 44s 69ms/step - loss: 0.7050 - accuracy: 0.7158 - val_loss: 0.6988 - val_accuracy: 0.7161

Epoch 00011: val_loss improved from 0.70493 to 0.69879, saving model to best_model_ternary_CNN_kappa0.5/
Epoch 12/500
642/642 [==============================] - 44s 69ms/step - loss: 0.7013 - accuracy: 0.7178 - val_loss: 0.7035 - val_accuracy: 0.7135

Epoch 00012: val_loss did not improve from 0.69879
Epoch 13/500
642/642 [==============================] - 44s 69ms/step - loss: 0.6987 - accuracy: 0.7188 - val_loss: 0.7065 - val_accuracy: 0.7122

Epoch 00013: val_loss did not improve from 0.69879
Epoch 14/500
642/642 [==============================] - 43s 68ms/step - loss: 0.6952 - accuracy: 0.7210 - val_loss: 0.6969 - val_accuracy: 0.7179

Epoch 00014: val_loss improved from 0.69879 to 0.69693, saving model to best_model_ternary_CNN_kappa0.5/
Epoch 15/500
642/642 [==============================] - 44s 69ms/step - loss: 0.6916 - accuracy: 0.7232 - val_loss: 0.6983 - val_accuracy: 0.7169

Epoch 00015: val_loss did not improve from 0.69693
Epoch 16/500
642/642 [==============================] - 44s 68ms/step - loss: 0.6889 - accuracy: 0.7242 - val_loss: 0.6845 - val_accuracy: 0.7248

Epoch 00016: val_loss improved from 0.69693 to 0.68452, saving model to best_model_ternary_CNN_kappa0.5/
Epoch 17/500
642/642 [==============================] - 44s 69ms/step - loss: 0.6868 - accuracy: 0.7256 - val_loss: 0.6884 - val_accuracy: 0.7230

Epoch 00017: val_loss did not improve from 0.68452
Epoch 18/500
642/642 [==============================] - 44s 69ms/step - loss: 0.6832 - accuracy: 0.7278 - val_loss: 0.6817 - val_accuracy: 0.7264

Epoch 00018: val_loss improved from 0.68452 to 0.68167, saving model to best_model_ternary_CNN_kappa0.5/
Epoch 19/500
642/642 [==============================] - 44s 68ms/step - loss: 0.6820 - accuracy: 0.7287 - val_loss: 0.6901 - val_accuracy: 0.7211

Epoch 00019: val_loss did not improve from 0.68167
Epoch 20/500
642/642 [==============================] - 44s 68ms/step - loss: 0.6787 - accuracy: 0.7304 - val_loss: 0.6819 - val_accuracy: 0.7270

Epoch 00020: val_loss did not improve from 0.68167
Epoch 21/500
642/642 [==============================] - 44s 69ms/step - loss: 0.6766 - accuracy: 0.7320 - val_loss: 0.6831 - val_accuracy: 0.7255

Epoch 00021: val_loss did not improve from 0.68167
Epoch 22/500
642/642 [==============================] - 44s 69ms/step - loss: 0.6746 - accuracy: 0.7330 - val_loss: 0.6781 - val_accuracy: 0.7284

Epoch 00022: val_loss improved from 0.68167 to 0.67813, saving model to best_model_ternary_CNN_kappa0.5/
Epoch 23/500
642/642 [==============================] - 44s 69ms/step - loss: 0.6721 - accuracy: 0.7350 - val_loss: 0.6783 - val_accuracy: 0.7293

Epoch 00023: val_loss did not improve from 0.67813
Epoch 24/500
642/642 [==============================] - 44s 68ms/step - loss: 0.6690 - accuracy: 0.7364 - val_loss: 0.6767 - val_accuracy: 0.7302

Epoch 00024: val_loss improved from 0.67813 to 0.67672, saving model to best_model_ternary_CNN_kappa0.5/
Epoch 25/500
642/642 [==============================] - 44s 68ms/step - loss: 0.6678 - accuracy: 0.7374 - val_loss: 0.6847 - val_accuracy: 0.7270

Epoch 00025: val_loss did not improve from 0.67672
Epoch 26/500
642/642 [==============================] - 44s 68ms/step - loss: 0.6657 - accuracy: 0.7386 - val_loss: 0.6737 - val_accuracy: 0.7319

Epoch 00026: val_loss improved from 0.67672 to 0.67373, saving model to best_model_ternary_CNN_kappa0.5/
Epoch 27/500
642/642 [==============================] - 44s 68ms/step - loss: 0.6634 - accuracy: 0.7396 - val_loss: 0.6814 - val_accuracy: 0.7276

Epoch 00027: val_loss did not improve from 0.67373
Epoch 28/500
642/642 [==============================] - 44s 69ms/step - loss: 0.6613 - accuracy: 0.7413 - val_loss: 0.6829 - val_accuracy: 0.7281

Epoch 00028: val_loss did not improve from 0.67373
Epoch 29/500
642/642 [==============================] - 44s 69ms/step - loss: 0.6588 - accuracy: 0.7430 - val_loss: 0.6781 - val_accuracy: 0.7308

Epoch 00029: val_loss did not improve from 0.67373
Epoch 30/500
642/642 [==============================] - 44s 69ms/step - loss: 0.6563 - accuracy: 0.7444 - val_loss: 0.6846 - val_accuracy: 0.7283

Epoch 00030: val_loss did not improve from 0.67373
Epoch 31/500
642/642 [==============================] - 44s 68ms/step - loss: 0.6535 - accuracy: 0.7462 - val_loss: 0.6822 - val_accuracy: 0.7278

Epoch 00031: val_loss did not improve from 0.67373
Epoch 32/500
642/642 [==============================] - 44s 69ms/step - loss: 0.6513 - accuracy: 0.7483 - val_loss: 0.6819 - val_accuracy: 0.7300

Epoch 00032: val_loss did not improve from 0.67373
Epoch 33/500
642/642 [==============================] - 44s 69ms/step - loss: 0.6493 - accuracy: 0.7495 - val_loss: 0.6810 - val_accuracy: 0.7304

Epoch 00033: val_loss did not improve from 0.67373
Epoch 34/500
642/642 [==============================] - 47s 73ms/step - loss: 0.6462 - accuracy: 0.7513 - val_loss: 0.6811 - val_accuracy: 0.7314

Epoch 00034: val_loss did not improve from 0.67373
Epoch 35/500
642/642 [==============================] - 44s 68ms/step - loss: 0.6439 - accuracy: 0.7527 - val_loss: 0.6796 - val_accuracy: 0.7316

Epoch 00035: val_loss did not improve from 0.67373
Epoch 36/500
642/642 [==============================] - 44s 69ms/step - loss: 0.6398 - accuracy: 0.7552 - val_loss: 0.6837 - val_accuracy: 0.7313

Epoch 00036: val_loss did not improve from 0.67373
Epoch 00036: early stopping
The data set contains images
102850/102850 [==============================] - 422s 4ms/step - loss: 0.6945 - accuracy: 0.7274
Testing Loss = 0.694548, Testing Accuracy = 0.727389
The data set contains images
[[0.6088845729827881, 0.05040918290615082, 0.3407062590122223], [0.03701364994049072, 0.01771460846066475, 0.9452717304229736], [0.26728343963623047, 0.25174909830093384, 0.4809674918651581], [0.16420094668865204, 0.12418706715106964, 0.7116119861602783], [0.7991375923156738, 0.007177763152867556, 0.19368460774421692], [0.0023270512465387583, 0.9392248392105103, 0.058448098599910736], [0.08140567690134048, 0.5922640562057495, 0.3263302743434906], [0.011766351759433746, 0.8728247880935669, 0.11540891230106354], [0.009868205524981022, 0.6923019886016846, 0.2978297472000122], [0.40818819403648376, 0.12452345341444016, 0.4672883450984955]]
[[1.0, 0.0, 0.0], [0.0, 0.0, 1.0], [0.0, 0.0, 1.0], [1.0, 0.0, 0.0], [0.0, 0.0, 1.0], [0.0, 0.0, 1.0], [0.0, 1.0, 0.0], [0.0, 1.0, 0.0], [0.0, 1.0, 0.0], [0.0, 0.0, 1.0]]
3
