

$$$$$$$$$$$$$$$$$$$$$$$$$$$$$$$$$$$$$$$$$
New Run
Current date and time = 2022-08-23 12:56:31.917016
$$$$$$$$$$$$$$$$$$$$$$$$$$$$$$$$$$$$$$$$$
The data set contains images


$$$$$$$$$$$$$$$$$$$$$$$$$$$$$$$$$$$$$$$$$
New Run
Current date and time = 2022-08-23 12:57:30.065917
$$$$$$$$$$$$$$$$$$$$$$$$$$$$$$$$$$$$$$$$$
The data set contains images
The data set contains images
Epoch 1/500
795/795 [==============================] - 61s 70ms/step - loss: 3.4203 - accuracy: 0.6403 - val_loss: 1.0109 - val_accuracy: 0.6910

Epoch 00001: val_loss improved from inf to 1.01089, saving model to best_model_ternary_CNN_kappa0.3_E/
Epoch 2/500
795/795 [==============================] - 56s 71ms/step - loss: 0.8381 - accuracy: 0.6868 - val_loss: 0.7539 - val_accuracy: 0.6946

Epoch 00002: val_loss improved from 1.01089 to 0.75389, saving model to best_model_ternary_CNN_kappa0.3_E/
Epoch 3/500
795/795 [==============================] - 56s 70ms/step - loss: 0.7494 - accuracy: 0.6950 - val_loss: 0.7345 - val_accuracy: 0.6978

Epoch 00003: val_loss improved from 0.75389 to 0.73455, saving model to best_model_ternary_CNN_kappa0.3_E/
Epoch 4/500
795/795 [==============================] - 56s 70ms/step - loss: 0.7363 - accuracy: 0.6987 - val_loss: 0.7289 - val_accuracy: 0.7002

Epoch 00004: val_loss improved from 0.73455 to 0.72893, saving model to best_model_ternary_CNN_kappa0.3_E/
Epoch 5/500
795/795 [==============================] - 56s 70ms/step - loss: 0.7301 - accuracy: 0.7022 - val_loss: 0.7215 - val_accuracy: 0.7041

Epoch 00005: val_loss improved from 0.72893 to 0.72147, saving model to best_model_ternary_CNN_kappa0.3_E/
Epoch 6/500
795/795 [==============================] - 56s 71ms/step - loss: 0.7261 - accuracy: 0.7034 - val_loss: 0.7212 - val_accuracy: 0.7031

Epoch 00006: val_loss improved from 0.72147 to 0.72116, saving model to best_model_ternary_CNN_kappa0.3_E/
Epoch 7/500
795/795 [==============================] - 56s 70ms/step - loss: 0.7214 - accuracy: 0.7062 - val_loss: 0.7231 - val_accuracy: 0.6990

Epoch 00007: val_loss did not improve from 0.72116
Epoch 8/500
795/795 [==============================] - 56s 71ms/step - loss: 0.7181 - accuracy: 0.7078 - val_loss: 0.7200 - val_accuracy: 0.7012

Epoch 00008: val_loss improved from 0.72116 to 0.71996, saving model to best_model_ternary_CNN_kappa0.3_E/
Epoch 9/500
795/795 [==============================] - 56s 70ms/step - loss: 0.7150 - accuracy: 0.7093 - val_loss: 0.7202 - val_accuracy: 0.7002

Epoch 00009: val_loss did not improve from 0.71996
Epoch 10/500
795/795 [==============================] - 58s 73ms/step - loss: 0.7105 - accuracy: 0.7117 - val_loss: 0.7143 - val_accuracy: 0.7042

Epoch 00010: val_loss improved from 0.71996 to 0.71435, saving model to best_model_ternary_CNN_kappa0.3_E/
Epoch 11/500
795/795 [==============================] - 56s 71ms/step - loss: 0.7070 - accuracy: 0.7139 - val_loss: 0.7100 - val_accuracy: 0.7079

Epoch 00011: val_loss improved from 0.71435 to 0.71005, saving model to best_model_ternary_CNN_kappa0.3_E/
Epoch 12/500
795/795 [==============================] - 56s 71ms/step - loss: 0.7039 - accuracy: 0.7158 - val_loss: 0.7152 - val_accuracy: 0.7045

Epoch 00012: val_loss did not improve from 0.71005
Epoch 13/500
795/795 [==============================] - 56s 70ms/step - loss: 0.7002 - accuracy: 0.7177 - val_loss: 0.7086 - val_accuracy: 0.7097

Epoch 00013: val_loss improved from 0.71005 to 0.70860, saving model to best_model_ternary_CNN_kappa0.3_E/
Epoch 14/500
795/795 [==============================] - 56s 70ms/step - loss: 0.6971 - accuracy: 0.7203 - val_loss: 0.7071 - val_accuracy: 0.7095

Epoch 00014: val_loss improved from 0.70860 to 0.70712, saving model to best_model_ternary_CNN_kappa0.3_E/
Epoch 15/500
795/795 [==============================] - 56s 70ms/step - loss: 0.6945 - accuracy: 0.7214 - val_loss: 0.7077 - val_accuracy: 0.7100

Epoch 00015: val_loss did not improve from 0.70712
Epoch 16/500
795/795 [==============================] - 56s 70ms/step - loss: 0.6916 - accuracy: 0.7236 - val_loss: 0.7088 - val_accuracy: 0.7087

Epoch 00016: val_loss did not improve from 0.70712
Epoch 17/500
795/795 [==============================] - 55s 69ms/step - loss: 0.6888 - accuracy: 0.7243 - val_loss: 0.7096 - val_accuracy: 0.7087

Epoch 00017: val_loss did not improve from 0.70712
Epoch 18/500
795/795 [==============================] - 56s 71ms/step - loss: 0.6862 - accuracy: 0.7257 - val_loss: 0.7030 - val_accuracy: 0.7123

Epoch 00018: val_loss improved from 0.70712 to 0.70296, saving model to best_model_ternary_CNN_kappa0.3_E/
Epoch 19/500
795/795 [==============================] - 56s 70ms/step - loss: 0.6846 - accuracy: 0.7276 - val_loss: 0.7043 - val_accuracy: 0.7110

Epoch 00019: val_loss did not improve from 0.70296
Epoch 20/500
795/795 [==============================] - 56s 71ms/step - loss: 0.6817 - accuracy: 0.7289 - val_loss: 0.6994 - val_accuracy: 0.7152

Epoch 00020: val_loss improved from 0.70296 to 0.69937, saving model to best_model_ternary_CNN_kappa0.3_E/
Epoch 21/500
795/795 [==============================] - 56s 70ms/step - loss: 0.6802 - accuracy: 0.7305 - val_loss: 0.6986 - val_accuracy: 0.7146

Epoch 00021: val_loss improved from 0.69937 to 0.69860, saving model to best_model_ternary_CNN_kappa0.3_E/
Epoch 22/500
795/795 [==============================] - 56s 70ms/step - loss: 0.6785 - accuracy: 0.7307 - val_loss: 0.7001 - val_accuracy: 0.7145

Epoch 00022: val_loss did not improve from 0.69860
Epoch 23/500
795/795 [==============================] - 56s 70ms/step - loss: 0.6760 - accuracy: 0.7325 - val_loss: 0.6970 - val_accuracy: 0.7162

Epoch 00023: val_loss improved from 0.69860 to 0.69696, saving model to best_model_ternary_CNN_kappa0.3_E/
Epoch 24/500
795/795 [==============================] - 56s 70ms/step - loss: 0.6746 - accuracy: 0.7338 - val_loss: 0.7017 - val_accuracy: 0.7122

Epoch 00024: val_loss did not improve from 0.69696
Epoch 25/500
795/795 [==============================] - 57s 71ms/step - loss: 0.6723 - accuracy: 0.7343 - val_loss: 0.7012 - val_accuracy: 0.7134

Epoch 00025: val_loss did not improve from 0.69696
Epoch 26/500
795/795 [==============================] - 56s 71ms/step - loss: 0.6709 - accuracy: 0.7354 - val_loss: 0.7019 - val_accuracy: 0.7132

Epoch 00026: val_loss did not improve from 0.69696
Epoch 27/500
795/795 [==============================] - 56s 71ms/step - loss: 0.6683 - accuracy: 0.7368 - val_loss: 0.7006 - val_accuracy: 0.7138

Epoch 00027: val_loss did not improve from 0.69696
Epoch 28/500
795/795 [==============================] - 56s 70ms/step - loss: 0.6663 - accuracy: 0.7382 - val_loss: 0.6983 - val_accuracy: 0.7165

Epoch 00028: val_loss did not improve from 0.69696
Epoch 29/500
795/795 [==============================] - 56s 70ms/step - loss: 0.6648 - accuracy: 0.7388 - val_loss: 0.7049 - val_accuracy: 0.7123

Epoch 00029: val_loss did not improve from 0.69696
Epoch 30/500
795/795 [==============================] - 56s 70ms/step - loss: 0.6627 - accuracy: 0.7405 - val_loss: 0.7030 - val_accuracy: 0.7130

Epoch 00030: val_loss did not improve from 0.69696
Epoch 31/500
795/795 [==============================] - 56s 71ms/step - loss: 0.6611 - accuracy: 0.7415 - val_loss: 0.6967 - val_accuracy: 0.7160

Epoch 00031: val_loss improved from 0.69696 to 0.69673, saving model to best_model_ternary_CNN_kappa0.3_E/
Epoch 32/500
795/795 [==============================] - 56s 71ms/step - loss: 0.6584 - accuracy: 0.7434 - val_loss: 0.7073 - val_accuracy: 0.7110

Epoch 00032: val_loss did not improve from 0.69673
Epoch 33/500
795/795 [==============================] - 56s 70ms/step - loss: 0.6562 - accuracy: 0.7441 - val_loss: 0.7018 - val_accuracy: 0.7149

Epoch 00033: val_loss did not improve from 0.69673
Epoch 34/500
795/795 [==============================] - 56s 70ms/step - loss: 0.6544 - accuracy: 0.7457 - val_loss: 0.7009 - val_accuracy: 0.7147

Epoch 00034: val_loss did not improve from 0.69673
Epoch 35/500
795/795 [==============================] - 56s 71ms/step - loss: 0.6514 - accuracy: 0.7479 - val_loss: 0.7008 - val_accuracy: 0.7159

Epoch 00035: val_loss did not improve from 0.69673
Epoch 36/500
795/795 [==============================] - 56s 70ms/step - loss: 0.6502 - accuracy: 0.7491 - val_loss: 0.7022 - val_accuracy: 0.7154

Epoch 00036: val_loss did not improve from 0.69673
Epoch 37/500
795/795 [==============================] - 56s 70ms/step - loss: 0.6483 - accuracy: 0.7497 - val_loss: 0.7041 - val_accuracy: 0.7146

Epoch 00037: val_loss did not improve from 0.69673
Epoch 38/500
795/795 [==============================] - 56s 70ms/step - loss: 0.6448 - accuracy: 0.7523 - val_loss: 0.7134 - val_accuracy: 0.7106

Epoch 00038: val_loss did not improve from 0.69673
Epoch 39/500
795/795 [==============================] - 56s 70ms/step - loss: 0.6428 - accuracy: 0.7536 - val_loss: 0.7118 - val_accuracy: 0.7122

Epoch 00039: val_loss did not improve from 0.69673
Epoch 40/500
795/795 [==============================] - 56s 71ms/step - loss: 0.6401 - accuracy: 0.7550 - val_loss: 0.7107 - val_accuracy: 0.7117

Epoch 00040: val_loss did not improve from 0.69673
Epoch 41/500
795/795 [==============================] - 56s 70ms/step - loss: 0.6374 - accuracy: 0.7571 - val_loss: 0.7152 - val_accuracy: 0.7110

Epoch 00041: val_loss did not improve from 0.69673
Epoch 00041: early stopping
Model: "CNN_ternary"
_________________________________________________________________
Layer (type)                 Output Shape              Param #   
=================================================================
sequential (Sequential)      (None, 512)               12127912  
_________________________________________________________________
dense_2 (Dense)              multiple                  1539      
=================================================================
Total params: 12,129,451
Trainable params: 12,129,447
Non-trainable params: 4
_________________________________________________________________
None
The data set contains images
127283/127283 [==============================] - 524s 4ms/step - loss: 0.7567 - accuracy: 0.6867
Testing Loss = 0.756698, Testing Accuracy = 0.686706
The data set contains images
[[0.011867925524711609, 0.9333444833755493, 0.05478762462735176], [0.2284134030342102, 0.34772244095802307, 0.4238641560077667], [0.16895253956317902, 0.0673549696803093, 0.7636925578117371], [0.9546668529510498, 0.00969723705202341, 0.03563595935702324], [0.28910595178604126, 0.03345022723078728, 0.67744380235672], [0.03060290217399597, 0.013019166886806488, 0.9563779234886169], [0.007042326033115387, 0.07158973813056946, 0.9213679432868958], [0.06658711284399033, 0.8281911015510559, 0.1052217185497284], [0.2853674590587616, 0.03219369426369667, 0.682438850402832], [0.07789985835552216, 0.8118643760681152, 0.11023583263158798]]
[[0.0, 1.0, 0.0], [0.0, 0.0, 1.0], [0.0, 0.0, 1.0], [1.0, 0.0, 0.0], [0.0, 0.0, 1.0], [0.0, 0.0, 1.0], [0.0, 0.0, 1.0], [0.0, 1.0, 0.0], [0.0, 0.0, 1.0], [0.0, 1.0, 0.0]]
3
$W^+$ (auc = 0.87)
$W^-$ (auc = 0.88)
$Z$ (auc = 0.83)


$$$$$$$$$$$$$$$$$$$$$$$$$$$$$$$$$$$$$$$$$
New Run
Current date and time = 2022-08-23 21:11:12.279050
$$$$$$$$$$$$$$$$$$$$$$$$$$$$$$$$$$$$$$$$$
The data set contains images
The data set contains images
Epoch 1/500
