

$$$$$$$$$$$$$$$$$$$$$$$$$$$$$$$$$$$$$$$$$
New Run
Current date and time = 2022-09-12 16:16:20.088253
$$$$$$$$$$$$$$$$$$$$$$$$$$$$$$$$$$$$$$$$$
The data set contains images
The data set contains images
Epoch 1/500
450/450 [==============================] - 66s 133ms/step - loss: 1.6028 - accuracy: 0.4995 - val_loss: 1.0166 - val_accuracy: 0.4898

Epoch 00001: val_loss improved from inf to 1.01664, saving model to /home/samhuang/ML/best_model/best_model_ternary_CNNsq_kappa0.15/
Epoch 2/500
450/450 [==============================] - 60s 132ms/step - loss: 0.9441 - accuracy: 0.5494 - val_loss: 0.8149 - val_accuracy: 0.6461

Epoch 00002: val_loss improved from 1.01664 to 0.81494, saving model to /home/samhuang/ML/best_model/best_model_ternary_CNNsq_kappa0.15/
Epoch 3/500
450/450 [==============================] - 60s 132ms/step - loss: 0.8249 - accuracy: 0.6435 - val_loss: 0.8253 - val_accuracy: 0.6361

Epoch 00003: val_loss did not improve from 0.81494
Epoch 4/500
450/450 [==============================] - 60s 133ms/step - loss: 0.8074 - accuracy: 0.6505 - val_loss: 0.7882 - val_accuracy: 0.6546

Epoch 00004: val_loss improved from 0.81494 to 0.78819, saving model to /home/samhuang/ML/best_model/best_model_ternary_CNNsq_kappa0.15/
Epoch 5/500
450/450 [==============================] - 60s 132ms/step - loss: 0.7989 - accuracy: 0.6557 - val_loss: 0.7931 - val_accuracy: 0.6518

Epoch 00005: val_loss did not improve from 0.78819
Epoch 6/500
450/450 [==============================] - 60s 132ms/step - loss: 0.7934 - accuracy: 0.6589 - val_loss: 0.7811 - val_accuracy: 0.6588

Epoch 00006: val_loss improved from 0.78819 to 0.78107, saving model to /home/samhuang/ML/best_model/best_model_ternary_CNNsq_kappa0.15/
Epoch 7/500
450/450 [==============================] - 60s 132ms/step - loss: 0.7889 - accuracy: 0.6607 - val_loss: 0.7781 - val_accuracy: 0.6597

Epoch 00007: val_loss improved from 0.78107 to 0.77815, saving model to /home/samhuang/ML/best_model/best_model_ternary_CNNsq_kappa0.15/
Epoch 8/500
450/450 [==============================] - 60s 132ms/step - loss: 0.7850 - accuracy: 0.6636 - val_loss: 0.7790 - val_accuracy: 0.6604

Epoch 00008: val_loss did not improve from 0.77815
Epoch 9/500
450/450 [==============================] - 60s 132ms/step - loss: 0.7793 - accuracy: 0.6663 - val_loss: 0.7761 - val_accuracy: 0.6629

Epoch 00009: val_loss improved from 0.77815 to 0.77613, saving model to /home/samhuang/ML/best_model/best_model_ternary_CNNsq_kappa0.15/
Epoch 10/500
450/450 [==============================] - 60s 132ms/step - loss: 0.7758 - accuracy: 0.6686 - val_loss: 0.7786 - val_accuracy: 0.6622

Epoch 00010: val_loss did not improve from 0.77613
Epoch 11/500
450/450 [==============================] - 60s 133ms/step - loss: 0.7712 - accuracy: 0.6722 - val_loss: 0.7828 - val_accuracy: 0.6601

Epoch 00011: val_loss did not improve from 0.77613
Epoch 12/500
450/450 [==============================] - 60s 133ms/step - loss: 0.7677 - accuracy: 0.6750 - val_loss: 0.8008 - val_accuracy: 0.6582

Epoch 00012: val_loss did not improve from 0.77613
Epoch 13/500
450/450 [==============================] - 67s 150ms/step - loss: 0.7616 - accuracy: 0.6782 - val_loss: 0.7865 - val_accuracy: 0.6608

Epoch 00013: val_loss did not improve from 0.77613
Epoch 14/500
450/450 [==============================] - 79s 175ms/step - loss: 0.7572 - accuracy: 0.6825 - val_loss: 0.7982 - val_accuracy: 0.6557

Epoch 00014: val_loss did not improve from 0.77613
Epoch 15/500
450/450 [==============================] - 79s 176ms/step - loss: 0.7505 - accuracy: 0.6866 - val_loss: 0.8239 - val_accuracy: 0.6502

Epoch 00015: val_loss did not improve from 0.77613
Epoch 16/500
450/450 [==============================] - 69s 153ms/step - loss: 0.7444 - accuracy: 0.6910 - val_loss: 0.8028 - val_accuracy: 0.6558

Epoch 00016: val_loss did not improve from 0.77613
Epoch 17/500
450/450 [==============================] - 70s 155ms/step - loss: 0.7399 - accuracy: 0.6951 - val_loss: 0.8175 - val_accuracy: 0.6513

Epoch 00017: val_loss did not improve from 0.77613
Epoch 18/500
450/450 [==============================] - 69s 152ms/step - loss: 0.7334 - accuracy: 0.6988 - val_loss: 0.8256 - val_accuracy: 0.6481

Epoch 00018: val_loss did not improve from 0.77613
Epoch 19/500
450/450 [==============================] - 68s 151ms/step - loss: 0.7260 - accuracy: 0.7033 - val_loss: 0.8272 - val_accuracy: 0.6482

Epoch 00019: val_loss did not improve from 0.77613
Epoch 20/500
450/450 [==============================] - 77s 171ms/step - loss: 0.7188 - accuracy: 0.7084 - val_loss: 0.8371 - val_accuracy: 0.6445

Epoch 00020: val_loss did not improve from 0.77613
Epoch 21/500
450/450 [==============================] - 79s 176ms/step - loss: 0.7124 - accuracy: 0.7119 - val_loss: 0.8576 - val_accuracy: 0.6394

Epoch 00021: val_loss did not improve from 0.77613
Epoch 22/500
450/450 [==============================] - 79s 176ms/step - loss: 0.7072 - accuracy: 0.7155 - val_loss: 0.8559 - val_accuracy: 0.6416

Epoch 00022: val_loss did not improve from 0.77613
Epoch 23/500
450/450 [==============================] - 79s 176ms/step - loss: 0.6993 - accuracy: 0.7194 - val_loss: 0.8703 - val_accuracy: 0.6398

Epoch 00023: val_loss did not improve from 0.77613
Epoch 24/500
450/450 [==============================] - 238s 529ms/step - loss: 0.6934 - accuracy: 0.7235 - val_loss: 0.8771 - val_accuracy: 0.6389

Epoch 00024: val_loss did not improve from 0.77613
Epoch 25/500
450/450 [==============================] - 59s 130ms/step - loss: 0.6892 - accuracy: 0.7259 - val_loss: 0.9256 - val_accuracy: 0.6242

Epoch 00025: val_loss did not improve from 0.77613
Epoch 26/500
450/450 [==============================] - 59s 131ms/step - loss: 0.6872 - accuracy: 0.7265 - val_loss: 0.9074 - val_accuracy: 0.6293

Epoch 00026: val_loss did not improve from 0.77613
Epoch 27/500
450/450 [==============================] - 59s 131ms/step - loss: 0.6817 - accuracy: 0.7304 - val_loss: 0.9247 - val_accuracy: 0.6296

Epoch 00027: val_loss did not improve from 0.77613
Epoch 28/500
450/450 [==============================] - 59s 132ms/step - loss: 0.6747 - accuracy: 0.7336 - val_loss: 0.9448 - val_accuracy: 0.6242

Epoch 00028: val_loss did not improve from 0.77613
Epoch 29/500
450/450 [==============================] - 59s 132ms/step - loss: 0.6657 - accuracy: 0.7395 - val_loss: 0.9457 - val_accuracy: 0.6230

Epoch 00029: val_loss did not improve from 0.77613
Epoch 00029: early stopping
$$$$$$$$$$$$$$$$$$$$$$$$$$$$$$$$$$$$$$$$$$$$$$$$$$$$$$
$$$$$$$$$$$$$$$$$$$$$$$$$$$$$$$$$$$$$$$$$$$$$$$$$$$$$$
[92mModel: "CNNsq_ternary"[0m
[92m_________________________________________________________________[0m
[92mLayer (type)                 Output Shape              Param #   [0m
[92m=================================================================[0m
[92msequential (Sequential)      (None, 512)               12043236  [0m
[92m_________________________________________________________________[0m
[92msequential_1 (Sequential)    (None, 512)               11315428  [0m
[92m_________________________________________________________________[0m
[92mdense_3 (Dense)              multiple                  3075      [0m
[92m=================================================================[0m
[92mTotal params: 23,361,739[0m
[92mTrainable params: 23,361,735[0m
[92mNon-trainable params: 4[0m
[92m_________________________________________________________________[0m
None

@LAYER1       @@@@@@@@@@@@@@@@@@@@@@
[94mModel: "sequential"[0m
[94m_________________________________________________________________[0m
[94mLayer (type)                 Output Shape              Param #   [0m
[94m=================================================================[0m
[94mlambda (Lambda)              (None, 75, 75, 1)         0         [0m
[94m_________________________________________________________________[0m
[94mbatch_normalization (BatchNo (None, 75, 75, 1)         4         [0m
[94m_________________________________________________________________[0m
[94mconv2d (Conv2D)              (None, 75, 75, 32)        320       [0m
[94m_________________________________________________________________[0m
[94mconv2d_1 (Conv2D)            (None, 75, 75, 32)        9248      [0m
[94m_________________________________________________________________[0m
[94mmax_pooling2d (MaxPooling2D) (None, 37, 37, 32)        0         [0m
[94m_________________________________________________________________[0m
[94mconv2d_2 (Conv2D)            (None, 37, 37, 64)        18496     [0m
[94m_________________________________________________________________[0m
[94mmax_pooling2d_1 (MaxPooling2 (None, 18, 18, 64)        0         [0m
[94m_________________________________________________________________[0m
[94mconv2d_3 (Conv2D)            (None, 18, 18, 64)        36928     [0m
[94m_________________________________________________________________[0m
[94mmax_pooling2d_2 (MaxPooling2 (None, 9, 9, 64)          0         [0m
[94m_________________________________________________________________[0m
[94mconv2d_4 (Conv2D)            (None, 9, 9, 64)          36928     [0m
[94m_________________________________________________________________[0m
[94mconv2d_5 (Conv2D)            (None, 9, 9, 64)          36928     [0m
[94m_________________________________________________________________[0m
[94mconv2d_6 (Conv2D)            (None, 9, 9, 128)         204928    [0m
[94m_________________________________________________________________[0m
[94mconv2d_7 (Conv2D)            (None, 9, 9, 256)         819456    [0m
[94m_________________________________________________________________[0m
[94mdropout (Dropout)            (None, 9, 9, 256)         0         [0m
[94m_________________________________________________________________[0m
[94mflatten (Flatten)            (None, 20736)             0         [0m
[94m_________________________________________________________________[0m
[94mdense (Dense)                (None, 512)               10617344  [0m
[94m_________________________________________________________________[0m
[94mdropout_1 (Dropout)          (None, 512)               0         [0m
[94m_________________________________________________________________[0m
[94mdense_1 (Dense)              (None, 512)               262656    [0m
[94m_________________________________________________________________[0m
[94mdropout_2 (Dropout)          (None, 512)               0         [0m
[94m=================================================================[0m
[94mTotal params: 12,043,236[0m
[94mTrainable params: 12,043,234[0m
[94mNon-trainable params: 2[0m
[94m_________________________________________________________________[0m
None
[92m%Optimizer:
[0m {'name': 'Adam', 'learning_rate': 0.001, 'decay': 0.0, 'beta_1': 0.9, 'beta_2': 0.999, 'epsilon': 1e-07, 'amsgrad': False}
[92m%Layer detail:
[0m {'name': 'sequential', 'layers': [{'class_name': 'InputLayer', 'config': {'batch_input_shape': (None, 75, 75, 2), 'dtype': 'float32', 'sparse': False, 'ragged': False, 'name': 'lambda_input'}}, {'class_name': 'Lambda', 'config': {'name': 'lambda', 'trainable': True, 'dtype': 'float32', 'function': ('4wEAAAAAAAAAAAAAAAEAAAAHAAAAUwAAAHMkAAAAdACgAXwAZABkAIUCZABkAIUCZABkAIUCZAFm\nBBkAZAKhAlMAqQNO6QAAAADp/////6kC2gJ0ZtoLZXhwYW5kX2RpbXOpAdoBeKkAcgkAAAD6Hy9o\nb21lL3NhbWh1YW5nL01ML0NOTi9tb2RlbHMucHnaCDxsYW1iZGE++gAAAPMAAAAA\n', None, None), 'function_type': 'lambda', 'module': 'models', 'output_shape': None, 'output_shape_type': 'raw', 'output_shape_module': None, 'arguments': {}}}, {'class_name': 'BatchNormalization', 'config': {'name': 'batch_normalization', 'trainable': True, 'dtype': 'float32', 'axis': ListWrapper([3]), 'momentum': 0.99, 'epsilon': 0.001, 'center': True, 'scale': True, 'beta_initializer': {'class_name': 'Zeros', 'config': {}}, 'gamma_initializer': {'class_name': 'Ones', 'config': {}}, 'moving_mean_initializer': {'class_name': 'Zeros', 'config': {}}, 'moving_variance_initializer': {'class_name': 'Ones', 'config': {}}, 'beta_regularizer': None, 'gamma_regularizer': None, 'beta_constraint': None, 'gamma_constraint': None}}, {'class_name': 'Conv2D', 'config': {'name': 'conv2d', 'trainable': True, 'dtype': 'float32', 'filters': 32, 'kernel_size': (3, 3), 'strides': (1, 1), 'padding': 'same', 'data_format': 'channels_last', 'dilation_rate': (1, 1), 'groups': 1, 'activation': 'relu', 'use_bias': True, 'kernel_initializer': {'class_name': 'GlorotUniform', 'config': {'seed': None}}, 'bias_initializer': {'class_name': 'Zeros', 'config': {}}, 'kernel_regularizer': None, 'bias_regularizer': None, 'activity_regularizer': None, 'kernel_constraint': None, 'bias_constraint': None}}, {'class_name': 'Conv2D', 'config': {'name': 'conv2d_1', 'trainable': True, 'dtype': 'float32', 'filters': 32, 'kernel_size': (3, 3), 'strides': (1, 1), 'padding': 'same', 'data_format': 'channels_last', 'dilation_rate': (1, 1), 'groups': 1, 'activation': 'relu', 'use_bias': True, 'kernel_initializer': {'class_name': 'GlorotUniform', 'config': {'seed': None}}, 'bias_initializer': {'class_name': 'Zeros', 'config': {}}, 'kernel_regularizer': None, 'bias_regularizer': None, 'activity_regularizer': None, 'kernel_constraint': None, 'bias_constraint': None}}, {'class_name': 'MaxPooling2D', 'config': {'name': 'max_pooling2d', 'trainable': True, 'dtype': 'float32', 'pool_size': (2, 2), 'padding': 'valid', 'strides': (2, 2), 'data_format': 'channels_last'}}, {'class_name': 'Conv2D', 'config': {'name': 'conv2d_2', 'trainable': True, 'dtype': 'float32', 'filters': 64, 'kernel_size': (3, 3), 'strides': (1, 1), 'padding': 'same', 'data_format': 'channels_last', 'dilation_rate': (1, 1), 'groups': 1, 'activation': 'relu', 'use_bias': True, 'kernel_initializer': {'class_name': 'GlorotUniform', 'config': {'seed': None}}, 'bias_initializer': {'class_name': 'Zeros', 'config': {}}, 'kernel_regularizer': None, 'bias_regularizer': None, 'activity_regularizer': None, 'kernel_constraint': None, 'bias_constraint': None}}, {'class_name': 'MaxPooling2D', 'config': {'name': 'max_pooling2d_1', 'trainable': True, 'dtype': 'float32', 'pool_size': (2, 2), 'padding': 'valid', 'strides': (2, 2), 'data_format': 'channels_last'}}, {'class_name': 'Conv2D', 'config': {'name': 'conv2d_3', 'trainable': True, 'dtype': 'float32', 'filters': 64, 'kernel_size': (3, 3), 'strides': (1, 1), 'padding': 'same', 'data_format': 'channels_last', 'dilation_rate': (1, 1), 'groups': 1, 'activation': 'relu', 'use_bias': True, 'kernel_initializer': {'class_name': 'GlorotUniform', 'config': {'seed': None}}, 'bias_initializer': {'class_name': 'Zeros', 'config': {}}, 'kernel_regularizer': None, 'bias_regularizer': None, 'activity_regularizer': None, 'kernel_constraint': None, 'bias_constraint': None}}, {'class_name': 'MaxPooling2D', 'config': {'name': 'max_pooling2d_2', 'trainable': True, 'dtype': 'float32', 'pool_size': (2, 2), 'padding': 'valid', 'strides': (2, 2), 'data_format': 'channels_last'}}, {'class_name': 'Conv2D', 'config': {'name': 'conv2d_4', 'trainable': True, 'dtype': 'float32', 'filters': 64, 'kernel_size': (3, 3), 'strides': (1, 1), 'padding': 'same', 'data_format': 'channels_last', 'dilation_rate': (1, 1), 'groups': 1, 'activation': 'relu', 'use_bias': True, 'kernel_initializer': {'class_name': 'GlorotUniform', 'config': {'seed': None}}, 'bias_initializer': {'class_name': 'Zeros', 'config': {}}, 'kernel_regularizer': None, 'bias_regularizer': None, 'activity_regularizer': None, 'kernel_constraint': None, 'bias_constraint': None}}, {'class_name': 'Conv2D', 'config': {'name': 'conv2d_5', 'trainable': True, 'dtype': 'float32', 'filters': 64, 'kernel_size': (3, 3), 'strides': (1, 1), 'padding': 'same', 'data_format': 'channels_last', 'dilation_rate': (1, 1), 'groups': 1, 'activation': 'relu', 'use_bias': True, 'kernel_initializer': {'class_name': 'GlorotUniform', 'config': {'seed': None}}, 'bias_initializer': {'class_name': 'Zeros', 'config': {}}, 'kernel_regularizer': None, 'bias_regularizer': None, 'activity_regularizer': None, 'kernel_constraint': None, 'bias_constraint': None}}, {'class_name': 'Conv2D', 'config': {'name': 'conv2d_6', 'trainable': True, 'dtype': 'float32', 'filters': 128, 'kernel_size': (5, 5), 'strides': (1, 1), 'padding': 'same', 'data_format': 'channels_last', 'dilation_rate': (1, 1), 'groups': 1, 'activation': 'relu', 'use_bias': True, 'kernel_initializer': {'class_name': 'GlorotUniform', 'config': {'seed': None}}, 'bias_initializer': {'class_name': 'Zeros', 'config': {}}, 'kernel_regularizer': None, 'bias_regularizer': None, 'activity_regularizer': None, 'kernel_constraint': None, 'bias_constraint': None}}, {'class_name': 'Conv2D', 'config': {'name': 'conv2d_7', 'trainable': True, 'dtype': 'float32', 'filters': 256, 'kernel_size': (5, 5), 'strides': (1, 1), 'padding': 'same', 'data_format': 'channels_last', 'dilation_rate': (1, 1), 'groups': 1, 'activation': 'relu', 'use_bias': True, 'kernel_initializer': {'class_name': 'GlorotUniform', 'config': {'seed': None}}, 'bias_initializer': {'class_name': 'Zeros', 'config': {}}, 'kernel_regularizer': None, 'bias_regularizer': None, 'activity_regularizer': None, 'kernel_constraint': None, 'bias_constraint': None}}, {'class_name': 'Dropout', 'config': {'name': 'dropout', 'trainable': True, 'dtype': 'float32', 'rate': 0.1, 'noise_shape': None, 'seed': None}}, {'class_name': 'Flatten', 'config': {'name': 'flatten', 'trainable': True, 'dtype': 'float32', 'data_format': 'channels_last'}}, {'class_name': 'Dense', 'config': {'name': 'dense', 'trainable': True, 'dtype': 'float32', 'units': 512, 'activation': 'relu', 'use_bias': True, 'kernel_initializer': {'class_name': 'GlorotUniform', 'config': {'seed': None}}, 'bias_initializer': {'class_name': 'Zeros', 'config': {}}, 'kernel_regularizer': {'class_name': 'L2', 'config': {'l2': 0.009999999776482582}}, 'bias_regularizer': None, 'activity_regularizer': None, 'kernel_constraint': None, 'bias_constraint': None}}, {'class_name': 'Dropout', 'config': {'name': 'dropout_1', 'trainable': True, 'dtype': 'float32', 'rate': 0.5, 'noise_shape': None, 'seed': None}}, {'class_name': 'Dense', 'config': {'name': 'dense_1', 'trainable': True, 'dtype': 'float32', 'units': 512, 'activation': 'relu', 'use_bias': True, 'kernel_initializer': {'class_name': 'GlorotUniform', 'config': {'seed': None}}, 'bias_initializer': {'class_name': 'Zeros', 'config': {}}, 'kernel_regularizer': {'class_name': 'L2', 'config': {'l2': 0.009999999776482582}}, 'bias_regularizer': None, 'activity_regularizer': None, 'kernel_constraint': None, 'bias_constraint': None}}, {'class_name': 'Dropout', 'config': {'name': 'dropout_2', 'trainable': True, 'dtype': 'float32', 'rate': 0.5, 'noise_shape': None, 'seed': None}}]}

@LAYER2       @@@@@@@@@@@@@@@@@@@@@@
[94mModel: "sequential_1"[0m
[94m_________________________________________________________________[0m
[94mLayer (type)                 Output Shape              Param #   [0m
[94m=================================================================[0m
[94mlambda_1 (Lambda)            (None, 75, 75, 1)         0         [0m
[94m_________________________________________________________________[0m
[94mbatch_normalization_1 (Batch (None, 75, 75, 1)         4         [0m
[94m_________________________________________________________________[0m
[94mconv2d_8 (Conv2D)            (None, 75, 75, 32)        320       [0m
[94m_________________________________________________________________[0m
[94mconv2d_9 (Conv2D)            (None, 75, 75, 32)        9248      [0m
[94m_________________________________________________________________[0m
[94mmax_pooling2d_3 (MaxPooling2 (None, 37, 37, 32)        0         [0m
[94m_________________________________________________________________[0m
[94mconv2d_10 (Conv2D)           (None, 37, 37, 64)        32832     [0m
[94m_________________________________________________________________[0m
[94mconv2d_11 (Conv2D)           (None, 37, 37, 64)        65600     [0m
[94m_________________________________________________________________[0m
[94mmax_pooling2d_4 (MaxPooling2 (None, 18, 18, 64)        0         [0m
[94m_________________________________________________________________[0m
[94mconv2d_12 (Conv2D)           (None, 18, 18, 256)       590080    [0m
[94m_________________________________________________________________[0m
[94mmax_pooling2d_5 (MaxPooling2 (None, 9, 9, 256)         0         [0m
[94m_________________________________________________________________[0m
[94mdropout_3 (Dropout)          (None, 9, 9, 256)         0         [0m
[94m_________________________________________________________________[0m
[94mflatten_1 (Flatten)          (None, 20736)             0         [0m
[94m_________________________________________________________________[0m
[94mdense_2 (Dense)              (None, 512)               10617344  [0m
[94m_________________________________________________________________[0m
[94mdropout_4 (Dropout)          (None, 512)               0         [0m
[94m=================================================================[0m
[94mTotal params: 11,315,428[0m
[94mTrainable params: 11,315,426[0m
[94mNon-trainable params: 2[0m
[94m_________________________________________________________________[0m
None
[92m%Optimizer:
[0m {'name': 'Adam', 'learning_rate': 0.001, 'decay': 0.0, 'beta_1': 0.9, 'beta_2': 0.999, 'epsilon': 1e-07, 'amsgrad': False}
[92m%Layer detail:
[0m {'name': 'sequential_1', 'layers': [{'class_name': 'InputLayer', 'config': {'batch_input_shape': (None, 75, 75, 2), 'dtype': 'float32', 'sparse': False, 'ragged': False, 'name': 'lambda_1_input'}}, {'class_name': 'Lambda', 'config': {'name': 'lambda_1', 'trainable': True, 'dtype': 'float32', 'function': ('4wEAAAAAAAAAAAAAAAEAAAAHAAAAUwAAAHMkAAAAdACgAXwAZABkAIUCZABkAIUCZABkAIUCZAFm\nBBkAZAKhAlMAqQNO6QEAAADp/////6kC2gJ0ZtoLZXhwYW5kX2RpbXOpAdoBeKkAcgkAAAD6Hy9o\nb21lL3NhbWh1YW5nL01ML0NOTi9tb2RlbHMucHnaCDxsYW1iZGE+EgEAAPMAAAAA\n', None, None), 'function_type': 'lambda', 'module': 'models', 'output_shape': None, 'output_shape_type': 'raw', 'output_shape_module': None, 'arguments': {}}}, {'class_name': 'BatchNormalization', 'config': {'name': 'batch_normalization_1', 'trainable': True, 'dtype': 'float32', 'axis': ListWrapper([3]), 'momentum': 0.99, 'epsilon': 0.001, 'center': True, 'scale': True, 'beta_initializer': {'class_name': 'Zeros', 'config': {}}, 'gamma_initializer': {'class_name': 'Ones', 'config': {}}, 'moving_mean_initializer': {'class_name': 'Zeros', 'config': {}}, 'moving_variance_initializer': {'class_name': 'Ones', 'config': {}}, 'beta_regularizer': None, 'gamma_regularizer': None, 'beta_constraint': None, 'gamma_constraint': None}}, {'class_name': 'Conv2D', 'config': {'name': 'conv2d_8', 'trainable': True, 'dtype': 'float32', 'filters': 32, 'kernel_size': (3, 3), 'strides': (1, 1), 'padding': 'same', 'data_format': 'channels_last', 'dilation_rate': (1, 1), 'groups': 1, 'activation': 'relu', 'use_bias': True, 'kernel_initializer': {'class_name': 'GlorotUniform', 'config': {'seed': None}}, 'bias_initializer': {'class_name': 'Zeros', 'config': {}}, 'kernel_regularizer': {'class_name': 'L2', 'config': {'l2': 0.009999999776482582}}, 'bias_regularizer': None, 'activity_regularizer': None, 'kernel_constraint': None, 'bias_constraint': None}}, {'class_name': 'Conv2D', 'config': {'name': 'conv2d_9', 'trainable': True, 'dtype': 'float32', 'filters': 32, 'kernel_size': (3, 3), 'strides': (1, 1), 'padding': 'same', 'data_format': 'channels_last', 'dilation_rate': (1, 1), 'groups': 1, 'activation': 'relu', 'use_bias': True, 'kernel_initializer': {'class_name': 'GlorotUniform', 'config': {'seed': None}}, 'bias_initializer': {'class_name': 'Zeros', 'config': {}}, 'kernel_regularizer': None, 'bias_regularizer': None, 'activity_regularizer': None, 'kernel_constraint': None, 'bias_constraint': None}}, {'class_name': 'MaxPooling2D', 'config': {'name': 'max_pooling2d_3', 'trainable': True, 'dtype': 'float32', 'pool_size': (2, 2), 'padding': 'valid', 'strides': (2, 2), 'data_format': 'channels_last'}}, {'class_name': 'Conv2D', 'config': {'name': 'conv2d_10', 'trainable': True, 'dtype': 'float32', 'filters': 64, 'kernel_size': (4, 4), 'strides': (1, 1), 'padding': 'same', 'data_format': 'channels_last', 'dilation_rate': (1, 1), 'groups': 1, 'activation': 'relu', 'use_bias': True, 'kernel_initializer': {'class_name': 'GlorotUniform', 'config': {'seed': None}}, 'bias_initializer': {'class_name': 'Zeros', 'config': {}}, 'kernel_regularizer': None, 'bias_regularizer': None, 'activity_regularizer': None, 'kernel_constraint': None, 'bias_constraint': None}}, {'class_name': 'Conv2D', 'config': {'name': 'conv2d_11', 'trainable': True, 'dtype': 'float32', 'filters': 64, 'kernel_size': (4, 4), 'strides': (1, 1), 'padding': 'same', 'data_format': 'channels_last', 'dilation_rate': (1, 1), 'groups': 1, 'activation': 'relu', 'use_bias': True, 'kernel_initializer': {'class_name': 'GlorotUniform', 'config': {'seed': None}}, 'bias_initializer': {'class_name': 'Zeros', 'config': {}}, 'kernel_regularizer': None, 'bias_regularizer': None, 'activity_regularizer': None, 'kernel_constraint': None, 'bias_constraint': None}}, {'class_name': 'MaxPooling2D', 'config': {'name': 'max_pooling2d_4', 'trainable': True, 'dtype': 'float32', 'pool_size': (2, 2), 'padding': 'valid', 'strides': (2, 2), 'data_format': 'channels_last'}}, {'class_name': 'Conv2D', 'config': {'name': 'conv2d_12', 'trainable': True, 'dtype': 'float32', 'filters': 256, 'kernel_size': (6, 6), 'strides': (1, 1), 'padding': 'same', 'data_format': 'channels_last', 'dilation_rate': (1, 1), 'groups': 1, 'activation': 'relu', 'use_bias': True, 'kernel_initializer': {'class_name': 'GlorotUniform', 'config': {'seed': None}}, 'bias_initializer': {'class_name': 'Zeros', 'config': {}}, 'kernel_regularizer': None, 'bias_regularizer': None, 'activity_regularizer': None, 'kernel_constraint': None, 'bias_constraint': None}}, {'class_name': 'MaxPooling2D', 'config': {'name': 'max_pooling2d_5', 'trainable': True, 'dtype': 'float32', 'pool_size': (2, 2), 'padding': 'valid', 'strides': (2, 2), 'data_format': 'channels_last'}}, {'class_name': 'Dropout', 'config': {'name': 'dropout_3', 'trainable': True, 'dtype': 'float32', 'rate': 0.1, 'noise_shape': None, 'seed': None}}, {'class_name': 'Flatten', 'config': {'name': 'flatten_1', 'trainable': True, 'dtype': 'float32', 'data_format': 'channels_last'}}, {'class_name': 'Dense', 'config': {'name': 'dense_2', 'trainable': True, 'dtype': 'float32', 'units': 512, 'activation': 'relu', 'use_bias': True, 'kernel_initializer': {'class_name': 'GlorotUniform', 'config': {'seed': None}}, 'bias_initializer': {'class_name': 'Zeros', 'config': {}}, 'kernel_regularizer': {'class_name': 'L2', 'config': {'l2': 0.009999999776482582}}, 'bias_regularizer': None, 'activity_regularizer': None, 'kernel_constraint': None, 'bias_constraint': None}}, {'class_name': 'Dropout', 'config': {'name': 'dropout_4', 'trainable': True, 'dtype': 'float32', 'rate': 0.5, 'noise_shape': None, 'seed': None}}]}

@LAYER3       @@@@@@@@@@@@@@@@@@@@@@
[92m%Layer detail:
[0m {'name': 'dense_3', 'trainable': True, 'dtype': 'float32', 'units': 3, 'activation': 'softmax', 'use_bias': True, 'kernel_initializer': {'class_name': 'GlorotUniform', 'config': {'seed': None}}, 'bias_initializer': {'class_name': 'Zeros', 'config': {}}, 'kernel_regularizer': None, 'bias_regularizer': None, 'activity_regularizer': None, 'kernel_constraint': None, 'bias_constraint': None}

****************************************************
history keys:
 dict_keys(['loss', 'accuracy', 'val_loss', 'val_accuracy'])
history params:
 {'verbose': 1, 'epochs': 500, 'steps': None}
****************************************************
$$$$$$$$$$$$$$$$$$$$$$$$$$$$$$$$$$$$$$$$$$$$$$$$$$$$$$
$$$$$$$$$$$$$$$$$$$$$$$$$$$$$$$$$$$$$$$$$$$$$$$$$$$$$$
The data set contains images
72123/72123 [==============================] - 624s 9ms/step - loss: 0.7808 - accuracy: 0.6614
Testing Loss = 0.780760, Testing Accuracy = 0.661412
The data set contains images
[[0.602658212184906, 0.010769928805530071, 0.38657185435295105], [0.04255908727645874, 0.7674961686134338, 0.18994472920894623], [0.29652467370033264, 0.4796036183834076, 0.22387166321277618], [0.8662710189819336, 0.0072171688079833984, 0.1265118569135666], [0.95228111743927, 0.011596557684242725, 0.03612232208251953], [0.4749714136123657, 0.3456123173236847, 0.17941626906394958], [0.04237452521920204, 0.7412065267562866, 0.21641896665096283], [0.9416801333427429, 0.03518400341272354, 0.023135794326663017], [0.031272344291210175, 0.058209214359521866, 0.9105184078216553], [0.09556527435779572, 0.06455565989017487, 0.8398790955543518]]
[[1.0, 0.0, 0.0], [0.0, 0.0, 1.0], [0.0, 1.0, 0.0], [1.0, 0.0, 0.0], [1.0, 0.0, 0.0], [0.0, 1.0, 0.0], [0.0, 0.0, 1.0], [1.0, 0.0, 0.0], [0.0, 0.0, 1.0], [0.0, 0.0, 1.0]]
3
$W^+$ (auc = 0.85)
$W^-$ (auc = 0.85)
$Z$ (auc = 0.80)
