

$$$$$$$$$$$$$$$$$$$$$$$$$$$$$$$$$$$$$$$$$
New Run
Current date and time = 2022-09-23 23:08:46.740085
$$$$$$$$$$$$$$$$$$$$$$$$$$$$$$$$$$$$$$$$$
The data set contains images
The data set contains images
Epoch 1/500
937/937 [==============================] - 131s 132ms/step - loss: 2.3485 - accuracy: 0.6666 - val_loss: 0.9026 - val_accuracy: 0.6961

Epoch 00001: val_loss improved from inf to 0.90256, saving model to /home/samhuang/ML/best_model/best_model_ternary_CNNsq_kappa0.15/
Epoch 2/500
937/937 [==============================] - 123s 131ms/step - loss: 0.7895 - accuracy: 0.6971 - val_loss: 0.7376 - val_accuracy: 0.6992

Epoch 00002: val_loss improved from 0.90256 to 0.73761, saving model to /home/samhuang/ML/best_model/best_model_ternary_CNNsq_kappa0.15/
Epoch 3/500
937/937 [==============================] - 123s 131ms/step - loss: 0.7334 - accuracy: 0.7009 - val_loss: 0.7263 - val_accuracy: 0.7001

Epoch 00003: val_loss improved from 0.73761 to 0.72630, saving model to /home/samhuang/ML/best_model/best_model_ternary_CNNsq_kappa0.15/
Epoch 4/500
937/937 [==============================] - 123s 131ms/step - loss: 0.7243 - accuracy: 0.7034 - val_loss: 0.7197 - val_accuracy: 0.7016

Epoch 00004: val_loss improved from 0.72630 to 0.71975, saving model to /home/samhuang/ML/best_model/best_model_ternary_CNNsq_kappa0.15/
Epoch 5/500
937/937 [==============================] - 123s 131ms/step - loss: 0.7184 - accuracy: 0.7046 - val_loss: 0.7157 - val_accuracy: 0.7030

Epoch 00005: val_loss improved from 0.71975 to 0.71567, saving model to /home/samhuang/ML/best_model/best_model_ternary_CNNsq_kappa0.15/
Epoch 6/500
937/937 [==============================] - 123s 131ms/step - loss: 0.7137 - accuracy: 0.7060 - val_loss: 0.7148 - val_accuracy: 0.7027

Epoch 00006: val_loss improved from 0.71567 to 0.71478, saving model to /home/samhuang/ML/best_model/best_model_ternary_CNNsq_kappa0.15/
Epoch 7/500
937/937 [==============================] - 123s 131ms/step - loss: 0.7098 - accuracy: 0.7077 - val_loss: 0.7096 - val_accuracy: 0.7040

Epoch 00007: val_loss improved from 0.71478 to 0.70965, saving model to /home/samhuang/ML/best_model/best_model_ternary_CNNsq_kappa0.15/
Epoch 8/500
937/937 [==============================] - 122s 131ms/step - loss: 0.7068 - accuracy: 0.7087 - val_loss: 0.7057 - val_accuracy: 0.7061

Epoch 00008: val_loss improved from 0.70965 to 0.70571, saving model to /home/samhuang/ML/best_model/best_model_ternary_CNNsq_kappa0.15/
Epoch 9/500
937/937 [==============================] - 122s 131ms/step - loss: 0.7042 - accuracy: 0.7098 - val_loss: 0.7048 - val_accuracy: 0.7065

Epoch 00009: val_loss improved from 0.70571 to 0.70477, saving model to /home/samhuang/ML/best_model/best_model_ternary_CNNsq_kappa0.15/
Epoch 10/500
937/937 [==============================] - 122s 130ms/step - loss: 0.7013 - accuracy: 0.7109 - val_loss: 0.7022 - val_accuracy: 0.7074

Epoch 00010: val_loss improved from 0.70477 to 0.70225, saving model to /home/samhuang/ML/best_model/best_model_ternary_CNNsq_kappa0.15/
Epoch 11/500
937/937 [==============================] - 122s 131ms/step - loss: 0.6989 - accuracy: 0.7120 - val_loss: 0.6997 - val_accuracy: 0.7085

Epoch 00011: val_loss improved from 0.70225 to 0.69974, saving model to /home/samhuang/ML/best_model/best_model_ternary_CNNsq_kappa0.15/
Epoch 12/500
937/937 [==============================] - 122s 130ms/step - loss: 0.6966 - accuracy: 0.7124 - val_loss: 0.6987 - val_accuracy: 0.7086

Epoch 00012: val_loss improved from 0.69974 to 0.69872, saving model to /home/samhuang/ML/best_model/best_model_ternary_CNNsq_kappa0.15/
Epoch 13/500
937/937 [==============================] - 122s 130ms/step - loss: 0.6944 - accuracy: 0.7133 - val_loss: 0.6974 - val_accuracy: 0.7102

Epoch 00013: val_loss improved from 0.69872 to 0.69740, saving model to /home/samhuang/ML/best_model/best_model_ternary_CNNsq_kappa0.15/
Epoch 14/500
937/937 [==============================] - 122s 130ms/step - loss: 0.6922 - accuracy: 0.7145 - val_loss: 0.6966 - val_accuracy: 0.7098

Epoch 00014: val_loss improved from 0.69740 to 0.69659, saving model to /home/samhuang/ML/best_model/best_model_ternary_CNNsq_kappa0.15/
Epoch 15/500
937/937 [==============================] - 122s 130ms/step - loss: 0.6902 - accuracy: 0.7159 - val_loss: 0.6951 - val_accuracy: 0.7105

Epoch 00015: val_loss improved from 0.69659 to 0.69509, saving model to /home/samhuang/ML/best_model/best_model_ternary_CNNsq_kappa0.15/
Epoch 16/500
937/937 [==============================] - 122s 130ms/step - loss: 0.6867 - accuracy: 0.7172 - val_loss: 0.6936 - val_accuracy: 0.7111

Epoch 00016: val_loss improved from 0.69509 to 0.69359, saving model to /home/samhuang/ML/best_model/best_model_ternary_CNNsq_kappa0.15/
Epoch 17/500
937/937 [==============================] - 122s 130ms/step - loss: 0.6812 - accuracy: 0.7207 - val_loss: 0.6840 - val_accuracy: 0.7165

Epoch 00017: val_loss improved from 0.69359 to 0.68404, saving model to /home/samhuang/ML/best_model/best_model_ternary_CNNsq_kappa0.15/
Epoch 18/500
937/937 [==============================] - 122s 130ms/step - loss: 0.6755 - accuracy: 0.7241 - val_loss: 0.6812 - val_accuracy: 0.7183

Epoch 00018: val_loss improved from 0.68404 to 0.68121, saving model to /home/samhuang/ML/best_model/best_model_ternary_CNNsq_kappa0.15/
Epoch 19/500
937/937 [==============================] - 122s 130ms/step - loss: 0.6717 - accuracy: 0.7258 - val_loss: 0.6783 - val_accuracy: 0.7201

Epoch 00019: val_loss improved from 0.68121 to 0.67829, saving model to /home/samhuang/ML/best_model/best_model_ternary_CNNsq_kappa0.15/
Epoch 20/500
937/937 [==============================] - 122s 130ms/step - loss: 0.6687 - accuracy: 0.7272 - val_loss: 0.6749 - val_accuracy: 0.7223

Epoch 00020: val_loss improved from 0.67829 to 0.67486, saving model to /home/samhuang/ML/best_model/best_model_ternary_CNNsq_kappa0.15/
Epoch 21/500
937/937 [==============================] - 122s 130ms/step - loss: 0.6666 - accuracy: 0.7283 - val_loss: 0.6765 - val_accuracy: 0.7212

Epoch 00021: val_loss did not improve from 0.67486
Epoch 22/500
937/937 [==============================] - 122s 130ms/step - loss: 0.6641 - accuracy: 0.7302 - val_loss: 0.6745 - val_accuracy: 0.7223

Epoch 00022: val_loss improved from 0.67486 to 0.67455, saving model to /home/samhuang/ML/best_model/best_model_ternary_CNNsq_kappa0.15/
Epoch 23/500
937/937 [==============================] - 122s 130ms/step - loss: 0.6612 - accuracy: 0.7318 - val_loss: 0.6751 - val_accuracy: 0.7224

Epoch 00023: val_loss did not improve from 0.67455
Epoch 24/500
937/937 [==============================] - 122s 130ms/step - loss: 0.6591 - accuracy: 0.7327 - val_loss: 0.6754 - val_accuracy: 0.7218

Epoch 00024: val_loss did not improve from 0.67455
Epoch 25/500
937/937 [==============================] - 122s 130ms/step - loss: 0.6579 - accuracy: 0.7339 - val_loss: 0.6763 - val_accuracy: 0.7223

Epoch 00025: val_loss did not improve from 0.67455
Epoch 26/500
937/937 [==============================] - 122s 130ms/step - loss: 0.6557 - accuracy: 0.7348 - val_loss: 0.6761 - val_accuracy: 0.7226

Epoch 00026: val_loss did not improve from 0.67455
Epoch 27/500
937/937 [==============================] - 122s 130ms/step - loss: 0.6527 - accuracy: 0.7366 - val_loss: 0.6778 - val_accuracy: 0.7223

Epoch 00027: val_loss did not improve from 0.67455
Epoch 28/500
937/937 [==============================] - 122s 130ms/step - loss: 0.6509 - accuracy: 0.7378 - val_loss: 0.6781 - val_accuracy: 0.7223

Epoch 00028: val_loss did not improve from 0.67455
Epoch 29/500
937/937 [==============================] - 122s 130ms/step - loss: 0.6480 - accuracy: 0.7400 - val_loss: 0.6801 - val_accuracy: 0.7219

Epoch 00029: val_loss did not improve from 0.67455
Epoch 30/500
937/937 [==============================] - 122s 130ms/step - loss: 0.6451 - accuracy: 0.7414 - val_loss: 0.6809 - val_accuracy: 0.7214

Epoch 00030: val_loss did not improve from 0.67455
Epoch 31/500
937/937 [==============================] - 122s 130ms/step - loss: 0.6421 - accuracy: 0.7432 - val_loss: 0.6823 - val_accuracy: 0.7212

Epoch 00031: val_loss did not improve from 0.67455
Epoch 32/500
937/937 [==============================] - 122s 130ms/step - loss: 0.6392 - accuracy: 0.7456 - val_loss: 0.6851 - val_accuracy: 0.7209

Epoch 00032: val_loss did not improve from 0.67455
Epoch 33/500
937/937 [==============================] - 122s 130ms/step - loss: 0.6368 - accuracy: 0.7473 - val_loss: 0.6893 - val_accuracy: 0.7199

Epoch 00033: val_loss did not improve from 0.67455
Epoch 34/500
937/937 [==============================] - 122s 130ms/step - loss: 0.6330 - accuracy: 0.7500 - val_loss: 0.6909 - val_accuracy: 0.7186

Epoch 00034: val_loss did not improve from 0.67455
Epoch 35/500
937/937 [==============================] - 122s 130ms/step - loss: 0.6300 - accuracy: 0.7518 - val_loss: 0.6959 - val_accuracy: 0.7177

Epoch 00035: val_loss did not improve from 0.67455
Epoch 36/500
937/937 [==============================] - 122s 130ms/step - loss: 0.6269 - accuracy: 0.7537 - val_loss: 0.7021 - val_accuracy: 0.7162

Epoch 00036: val_loss did not improve from 0.67455
Epoch 37/500
937/937 [==============================] - 122s 130ms/step - loss: 0.6246 - accuracy: 0.7546 - val_loss: 0.7090 - val_accuracy: 0.7133

Epoch 00037: val_loss did not improve from 0.67455
Epoch 00037: early stopping
$$$$$$$$$$$$$$$$$$$$$$$$$$$$$$$$$$$$$$$$$$$$$$$$$$$$$$
$$$$$$$$$$$$$$$$$$$$$$$$$$$$$$$$$$$$$$$$$$$$$$$$$$$$$$
[92mModel: "CNNsq"[0m
[92m_________________________________________________________________[0m
[92mLayer (type)                 Output Shape              Param #   [0m
[92m=================================================================[0m
[92msequential (Sequential)      (None, 256)               6537700   [0m
[92m_________________________________________________________________[0m
[92msequential_1 (Sequential)    (None, 256)               6006756   [0m
[92m_________________________________________________________________[0m
[92mdense_3 (Dense)              multiple                  1539      [0m
[92m=================================================================[0m
[92mTotal params: 12,545,995[0m
[92mTrainable params: 12,545,991[0m
[92mNon-trainable params: 4[0m
[92m_________________________________________________________________[0m
None

@LAYER1       @@@@@@@@@@@@@@@@@@@@@@
[94mModel: "sequential"[0m
[94m_________________________________________________________________[0m
[94mLayer (type)                 Output Shape              Param #   [0m
[94m=================================================================[0m
[94mlambda (Lambda)              (None, 75, 75, 1)         0         [0m
[94m_________________________________________________________________[0m
[94mbatch_normalization (BatchNo (None, 75, 75, 1)         4         [0m
[94m_________________________________________________________________[0m
[94mconv2d (Conv2D)              (None, 75, 75, 32)        320       [0m
[94m_________________________________________________________________[0m
[94mconv2d_1 (Conv2D)            (None, 75, 75, 32)        9248      [0m
[94m_________________________________________________________________[0m
[94mmax_pooling2d (MaxPooling2D) (None, 37, 37, 32)        0         [0m
[94m_________________________________________________________________[0m
[94mconv2d_2 (Conv2D)            (None, 37, 37, 64)        18496     [0m
[94m_________________________________________________________________[0m
[94mmax_pooling2d_1 (MaxPooling2 (None, 18, 18, 64)        0         [0m
[94m_________________________________________________________________[0m
[94mconv2d_3 (Conv2D)            (None, 18, 18, 64)        36928     [0m
[94m_________________________________________________________________[0m
[94mmax_pooling2d_2 (MaxPooling2 (None, 9, 9, 64)          0         [0m
[94m_________________________________________________________________[0m
[94mconv2d_4 (Conv2D)            (None, 9, 9, 64)          36928     [0m
[94m_________________________________________________________________[0m
[94mconv2d_5 (Conv2D)            (None, 9, 9, 64)          36928     [0m
[94m_________________________________________________________________[0m
[94mconv2d_6 (Conv2D)            (None, 9, 9, 128)         204928    [0m
[94m_________________________________________________________________[0m
[94mconv2d_7 (Conv2D)            (None, 9, 9, 256)         819456    [0m
[94m_________________________________________________________________[0m
[94mdropout (Dropout)            (None, 9, 9, 256)         0         [0m
[94m_________________________________________________________________[0m
[94mflatten (Flatten)            (None, 20736)             0         [0m
[94m_________________________________________________________________[0m
[94mdense (Dense)                (None, 256)               5308672   [0m
[94m_________________________________________________________________[0m
[94mdropout_1 (Dropout)          (None, 256)               0         [0m
[94m_________________________________________________________________[0m
[94mdense_1 (Dense)              (None, 256)               65792     [0m
[94m_________________________________________________________________[0m
[94mdropout_2 (Dropout)          (None, 256)               0         [0m
[94m=================================================================[0m
[94mTotal params: 6,537,700[0m
[94mTrainable params: 6,537,698[0m
[94mNon-trainable params: 2[0m
[94m_________________________________________________________________[0m
None
[92m%Optimizer:
[0m {'name': 'Adam', 'learning_rate': 1e-04, 'decay': 0.0, 'beta_1': 0.9, 'beta_2': 0.999, 'epsilon': 1e-07, 'amsgrad': False}
[92m%Layer detail:
[0m {'name': 'sequential', 'layers': [{'class_name': 'InputLayer', 'config': {'batch_input_shape': (None, 75, 75, 2), 'dtype': 'float32', 'sparse': False, 'ragged': False, 'name': 'lambda_input'}}, {'class_name': 'Lambda', 'config': {'name': 'lambda', 'trainable': True, 'dtype': 'float32', 'function': ('4wEAAAAAAAAAAAAAAAEAAAAHAAAAUwAAAHMkAAAAdACgAXwAZABkAIUCZABkAIUCZABkAIUCZAFm\nBBkAZAKhAlMAqQNO6QAAAADp/////6kC2gJ0ZtoLZXhwYW5kX2RpbXOpAdoBeKkAcgkAAAD6Hy9o\nb21lL3NhbWh1YW5nL01ML0NOTi9tb2RlbHMucHnaCDxsYW1iZGE+NAAAAPMAAAAA\n', None, None), 'function_type': 'lambda', 'module': 'models', 'output_shape': None, 'output_shape_type': 'raw', 'output_shape_module': None, 'arguments': {}}}, {'class_name': 'BatchNormalization', 'config': {'name': 'batch_normalization', 'trainable': True, 'dtype': 'float32', 'axis': ListWrapper([3]), 'momentum': 0.99, 'epsilon': 0.001, 'center': True, 'scale': True, 'beta_initializer': {'class_name': 'Zeros', 'config': {}}, 'gamma_initializer': {'class_name': 'Ones', 'config': {}}, 'moving_mean_initializer': {'class_name': 'Zeros', 'config': {}}, 'moving_variance_initializer': {'class_name': 'Ones', 'config': {}}, 'beta_regularizer': None, 'gamma_regularizer': None, 'beta_constraint': None, 'gamma_constraint': None}}, {'class_name': 'Conv2D', 'config': {'name': 'conv2d', 'trainable': True, 'dtype': 'float32', 'filters': 32, 'kernel_size': (3, 3), 'strides': (1, 1), 'padding': 'same', 'data_format': 'channels_last', 'dilation_rate': (1, 1), 'groups': 1, 'activation': 'relu', 'use_bias': True, 'kernel_initializer': {'class_name': 'GlorotUniform', 'config': {'seed': None}}, 'bias_initializer': {'class_name': 'Zeros', 'config': {}}, 'kernel_regularizer': None, 'bias_regularizer': None, 'activity_regularizer': None, 'kernel_constraint': None, 'bias_constraint': None}}, {'class_name': 'Conv2D', 'config': {'name': 'conv2d_1', 'trainable': True, 'dtype': 'float32', 'filters': 32, 'kernel_size': (3, 3), 'strides': (1, 1), 'padding': 'same', 'data_format': 'channels_last', 'dilation_rate': (1, 1), 'groups': 1, 'activation': 'relu', 'use_bias': True, 'kernel_initializer': {'class_name': 'GlorotUniform', 'config': {'seed': None}}, 'bias_initializer': {'class_name': 'Zeros', 'config': {}}, 'kernel_regularizer': None, 'bias_regularizer': None, 'activity_regularizer': None, 'kernel_constraint': None, 'bias_constraint': None}}, {'class_name': 'MaxPooling2D', 'config': {'name': 'max_pooling2d', 'trainable': True, 'dtype': 'float32', 'pool_size': (2, 2), 'padding': 'valid', 'strides': (2, 2), 'data_format': 'channels_last'}}, {'class_name': 'Conv2D', 'config': {'name': 'conv2d_2', 'trainable': True, 'dtype': 'float32', 'filters': 64, 'kernel_size': (3, 3), 'strides': (1, 1), 'padding': 'same', 'data_format': 'channels_last', 'dilation_rate': (1, 1), 'groups': 1, 'activation': 'relu', 'use_bias': True, 'kernel_initializer': {'class_name': 'GlorotUniform', 'config': {'seed': None}}, 'bias_initializer': {'class_name': 'Zeros', 'config': {}}, 'kernel_regularizer': None, 'bias_regularizer': None, 'activity_regularizer': None, 'kernel_constraint': None, 'bias_constraint': None}}, {'class_name': 'MaxPooling2D', 'config': {'name': 'max_pooling2d_1', 'trainable': True, 'dtype': 'float32', 'pool_size': (2, 2), 'padding': 'valid', 'strides': (2, 2), 'data_format': 'channels_last'}}, {'class_name': 'Conv2D', 'config': {'name': 'conv2d_3', 'trainable': True, 'dtype': 'float32', 'filters': 64, 'kernel_size': (3, 3), 'strides': (1, 1), 'padding': 'same', 'data_format': 'channels_last', 'dilation_rate': (1, 1), 'groups': 1, 'activation': 'relu', 'use_bias': True, 'kernel_initializer': {'class_name': 'GlorotUniform', 'config': {'seed': None}}, 'bias_initializer': {'class_name': 'Zeros', 'config': {}}, 'kernel_regularizer': None, 'bias_regularizer': None, 'activity_regularizer': None, 'kernel_constraint': None, 'bias_constraint': None}}, {'class_name': 'MaxPooling2D', 'config': {'name': 'max_pooling2d_2', 'trainable': True, 'dtype': 'float32', 'pool_size': (2, 2), 'padding': 'valid', 'strides': (2, 2), 'data_format': 'channels_last'}}, {'class_name': 'Conv2D', 'config': {'name': 'conv2d_4', 'trainable': True, 'dtype': 'float32', 'filters': 64, 'kernel_size': (3, 3), 'strides': (1, 1), 'padding': 'same', 'data_format': 'channels_last', 'dilation_rate': (1, 1), 'groups': 1, 'activation': 'relu', 'use_bias': True, 'kernel_initializer': {'class_name': 'GlorotUniform', 'config': {'seed': None}}, 'bias_initializer': {'class_name': 'Zeros', 'config': {}}, 'kernel_regularizer': None, 'bias_regularizer': None, 'activity_regularizer': None, 'kernel_constraint': None, 'bias_constraint': None}}, {'class_name': 'Conv2D', 'config': {'name': 'conv2d_5', 'trainable': True, 'dtype': 'float32', 'filters': 64, 'kernel_size': (3, 3), 'strides': (1, 1), 'padding': 'same', 'data_format': 'channels_last', 'dilation_rate': (1, 1), 'groups': 1, 'activation': 'relu', 'use_bias': True, 'kernel_initializer': {'class_name': 'GlorotUniform', 'config': {'seed': None}}, 'bias_initializer': {'class_name': 'Zeros', 'config': {}}, 'kernel_regularizer': None, 'bias_regularizer': None, 'activity_regularizer': None, 'kernel_constraint': None, 'bias_constraint': None}}, {'class_name': 'Conv2D', 'config': {'name': 'conv2d_6', 'trainable': True, 'dtype': 'float32', 'filters': 128, 'kernel_size': (5, 5), 'strides': (1, 1), 'padding': 'same', 'data_format': 'channels_last', 'dilation_rate': (1, 1), 'groups': 1, 'activation': 'relu', 'use_bias': True, 'kernel_initializer': {'class_name': 'GlorotUniform', 'config': {'seed': None}}, 'bias_initializer': {'class_name': 'Zeros', 'config': {}}, 'kernel_regularizer': None, 'bias_regularizer': None, 'activity_regularizer': None, 'kernel_constraint': None, 'bias_constraint': None}}, {'class_name': 'Conv2D', 'config': {'name': 'conv2d_7', 'trainable': True, 'dtype': 'float32', 'filters': 256, 'kernel_size': (5, 5), 'strides': (1, 1), 'padding': 'same', 'data_format': 'channels_last', 'dilation_rate': (1, 1), 'groups': 1, 'activation': 'relu', 'use_bias': True, 'kernel_initializer': {'class_name': 'GlorotUniform', 'config': {'seed': None}}, 'bias_initializer': {'class_name': 'Zeros', 'config': {}}, 'kernel_regularizer': None, 'bias_regularizer': None, 'activity_regularizer': None, 'kernel_constraint': None, 'bias_constraint': None}}, {'class_name': 'Dropout', 'config': {'name': 'dropout', 'trainable': True, 'dtype': 'float32', 'rate': 0.1, 'noise_shape': None, 'seed': None}}, {'class_name': 'Flatten', 'config': {'name': 'flatten', 'trainable': True, 'dtype': 'float32', 'data_format': 'channels_last'}}, {'class_name': 'Dense', 'config': {'name': 'dense', 'trainable': True, 'dtype': 'float32', 'units': 256, 'activation': 'relu', 'use_bias': True, 'kernel_initializer': {'class_name': 'GlorotUniform', 'config': {'seed': None}}, 'bias_initializer': {'class_name': 'Zeros', 'config': {}}, 'kernel_regularizer': {'class_name': 'L2', 'config': {'l2': 0.009999999776482582}}, 'bias_regularizer': None, 'activity_regularizer': None, 'kernel_constraint': None, 'bias_constraint': None}}, {'class_name': 'Dropout', 'config': {'name': 'dropout_1', 'trainable': True, 'dtype': 'float32', 'rate': 0.5, 'noise_shape': None, 'seed': None}}, {'class_name': 'Dense', 'config': {'name': 'dense_1', 'trainable': True, 'dtype': 'float32', 'units': 256, 'activation': 'relu', 'use_bias': True, 'kernel_initializer': {'class_name': 'GlorotUniform', 'config': {'seed': None}}, 'bias_initializer': {'class_name': 'Zeros', 'config': {}}, 'kernel_regularizer': {'class_name': 'L2', 'config': {'l2': 0.009999999776482582}}, 'bias_regularizer': None, 'activity_regularizer': None, 'kernel_constraint': None, 'bias_constraint': None}}, {'class_name': 'Dropout', 'config': {'name': 'dropout_2', 'trainable': True, 'dtype': 'float32', 'rate': 0.5, 'noise_shape': None, 'seed': None}}]}

@LAYER2       @@@@@@@@@@@@@@@@@@@@@@
[94mModel: "sequential_1"[0m
[94m_________________________________________________________________[0m
[94mLayer (type)                 Output Shape              Param #   [0m
[94m=================================================================[0m
[94mlambda_1 (Lambda)            (None, 75, 75, 1)         0         [0m
[94m_________________________________________________________________[0m
[94mbatch_normalization_1 (Batch (None, 75, 75, 1)         4         [0m
[94m_________________________________________________________________[0m
[94mconv2d_8 (Conv2D)            (None, 75, 75, 32)        320       [0m
[94m_________________________________________________________________[0m
[94mconv2d_9 (Conv2D)            (None, 75, 75, 32)        9248      [0m
[94m_________________________________________________________________[0m
[94mmax_pooling2d_3 (MaxPooling2 (None, 37, 37, 32)        0         [0m
[94m_________________________________________________________________[0m
[94mconv2d_10 (Conv2D)           (None, 37, 37, 64)        32832     [0m
[94m_________________________________________________________________[0m
[94mconv2d_11 (Conv2D)           (None, 37, 37, 64)        65600     [0m
[94m_________________________________________________________________[0m
[94mmax_pooling2d_4 (MaxPooling2 (None, 18, 18, 64)        0         [0m
[94m_________________________________________________________________[0m
[94mconv2d_12 (Conv2D)           (None, 18, 18, 256)       590080    [0m
[94m_________________________________________________________________[0m
[94mmax_pooling2d_5 (MaxPooling2 (None, 9, 9, 256)         0         [0m
[94m_________________________________________________________________[0m
[94mdropout_3 (Dropout)          (None, 9, 9, 256)         0         [0m
[94m_________________________________________________________________[0m
[94mflatten_1 (Flatten)          (None, 20736)             0         [0m
[94m_________________________________________________________________[0m
[94mdense_2 (Dense)              (None, 256)               5308672   [0m
[94m_________________________________________________________________[0m
[94mdropout_4 (Dropout)          (None, 256)               0         [0m
[94m=================================================================[0m
[94mTotal params: 6,006,756[0m
[94mTrainable params: 6,006,754[0m
[94mNon-trainable params: 2[0m
[94m_________________________________________________________________[0m
None
[92m%Optimizer:
[0m {'name': 'Adam', 'learning_rate': 1e-04, 'decay': 0.0, 'beta_1': 0.9, 'beta_2': 0.999, 'epsilon': 1e-07, 'amsgrad': False}
[92m%Layer detail:
[0m {'name': 'sequential_1', 'layers': [{'class_name': 'InputLayer', 'config': {'batch_input_shape': (None, 75, 75, 2), 'dtype': 'float32', 'sparse': False, 'ragged': False, 'name': 'lambda_1_input'}}, {'class_name': 'Lambda', 'config': {'name': 'lambda_1', 'trainable': True, 'dtype': 'float32', 'function': ('4wEAAAAAAAAAAAAAAAEAAAAHAAAAUwAAAHMkAAAAdACgAXwAZABkAIUCZABkAIUCZABkAIUCZAFm\nBBkAZAKhAlMAqQNO6QEAAADp/////6kC2gJ0ZtoLZXhwYW5kX2RpbXOpAdoBeKkAcgkAAAD6Hy9o\nb21lL3NhbWh1YW5nL01ML0NOTi9tb2RlbHMucHnaCDxsYW1iZGE+TAAAAPMAAAAA\n', None, None), 'function_type': 'lambda', 'module': 'models', 'output_shape': None, 'output_shape_type': 'raw', 'output_shape_module': None, 'arguments': {}}}, {'class_name': 'BatchNormalization', 'config': {'name': 'batch_normalization_1', 'trainable': True, 'dtype': 'float32', 'axis': ListWrapper([3]), 'momentum': 0.99, 'epsilon': 0.001, 'center': True, 'scale': True, 'beta_initializer': {'class_name': 'Zeros', 'config': {}}, 'gamma_initializer': {'class_name': 'Ones', 'config': {}}, 'moving_mean_initializer': {'class_name': 'Zeros', 'config': {}}, 'moving_variance_initializer': {'class_name': 'Ones', 'config': {}}, 'beta_regularizer': None, 'gamma_regularizer': None, 'beta_constraint': None, 'gamma_constraint': None}}, {'class_name': 'Conv2D', 'config': {'name': 'conv2d_8', 'trainable': True, 'dtype': 'float32', 'filters': 32, 'kernel_size': (3, 3), 'strides': (1, 1), 'padding': 'same', 'data_format': 'channels_last', 'dilation_rate': (1, 1), 'groups': 1, 'activation': 'relu', 'use_bias': True, 'kernel_initializer': {'class_name': 'GlorotUniform', 'config': {'seed': None}}, 'bias_initializer': {'class_name': 'Zeros', 'config': {}}, 'kernel_regularizer': {'class_name': 'L2', 'config': {'l2': 0.009999999776482582}}, 'bias_regularizer': None, 'activity_regularizer': None, 'kernel_constraint': None, 'bias_constraint': None}}, {'class_name': 'Conv2D', 'config': {'name': 'conv2d_9', 'trainable': True, 'dtype': 'float32', 'filters': 32, 'kernel_size': (3, 3), 'strides': (1, 1), 'padding': 'same', 'data_format': 'channels_last', 'dilation_rate': (1, 1), 'groups': 1, 'activation': 'relu', 'use_bias': True, 'kernel_initializer': {'class_name': 'GlorotUniform', 'config': {'seed': None}}, 'bias_initializer': {'class_name': 'Zeros', 'config': {}}, 'kernel_regularizer': None, 'bias_regularizer': None, 'activity_regularizer': None, 'kernel_constraint': None, 'bias_constraint': None}}, {'class_name': 'MaxPooling2D', 'config': {'name': 'max_pooling2d_3', 'trainable': True, 'dtype': 'float32', 'pool_size': (2, 2), 'padding': 'valid', 'strides': (2, 2), 'data_format': 'channels_last'}}, {'class_name': 'Conv2D', 'config': {'name': 'conv2d_10', 'trainable': True, 'dtype': 'float32', 'filters': 64, 'kernel_size': (4, 4), 'strides': (1, 1), 'padding': 'same', 'data_format': 'channels_last', 'dilation_rate': (1, 1), 'groups': 1, 'activation': 'relu', 'use_bias': True, 'kernel_initializer': {'class_name': 'GlorotUniform', 'config': {'seed': None}}, 'bias_initializer': {'class_name': 'Zeros', 'config': {}}, 'kernel_regularizer': None, 'bias_regularizer': None, 'activity_regularizer': None, 'kernel_constraint': None, 'bias_constraint': None}}, {'class_name': 'Conv2D', 'config': {'name': 'conv2d_11', 'trainable': True, 'dtype': 'float32', 'filters': 64, 'kernel_size': (4, 4), 'strides': (1, 1), 'padding': 'same', 'data_format': 'channels_last', 'dilation_rate': (1, 1), 'groups': 1, 'activation': 'relu', 'use_bias': True, 'kernel_initializer': {'class_name': 'GlorotUniform', 'config': {'seed': None}}, 'bias_initializer': {'class_name': 'Zeros', 'config': {}}, 'kernel_regularizer': None, 'bias_regularizer': None, 'activity_regularizer': None, 'kernel_constraint': None, 'bias_constraint': None}}, {'class_name': 'MaxPooling2D', 'config': {'name': 'max_pooling2d_4', 'trainable': True, 'dtype': 'float32', 'pool_size': (2, 2), 'padding': 'valid', 'strides': (2, 2), 'data_format': 'channels_last'}}, {'class_name': 'Conv2D', 'config': {'name': 'conv2d_12', 'trainable': True, 'dtype': 'float32', 'filters': 256, 'kernel_size': (6, 6), 'strides': (1, 1), 'padding': 'same', 'data_format': 'channels_last', 'dilation_rate': (1, 1), 'groups': 1, 'activation': 'relu', 'use_bias': True, 'kernel_initializer': {'class_name': 'GlorotUniform', 'config': {'seed': None}}, 'bias_initializer': {'class_name': 'Zeros', 'config': {}}, 'kernel_regularizer': None, 'bias_regularizer': None, 'activity_regularizer': None, 'kernel_constraint': None, 'bias_constraint': None}}, {'class_name': 'MaxPooling2D', 'config': {'name': 'max_pooling2d_5', 'trainable': True, 'dtype': 'float32', 'pool_size': (2, 2), 'padding': 'valid', 'strides': (2, 2), 'data_format': 'channels_last'}}, {'class_name': 'Dropout', 'config': {'name': 'dropout_3', 'trainable': True, 'dtype': 'float32', 'rate': 0.1, 'noise_shape': None, 'seed': None}}, {'class_name': 'Flatten', 'config': {'name': 'flatten_1', 'trainable': True, 'dtype': 'float32', 'data_format': 'channels_last'}}, {'class_name': 'Dense', 'config': {'name': 'dense_2', 'trainable': True, 'dtype': 'float32', 'units': 256, 'activation': 'relu', 'use_bias': True, 'kernel_initializer': {'class_name': 'GlorotUniform', 'config': {'seed': None}}, 'bias_initializer': {'class_name': 'Zeros', 'config': {}}, 'kernel_regularizer': {'class_name': 'L2', 'config': {'l2': 0.009999999776482582}}, 'bias_regularizer': None, 'activity_regularizer': None, 'kernel_constraint': None, 'bias_constraint': None}}, {'class_name': 'Dropout', 'config': {'name': 'dropout_4', 'trainable': True, 'dtype': 'float32', 'rate': 0.5, 'noise_shape': None, 'seed': None}}]}

@LAYER3       @@@@@@@@@@@@@@@@@@@@@@
[92m%Layer detail:
[0m {'name': 'dense_3', 'trainable': True, 'dtype': 'float32', 'units': 3, 'activation': 'softmax', 'use_bias': True, 'kernel_initializer': {'class_name': 'GlorotUniform', 'config': {'seed': None}}, 'bias_initializer': {'class_name': 'Zeros', 'config': {}}, 'kernel_regularizer': None, 'bias_regularizer': None, 'activity_regularizer': None, 'kernel_constraint': None, 'bias_constraint': None}

****************************************************
history keys:
 dict_keys(['loss', 'accuracy', 'val_loss', 'val_accuracy'])
history params:
 {'verbose': 1, 'epochs': 500, 'steps': None}
****************************************************
$$$$$$$$$$$$$$$$$$$$$$$$$$$$$$$$$$$$$$$$$$$$$$$$$$$$$$
$$$$$$$$$$$$$$$$$$$$$$$$$$$$$$$$$$$$$$$$$$$$$$$$$$$$$$
The data set contains images
150000/150000 [==============================] - 1304s 9ms/step - loss: 0.6854 - accuracy: 0.7186
Testing Loss = 0.685396, Testing Accuracy = 0.718620
The data set contains images
[[0.764592707157135, 0.07374244183301926, 0.16166484355926514], [0.28108492493629456, 0.5512092709541321, 0.16770578920841217], [0.10368192195892334, 0.17051570117473602, 0.7258024215698242], [0.1623847335577011, 0.8246921896934509, 0.012923043221235275], [0.03908984363079071, 0.05752485617995262, 0.9033852815628052], [0.08257635682821274, 0.8441879749298096, 0.07323559373617172], [0.48347392678260803, 0.431133508682251, 0.0853925496339798], [0.14811287820339203, 0.06213831529021263, 0.7897488474845886], [0.05695827305316925, 0.8323549628257751, 0.1106867641210556], [0.015590901486575603, 0.9002109169960022, 0.08419815450906754]]
[[1.0, 0.0, 0.0], [1.0, 0.0, 0.0], [0.0, 1.0, 0.0], [0.0, 1.0, 0.0], [0.0, 0.0, 1.0], [0.0, 0.0, 1.0], [1.0, 0.0, 0.0], [1.0, 0.0, 0.0], [0.0, 1.0, 0.0], [0.0, 1.0, 0.0]]
3
$W^+$ (auc = 0.8821)
$W^-$ (auc = 0.8827)
$Z$ (auc = 0.8749)


$$$$$$$$$$$$$$$$$$$$$$$$$$$$$$$$$$$$$$$$$
New Run
Current date and time = 2022-10-13 11:49:46.378122
$$$$$$$$$$$$$$$$$$$$$$$$$$$$$$$$$$$$$$$$$
The data set contains images
The data set contains images
Epoch 1/500
937/937 [==============================] - 589s 458ms/step - loss: 2.4081 - accuracy: 0.6110 - val_loss: 0.9959 - val_accuracy: 0.6344

Epoch 00001: val_loss improved from inf to 0.99587, saving model to /home/samhuang/ML/best_model/best_model_ternary_CNNsq_kappa0.15/
Epoch 2/500
937/937 [==============================] - 172s 183ms/step - loss: 0.8792 - accuracy: 0.6437 - val_loss: 0.8174 - val_accuracy: 0.6574

Epoch 00002: val_loss improved from 0.99587 to 0.81737, saving model to /home/samhuang/ML/best_model/best_model_ternary_CNNsq_kappa0.15/
Epoch 3/500
937/937 [==============================] - 124s 132ms/step - loss: 0.8156 - accuracy: 0.6571 - val_loss: 0.7975 - val_accuracy: 0.6654

Epoch 00003: val_loss improved from 0.81737 to 0.79750, saving model to /home/samhuang/ML/best_model/best_model_ternary_CNNsq_kappa0.15/
Epoch 4/500
937/937 [==============================] - 125s 133ms/step - loss: 0.8033 - accuracy: 0.6619 - val_loss: 0.7919 - val_accuracy: 0.6665

Epoch 00004: val_loss improved from 0.79750 to 0.79187, saving model to /home/samhuang/ML/best_model/best_model_ternary_CNNsq_kappa0.15/
Epoch 5/500
937/937 [==============================] - 124s 132ms/step - loss: 0.7968 - accuracy: 0.6644 - val_loss: 0.7891 - val_accuracy: 0.6672

Epoch 00005: val_loss improved from 0.79187 to 0.78910, saving model to /home/samhuang/ML/best_model/best_model_ternary_CNNsq_kappa0.15/
Epoch 6/500
937/937 [==============================] - 123s 132ms/step - loss: 0.7923 - accuracy: 0.6666 - val_loss: 0.7887 - val_accuracy: 0.6652

Epoch 00006: val_loss improved from 0.78910 to 0.78867, saving model to /home/samhuang/ML/best_model/best_model_ternary_CNNsq_kappa0.15/
Epoch 7/500
937/937 [==============================] - 123s 132ms/step - loss: 0.7875 - accuracy: 0.6688 - val_loss: 0.7834 - val_accuracy: 0.6687

Epoch 00007: val_loss improved from 0.78867 to 0.78338, saving model to /home/samhuang/ML/best_model/best_model_ternary_CNNsq_kappa0.15/
Epoch 8/500
937/937 [==============================] - 123s 132ms/step - loss: 0.7845 - accuracy: 0.6698 - val_loss: 0.7821 - val_accuracy: 0.6681

Epoch 00008: val_loss improved from 0.78338 to 0.78207, saving model to /home/samhuang/ML/best_model/best_model_ternary_CNNsq_kappa0.15/
Epoch 9/500
937/937 [==============================] - 123s 132ms/step - loss: 0.7810 - accuracy: 0.6714 - val_loss: 0.7817 - val_accuracy: 0.6672

Epoch 00009: val_loss improved from 0.78207 to 0.78166, saving model to /home/samhuang/ML/best_model/best_model_ternary_CNNsq_kappa0.15/
Epoch 10/500
937/937 [==============================] - 123s 132ms/step - loss: 0.7789 - accuracy: 0.6720 - val_loss: 0.7770 - val_accuracy: 0.6707

Epoch 00010: val_loss improved from 0.78166 to 0.77699, saving model to /home/samhuang/ML/best_model/best_model_ternary_CNNsq_kappa0.15/
Epoch 11/500
937/937 [==============================] - 123s 131ms/step - loss: 0.7761 - accuracy: 0.6731 - val_loss: 0.7731 - val_accuracy: 0.6716

Epoch 00011: val_loss improved from 0.77699 to 0.77312, saving model to /home/samhuang/ML/best_model/best_model_ternary_CNNsq_kappa0.15/
Epoch 12/500
937/937 [==============================] - 124s 132ms/step - loss: 0.7738 - accuracy: 0.6737 - val_loss: 0.7722 - val_accuracy: 0.6729

Epoch 00012: val_loss improved from 0.77312 to 0.77218, saving model to /home/samhuang/ML/best_model/best_model_ternary_CNNsq_kappa0.15/
Epoch 13/500
937/937 [==============================] - 123s 131ms/step - loss: 0.7718 - accuracy: 0.6747 - val_loss: 0.7714 - val_accuracy: 0.6726

Epoch 00013: val_loss improved from 0.77218 to 0.77139, saving model to /home/samhuang/ML/best_model/best_model_ternary_CNNsq_kappa0.15/
Epoch 14/500
937/937 [==============================] - 123s 132ms/step - loss: 0.7701 - accuracy: 0.6760 - val_loss: 0.7708 - val_accuracy: 0.6731

Epoch 00014: val_loss improved from 0.77139 to 0.77081, saving model to /home/samhuang/ML/best_model/best_model_ternary_CNNsq_kappa0.15/
Epoch 15/500
937/937 [==============================] - 123s 131ms/step - loss: 0.7686 - accuracy: 0.6766 - val_loss: 0.7687 - val_accuracy: 0.6740

Epoch 00015: val_loss improved from 0.77081 to 0.76871, saving model to /home/samhuang/ML/best_model/best_model_ternary_CNNsq_kappa0.15/
Epoch 16/500
937/937 [==============================] - 123s 131ms/step - loss: 0.7663 - accuracy: 0.6770 - val_loss: 0.7713 - val_accuracy: 0.6718

Epoch 00016: val_loss did not improve from 0.76871
Epoch 17/500
937/937 [==============================] - 124s 132ms/step - loss: 0.7651 - accuracy: 0.6776 - val_loss: 0.7682 - val_accuracy: 0.6740

Epoch 00017: val_loss improved from 0.76871 to 0.76820, saving model to /home/samhuang/ML/best_model/best_model_ternary_CNNsq_kappa0.15/
Epoch 18/500
937/937 [==============================] - 123s 131ms/step - loss: 0.7637 - accuracy: 0.6784 - val_loss: 0.7668 - val_accuracy: 0.6756

Epoch 00018: val_loss improved from 0.76820 to 0.76676, saving model to /home/samhuang/ML/best_model/best_model_ternary_CNNsq_kappa0.15/
Epoch 19/500
937/937 [==============================] - 123s 131ms/step - loss: 0.7627 - accuracy: 0.6787 - val_loss: 0.7684 - val_accuracy: 0.6739

Epoch 00019: val_loss did not improve from 0.76676
Epoch 20/500
937/937 [==============================] - 123s 132ms/step - loss: 0.7611 - accuracy: 0.6800 - val_loss: 0.7667 - val_accuracy: 0.6754

Epoch 00020: val_loss improved from 0.76676 to 0.76670, saving model to /home/samhuang/ML/best_model/best_model_ternary_CNNsq_kappa0.15/
Epoch 21/500
937/937 [==============================] - 123s 131ms/step - loss: 0.7595 - accuracy: 0.6810 - val_loss: 0.7670 - val_accuracy: 0.6750

Epoch 00021: val_loss did not improve from 0.76670
Epoch 22/500
937/937 [==============================] - 123s 131ms/step - loss: 0.7581 - accuracy: 0.6814 - val_loss: 0.7658 - val_accuracy: 0.6757

Epoch 00022: val_loss improved from 0.76670 to 0.76584, saving model to /home/samhuang/ML/best_model/best_model_ternary_CNNsq_kappa0.15/
Epoch 23/500
937/937 [==============================] - 123s 131ms/step - loss: 0.7569 - accuracy: 0.6822 - val_loss: 0.7679 - val_accuracy: 0.6748

Epoch 00023: val_loss did not improve from 0.76584
Epoch 24/500
937/937 [==============================] - 123s 131ms/step - loss: 0.7559 - accuracy: 0.6830 - val_loss: 0.7645 - val_accuracy: 0.6772

Epoch 00024: val_loss improved from 0.76584 to 0.76448, saving model to /home/samhuang/ML/best_model/best_model_ternary_CNNsq_kappa0.15/
Epoch 25/500
937/937 [==============================] - 123s 131ms/step - loss: 0.7543 - accuracy: 0.6835 - val_loss: 0.7623 - val_accuracy: 0.6780

Epoch 00025: val_loss improved from 0.76448 to 0.76226, saving model to /home/samhuang/ML/best_model/best_model_ternary_CNNsq_kappa0.15/
Epoch 26/500
937/937 [==============================] - 123s 131ms/step - loss: 0.7535 - accuracy: 0.6843 - val_loss: 0.7637 - val_accuracy: 0.6771

Epoch 00026: val_loss did not improve from 0.76226
Epoch 27/500
937/937 [==============================] - 123s 131ms/step - loss: 0.7526 - accuracy: 0.6847 - val_loss: 0.7639 - val_accuracy: 0.6777

Epoch 00027: val_loss did not improve from 0.76226
Epoch 28/500
937/937 [==============================] - 123s 131ms/step - loss: 0.7512 - accuracy: 0.6860 - val_loss: 0.7634 - val_accuracy: 0.6781

Epoch 00028: val_loss did not improve from 0.76226
Epoch 29/500
937/937 [==============================] - 123s 131ms/step - loss: 0.7497 - accuracy: 0.6866 - val_loss: 0.7635 - val_accuracy: 0.6783

Epoch 00029: val_loss did not improve from 0.76226
Epoch 30/500
937/937 [==============================] - 123s 131ms/step - loss: 0.7476 - accuracy: 0.6882 - val_loss: 0.7633 - val_accuracy: 0.6786

Epoch 00030: val_loss did not improve from 0.76226
Epoch 31/500
937/937 [==============================] - 123s 131ms/step - loss: 0.7466 - accuracy: 0.6889 - val_loss: 0.7646 - val_accuracy: 0.6784

Epoch 00031: val_loss did not improve from 0.76226
Epoch 32/500
937/937 [==============================] - 123s 131ms/step - loss: 0.7460 - accuracy: 0.6889 - val_loss: 0.7644 - val_accuracy: 0.6786

Epoch 00032: val_loss did not improve from 0.76226
Epoch 33/500
937/937 [==============================] - 123s 131ms/step - loss: 0.7448 - accuracy: 0.6899 - val_loss: 0.7664 - val_accuracy: 0.6780

Epoch 00033: val_loss did not improve from 0.76226
Epoch 34/500
937/937 [==============================] - 123s 131ms/step - loss: 0.7433 - accuracy: 0.6911 - val_loss: 0.7661 - val_accuracy: 0.6782

Epoch 00034: val_loss did not improve from 0.76226
Epoch 35/500
937/937 [==============================] - 123s 131ms/step - loss: 0.7412 - accuracy: 0.6926 - val_loss: 0.7675 - val_accuracy: 0.6777

Epoch 00035: val_loss did not improve from 0.76226
Epoch 36/500
937/937 [==============================] - 123s 131ms/step - loss: 0.7393 - accuracy: 0.6941 - val_loss: 0.7691 - val_accuracy: 0.6785

Epoch 00036: val_loss did not improve from 0.76226
Epoch 37/500
937/937 [==============================] - 123s 131ms/step - loss: 0.7379 - accuracy: 0.6955 - val_loss: 0.7716 - val_accuracy: 0.6775

Epoch 00037: val_loss did not improve from 0.76226
Epoch 38/500
937/937 [==============================] - 123s 131ms/step - loss: 0.7362 - accuracy: 0.6967 - val_loss: 0.7734 - val_accuracy: 0.6771

Epoch 00038: val_loss did not improve from 0.76226
Epoch 39/500
937/937 [==============================] - 123s 131ms/step - loss: 0.7338 - accuracy: 0.6978 - val_loss: 0.7759 - val_accuracy: 0.6767

Epoch 00039: val_loss did not improve from 0.76226
Epoch 40/500
937/937 [==============================] - 123s 131ms/step - loss: 0.7315 - accuracy: 0.7003 - val_loss: 0.7781 - val_accuracy: 0.6757

Epoch 00040: val_loss did not improve from 0.76226
Epoch 00040: early stopping
$$$$$$$$$$$$$$$$$$$$$$$$$$$$$$$$$$$$$$$$$$$$$$$$$$$$$$
$$$$$$$$$$$$$$$$$$$$$$$$$$$$$$$$$$$$$$$$$$$$$$$$$$$$$$
[92mModel: "CNNsq"[0m
[92m_________________________________________________________________[0m
[92mLayer (type)                 Output Shape              Param #   [0m
[92m=================================================================[0m
[92msequential (Sequential)      (None, 256)               6537700   [0m
[92m_________________________________________________________________[0m
[92msequential_1 (Sequential)    (None, 256)               6006756   [0m
[92m_________________________________________________________________[0m
[92mdense_3 (Dense)              multiple                  1539      [0m
[92m=================================================================[0m
[92mTotal params: 12,545,995[0m
[92mTrainable params: 12,545,991[0m
[92mNon-trainable params: 4[0m
[92m_________________________________________________________________[0m
None

@LAYER1       @@@@@@@@@@@@@@@@@@@@@@
[94mModel: "sequential"[0m
[94m_________________________________________________________________[0m
[94mLayer (type)                 Output Shape              Param #   [0m
[94m=================================================================[0m
[94mlambda (Lambda)              (None, 75, 75, 1)         0         [0m
[94m_________________________________________________________________[0m
[94mbatch_normalization (BatchNo (None, 75, 75, 1)         4         [0m
[94m_________________________________________________________________[0m
[94mconv2d (Conv2D)              (None, 75, 75, 32)        320       [0m
[94m_________________________________________________________________[0m
[94mconv2d_1 (Conv2D)            (None, 75, 75, 32)        9248      [0m
[94m_________________________________________________________________[0m
[94mmax_pooling2d (MaxPooling2D) (None, 37, 37, 32)        0         [0m
[94m_________________________________________________________________[0m
[94mconv2d_2 (Conv2D)            (None, 37, 37, 64)        18496     [0m
[94m_________________________________________________________________[0m
[94mmax_pooling2d_1 (MaxPooling2 (None, 18, 18, 64)        0         [0m
[94m_________________________________________________________________[0m
[94mconv2d_3 (Conv2D)            (None, 18, 18, 64)        36928     [0m
[94m_________________________________________________________________[0m
[94mmax_pooling2d_2 (MaxPooling2 (None, 9, 9, 64)          0         [0m
[94m_________________________________________________________________[0m
[94mconv2d_4 (Conv2D)            (None, 9, 9, 64)          36928     [0m
[94m_________________________________________________________________[0m
[94mconv2d_5 (Conv2D)            (None, 9, 9, 64)          36928     [0m
[94m_________________________________________________________________[0m
[94mconv2d_6 (Conv2D)            (None, 9, 9, 128)         204928    [0m
[94m_________________________________________________________________[0m
[94mconv2d_7 (Conv2D)            (None, 9, 9, 256)         819456    [0m
[94m_________________________________________________________________[0m
[94mdropout (Dropout)            (None, 9, 9, 256)         0         [0m
[94m_________________________________________________________________[0m
[94mflatten (Flatten)            (None, 20736)             0         [0m
[94m_________________________________________________________________[0m
[94mdense (Dense)                (None, 256)               5308672   [0m
[94m_________________________________________________________________[0m
[94mdropout_1 (Dropout)          (None, 256)               0         [0m
[94m_________________________________________________________________[0m
[94mdense_1 (Dense)              (None, 256)               65792     [0m
[94m_________________________________________________________________[0m
[94mdropout_2 (Dropout)          (None, 256)               0         [0m
[94m=================================================================[0m
[94mTotal params: 6,537,700[0m
[94mTrainable params: 6,537,698[0m
[94mNon-trainable params: 2[0m
[94m_________________________________________________________________[0m
None
[92m%Optimizer:
[0m {'name': 'Adam', 'learning_rate': 1e-04, 'decay': 0.0, 'beta_1': 0.9, 'beta_2': 0.999, 'epsilon': 1e-07, 'amsgrad': False}
[92m%Layer detail:
[0m {'name': 'sequential', 'layers': [{'class_name': 'InputLayer', 'config': {'batch_input_shape': (None, 75, 75, 2), 'dtype': 'float32', 'sparse': False, 'ragged': False, 'name': 'lambda_input'}}, {'class_name': 'Lambda', 'config': {'name': 'lambda', 'trainable': True, 'dtype': 'float32', 'function': ('4wEAAAAAAAAAAAAAAAEAAAAHAAAAUwAAAHMkAAAAdACgAXwAZABkAIUCZABkAIUCZABkAIUCZAFm\nBBkAZAKhAlMAqQNO6QAAAADp/////6kC2gJ0ZtoLZXhwYW5kX2RpbXOpAdoBeKkAcgkAAAD6Hy9o\nb21lL3NhbWh1YW5nL01ML0NOTi9tb2RlbHMucHnaCDxsYW1iZGE+NAAAAPMAAAAA\n', None, None), 'function_type': 'lambda', 'module': 'models', 'output_shape': None, 'output_shape_type': 'raw', 'output_shape_module': None, 'arguments': {}}}, {'class_name': 'BatchNormalization', 'config': {'name': 'batch_normalization', 'trainable': True, 'dtype': 'float32', 'axis': ListWrapper([3]), 'momentum': 0.99, 'epsilon': 0.001, 'center': True, 'scale': True, 'beta_initializer': {'class_name': 'Zeros', 'config': {}}, 'gamma_initializer': {'class_name': 'Ones', 'config': {}}, 'moving_mean_initializer': {'class_name': 'Zeros', 'config': {}}, 'moving_variance_initializer': {'class_name': 'Ones', 'config': {}}, 'beta_regularizer': None, 'gamma_regularizer': None, 'beta_constraint': None, 'gamma_constraint': None}}, {'class_name': 'Conv2D', 'config': {'name': 'conv2d', 'trainable': True, 'dtype': 'float32', 'filters': 32, 'kernel_size': (3, 3), 'strides': (1, 1), 'padding': 'same', 'data_format': 'channels_last', 'dilation_rate': (1, 1), 'groups': 1, 'activation': 'relu', 'use_bias': True, 'kernel_initializer': {'class_name': 'GlorotUniform', 'config': {'seed': None}}, 'bias_initializer': {'class_name': 'Zeros', 'config': {}}, 'kernel_regularizer': None, 'bias_regularizer': None, 'activity_regularizer': None, 'kernel_constraint': None, 'bias_constraint': None}}, {'class_name': 'Conv2D', 'config': {'name': 'conv2d_1', 'trainable': True, 'dtype': 'float32', 'filters': 32, 'kernel_size': (3, 3), 'strides': (1, 1), 'padding': 'same', 'data_format': 'channels_last', 'dilation_rate': (1, 1), 'groups': 1, 'activation': 'relu', 'use_bias': True, 'kernel_initializer': {'class_name': 'GlorotUniform', 'config': {'seed': None}}, 'bias_initializer': {'class_name': 'Zeros', 'config': {}}, 'kernel_regularizer': None, 'bias_regularizer': None, 'activity_regularizer': None, 'kernel_constraint': None, 'bias_constraint': None}}, {'class_name': 'MaxPooling2D', 'config': {'name': 'max_pooling2d', 'trainable': True, 'dtype': 'float32', 'pool_size': (2, 2), 'padding': 'valid', 'strides': (2, 2), 'data_format': 'channels_last'}}, {'class_name': 'Conv2D', 'config': {'name': 'conv2d_2', 'trainable': True, 'dtype': 'float32', 'filters': 64, 'kernel_size': (3, 3), 'strides': (1, 1), 'padding': 'same', 'data_format': 'channels_last', 'dilation_rate': (1, 1), 'groups': 1, 'activation': 'relu', 'use_bias': True, 'kernel_initializer': {'class_name': 'GlorotUniform', 'config': {'seed': None}}, 'bias_initializer': {'class_name': 'Zeros', 'config': {}}, 'kernel_regularizer': None, 'bias_regularizer': None, 'activity_regularizer': None, 'kernel_constraint': None, 'bias_constraint': None}}, {'class_name': 'MaxPooling2D', 'config': {'name': 'max_pooling2d_1', 'trainable': True, 'dtype': 'float32', 'pool_size': (2, 2), 'padding': 'valid', 'strides': (2, 2), 'data_format': 'channels_last'}}, {'class_name': 'Conv2D', 'config': {'name': 'conv2d_3', 'trainable': True, 'dtype': 'float32', 'filters': 64, 'kernel_size': (3, 3), 'strides': (1, 1), 'padding': 'same', 'data_format': 'channels_last', 'dilation_rate': (1, 1), 'groups': 1, 'activation': 'relu', 'use_bias': True, 'kernel_initializer': {'class_name': 'GlorotUniform', 'config': {'seed': None}}, 'bias_initializer': {'class_name': 'Zeros', 'config': {}}, 'kernel_regularizer': None, 'bias_regularizer': None, 'activity_regularizer': None, 'kernel_constraint': None, 'bias_constraint': None}}, {'class_name': 'MaxPooling2D', 'config': {'name': 'max_pooling2d_2', 'trainable': True, 'dtype': 'float32', 'pool_size': (2, 2), 'padding': 'valid', 'strides': (2, 2), 'data_format': 'channels_last'}}, {'class_name': 'Conv2D', 'config': {'name': 'conv2d_4', 'trainable': True, 'dtype': 'float32', 'filters': 64, 'kernel_size': (3, 3), 'strides': (1, 1), 'padding': 'same', 'data_format': 'channels_last', 'dilation_rate': (1, 1), 'groups': 1, 'activation': 'relu', 'use_bias': True, 'kernel_initializer': {'class_name': 'GlorotUniform', 'config': {'seed': None}}, 'bias_initializer': {'class_name': 'Zeros', 'config': {}}, 'kernel_regularizer': None, 'bias_regularizer': None, 'activity_regularizer': None, 'kernel_constraint': None, 'bias_constraint': None}}, {'class_name': 'Conv2D', 'config': {'name': 'conv2d_5', 'trainable': True, 'dtype': 'float32', 'filters': 64, 'kernel_size': (3, 3), 'strides': (1, 1), 'padding': 'same', 'data_format': 'channels_last', 'dilation_rate': (1, 1), 'groups': 1, 'activation': 'relu', 'use_bias': True, 'kernel_initializer': {'class_name': 'GlorotUniform', 'config': {'seed': None}}, 'bias_initializer': {'class_name': 'Zeros', 'config': {}}, 'kernel_regularizer': None, 'bias_regularizer': None, 'activity_regularizer': None, 'kernel_constraint': None, 'bias_constraint': None}}, {'class_name': 'Conv2D', 'config': {'name': 'conv2d_6', 'trainable': True, 'dtype': 'float32', 'filters': 128, 'kernel_size': (5, 5), 'strides': (1, 1), 'padding': 'same', 'data_format': 'channels_last', 'dilation_rate': (1, 1), 'groups': 1, 'activation': 'relu', 'use_bias': True, 'kernel_initializer': {'class_name': 'GlorotUniform', 'config': {'seed': None}}, 'bias_initializer': {'class_name': 'Zeros', 'config': {}}, 'kernel_regularizer': None, 'bias_regularizer': None, 'activity_regularizer': None, 'kernel_constraint': None, 'bias_constraint': None}}, {'class_name': 'Conv2D', 'config': {'name': 'conv2d_7', 'trainable': True, 'dtype': 'float32', 'filters': 256, 'kernel_size': (5, 5), 'strides': (1, 1), 'padding': 'same', 'data_format': 'channels_last', 'dilation_rate': (1, 1), 'groups': 1, 'activation': 'relu', 'use_bias': True, 'kernel_initializer': {'class_name': 'GlorotUniform', 'config': {'seed': None}}, 'bias_initializer': {'class_name': 'Zeros', 'config': {}}, 'kernel_regularizer': None, 'bias_regularizer': None, 'activity_regularizer': None, 'kernel_constraint': None, 'bias_constraint': None}}, {'class_name': 'Dropout', 'config': {'name': 'dropout', 'trainable': True, 'dtype': 'float32', 'rate': 0.1, 'noise_shape': None, 'seed': None}}, {'class_name': 'Flatten', 'config': {'name': 'flatten', 'trainable': True, 'dtype': 'float32', 'data_format': 'channels_last'}}, {'class_name': 'Dense', 'config': {'name': 'dense', 'trainable': True, 'dtype': 'float32', 'units': 256, 'activation': 'relu', 'use_bias': True, 'kernel_initializer': {'class_name': 'GlorotUniform', 'config': {'seed': None}}, 'bias_initializer': {'class_name': 'Zeros', 'config': {}}, 'kernel_regularizer': {'class_name': 'L2', 'config': {'l2': 0.009999999776482582}}, 'bias_regularizer': None, 'activity_regularizer': None, 'kernel_constraint': None, 'bias_constraint': None}}, {'class_name': 'Dropout', 'config': {'name': 'dropout_1', 'trainable': True, 'dtype': 'float32', 'rate': 0.5, 'noise_shape': None, 'seed': None}}, {'class_name': 'Dense', 'config': {'name': 'dense_1', 'trainable': True, 'dtype': 'float32', 'units': 256, 'activation': 'relu', 'use_bias': True, 'kernel_initializer': {'class_name': 'GlorotUniform', 'config': {'seed': None}}, 'bias_initializer': {'class_name': 'Zeros', 'config': {}}, 'kernel_regularizer': {'class_name': 'L2', 'config': {'l2': 0.009999999776482582}}, 'bias_regularizer': None, 'activity_regularizer': None, 'kernel_constraint': None, 'bias_constraint': None}}, {'class_name': 'Dropout', 'config': {'name': 'dropout_2', 'trainable': True, 'dtype': 'float32', 'rate': 0.5, 'noise_shape': None, 'seed': None}}]}

@LAYER2       @@@@@@@@@@@@@@@@@@@@@@
[94mModel: "sequential_1"[0m
[94m_________________________________________________________________[0m
[94mLayer (type)                 Output Shape              Param #   [0m
[94m=================================================================[0m
[94mlambda_1 (Lambda)            (None, 75, 75, 1)         0         [0m
[94m_________________________________________________________________[0m
[94mbatch_normalization_1 (Batch (None, 75, 75, 1)         4         [0m
[94m_________________________________________________________________[0m
[94mconv2d_8 (Conv2D)            (None, 75, 75, 32)        320       [0m
[94m_________________________________________________________________[0m
[94mconv2d_9 (Conv2D)            (None, 75, 75, 32)        9248      [0m
[94m_________________________________________________________________[0m
[94mmax_pooling2d_3 (MaxPooling2 (None, 37, 37, 32)        0         [0m
[94m_________________________________________________________________[0m
[94mconv2d_10 (Conv2D)           (None, 37, 37, 64)        32832     [0m
[94m_________________________________________________________________[0m
[94mconv2d_11 (Conv2D)           (None, 37, 37, 64)        65600     [0m
[94m_________________________________________________________________[0m
[94mmax_pooling2d_4 (MaxPooling2 (None, 18, 18, 64)        0         [0m
[94m_________________________________________________________________[0m
[94mconv2d_12 (Conv2D)           (None, 18, 18, 256)       590080    [0m
[94m_________________________________________________________________[0m
[94mmax_pooling2d_5 (MaxPooling2 (None, 9, 9, 256)         0         [0m
[94m_________________________________________________________________[0m
[94mdropout_3 (Dropout)          (None, 9, 9, 256)         0         [0m
[94m_________________________________________________________________[0m
[94mflatten_1 (Flatten)          (None, 20736)             0         [0m
[94m_________________________________________________________________[0m
[94mdense_2 (Dense)              (None, 256)               5308672   [0m
[94m_________________________________________________________________[0m
[94mdropout_4 (Dropout)          (None, 256)               0         [0m
[94m=================================================================[0m
[94mTotal params: 6,006,756[0m
[94mTrainable params: 6,006,754[0m
[94mNon-trainable params: 2[0m
[94m_________________________________________________________________[0m
None
[92m%Optimizer:
[0m {'name': 'Adam', 'learning_rate': 1e-04, 'decay': 0.0, 'beta_1': 0.9, 'beta_2': 0.999, 'epsilon': 1e-07, 'amsgrad': False}
[92m%Layer detail:
[0m {'name': 'sequential_1', 'layers': [{'class_name': 'InputLayer', 'config': {'batch_input_shape': (None, 75, 75, 2), 'dtype': 'float32', 'sparse': False, 'ragged': False, 'name': 'lambda_1_input'}}, {'class_name': 'Lambda', 'config': {'name': 'lambda_1', 'trainable': True, 'dtype': 'float32', 'function': ('4wEAAAAAAAAAAAAAAAEAAAAHAAAAUwAAAHMkAAAAdACgAXwAZABkAIUCZABkAIUCZABkAIUCZAFm\nBBkAZAKhAlMAqQNO6QEAAADp/////6kC2gJ0ZtoLZXhwYW5kX2RpbXOpAdoBeKkAcgkAAAD6Hy9o\nb21lL3NhbWh1YW5nL01ML0NOTi9tb2RlbHMucHnaCDxsYW1iZGE+TAAAAPMAAAAA\n', None, None), 'function_type': 'lambda', 'module': 'models', 'output_shape': None, 'output_shape_type': 'raw', 'output_shape_module': None, 'arguments': {}}}, {'class_name': 'BatchNormalization', 'config': {'name': 'batch_normalization_1', 'trainable': True, 'dtype': 'float32', 'axis': ListWrapper([3]), 'momentum': 0.99, 'epsilon': 0.001, 'center': True, 'scale': True, 'beta_initializer': {'class_name': 'Zeros', 'config': {}}, 'gamma_initializer': {'class_name': 'Ones', 'config': {}}, 'moving_mean_initializer': {'class_name': 'Zeros', 'config': {}}, 'moving_variance_initializer': {'class_name': 'Ones', 'config': {}}, 'beta_regularizer': None, 'gamma_regularizer': None, 'beta_constraint': None, 'gamma_constraint': None}}, {'class_name': 'Conv2D', 'config': {'name': 'conv2d_8', 'trainable': True, 'dtype': 'float32', 'filters': 32, 'kernel_size': (3, 3), 'strides': (1, 1), 'padding': 'same', 'data_format': 'channels_last', 'dilation_rate': (1, 1), 'groups': 1, 'activation': 'relu', 'use_bias': True, 'kernel_initializer': {'class_name': 'GlorotUniform', 'config': {'seed': None}}, 'bias_initializer': {'class_name': 'Zeros', 'config': {}}, 'kernel_regularizer': {'class_name': 'L2', 'config': {'l2': 0.009999999776482582}}, 'bias_regularizer': None, 'activity_regularizer': None, 'kernel_constraint': None, 'bias_constraint': None}}, {'class_name': 'Conv2D', 'config': {'name': 'conv2d_9', 'trainable': True, 'dtype': 'float32', 'filters': 32, 'kernel_size': (3, 3), 'strides': (1, 1), 'padding': 'same', 'data_format': 'channels_last', 'dilation_rate': (1, 1), 'groups': 1, 'activation': 'relu', 'use_bias': True, 'kernel_initializer': {'class_name': 'GlorotUniform', 'config': {'seed': None}}, 'bias_initializer': {'class_name': 'Zeros', 'config': {}}, 'kernel_regularizer': None, 'bias_regularizer': None, 'activity_regularizer': None, 'kernel_constraint': None, 'bias_constraint': None}}, {'class_name': 'MaxPooling2D', 'config': {'name': 'max_pooling2d_3', 'trainable': True, 'dtype': 'float32', 'pool_size': (2, 2), 'padding': 'valid', 'strides': (2, 2), 'data_format': 'channels_last'}}, {'class_name': 'Conv2D', 'config': {'name': 'conv2d_10', 'trainable': True, 'dtype': 'float32', 'filters': 64, 'kernel_size': (4, 4), 'strides': (1, 1), 'padding': 'same', 'data_format': 'channels_last', 'dilation_rate': (1, 1), 'groups': 1, 'activation': 'relu', 'use_bias': True, 'kernel_initializer': {'class_name': 'GlorotUniform', 'config': {'seed': None}}, 'bias_initializer': {'class_name': 'Zeros', 'config': {}}, 'kernel_regularizer': None, 'bias_regularizer': None, 'activity_regularizer': None, 'kernel_constraint': None, 'bias_constraint': None}}, {'class_name': 'Conv2D', 'config': {'name': 'conv2d_11', 'trainable': True, 'dtype': 'float32', 'filters': 64, 'kernel_size': (4, 4), 'strides': (1, 1), 'padding': 'same', 'data_format': 'channels_last', 'dilation_rate': (1, 1), 'groups': 1, 'activation': 'relu', 'use_bias': True, 'kernel_initializer': {'class_name': 'GlorotUniform', 'config': {'seed': None}}, 'bias_initializer': {'class_name': 'Zeros', 'config': {}}, 'kernel_regularizer': None, 'bias_regularizer': None, 'activity_regularizer': None, 'kernel_constraint': None, 'bias_constraint': None}}, {'class_name': 'MaxPooling2D', 'config': {'name': 'max_pooling2d_4', 'trainable': True, 'dtype': 'float32', 'pool_size': (2, 2), 'padding': 'valid', 'strides': (2, 2), 'data_format': 'channels_last'}}, {'class_name': 'Conv2D', 'config': {'name': 'conv2d_12', 'trainable': True, 'dtype': 'float32', 'filters': 256, 'kernel_size': (6, 6), 'strides': (1, 1), 'padding': 'same', 'data_format': 'channels_last', 'dilation_rate': (1, 1), 'groups': 1, 'activation': 'relu', 'use_bias': True, 'kernel_initializer': {'class_name': 'GlorotUniform', 'config': {'seed': None}}, 'bias_initializer': {'class_name': 'Zeros', 'config': {}}, 'kernel_regularizer': None, 'bias_regularizer': None, 'activity_regularizer': None, 'kernel_constraint': None, 'bias_constraint': None}}, {'class_name': 'MaxPooling2D', 'config': {'name': 'max_pooling2d_5', 'trainable': True, 'dtype': 'float32', 'pool_size': (2, 2), 'padding': 'valid', 'strides': (2, 2), 'data_format': 'channels_last'}}, {'class_name': 'Dropout', 'config': {'name': 'dropout_3', 'trainable': True, 'dtype': 'float32', 'rate': 0.1, 'noise_shape': None, 'seed': None}}, {'class_name': 'Flatten', 'config': {'name': 'flatten_1', 'trainable': True, 'dtype': 'float32', 'data_format': 'channels_last'}}, {'class_name': 'Dense', 'config': {'name': 'dense_2', 'trainable': True, 'dtype': 'float32', 'units': 256, 'activation': 'relu', 'use_bias': True, 'kernel_initializer': {'class_name': 'GlorotUniform', 'config': {'seed': None}}, 'bias_initializer': {'class_name': 'Zeros', 'config': {}}, 'kernel_regularizer': {'class_name': 'L2', 'config': {'l2': 0.009999999776482582}}, 'bias_regularizer': None, 'activity_regularizer': None, 'kernel_constraint': None, 'bias_constraint': None}}, {'class_name': 'Dropout', 'config': {'name': 'dropout_4', 'trainable': True, 'dtype': 'float32', 'rate': 0.5, 'noise_shape': None, 'seed': None}}]}

@LAYER3       @@@@@@@@@@@@@@@@@@@@@@
[92m%Layer detail:
[0m {'name': 'dense_3', 'trainable': True, 'dtype': 'float32', 'units': 3, 'activation': 'softmax', 'use_bias': True, 'kernel_initializer': {'class_name': 'GlorotUniform', 'config': {'seed': None}}, 'bias_initializer': {'class_name': 'Zeros', 'config': {}}, 'kernel_regularizer': None, 'bias_regularizer': None, 'activity_regularizer': None, 'kernel_constraint': None, 'bias_constraint': None}

****************************************************
history keys:
 dict_keys(['loss', 'accuracy', 'val_loss', 'val_accuracy'])
history params:
 {'verbose': 1, 'epochs': 500, 'steps': None}
****************************************************
$$$$$$$$$$$$$$$$$$$$$$$$$$$$$$$$$$$$$$$$$$$$$$$$$$$$$$
$$$$$$$$$$$$$$$$$$$$$$$$$$$$$$$$$$$$$$$$$$$$$$$$$$$$$$
The data set contains images
150000/150000 [==============================] - 1178s 8ms/step - loss: 0.7744 - accuracy: 0.6725
Testing Loss = 0.774431, Testing Accuracy = 0.672513
The data set contains images
[[0.504844069480896, 0.29016807675361633, 0.20498782396316528], [0.033133141696453094, 0.026964914053678513, 0.9399019479751587], [0.5425928235054016, 0.3424324095249176, 0.11497478187084198], [0.10603677481412888, 0.7884772419929504, 0.1054859459400177], [0.7271978855133057, 0.1553463637828827, 0.11745571345090866], [0.450254887342453, 0.4241664409637451, 0.1255786120891571], [0.06194915249943733, 0.8235999941825867, 0.11445087939500809], [0.07361440360546112, 0.03607666864991188, 0.8903089165687561], [0.09092061966657639, 0.3364700675010681, 0.5726093053817749], [0.22771529853343964, 0.10449639707803726, 0.6677882671356201]]
[[1.0, 0.0, 0.0], [0.0, 0.0, 1.0], [0.0, 1.0, 0.0], [1.0, 0.0, 0.0], [0.0, 1.0, 0.0], [0.0, 1.0, 0.0], [0.0, 0.0, 1.0], [1.0, 0.0, 0.0], [0.0, 0.0, 1.0], [1.0, 0.0, 0.0]]
3
$W^+$ (auc = 0.8446)
$W^-$ (auc = 0.8443)
$Z$ (auc = 0.8398)
