

$$$$$$$$$$$$$$$$$$$$$$$$$$$$$$$$$$$$$$$$$
New Run
Current date and time = 2022-09-07 13:43:31.076788
$$$$$$$$$$$$$$$$$$$$$$$$$$$$$$$$$$$$$$$$$
The data set contains images
The data set contains images
Epoch 1/500
352/352 [==============================] - 52s 129ms/step - loss: 6.7189 - accuracy: 0.6287 - val_loss: 2.1392 - val_accuracy: 0.6677

Epoch 00001: val_loss improved from inf to 2.13921, saving model to testbest_model_ternary_CNNsq_kappa0.15/
Epoch 2/500
352/352 [==============================] - 46s 129ms/step - loss: 1.3947 - accuracy: 0.6846 - val_loss: 0.9756 - val_accuracy: 0.6971

Epoch 00002: val_loss improved from 2.13921 to 0.97561, saving model to testbest_model_ternary_CNNsq_kappa0.15/
Epoch 3/500
352/352 [==============================] - 52s 147ms/step - loss: 0.8567 - accuracy: 0.6911 - val_loss: 0.7630 - val_accuracy: 0.7007

Epoch 00003: val_loss improved from 0.97561 to 0.76296, saving model to testbest_model_ternary_CNNsq_kappa0.15/
Epoch 4/500
352/352 [==============================] - 52s 148ms/step - loss: 0.7549 - accuracy: 0.6947 - val_loss: 0.7251 - val_accuracy: 0.7036

Epoch 00004: val_loss improved from 0.76296 to 0.72509, saving model to testbest_model_ternary_CNNsq_kappa0.15/
Epoch 5/500
352/352 [==============================] - 52s 148ms/step - loss: 0.7364 - accuracy: 0.6969 - val_loss: 0.7164 - val_accuracy: 0.7063

Epoch 00005: val_loss improved from 0.72509 to 0.71637, saving model to testbest_model_ternary_CNNsq_kappa0.15/
Epoch 6/500
352/352 [==============================] - 52s 146ms/step - loss: 0.7304 - accuracy: 0.6989 - val_loss: 0.7134 - val_accuracy: 0.7069

Epoch 00006: val_loss improved from 0.71637 to 0.71339, saving model to testbest_model_ternary_CNNsq_kappa0.15/
Epoch 7/500
352/352 [==============================] - 46s 131ms/step - loss: 0.7262 - accuracy: 0.7003 - val_loss: 0.7101 - val_accuracy: 0.7082

Epoch 00007: val_loss improved from 0.71339 to 0.71009, saving model to testbest_model_ternary_CNNsq_kappa0.15/
Epoch 8/500
352/352 [==============================] - 45s 129ms/step - loss: 0.7236 - accuracy: 0.7015 - val_loss: 0.7089 - val_accuracy: 0.7090

Epoch 00008: val_loss improved from 0.71009 to 0.70893, saving model to testbest_model_ternary_CNNsq_kappa0.15/
Epoch 9/500
352/352 [==============================] - 45s 129ms/step - loss: 0.7211 - accuracy: 0.7025 - val_loss: 0.7071 - val_accuracy: 0.7094

Epoch 00009: val_loss improved from 0.70893 to 0.70712, saving model to testbest_model_ternary_CNNsq_kappa0.15/
Epoch 10/500
352/352 [==============================] - 45s 128ms/step - loss: 0.7184 - accuracy: 0.7040 - val_loss: 0.7069 - val_accuracy: 0.7089

Epoch 00010: val_loss improved from 0.70712 to 0.70693, saving model to testbest_model_ternary_CNNsq_kappa0.15/
Epoch 11/500
352/352 [==============================] - 45s 129ms/step - loss: 0.7160 - accuracy: 0.7046 - val_loss: 0.7055 - val_accuracy: 0.7094

Epoch 00011: val_loss improved from 0.70693 to 0.70549, saving model to testbest_model_ternary_CNNsq_kappa0.15/
Epoch 12/500
352/352 [==============================] - 45s 129ms/step - loss: 0.7137 - accuracy: 0.7062 - val_loss: 0.7048 - val_accuracy: 0.7103

Epoch 00012: val_loss improved from 0.70549 to 0.70475, saving model to testbest_model_ternary_CNNsq_kappa0.15/
Epoch 13/500
352/352 [==============================] - 45s 128ms/step - loss: 0.7119 - accuracy: 0.7076 - val_loss: 0.7051 - val_accuracy: 0.7096

Epoch 00013: val_loss did not improve from 0.70475
Epoch 14/500
352/352 [==============================] - 45s 129ms/step - loss: 0.7097 - accuracy: 0.7084 - val_loss: 0.7040 - val_accuracy: 0.7116

Epoch 00014: val_loss improved from 0.70475 to 0.70397, saving model to testbest_model_ternary_CNNsq_kappa0.15/
Epoch 15/500
352/352 [==============================] - 45s 129ms/step - loss: 0.7084 - accuracy: 0.7093 - val_loss: 0.7044 - val_accuracy: 0.7106

Epoch 00015: val_loss did not improve from 0.70397
Epoch 16/500
352/352 [==============================] - 45s 128ms/step - loss: 0.7061 - accuracy: 0.7104 - val_loss: 0.7043 - val_accuracy: 0.7099

Epoch 00016: val_loss did not improve from 0.70397
Epoch 17/500
352/352 [==============================] - 45s 129ms/step - loss: 0.7045 - accuracy: 0.7109 - val_loss: 0.7030 - val_accuracy: 0.7112

Epoch 00017: val_loss improved from 0.70397 to 0.70304, saving model to testbest_model_ternary_CNNsq_kappa0.15/
Epoch 18/500
352/352 [==============================] - 45s 128ms/step - loss: 0.7023 - accuracy: 0.7126 - val_loss: 0.7042 - val_accuracy: 0.7117

Epoch 00018: val_loss did not improve from 0.70304
Epoch 19/500
352/352 [==============================] - 48s 135ms/step - loss: 0.7003 - accuracy: 0.7138 - val_loss: 0.7038 - val_accuracy: 0.7107

Epoch 00019: val_loss did not improve from 0.70304
Epoch 20/500
352/352 [==============================] - 45s 129ms/step - loss: 0.6981 - accuracy: 0.7156 - val_loss: 0.7056 - val_accuracy: 0.7112

Epoch 00020: val_loss did not improve from 0.70304
Epoch 21/500
352/352 [==============================] - 48s 135ms/step - loss: 0.6963 - accuracy: 0.7164 - val_loss: 0.7057 - val_accuracy: 0.7114

Epoch 00021: val_loss did not improve from 0.70304
Epoch 22/500
352/352 [==============================] - 45s 128ms/step - loss: 0.6938 - accuracy: 0.7175 - val_loss: 0.7056 - val_accuracy: 0.7104

Epoch 00022: val_loss did not improve from 0.70304
Epoch 23/500
352/352 [==============================] - 48s 135ms/step - loss: 0.6922 - accuracy: 0.7190 - val_loss: 0.7073 - val_accuracy: 0.7099

Epoch 00023: val_loss did not improve from 0.70304
Epoch 24/500
352/352 [==============================] - 45s 128ms/step - loss: 0.6902 - accuracy: 0.7198 - val_loss: 0.7079 - val_accuracy: 0.7107

Epoch 00024: val_loss did not improve from 0.70304
Epoch 25/500
352/352 [==============================] - 45s 128ms/step - loss: 0.6871 - accuracy: 0.7223 - val_loss: 0.7094 - val_accuracy: 0.7094

Epoch 00025: val_loss did not improve from 0.70304
Epoch 26/500
352/352 [==============================] - 45s 129ms/step - loss: 0.6844 - accuracy: 0.7234 - val_loss: 0.7098 - val_accuracy: 0.7094

Epoch 00026: val_loss did not improve from 0.70304
Epoch 27/500
352/352 [==============================] - 45s 129ms/step - loss: 0.6818 - accuracy: 0.7254 - val_loss: 0.7136 - val_accuracy: 0.7083

Epoch 00027: val_loss did not improve from 0.70304
Epoch 00027: early stopping
The data set contains images
56456/56456 [==============================] - 425s 8ms/step - loss: 0.7150 - accuracy: 0.7056
Testing Loss = 0.714976, Testing Accuracy = 0.705558
The data set contains images
[[0.4480013847351074, 0.05973908677697182, 0.49225950241088867], [0.9378713369369507, 0.001290344400331378, 0.060838356614112854], [0.8475766181945801, 0.05057820305228233, 0.10184517502784729], [0.8843138217926025, 0.03823340684175491, 0.07745281606912613], [0.7183806896209717, 0.19929957389831543, 0.08231975138187408], [0.3523958623409271, 0.5552163124084473, 0.0923878476023674], [0.8475766181945801, 0.05057820305228233, 0.10184517502784729], [0.7571540474891663, 0.14960426092147827, 0.09324171394109726], [0.4862736761569977, 0.11747610569000244, 0.39625030755996704], [0.9349189400672913, 0.035889364778995514, 0.029191728681325912]]
[[0.0, 0.0, 1.0], [1.0, 0.0, 0.0], [0.0, 0.0, 1.0], [0.0, 1.0, 0.0], [1.0, 0.0, 0.0], [1.0, 0.0, 0.0], [0.0, 0.0, 1.0], [1.0, 0.0, 0.0], [0.0, 0.0, 1.0], [1.0, 0.0, 0.0]]
3


$$$$$$$$$$$$$$$$$$$$$$$$$$$$$$$$$$$$$$$$$
New Run
Current date and time = 2022-09-12 16:16:20.088253
$$$$$$$$$$$$$$$$$$$$$$$$$$$$$$$$$$$$$$$$$
The data set contains images
The data set contains images
Epoch 1/500
450/450 [==============================] - 66s 133ms/step - loss: 1.6028 - accuracy: 0.4995 - val_loss: 1.0166 - val_accuracy: 0.4898

Epoch 00001: val_loss improved from inf to 1.01664, saving model to /home/samhuang/ML/best_model/best_model_ternary_CNNsq_kappa0.15/
Epoch 2/500
450/450 [==============================] - 60s 132ms/step - loss: 0.9441 - accuracy: 0.5494 - val_loss: 0.8149 - val_accuracy: 0.6461

Epoch 00002: val_loss improved from 1.01664 to 0.81494, saving model to /home/samhuang/ML/best_model/best_model_ternary_CNNsq_kappa0.15/
Epoch 3/500
450/450 [==============================] - 60s 132ms/step - loss: 0.8249 - accuracy: 0.6435 - val_loss: 0.8253 - val_accuracy: 0.6361

Epoch 00003: val_loss did not improve from 0.81494
Epoch 4/500
450/450 [==============================] - 60s 133ms/step - loss: 0.8074 - accuracy: 0.6505 - val_loss: 0.7882 - val_accuracy: 0.6546

Epoch 00004: val_loss improved from 0.81494 to 0.78819, saving model to /home/samhuang/ML/best_model/best_model_ternary_CNNsq_kappa0.15/
Epoch 5/500
450/450 [==============================] - 60s 132ms/step - loss: 0.7989 - accuracy: 0.6557 - val_loss: 0.7931 - val_accuracy: 0.6518

Epoch 00005: val_loss did not improve from 0.78819
Epoch 6/500
450/450 [==============================] - 60s 132ms/step - loss: 0.7934 - accuracy: 0.6589 - val_loss: 0.7811 - val_accuracy: 0.6588

Epoch 00006: val_loss improved from 0.78819 to 0.78107, saving model to /home/samhuang/ML/best_model/best_model_ternary_CNNsq_kappa0.15/
Epoch 7/500
450/450 [==============================] - 60s 132ms/step - loss: 0.7889 - accuracy: 0.6607 - val_loss: 0.7781 - val_accuracy: 0.6597

Epoch 00007: val_loss improved from 0.78107 to 0.77815, saving model to /home/samhuang/ML/best_model/best_model_ternary_CNNsq_kappa0.15/
Epoch 8/500
450/450 [==============================] - 60s 132ms/step - loss: 0.7850 - accuracy: 0.6636 - val_loss: 0.7790 - val_accuracy: 0.6604

Epoch 00008: val_loss did not improve from 0.77815
Epoch 9/500
450/450 [==============================] - 60s 132ms/step - loss: 0.7793 - accuracy: 0.6663 - val_loss: 0.7761 - val_accuracy: 0.6629

Epoch 00009: val_loss improved from 0.77815 to 0.77613, saving model to /home/samhuang/ML/best_model/best_model_ternary_CNNsq_kappa0.15/
Epoch 10/500
450/450 [==============================] - 60s 132ms/step - loss: 0.7758 - accuracy: 0.6686 - val_loss: 0.7786 - val_accuracy: 0.6622

Epoch 00010: val_loss did not improve from 0.77613
Epoch 11/500
450/450 [==============================] - 60s 133ms/step - loss: 0.7712 - accuracy: 0.6722 - val_loss: 0.7828 - val_accuracy: 0.6601

Epoch 00011: val_loss did not improve from 0.77613
Epoch 12/500
450/450 [==============================] - 60s 133ms/step - loss: 0.7677 - accuracy: 0.6750 - val_loss: 0.8008 - val_accuracy: 0.6582

Epoch 00012: val_loss did not improve from 0.77613
Epoch 13/500
450/450 [==============================] - 67s 150ms/step - loss: 0.7616 - accuracy: 0.6782 - val_loss: 0.7865 - val_accuracy: 0.6608

Epoch 00013: val_loss did not improve from 0.77613
Epoch 14/500
450/450 [==============================] - 79s 175ms/step - loss: 0.7572 - accuracy: 0.6825 - val_loss: 0.7982 - val_accuracy: 0.6557

Epoch 00014: val_loss did not improve from 0.77613
Epoch 15/500
450/450 [==============================] - 79s 176ms/step - loss: 0.7505 - accuracy: 0.6866 - val_loss: 0.8239 - val_accuracy: 0.6502

Epoch 00015: val_loss did not improve from 0.77613
Epoch 16/500
450/450 [==============================] - 69s 153ms/step - loss: 0.7444 - accuracy: 0.6910 - val_loss: 0.8028 - val_accuracy: 0.6558

Epoch 00016: val_loss did not improve from 0.77613
Epoch 17/500
450/450 [==============================] - 70s 155ms/step - loss: 0.7399 - accuracy: 0.6951 - val_loss: 0.8175 - val_accuracy: 0.6513

Epoch 00017: val_loss did not improve from 0.77613
Epoch 18/500
450/450 [==============================] - 69s 152ms/step - loss: 0.7334 - accuracy: 0.6988 - val_loss: 0.8256 - val_accuracy: 0.6481

Epoch 00018: val_loss did not improve from 0.77613
Epoch 19/500
450/450 [==============================] - 68s 151ms/step - loss: 0.7260 - accuracy: 0.7033 - val_loss: 0.8272 - val_accuracy: 0.6482

Epoch 00019: val_loss did not improve from 0.77613
Epoch 20/500
450/450 [==============================] - 77s 171ms/step - loss: 0.7188 - accuracy: 0.7084 - val_loss: 0.8371 - val_accuracy: 0.6445

Epoch 00020: val_loss did not improve from 0.77613
Epoch 21/500
450/450 [==============================] - 79s 176ms/step - loss: 0.7124 - accuracy: 0.7119 - val_loss: 0.8576 - val_accuracy: 0.6394

Epoch 00021: val_loss did not improve from 0.77613
Epoch 22/500
450/450 [==============================] - 79s 176ms/step - loss: 0.7072 - accuracy: 0.7155 - val_loss: 0.8559 - val_accuracy: 0.6416

Epoch 00022: val_loss did not improve from 0.77613
Epoch 23/500
450/450 [==============================] - 79s 176ms/step - loss: 0.6993 - accuracy: 0.7194 - val_loss: 0.8703 - val_accuracy: 0.6398

Epoch 00023: val_loss did not improve from 0.77613
Epoch 24/500
450/450 [==============================] - 238s 529ms/step - loss: 0.6934 - accuracy: 0.7235 - val_loss: 0.8771 - val_accuracy: 0.6389

Epoch 00024: val_loss did not improve from 0.77613
Epoch 25/500
450/450 [==============================] - 59s 130ms/step - loss: 0.6892 - accuracy: 0.7259 - val_loss: 0.9256 - val_accuracy: 0.6242

Epoch 00025: val_loss did not improve from 0.77613
Epoch 26/500
450/450 [==============================] - 59s 131ms/step - loss: 0.6872 - accuracy: 0.7265 - val_loss: 0.9074 - val_accuracy: 0.6293

Epoch 00026: val_loss did not improve from 0.77613
Epoch 27/500
450/450 [==============================] - 59s 131ms/step - loss: 0.6817 - accuracy: 0.7304 - val_loss: 0.9247 - val_accuracy: 0.6296

Epoch 00027: val_loss did not improve from 0.77613
Epoch 28/500
450/450 [==============================] - 59s 132ms/step - loss: 0.6747 - accuracy: 0.7336 - val_loss: 0.9448 - val_accuracy: 0.6242

Epoch 00028: val_loss did not improve from 0.77613
Epoch 29/500
450/450 [==============================] - 59s 132ms/step - loss: 0.6657 - accuracy: 0.7395 - val_loss: 0.9457 - val_accuracy: 0.6230

Epoch 00029: val_loss did not improve from 0.77613
Epoch 00029: early stopping
$$$$$$$$$$$$$$$$$$$$$$$$$$$$$$$$$$$$$$$$$$$$$$$$$$$$$$
$$$$$$$$$$$$$$$$$$$$$$$$$$$$$$$$$$$$$$$$$$$$$$$$$$$$$$
[92mModel: "CNNsq_ternary"[0m
[92m_________________________________________________________________[0m
[92mLayer (type)                 Output Shape              Param #   [0m
[92m=================================================================[0m
[92msequential (Sequential)      (None, 512)               12043236  [0m
[92m_________________________________________________________________[0m
[92msequential_1 (Sequential)    (None, 512)               11315428  [0m
[92m_________________________________________________________________[0m
[92mdense_3 (Dense)              multiple                  3075      [0m
[92m=================================================================[0m
[92mTotal params: 23,361,739[0m
[92mTrainable params: 23,361,735[0m
[92mNon-trainable params: 4[0m
[92m_________________________________________________________________[0m
None

@LAYER1       @@@@@@@@@@@@@@@@@@@@@@
[94mModel: "sequential"[0m
[94m_________________________________________________________________[0m
[94mLayer (type)                 Output Shape              Param #   [0m
[94m=================================================================[0m
[94mlambda (Lambda)              (None, 75, 75, 1)         0         [0m
[94m_________________________________________________________________[0m
[94mbatch_normalization (BatchNo (None, 75, 75, 1)         4         [0m
[94m_________________________________________________________________[0m
[94mconv2d (Conv2D)              (None, 75, 75, 32)        320       [0m
[94m_________________________________________________________________[0m
[94mconv2d_1 (Conv2D)            (None, 75, 75, 32)        9248      [0m
[94m_________________________________________________________________[0m
[94mmax_pooling2d (MaxPooling2D) (None, 37, 37, 32)        0         [0m
[94m_________________________________________________________________[0m
[94mconv2d_2 (Conv2D)            (None, 37, 37, 64)        18496     [0m
[94m_________________________________________________________________[0m
[94mmax_pooling2d_1 (MaxPooling2 (None, 18, 18, 64)        0         [0m
[94m_________________________________________________________________[0m
[94mconv2d_3 (Conv2D)            (None, 18, 18, 64)        36928     [0m
[94m_________________________________________________________________[0m
[94mmax_pooling2d_2 (MaxPooling2 (None, 9, 9, 64)          0         [0m
[94m_________________________________________________________________[0m
[94mconv2d_4 (Conv2D)            (None, 9, 9, 64)          36928     [0m
[94m_________________________________________________________________[0m
[94mconv2d_5 (Conv2D)            (None, 9, 9, 64)          36928     [0m
[94m_________________________________________________________________[0m
[94mconv2d_6 (Conv2D)            (None, 9, 9, 128)         204928    [0m
[94m_________________________________________________________________[0m
[94mconv2d_7 (Conv2D)            (None, 9, 9, 256)         819456    [0m
[94m_________________________________________________________________[0m
[94mdropout (Dropout)            (None, 9, 9, 256)         0         [0m
[94m_________________________________________________________________[0m
[94mflatten (Flatten)            (None, 20736)             0         [0m
[94m_________________________________________________________________[0m
[94mdense (Dense)                (None, 512)               10617344  [0m
[94m_________________________________________________________________[0m
[94mdropout_1 (Dropout)          (None, 512)               0         [0m
[94m_________________________________________________________________[0m
[94mdense_1 (Dense)              (None, 512)               262656    [0m
[94m_________________________________________________________________[0m
[94mdropout_2 (Dropout)          (None, 512)               0         [0m
[94m=================================================================[0m
[94mTotal params: 12,043,236[0m
[94mTrainable params: 12,043,234[0m
[94mNon-trainable params: 2[0m
[94m_________________________________________________________________[0m
None
[92m%Optimizer:
[0m {'name': 'Adam', 'learning_rate': 0.001, 'decay': 0.0, 'beta_1': 0.9, 'beta_2': 0.999, 'epsilon': 1e-07, 'amsgrad': False}
[92m%Layer detail:
[0m {'name': 'sequential', 'layers': [{'class_name': 'InputLayer', 'config': {'batch_input_shape': (None, 75, 75, 2), 'dtype': 'float32', 'sparse': False, 'ragged': False, 'name': 'lambda_input'}}, {'class_name': 'Lambda', 'config': {'name': 'lambda', 'trainable': True, 'dtype': 'float32', 'function': ('4wEAAAAAAAAAAAAAAAEAAAAHAAAAUwAAAHMkAAAAdACgAXwAZABkAIUCZABkAIUCZABkAIUCZAFm\nBBkAZAKhAlMAqQNO6QAAAADp/////6kC2gJ0ZtoLZXhwYW5kX2RpbXOpAdoBeKkAcgkAAAD6Hy9o\nb21lL3NhbWh1YW5nL01ML0NOTi9tb2RlbHMucHnaCDxsYW1iZGE++gAAAPMAAAAA\n', None, None), 'function_type': 'lambda', 'module': 'models', 'output_shape': None, 'output_shape_type': 'raw', 'output_shape_module': None, 'arguments': {}}}, {'class_name': 'BatchNormalization', 'config': {'name': 'batch_normalization', 'trainable': True, 'dtype': 'float32', 'axis': ListWrapper([3]), 'momentum': 0.99, 'epsilon': 0.001, 'center': True, 'scale': True, 'beta_initializer': {'class_name': 'Zeros', 'config': {}}, 'gamma_initializer': {'class_name': 'Ones', 'config': {}}, 'moving_mean_initializer': {'class_name': 'Zeros', 'config': {}}, 'moving_variance_initializer': {'class_name': 'Ones', 'config': {}}, 'beta_regularizer': None, 'gamma_regularizer': None, 'beta_constraint': None, 'gamma_constraint': None}}, {'class_name': 'Conv2D', 'config': {'name': 'conv2d', 'trainable': True, 'dtype': 'float32', 'filters': 32, 'kernel_size': (3, 3), 'strides': (1, 1), 'padding': 'same', 'data_format': 'channels_last', 'dilation_rate': (1, 1), 'groups': 1, 'activation': 'relu', 'use_bias': True, 'kernel_initializer': {'class_name': 'GlorotUniform', 'config': {'seed': None}}, 'bias_initializer': {'class_name': 'Zeros', 'config': {}}, 'kernel_regularizer': None, 'bias_regularizer': None, 'activity_regularizer': None, 'kernel_constraint': None, 'bias_constraint': None}}, {'class_name': 'Conv2D', 'config': {'name': 'conv2d_1', 'trainable': True, 'dtype': 'float32', 'filters': 32, 'kernel_size': (3, 3), 'strides': (1, 1), 'padding': 'same', 'data_format': 'channels_last', 'dilation_rate': (1, 1), 'groups': 1, 'activation': 'relu', 'use_bias': True, 'kernel_initializer': {'class_name': 'GlorotUniform', 'config': {'seed': None}}, 'bias_initializer': {'class_name': 'Zeros', 'config': {}}, 'kernel_regularizer': None, 'bias_regularizer': None, 'activity_regularizer': None, 'kernel_constraint': None, 'bias_constraint': None}}, {'class_name': 'MaxPooling2D', 'config': {'name': 'max_pooling2d', 'trainable': True, 'dtype': 'float32', 'pool_size': (2, 2), 'padding': 'valid', 'strides': (2, 2), 'data_format': 'channels_last'}}, {'class_name': 'Conv2D', 'config': {'name': 'conv2d_2', 'trainable': True, 'dtype': 'float32', 'filters': 64, 'kernel_size': (3, 3), 'strides': (1, 1), 'padding': 'same', 'data_format': 'channels_last', 'dilation_rate': (1, 1), 'groups': 1, 'activation': 'relu', 'use_bias': True, 'kernel_initializer': {'class_name': 'GlorotUniform', 'config': {'seed': None}}, 'bias_initializer': {'class_name': 'Zeros', 'config': {}}, 'kernel_regularizer': None, 'bias_regularizer': None, 'activity_regularizer': None, 'kernel_constraint': None, 'bias_constraint': None}}, {'class_name': 'MaxPooling2D', 'config': {'name': 'max_pooling2d_1', 'trainable': True, 'dtype': 'float32', 'pool_size': (2, 2), 'padding': 'valid', 'strides': (2, 2), 'data_format': 'channels_last'}}, {'class_name': 'Conv2D', 'config': {'name': 'conv2d_3', 'trainable': True, 'dtype': 'float32', 'filters': 64, 'kernel_size': (3, 3), 'strides': (1, 1), 'padding': 'same', 'data_format': 'channels_last', 'dilation_rate': (1, 1), 'groups': 1, 'activation': 'relu', 'use_bias': True, 'kernel_initializer': {'class_name': 'GlorotUniform', 'config': {'seed': None}}, 'bias_initializer': {'class_name': 'Zeros', 'config': {}}, 'kernel_regularizer': None, 'bias_regularizer': None, 'activity_regularizer': None, 'kernel_constraint': None, 'bias_constraint': None}}, {'class_name': 'MaxPooling2D', 'config': {'name': 'max_pooling2d_2', 'trainable': True, 'dtype': 'float32', 'pool_size': (2, 2), 'padding': 'valid', 'strides': (2, 2), 'data_format': 'channels_last'}}, {'class_name': 'Conv2D', 'config': {'name': 'conv2d_4', 'trainable': True, 'dtype': 'float32', 'filters': 64, 'kernel_size': (3, 3), 'strides': (1, 1), 'padding': 'same', 'data_format': 'channels_last', 'dilation_rate': (1, 1), 'groups': 1, 'activation': 'relu', 'use_bias': True, 'kernel_initializer': {'class_name': 'GlorotUniform', 'config': {'seed': None}}, 'bias_initializer': {'class_name': 'Zeros', 'config': {}}, 'kernel_regularizer': None, 'bias_regularizer': None, 'activity_regularizer': None, 'kernel_constraint': None, 'bias_constraint': None}}, {'class_name': 'Conv2D', 'config': {'name': 'conv2d_5', 'trainable': True, 'dtype': 'float32', 'filters': 64, 'kernel_size': (3, 3), 'strides': (1, 1), 'padding': 'same', 'data_format': 'channels_last', 'dilation_rate': (1, 1), 'groups': 1, 'activation': 'relu', 'use_bias': True, 'kernel_initializer': {'class_name': 'GlorotUniform', 'config': {'seed': None}}, 'bias_initializer': {'class_name': 'Zeros', 'config': {}}, 'kernel_regularizer': None, 'bias_regularizer': None, 'activity_regularizer': None, 'kernel_constraint': None, 'bias_constraint': None}}, {'class_name': 'Conv2D', 'config': {'name': 'conv2d_6', 'trainable': True, 'dtype': 'float32', 'filters': 128, 'kernel_size': (5, 5), 'strides': (1, 1), 'padding': 'same', 'data_format': 'channels_last', 'dilation_rate': (1, 1), 'groups': 1, 'activation': 'relu', 'use_bias': True, 'kernel_initializer': {'class_name': 'GlorotUniform', 'config': {'seed': None}}, 'bias_initializer': {'class_name': 'Zeros', 'config': {}}, 'kernel_regularizer': None, 'bias_regularizer': None, 'activity_regularizer': None, 'kernel_constraint': None, 'bias_constraint': None}}, {'class_name': 'Conv2D', 'config': {'name': 'conv2d_7', 'trainable': True, 'dtype': 'float32', 'filters': 256, 'kernel_size': (5, 5), 'strides': (1, 1), 'padding': 'same', 'data_format': 'channels_last', 'dilation_rate': (1, 1), 'groups': 1, 'activation': 'relu', 'use_bias': True, 'kernel_initializer': {'class_name': 'GlorotUniform', 'config': {'seed': None}}, 'bias_initializer': {'class_name': 'Zeros', 'config': {}}, 'kernel_regularizer': None, 'bias_regularizer': None, 'activity_regularizer': None, 'kernel_constraint': None, 'bias_constraint': None}}, {'class_name': 'Dropout', 'config': {'name': 'dropout', 'trainable': True, 'dtype': 'float32', 'rate': 0.1, 'noise_shape': None, 'seed': None}}, {'class_name': 'Flatten', 'config': {'name': 'flatten', 'trainable': True, 'dtype': 'float32', 'data_format': 'channels_last'}}, {'class_name': 'Dense', 'config': {'name': 'dense', 'trainable': True, 'dtype': 'float32', 'units': 512, 'activation': 'relu', 'use_bias': True, 'kernel_initializer': {'class_name': 'GlorotUniform', 'config': {'seed': None}}, 'bias_initializer': {'class_name': 'Zeros', 'config': {}}, 'kernel_regularizer': {'class_name': 'L2', 'config': {'l2': 0.009999999776482582}}, 'bias_regularizer': None, 'activity_regularizer': None, 'kernel_constraint': None, 'bias_constraint': None}}, {'class_name': 'Dropout', 'config': {'name': 'dropout_1', 'trainable': True, 'dtype': 'float32', 'rate': 0.5, 'noise_shape': None, 'seed': None}}, {'class_name': 'Dense', 'config': {'name': 'dense_1', 'trainable': True, 'dtype': 'float32', 'units': 512, 'activation': 'relu', 'use_bias': True, 'kernel_initializer': {'class_name': 'GlorotUniform', 'config': {'seed': None}}, 'bias_initializer': {'class_name': 'Zeros', 'config': {}}, 'kernel_regularizer': {'class_name': 'L2', 'config': {'l2': 0.009999999776482582}}, 'bias_regularizer': None, 'activity_regularizer': None, 'kernel_constraint': None, 'bias_constraint': None}}, {'class_name': 'Dropout', 'config': {'name': 'dropout_2', 'trainable': True, 'dtype': 'float32', 'rate': 0.5, 'noise_shape': None, 'seed': None}}]}

@LAYER2       @@@@@@@@@@@@@@@@@@@@@@
[94mModel: "sequential_1"[0m
[94m_________________________________________________________________[0m
[94mLayer (type)                 Output Shape              Param #   [0m
[94m=================================================================[0m
[94mlambda_1 (Lambda)            (None, 75, 75, 1)         0         [0m
[94m_________________________________________________________________[0m
[94mbatch_normalization_1 (Batch (None, 75, 75, 1)         4         [0m
[94m_________________________________________________________________[0m
[94mconv2d_8 (Conv2D)            (None, 75, 75, 32)        320       [0m
[94m_________________________________________________________________[0m
[94mconv2d_9 (Conv2D)            (None, 75, 75, 32)        9248      [0m
[94m_________________________________________________________________[0m
[94mmax_pooling2d_3 (MaxPooling2 (None, 37, 37, 32)        0         [0m
[94m_________________________________________________________________[0m
[94mconv2d_10 (Conv2D)           (None, 37, 37, 64)        32832     [0m
[94m_________________________________________________________________[0m
[94mconv2d_11 (Conv2D)           (None, 37, 37, 64)        65600     [0m
[94m_________________________________________________________________[0m
[94mmax_pooling2d_4 (MaxPooling2 (None, 18, 18, 64)        0         [0m
[94m_________________________________________________________________[0m
[94mconv2d_12 (Conv2D)           (None, 18, 18, 256)       590080    [0m
[94m_________________________________________________________________[0m
[94mmax_pooling2d_5 (MaxPooling2 (None, 9, 9, 256)         0         [0m
[94m_________________________________________________________________[0m
[94mdropout_3 (Dropout)          (None, 9, 9, 256)         0         [0m
[94m_________________________________________________________________[0m
[94mflatten_1 (Flatten)          (None, 20736)             0         [0m
[94m_________________________________________________________________[0m
[94mdense_2 (Dense)              (None, 512)               10617344  [0m
[94m_________________________________________________________________[0m
[94mdropout_4 (Dropout)          (None, 512)               0         [0m
[94m=================================================================[0m
[94mTotal params: 11,315,428[0m
[94mTrainable params: 11,315,426[0m
[94mNon-trainable params: 2[0m
[94m_________________________________________________________________[0m
None
[92m%Optimizer:
[0m {'name': 'Adam', 'learning_rate': 0.001, 'decay': 0.0, 'beta_1': 0.9, 'beta_2': 0.999, 'epsilon': 1e-07, 'amsgrad': False}
[92m%Layer detail:
[0m {'name': 'sequential_1', 'layers': [{'class_name': 'InputLayer', 'config': {'batch_input_shape': (None, 75, 75, 2), 'dtype': 'float32', 'sparse': False, 'ragged': False, 'name': 'lambda_1_input'}}, {'class_name': 'Lambda', 'config': {'name': 'lambda_1', 'trainable': True, 'dtype': 'float32', 'function': ('4wEAAAAAAAAAAAAAAAEAAAAHAAAAUwAAAHMkAAAAdACgAXwAZABkAIUCZABkAIUCZABkAIUCZAFm\nBBkAZAKhAlMAqQNO6QEAAADp/////6kC2gJ0ZtoLZXhwYW5kX2RpbXOpAdoBeKkAcgkAAAD6Hy9o\nb21lL3NhbWh1YW5nL01ML0NOTi9tb2RlbHMucHnaCDxsYW1iZGE+EgEAAPMAAAAA\n', None, None), 'function_type': 'lambda', 'module': 'models', 'output_shape': None, 'output_shape_type': 'raw', 'output_shape_module': None, 'arguments': {}}}, {'class_name': 'BatchNormalization', 'config': {'name': 'batch_normalization_1', 'trainable': True, 'dtype': 'float32', 'axis': ListWrapper([3]), 'momentum': 0.99, 'epsilon': 0.001, 'center': True, 'scale': True, 'beta_initializer': {'class_name': 'Zeros', 'config': {}}, 'gamma_initializer': {'class_name': 'Ones', 'config': {}}, 'moving_mean_initializer': {'class_name': 'Zeros', 'config': {}}, 'moving_variance_initializer': {'class_name': 'Ones', 'config': {}}, 'beta_regularizer': None, 'gamma_regularizer': None, 'beta_constraint': None, 'gamma_constraint': None}}, {'class_name': 'Conv2D', 'config': {'name': 'conv2d_8', 'trainable': True, 'dtype': 'float32', 'filters': 32, 'kernel_size': (3, 3), 'strides': (1, 1), 'padding': 'same', 'data_format': 'channels_last', 'dilation_rate': (1, 1), 'groups': 1, 'activation': 'relu', 'use_bias': True, 'kernel_initializer': {'class_name': 'GlorotUniform', 'config': {'seed': None}}, 'bias_initializer': {'class_name': 'Zeros', 'config': {}}, 'kernel_regularizer': {'class_name': 'L2', 'config': {'l2': 0.009999999776482582}}, 'bias_regularizer': None, 'activity_regularizer': None, 'kernel_constraint': None, 'bias_constraint': None}}, {'class_name': 'Conv2D', 'config': {'name': 'conv2d_9', 'trainable': True, 'dtype': 'float32', 'filters': 32, 'kernel_size': (3, 3), 'strides': (1, 1), 'padding': 'same', 'data_format': 'channels_last', 'dilation_rate': (1, 1), 'groups': 1, 'activation': 'relu', 'use_bias': True, 'kernel_initializer': {'class_name': 'GlorotUniform', 'config': {'seed': None}}, 'bias_initializer': {'class_name': 'Zeros', 'config': {}}, 'kernel_regularizer': None, 'bias_regularizer': None, 'activity_regularizer': None, 'kernel_constraint': None, 'bias_constraint': None}}, {'class_name': 'MaxPooling2D', 'config': {'name': 'max_pooling2d_3', 'trainable': True, 'dtype': 'float32', 'pool_size': (2, 2), 'padding': 'valid', 'strides': (2, 2), 'data_format': 'channels_last'}}, {'class_name': 'Conv2D', 'config': {'name': 'conv2d_10', 'trainable': True, 'dtype': 'float32', 'filters': 64, 'kernel_size': (4, 4), 'strides': (1, 1), 'padding': 'same', 'data_format': 'channels_last', 'dilation_rate': (1, 1), 'groups': 1, 'activation': 'relu', 'use_bias': True, 'kernel_initializer': {'class_name': 'GlorotUniform', 'config': {'seed': None}}, 'bias_initializer': {'class_name': 'Zeros', 'config': {}}, 'kernel_regularizer': None, 'bias_regularizer': None, 'activity_regularizer': None, 'kernel_constraint': None, 'bias_constraint': None}}, {'class_name': 'Conv2D', 'config': {'name': 'conv2d_11', 'trainable': True, 'dtype': 'float32', 'filters': 64, 'kernel_size': (4, 4), 'strides': (1, 1), 'padding': 'same', 'data_format': 'channels_last', 'dilation_rate': (1, 1), 'groups': 1, 'activation': 'relu', 'use_bias': True, 'kernel_initializer': {'class_name': 'GlorotUniform', 'config': {'seed': None}}, 'bias_initializer': {'class_name': 'Zeros', 'config': {}}, 'kernel_regularizer': None, 'bias_regularizer': None, 'activity_regularizer': None, 'kernel_constraint': None, 'bias_constraint': None}}, {'class_name': 'MaxPooling2D', 'config': {'name': 'max_pooling2d_4', 'trainable': True, 'dtype': 'float32', 'pool_size': (2, 2), 'padding': 'valid', 'strides': (2, 2), 'data_format': 'channels_last'}}, {'class_name': 'Conv2D', 'config': {'name': 'conv2d_12', 'trainable': True, 'dtype': 'float32', 'filters': 256, 'kernel_size': (6, 6), 'strides': (1, 1), 'padding': 'same', 'data_format': 'channels_last', 'dilation_rate': (1, 1), 'groups': 1, 'activation': 'relu', 'use_bias': True, 'kernel_initializer': {'class_name': 'GlorotUniform', 'config': {'seed': None}}, 'bias_initializer': {'class_name': 'Zeros', 'config': {}}, 'kernel_regularizer': None, 'bias_regularizer': None, 'activity_regularizer': None, 'kernel_constraint': None, 'bias_constraint': None}}, {'class_name': 'MaxPooling2D', 'config': {'name': 'max_pooling2d_5', 'trainable': True, 'dtype': 'float32', 'pool_size': (2, 2), 'padding': 'valid', 'strides': (2, 2), 'data_format': 'channels_last'}}, {'class_name': 'Dropout', 'config': {'name': 'dropout_3', 'trainable': True, 'dtype': 'float32', 'rate': 0.1, 'noise_shape': None, 'seed': None}}, {'class_name': 'Flatten', 'config': {'name': 'flatten_1', 'trainable': True, 'dtype': 'float32', 'data_format': 'channels_last'}}, {'class_name': 'Dense', 'config': {'name': 'dense_2', 'trainable': True, 'dtype': 'float32', 'units': 512, 'activation': 'relu', 'use_bias': True, 'kernel_initializer': {'class_name': 'GlorotUniform', 'config': {'seed': None}}, 'bias_initializer': {'class_name': 'Zeros', 'config': {}}, 'kernel_regularizer': {'class_name': 'L2', 'config': {'l2': 0.009999999776482582}}, 'bias_regularizer': None, 'activity_regularizer': None, 'kernel_constraint': None, 'bias_constraint': None}}, {'class_name': 'Dropout', 'config': {'name': 'dropout_4', 'trainable': True, 'dtype': 'float32', 'rate': 0.5, 'noise_shape': None, 'seed': None}}]}

@LAYER3       @@@@@@@@@@@@@@@@@@@@@@
[92m%Layer detail:
[0m {'name': 'dense_3', 'trainable': True, 'dtype': 'float32', 'units': 3, 'activation': 'softmax', 'use_bias': True, 'kernel_initializer': {'class_name': 'GlorotUniform', 'config': {'seed': None}}, 'bias_initializer': {'class_name': 'Zeros', 'config': {}}, 'kernel_regularizer': None, 'bias_regularizer': None, 'activity_regularizer': None, 'kernel_constraint': None, 'bias_constraint': None}

****************************************************
history keys:
 dict_keys(['loss', 'accuracy', 'val_loss', 'val_accuracy'])
history params:
 {'verbose': 1, 'epochs': 500, 'steps': None}
****************************************************
$$$$$$$$$$$$$$$$$$$$$$$$$$$$$$$$$$$$$$$$$$$$$$$$$$$$$$
$$$$$$$$$$$$$$$$$$$$$$$$$$$$$$$$$$$$$$$$$$$$$$$$$$$$$$
The data set contains images
72123/72123 [==============================] - 624s 9ms/step - loss: 0.7808 - accuracy: 0.6614
Testing Loss = 0.780760, Testing Accuracy = 0.661412
The data set contains images
[[0.602658212184906, 0.010769928805530071, 0.38657185435295105], [0.04255908727645874, 0.7674961686134338, 0.18994472920894623], [0.29652467370033264, 0.4796036183834076, 0.22387166321277618], [0.8662710189819336, 0.0072171688079833984, 0.1265118569135666], [0.95228111743927, 0.011596557684242725, 0.03612232208251953], [0.4749714136123657, 0.3456123173236847, 0.17941626906394958], [0.04237452521920204, 0.7412065267562866, 0.21641896665096283], [0.9416801333427429, 0.03518400341272354, 0.023135794326663017], [0.031272344291210175, 0.058209214359521866, 0.9105184078216553], [0.09556527435779572, 0.06455565989017487, 0.8398790955543518]]
[[1.0, 0.0, 0.0], [0.0, 0.0, 1.0], [0.0, 1.0, 0.0], [1.0, 0.0, 0.0], [1.0, 0.0, 0.0], [0.0, 1.0, 0.0], [0.0, 0.0, 1.0], [1.0, 0.0, 0.0], [0.0, 0.0, 1.0], [0.0, 0.0, 1.0]]
3
$W^+$ (auc = 0.85)
$W^-$ (auc = 0.85)
$Z$ (auc = 0.80)


$$$$$$$$$$$$$$$$$$$$$$$$$$$$$$$$$$$$$$$$$
New Run
Current date and time = 2022-09-12 17:21:54.458413
$$$$$$$$$$$$$$$$$$$$$$$$$$$$$$$$$$$$$$$$$
The data set contains images
The data set contains images
Epoch 1/500
450/450 [==============================] - 66s 132ms/step - loss: 1.6062 - accuracy: 0.4942 - val_loss: 1.0131 - val_accuracy: 0.5039

Epoch 00001: val_loss improved from inf to 1.01313, saving model to /home/samhuang/ML/best_model/best_model_ternary_CNNsq_kappa0.15/
Epoch 2/500
450/450 [==============================] - 59s 132ms/step - loss: 0.9796 - accuracy: 0.5121 - val_loss: 0.9654 - val_accuracy: 0.5192

Epoch 00002: val_loss improved from 1.01313 to 0.96537, saving model to /home/samhuang/ML/best_model/best_model_ternary_CNNsq_kappa0.15/
Epoch 3/500
450/450 [==============================] - 59s 132ms/step - loss: 0.9739 - accuracy: 0.5142 - val_loss: 0.9631 - val_accuracy: 0.5203

Epoch 00003: val_loss improved from 0.96537 to 0.96306, saving model to /home/samhuang/ML/best_model/best_model_ternary_CNNsq_kappa0.15/
Epoch 4/500
450/450 [==============================] - 60s 132ms/step - loss: 0.9699 - accuracy: 0.5168 - val_loss: 0.9610 - val_accuracy: 0.5224

Epoch 00004: val_loss improved from 0.96306 to 0.96097, saving model to /home/samhuang/ML/best_model/best_model_ternary_CNNsq_kappa0.15/
Epoch 5/500
450/450 [==============================] - 59s 132ms/step - loss: 0.9671 - accuracy: 0.5193 - val_loss: 0.9589 - val_accuracy: 0.5233

Epoch 00005: val_loss improved from 0.96097 to 0.95887, saving model to /home/samhuang/ML/best_model/best_model_ternary_CNNsq_kappa0.15/
Epoch 6/500
450/450 [==============================] - 60s 132ms/step - loss: 0.9615 - accuracy: 0.5282 - val_loss: 0.8968 - val_accuracy: 0.6015

Epoch 00006: val_loss improved from 0.95887 to 0.89679, saving model to /home/samhuang/ML/best_model/best_model_ternary_CNNsq_kappa0.15/
Epoch 7/500
450/450 [==============================] - 59s 132ms/step - loss: 0.8405 - accuracy: 0.6334 - val_loss: 0.8115 - val_accuracy: 0.6459

Epoch 00007: val_loss improved from 0.89679 to 0.81146, saving model to /home/samhuang/ML/best_model/best_model_ternary_CNNsq_kappa0.15/
Epoch 8/500
450/450 [==============================] - 59s 132ms/step - loss: 0.8055 - accuracy: 0.6520 - val_loss: 0.7940 - val_accuracy: 0.6550

Epoch 00008: val_loss improved from 0.81146 to 0.79397, saving model to /home/samhuang/ML/best_model/best_model_ternary_CNNsq_kappa0.15/
Epoch 9/500
450/450 [==============================] - 59s 132ms/step - loss: 0.7955 - accuracy: 0.6562 - val_loss: 0.7801 - val_accuracy: 0.6585

Epoch 00009: val_loss improved from 0.79397 to 0.78014, saving model to /home/samhuang/ML/best_model/best_model_ternary_CNNsq_kappa0.15/
Epoch 10/500
450/450 [==============================] - 59s 132ms/step - loss: 0.7889 - accuracy: 0.6599 - val_loss: 0.7785 - val_accuracy: 0.6589

Epoch 00010: val_loss improved from 0.78014 to 0.77849, saving model to /home/samhuang/ML/best_model/best_model_ternary_CNNsq_kappa0.15/
Epoch 11/500
450/450 [==============================] - 59s 132ms/step - loss: 0.7844 - accuracy: 0.6612 - val_loss: 0.7735 - val_accuracy: 0.6627

Epoch 00011: val_loss improved from 0.77849 to 0.77353, saving model to /home/samhuang/ML/best_model/best_model_ternary_CNNsq_kappa0.15/
Epoch 12/500
450/450 [==============================] - 59s 132ms/step - loss: 0.7799 - accuracy: 0.6642 - val_loss: 0.7742 - val_accuracy: 0.6616

Epoch 00012: val_loss did not improve from 0.77353
Epoch 13/500
450/450 [==============================] - 59s 132ms/step - loss: 0.7740 - accuracy: 0.6677 - val_loss: 0.7717 - val_accuracy: 0.6647

Epoch 00013: val_loss improved from 0.77353 to 0.77166, saving model to /home/samhuang/ML/best_model/best_model_ternary_CNNsq_kappa0.15/
Epoch 14/500
450/450 [==============================] - 59s 132ms/step - loss: 0.7706 - accuracy: 0.6702 - val_loss: 0.7917 - val_accuracy: 0.6558

Epoch 00014: val_loss did not improve from 0.77166
Epoch 15/500
450/450 [==============================] - 59s 132ms/step - loss: 0.7661 - accuracy: 0.6728 - val_loss: 0.7942 - val_accuracy: 0.6566

Epoch 00015: val_loss did not improve from 0.77166
Epoch 16/500
450/450 [==============================] - 59s 132ms/step - loss: 0.7597 - accuracy: 0.6764 - val_loss: 0.7912 - val_accuracy: 0.6561

Epoch 00016: val_loss did not improve from 0.77166
Epoch 17/500
450/450 [==============================] - 59s 132ms/step - loss: 0.7539 - accuracy: 0.6805 - val_loss: 0.7864 - val_accuracy: 0.6599

Epoch 00017: val_loss did not improve from 0.77166
Epoch 18/500
450/450 [==============================] - 67s 148ms/step - loss: 0.7488 - accuracy: 0.6855 - val_loss: 0.8015 - val_accuracy: 0.6524

Epoch 00018: val_loss did not improve from 0.77166
Epoch 19/500
450/450 [==============================] - 79s 175ms/step - loss: 0.7443 - accuracy: 0.6869 - val_loss: 0.8108 - val_accuracy: 0.6511

Epoch 00019: val_loss did not improve from 0.77166
Epoch 20/500
450/450 [==============================] - 80s 177ms/step - loss: 0.7349 - accuracy: 0.6918 - val_loss: 0.8163 - val_accuracy: 0.6483

Epoch 00020: val_loss did not improve from 0.77166
Epoch 21/500
450/450 [==============================] - 79s 176ms/step - loss: 0.7279 - accuracy: 0.6963 - val_loss: 0.8255 - val_accuracy: 0.6478

Epoch 00021: val_loss did not improve from 0.77166
Epoch 22/500
450/450 [==============================] - 79s 175ms/step - loss: 0.7211 - accuracy: 0.7009 - val_loss: 0.8384 - val_accuracy: 0.6442

Epoch 00022: val_loss did not improve from 0.77166
Epoch 23/500
450/450 [==============================] - 69s 153ms/step - loss: 0.7147 - accuracy: 0.7042 - val_loss: 0.8514 - val_accuracy: 0.6415

Epoch 00023: val_loss did not improve from 0.77166
Epoch 24/500
450/450 [==============================] - 69s 152ms/step - loss: 0.7094 - accuracy: 0.7071 - val_loss: 0.8674 - val_accuracy: 0.6365

Epoch 00024: val_loss did not improve from 0.77166
Epoch 25/500
450/450 [==============================] - 67s 149ms/step - loss: 0.7002 - accuracy: 0.7123 - val_loss: 0.8725 - val_accuracy: 0.6328

Epoch 00025: val_loss did not improve from 0.77166
Epoch 26/500
450/450 [==============================] - 69s 153ms/step - loss: 0.6940 - accuracy: 0.7161 - val_loss: 0.8952 - val_accuracy: 0.6274

Epoch 00026: val_loss did not improve from 0.77166
Epoch 27/500
450/450 [==============================] - 69s 153ms/step - loss: 0.6881 - accuracy: 0.7197 - val_loss: 0.9097 - val_accuracy: 0.6269

Epoch 00027: val_loss did not improve from 0.77166
Epoch 28/500
450/450 [==============================] - 69s 153ms/step - loss: 0.6823 - accuracy: 0.7229 - val_loss: 0.9280 - val_accuracy: 0.6236

Epoch 00028: val_loss did not improve from 0.77166
Epoch 29/500
450/450 [==============================] - 79s 176ms/step - loss: 0.6828 - accuracy: 0.7219 - val_loss: 0.9232 - val_accuracy: 0.6227

Epoch 00029: val_loss did not improve from 0.77166
Epoch 30/500
450/450 [==============================] - 69s 152ms/step - loss: 0.6874 - accuracy: 0.7195 - val_loss: 0.9379 - val_accuracy: 0.6279

Epoch 00030: val_loss did not improve from 0.77166
Epoch 31/500
450/450 [==============================] - 79s 176ms/step - loss: 0.6760 - accuracy: 0.7262 - val_loss: 0.9587 - val_accuracy: 0.6160

Epoch 00031: val_loss did not improve from 0.77166
Epoch 32/500
450/450 [==============================] - 67s 149ms/step - loss: 0.6688 - accuracy: 0.7298 - val_loss: 0.9486 - val_accuracy: 0.6150

Epoch 00032: val_loss did not improve from 0.77166
Epoch 33/500
450/450 [==============================] - 69s 154ms/step - loss: 0.6617 - accuracy: 0.7330 - val_loss: 0.9757 - val_accuracy: 0.6130

Epoch 00033: val_loss did not improve from 0.77166
Epoch 00033: early stopping
$$$$$$$$$$$$$$$$$$$$$$$$$$$$$$$$$$$$$$$$$$$$$$$$$$$$$$
$$$$$$$$$$$$$$$$$$$$$$$$$$$$$$$$$$$$$$$$$$$$$$$$$$$$$$
[92mModel: "CNNsq_ternary"[0m
[92m_________________________________________________________________[0m
[92mLayer (type)                 Output Shape              Param #   [0m
[92m=================================================================[0m
[92msequential (Sequential)      (None, 512)               12043236  [0m
[92m_________________________________________________________________[0m
[92msequential_1 (Sequential)    (None, 512)               11315428  [0m
[92m_________________________________________________________________[0m
[92mdense_3 (Dense)              multiple                  3075      [0m
[92m=================================================================[0m
[92mTotal params: 23,361,739[0m
[92mTrainable params: 23,361,735[0m
[92mNon-trainable params: 4[0m
[92m_________________________________________________________________[0m
None

@LAYER1       @@@@@@@@@@@@@@@@@@@@@@
[94mModel: "sequential"[0m
[94m_________________________________________________________________[0m
[94mLayer (type)                 Output Shape              Param #   [0m
[94m=================================================================[0m
[94mlambda (Lambda)              (None, 75, 75, 1)         0         [0m
[94m_________________________________________________________________[0m
[94mbatch_normalization (BatchNo (None, 75, 75, 1)         4         [0m
[94m_________________________________________________________________[0m
[94mconv2d (Conv2D)              (None, 75, 75, 32)        320       [0m
[94m_________________________________________________________________[0m
[94mconv2d_1 (Conv2D)            (None, 75, 75, 32)        9248      [0m
[94m_________________________________________________________________[0m
[94mmax_pooling2d (MaxPooling2D) (None, 37, 37, 32)        0         [0m
[94m_________________________________________________________________[0m
[94mconv2d_2 (Conv2D)            (None, 37, 37, 64)        18496     [0m
[94m_________________________________________________________________[0m
[94mmax_pooling2d_1 (MaxPooling2 (None, 18, 18, 64)        0         [0m
[94m_________________________________________________________________[0m
[94mconv2d_3 (Conv2D)            (None, 18, 18, 64)        36928     [0m
[94m_________________________________________________________________[0m
[94mmax_pooling2d_2 (MaxPooling2 (None, 9, 9, 64)          0         [0m
[94m_________________________________________________________________[0m
[94mconv2d_4 (Conv2D)            (None, 9, 9, 64)          36928     [0m
[94m_________________________________________________________________[0m
[94mconv2d_5 (Conv2D)            (None, 9, 9, 64)          36928     [0m
[94m_________________________________________________________________[0m
[94mconv2d_6 (Conv2D)            (None, 9, 9, 128)         204928    [0m
[94m_________________________________________________________________[0m
[94mconv2d_7 (Conv2D)            (None, 9, 9, 256)         819456    [0m
[94m_________________________________________________________________[0m
[94mdropout (Dropout)            (None, 9, 9, 256)         0         [0m
[94m_________________________________________________________________[0m
[94mflatten (Flatten)            (None, 20736)             0         [0m
[94m_________________________________________________________________[0m
[94mdense (Dense)                (None, 512)               10617344  [0m
[94m_________________________________________________________________[0m
[94mdropout_1 (Dropout)          (None, 512)               0         [0m
[94m_________________________________________________________________[0m
[94mdense_1 (Dense)              (None, 512)               262656    [0m
[94m_________________________________________________________________[0m
[94mdropout_2 (Dropout)          (None, 512)               0         [0m
[94m=================================================================[0m
[94mTotal params: 12,043,236[0m
[94mTrainable params: 12,043,234[0m
[94mNon-trainable params: 2[0m
[94m_________________________________________________________________[0m
None
[92m%Optimizer:
[0m {'name': 'Adam', 'learning_rate': 0.001, 'decay': 0.0, 'beta_1': 0.9, 'beta_2': 0.999, 'epsilon': 1e-07, 'amsgrad': False}
[92m%Layer detail:
[0m {'name': 'sequential', 'layers': [{'class_name': 'InputLayer', 'config': {'batch_input_shape': (None, 75, 75, 2), 'dtype': 'float32', 'sparse': False, 'ragged': False, 'name': 'lambda_input'}}, {'class_name': 'Lambda', 'config': {'name': 'lambda', 'trainable': True, 'dtype': 'float32', 'function': ('4wEAAAAAAAAAAAAAAAEAAAAHAAAAUwAAAHMkAAAAdACgAXwAZABkAIUCZABkAIUCZABkAIUCZAFm\nBBkAZAKhAlMAqQNO6QAAAADp/////6kC2gJ0ZtoLZXhwYW5kX2RpbXOpAdoBeKkAcgkAAAD6Hy9o\nb21lL3NhbWh1YW5nL01ML0NOTi9tb2RlbHMucHnaCDxsYW1iZGE+WQAAAPMAAAAA\n', None, None), 'function_type': 'lambda', 'module': 'models', 'output_shape': None, 'output_shape_type': 'raw', 'output_shape_module': None, 'arguments': {}}}, {'class_name': 'BatchNormalization', 'config': {'name': 'batch_normalization', 'trainable': True, 'dtype': 'float32', 'axis': ListWrapper([3]), 'momentum': 0.99, 'epsilon': 0.001, 'center': True, 'scale': True, 'beta_initializer': {'class_name': 'Zeros', 'config': {}}, 'gamma_initializer': {'class_name': 'Ones', 'config': {}}, 'moving_mean_initializer': {'class_name': 'Zeros', 'config': {}}, 'moving_variance_initializer': {'class_name': 'Ones', 'config': {}}, 'beta_regularizer': None, 'gamma_regularizer': None, 'beta_constraint': None, 'gamma_constraint': None}}, {'class_name': 'Conv2D', 'config': {'name': 'conv2d', 'trainable': True, 'dtype': 'float32', 'filters': 32, 'kernel_size': (3, 3), 'strides': (1, 1), 'padding': 'same', 'data_format': 'channels_last', 'dilation_rate': (1, 1), 'groups': 1, 'activation': 'relu', 'use_bias': True, 'kernel_initializer': {'class_name': 'GlorotUniform', 'config': {'seed': None}}, 'bias_initializer': {'class_name': 'Zeros', 'config': {}}, 'kernel_regularizer': None, 'bias_regularizer': None, 'activity_regularizer': None, 'kernel_constraint': None, 'bias_constraint': None}}, {'class_name': 'Conv2D', 'config': {'name': 'conv2d_1', 'trainable': True, 'dtype': 'float32', 'filters': 32, 'kernel_size': (3, 3), 'strides': (1, 1), 'padding': 'same', 'data_format': 'channels_last', 'dilation_rate': (1, 1), 'groups': 1, 'activation': 'relu', 'use_bias': True, 'kernel_initializer': {'class_name': 'GlorotUniform', 'config': {'seed': None}}, 'bias_initializer': {'class_name': 'Zeros', 'config': {}}, 'kernel_regularizer': None, 'bias_regularizer': None, 'activity_regularizer': None, 'kernel_constraint': None, 'bias_constraint': None}}, {'class_name': 'MaxPooling2D', 'config': {'name': 'max_pooling2d', 'trainable': True, 'dtype': 'float32', 'pool_size': (2, 2), 'padding': 'valid', 'strides': (2, 2), 'data_format': 'channels_last'}}, {'class_name': 'Conv2D', 'config': {'name': 'conv2d_2', 'trainable': True, 'dtype': 'float32', 'filters': 64, 'kernel_size': (3, 3), 'strides': (1, 1), 'padding': 'same', 'data_format': 'channels_last', 'dilation_rate': (1, 1), 'groups': 1, 'activation': 'relu', 'use_bias': True, 'kernel_initializer': {'class_name': 'GlorotUniform', 'config': {'seed': None}}, 'bias_initializer': {'class_name': 'Zeros', 'config': {}}, 'kernel_regularizer': None, 'bias_regularizer': None, 'activity_regularizer': None, 'kernel_constraint': None, 'bias_constraint': None}}, {'class_name': 'MaxPooling2D', 'config': {'name': 'max_pooling2d_1', 'trainable': True, 'dtype': 'float32', 'pool_size': (2, 2), 'padding': 'valid', 'strides': (2, 2), 'data_format': 'channels_last'}}, {'class_name': 'Conv2D', 'config': {'name': 'conv2d_3', 'trainable': True, 'dtype': 'float32', 'filters': 64, 'kernel_size': (3, 3), 'strides': (1, 1), 'padding': 'same', 'data_format': 'channels_last', 'dilation_rate': (1, 1), 'groups': 1, 'activation': 'relu', 'use_bias': True, 'kernel_initializer': {'class_name': 'GlorotUniform', 'config': {'seed': None}}, 'bias_initializer': {'class_name': 'Zeros', 'config': {}}, 'kernel_regularizer': None, 'bias_regularizer': None, 'activity_regularizer': None, 'kernel_constraint': None, 'bias_constraint': None}}, {'class_name': 'MaxPooling2D', 'config': {'name': 'max_pooling2d_2', 'trainable': True, 'dtype': 'float32', 'pool_size': (2, 2), 'padding': 'valid', 'strides': (2, 2), 'data_format': 'channels_last'}}, {'class_name': 'Conv2D', 'config': {'name': 'conv2d_4', 'trainable': True, 'dtype': 'float32', 'filters': 64, 'kernel_size': (3, 3), 'strides': (1, 1), 'padding': 'same', 'data_format': 'channels_last', 'dilation_rate': (1, 1), 'groups': 1, 'activation': 'relu', 'use_bias': True, 'kernel_initializer': {'class_name': 'GlorotUniform', 'config': {'seed': None}}, 'bias_initializer': {'class_name': 'Zeros', 'config': {}}, 'kernel_regularizer': None, 'bias_regularizer': None, 'activity_regularizer': None, 'kernel_constraint': None, 'bias_constraint': None}}, {'class_name': 'Conv2D', 'config': {'name': 'conv2d_5', 'trainable': True, 'dtype': 'float32', 'filters': 64, 'kernel_size': (3, 3), 'strides': (1, 1), 'padding': 'same', 'data_format': 'channels_last', 'dilation_rate': (1, 1), 'groups': 1, 'activation': 'relu', 'use_bias': True, 'kernel_initializer': {'class_name': 'GlorotUniform', 'config': {'seed': None}}, 'bias_initializer': {'class_name': 'Zeros', 'config': {}}, 'kernel_regularizer': None, 'bias_regularizer': None, 'activity_regularizer': None, 'kernel_constraint': None, 'bias_constraint': None}}, {'class_name': 'Conv2D', 'config': {'name': 'conv2d_6', 'trainable': True, 'dtype': 'float32', 'filters': 128, 'kernel_size': (5, 5), 'strides': (1, 1), 'padding': 'same', 'data_format': 'channels_last', 'dilation_rate': (1, 1), 'groups': 1, 'activation': 'relu', 'use_bias': True, 'kernel_initializer': {'class_name': 'GlorotUniform', 'config': {'seed': None}}, 'bias_initializer': {'class_name': 'Zeros', 'config': {}}, 'kernel_regularizer': None, 'bias_regularizer': None, 'activity_regularizer': None, 'kernel_constraint': None, 'bias_constraint': None}}, {'class_name': 'Conv2D', 'config': {'name': 'conv2d_7', 'trainable': True, 'dtype': 'float32', 'filters': 256, 'kernel_size': (5, 5), 'strides': (1, 1), 'padding': 'same', 'data_format': 'channels_last', 'dilation_rate': (1, 1), 'groups': 1, 'activation': 'relu', 'use_bias': True, 'kernel_initializer': {'class_name': 'GlorotUniform', 'config': {'seed': None}}, 'bias_initializer': {'class_name': 'Zeros', 'config': {}}, 'kernel_regularizer': None, 'bias_regularizer': None, 'activity_regularizer': None, 'kernel_constraint': None, 'bias_constraint': None}}, {'class_name': 'Dropout', 'config': {'name': 'dropout', 'trainable': True, 'dtype': 'float32', 'rate': 0.1, 'noise_shape': None, 'seed': None}}, {'class_name': 'Flatten', 'config': {'name': 'flatten', 'trainable': True, 'dtype': 'float32', 'data_format': 'channels_last'}}, {'class_name': 'Dense', 'config': {'name': 'dense', 'trainable': True, 'dtype': 'float32', 'units': 512, 'activation': 'relu', 'use_bias': True, 'kernel_initializer': {'class_name': 'GlorotUniform', 'config': {'seed': None}}, 'bias_initializer': {'class_name': 'Zeros', 'config': {}}, 'kernel_regularizer': {'class_name': 'L2', 'config': {'l2': 0.009999999776482582}}, 'bias_regularizer': None, 'activity_regularizer': None, 'kernel_constraint': None, 'bias_constraint': None}}, {'class_name': 'Dropout', 'config': {'name': 'dropout_1', 'trainable': True, 'dtype': 'float32', 'rate': 0.5, 'noise_shape': None, 'seed': None}}, {'class_name': 'Dense', 'config': {'name': 'dense_1', 'trainable': True, 'dtype': 'float32', 'units': 512, 'activation': 'relu', 'use_bias': True, 'kernel_initializer': {'class_name': 'GlorotUniform', 'config': {'seed': None}}, 'bias_initializer': {'class_name': 'Zeros', 'config': {}}, 'kernel_regularizer': {'class_name': 'L2', 'config': {'l2': 0.009999999776482582}}, 'bias_regularizer': None, 'activity_regularizer': None, 'kernel_constraint': None, 'bias_constraint': None}}, {'class_name': 'Dropout', 'config': {'name': 'dropout_2', 'trainable': True, 'dtype': 'float32', 'rate': 0.5, 'noise_shape': None, 'seed': None}}]}

@LAYER2       @@@@@@@@@@@@@@@@@@@@@@
[94mModel: "sequential_1"[0m
[94m_________________________________________________________________[0m
[94mLayer (type)                 Output Shape              Param #   [0m
[94m=================================================================[0m
[94mlambda_1 (Lambda)            (None, 75, 75, 1)         0         [0m
[94m_________________________________________________________________[0m
[94mbatch_normalization_1 (Batch (None, 75, 75, 1)         4         [0m
[94m_________________________________________________________________[0m
[94mconv2d_8 (Conv2D)            (None, 75, 75, 32)        320       [0m
[94m_________________________________________________________________[0m
[94mconv2d_9 (Conv2D)            (None, 75, 75, 32)        9248      [0m
[94m_________________________________________________________________[0m
[94mmax_pooling2d_3 (MaxPooling2 (None, 37, 37, 32)        0         [0m
[94m_________________________________________________________________[0m
[94mconv2d_10 (Conv2D)           (None, 37, 37, 64)        32832     [0m
[94m_________________________________________________________________[0m
[94mconv2d_11 (Conv2D)           (None, 37, 37, 64)        65600     [0m
[94m_________________________________________________________________[0m
[94mmax_pooling2d_4 (MaxPooling2 (None, 18, 18, 64)        0         [0m
[94m_________________________________________________________________[0m
[94mconv2d_12 (Conv2D)           (None, 18, 18, 256)       590080    [0m
[94m_________________________________________________________________[0m
[94mmax_pooling2d_5 (MaxPooling2 (None, 9, 9, 256)         0         [0m
[94m_________________________________________________________________[0m
[94mdropout_3 (Dropout)          (None, 9, 9, 256)         0         [0m
[94m_________________________________________________________________[0m
[94mflatten_1 (Flatten)          (None, 20736)             0         [0m
[94m_________________________________________________________________[0m
[94mdense_2 (Dense)              (None, 512)               10617344  [0m
[94m_________________________________________________________________[0m
[94mdropout_4 (Dropout)          (None, 512)               0         [0m
[94m=================================================================[0m
[94mTotal params: 11,315,428[0m
[94mTrainable params: 11,315,426[0m
[94mNon-trainable params: 2[0m
[94m_________________________________________________________________[0m
None
[92m%Optimizer:
[0m {'name': 'Adam', 'learning_rate': 0.001, 'decay': 0.0, 'beta_1': 0.9, 'beta_2': 0.999, 'epsilon': 1e-07, 'amsgrad': False}
[92m%Layer detail:
[0m {'name': 'sequential_1', 'layers': [{'class_name': 'InputLayer', 'config': {'batch_input_shape': (None, 75, 75, 2), 'dtype': 'float32', 'sparse': False, 'ragged': False, 'name': 'lambda_1_input'}}, {'class_name': 'Lambda', 'config': {'name': 'lambda_1', 'trainable': True, 'dtype': 'float32', 'function': ('4wEAAAAAAAAAAAAAAAEAAAAHAAAAUwAAAHMkAAAAdACgAXwAZABkAIUCZABkAIUCZABkAIUCZAFm\nBBkAZAKhAlMAqQNO6QEAAADp/////6kC2gJ0ZtoLZXhwYW5kX2RpbXOpAdoBeKkAcgkAAAD6Hy9o\nb21lL3NhbWh1YW5nL01ML0NOTi9tb2RlbHMucHnaCDxsYW1iZGE+cQAAAPMAAAAA\n', None, None), 'function_type': 'lambda', 'module': 'models', 'output_shape': None, 'output_shape_type': 'raw', 'output_shape_module': None, 'arguments': {}}}, {'class_name': 'BatchNormalization', 'config': {'name': 'batch_normalization_1', 'trainable': True, 'dtype': 'float32', 'axis': ListWrapper([3]), 'momentum': 0.99, 'epsilon': 0.001, 'center': True, 'scale': True, 'beta_initializer': {'class_name': 'Zeros', 'config': {}}, 'gamma_initializer': {'class_name': 'Ones', 'config': {}}, 'moving_mean_initializer': {'class_name': 'Zeros', 'config': {}}, 'moving_variance_initializer': {'class_name': 'Ones', 'config': {}}, 'beta_regularizer': None, 'gamma_regularizer': None, 'beta_constraint': None, 'gamma_constraint': None}}, {'class_name': 'Conv2D', 'config': {'name': 'conv2d_8', 'trainable': True, 'dtype': 'float32', 'filters': 32, 'kernel_size': (3, 3), 'strides': (1, 1), 'padding': 'same', 'data_format': 'channels_last', 'dilation_rate': (1, 1), 'groups': 1, 'activation': 'relu', 'use_bias': True, 'kernel_initializer': {'class_name': 'GlorotUniform', 'config': {'seed': None}}, 'bias_initializer': {'class_name': 'Zeros', 'config': {}}, 'kernel_regularizer': {'class_name': 'L2', 'config': {'l2': 0.009999999776482582}}, 'bias_regularizer': None, 'activity_regularizer': None, 'kernel_constraint': None, 'bias_constraint': None}}, {'class_name': 'Conv2D', 'config': {'name': 'conv2d_9', 'trainable': True, 'dtype': 'float32', 'filters': 32, 'kernel_size': (3, 3), 'strides': (1, 1), 'padding': 'same', 'data_format': 'channels_last', 'dilation_rate': (1, 1), 'groups': 1, 'activation': 'relu', 'use_bias': True, 'kernel_initializer': {'class_name': 'GlorotUniform', 'config': {'seed': None}}, 'bias_initializer': {'class_name': 'Zeros', 'config': {}}, 'kernel_regularizer': None, 'bias_regularizer': None, 'activity_regularizer': None, 'kernel_constraint': None, 'bias_constraint': None}}, {'class_name': 'MaxPooling2D', 'config': {'name': 'max_pooling2d_3', 'trainable': True, 'dtype': 'float32', 'pool_size': (2, 2), 'padding': 'valid', 'strides': (2, 2), 'data_format': 'channels_last'}}, {'class_name': 'Conv2D', 'config': {'name': 'conv2d_10', 'trainable': True, 'dtype': 'float32', 'filters': 64, 'kernel_size': (4, 4), 'strides': (1, 1), 'padding': 'same', 'data_format': 'channels_last', 'dilation_rate': (1, 1), 'groups': 1, 'activation': 'relu', 'use_bias': True, 'kernel_initializer': {'class_name': 'GlorotUniform', 'config': {'seed': None}}, 'bias_initializer': {'class_name': 'Zeros', 'config': {}}, 'kernel_regularizer': None, 'bias_regularizer': None, 'activity_regularizer': None, 'kernel_constraint': None, 'bias_constraint': None}}, {'class_name': 'Conv2D', 'config': {'name': 'conv2d_11', 'trainable': True, 'dtype': 'float32', 'filters': 64, 'kernel_size': (4, 4), 'strides': (1, 1), 'padding': 'same', 'data_format': 'channels_last', 'dilation_rate': (1, 1), 'groups': 1, 'activation': 'relu', 'use_bias': True, 'kernel_initializer': {'class_name': 'GlorotUniform', 'config': {'seed': None}}, 'bias_initializer': {'class_name': 'Zeros', 'config': {}}, 'kernel_regularizer': None, 'bias_regularizer': None, 'activity_regularizer': None, 'kernel_constraint': None, 'bias_constraint': None}}, {'class_name': 'MaxPooling2D', 'config': {'name': 'max_pooling2d_4', 'trainable': True, 'dtype': 'float32', 'pool_size': (2, 2), 'padding': 'valid', 'strides': (2, 2), 'data_format': 'channels_last'}}, {'class_name': 'Conv2D', 'config': {'name': 'conv2d_12', 'trainable': True, 'dtype': 'float32', 'filters': 256, 'kernel_size': (6, 6), 'strides': (1, 1), 'padding': 'same', 'data_format': 'channels_last', 'dilation_rate': (1, 1), 'groups': 1, 'activation': 'relu', 'use_bias': True, 'kernel_initializer': {'class_name': 'GlorotUniform', 'config': {'seed': None}}, 'bias_initializer': {'class_name': 'Zeros', 'config': {}}, 'kernel_regularizer': None, 'bias_regularizer': None, 'activity_regularizer': None, 'kernel_constraint': None, 'bias_constraint': None}}, {'class_name': 'MaxPooling2D', 'config': {'name': 'max_pooling2d_5', 'trainable': True, 'dtype': 'float32', 'pool_size': (2, 2), 'padding': 'valid', 'strides': (2, 2), 'data_format': 'channels_last'}}, {'class_name': 'Dropout', 'config': {'name': 'dropout_3', 'trainable': True, 'dtype': 'float32', 'rate': 0.1, 'noise_shape': None, 'seed': None}}, {'class_name': 'Flatten', 'config': {'name': 'flatten_1', 'trainable': True, 'dtype': 'float32', 'data_format': 'channels_last'}}, {'class_name': 'Dense', 'config': {'name': 'dense_2', 'trainable': True, 'dtype': 'float32', 'units': 512, 'activation': 'relu', 'use_bias': True, 'kernel_initializer': {'class_name': 'GlorotUniform', 'config': {'seed': None}}, 'bias_initializer': {'class_name': 'Zeros', 'config': {}}, 'kernel_regularizer': {'class_name': 'L2', 'config': {'l2': 0.009999999776482582}}, 'bias_regularizer': None, 'activity_regularizer': None, 'kernel_constraint': None, 'bias_constraint': None}}, {'class_name': 'Dropout', 'config': {'name': 'dropout_4', 'trainable': True, 'dtype': 'float32', 'rate': 0.5, 'noise_shape': None, 'seed': None}}]}

@LAYER3       @@@@@@@@@@@@@@@@@@@@@@
[92m%Layer detail:
[0m {'name': 'dense_3', 'trainable': True, 'dtype': 'float32', 'units': 3, 'activation': 'softmax', 'use_bias': True, 'kernel_initializer': {'class_name': 'GlorotUniform', 'config': {'seed': None}}, 'bias_initializer': {'class_name': 'Zeros', 'config': {}}, 'kernel_regularizer': None, 'bias_regularizer': None, 'activity_regularizer': None, 'kernel_constraint': None, 'bias_constraint': None}

****************************************************
history keys:
 dict_keys(['loss', 'accuracy', 'val_loss', 'val_accuracy'])
history params:
 {'verbose': 1, 'epochs': 500, 'steps': None}
****************************************************
$$$$$$$$$$$$$$$$$$$$$$$$$$$$$$$$$$$$$$$$$$$$$$$$$$$$$$
$$$$$$$$$$$$$$$$$$$$$$$$$$$$$$$$$$$$$$$$$$$$$$$$$$$$$$
The data set contains images
72123/72123 [==============================] - 458s 6ms/step - loss: 0.7765 - accuracy: 0.6617
Testing Loss = 0.776503, Testing Accuracy = 0.661703
The data set contains images
[[0.46316176652908325, 0.010106848552823067, 0.5267313718795776], [0.049409907311201096, 0.6336234211921692, 0.31696659326553345], [0.24906526505947113, 0.6024022698402405, 0.14853252470493317], [0.8140337467193604, 0.010967347770929337, 0.174998939037323], [0.9383348226547241, 0.011177586391568184, 0.05048762634396553], [0.5342932343482971, 0.2626801133155823, 0.2030266523361206], [0.041208524256944656, 0.5769939422607422, 0.38179752230644226], [0.9265868067741394, 0.04051746800541878, 0.03289571776986122], [0.01773836463689804, 0.017378807067871094, 0.9648827910423279], [0.06441446393728256, 0.03331916406750679, 0.9022663831710815]]
[[1.0, 0.0, 0.0], [0.0, 0.0, 1.0], [0.0, 1.0, 0.0], [1.0, 0.0, 0.0], [1.0, 0.0, 0.0], [0.0, 1.0, 0.0], [0.0, 0.0, 1.0], [1.0, 0.0, 0.0], [0.0, 0.0, 1.0], [0.0, 0.0, 1.0]]
3
$W^+$ (auc = 0.85)
$W^-$ (auc = 0.85)
$Z$ (auc = 0.80)


$$$$$$$$$$$$$$$$$$$$$$$$$$$$$$$$$$$$$$$$$
New Run
Current date and time = 2022-09-13 00:42:44.151510
$$$$$$$$$$$$$$$$$$$$$$$$$$$$$$$$$$$$$$$$$
The data set contains images
The data set contains images
Epoch 1/500
450/450 [==============================] - 118s 236ms/step - loss: 1.3611 - accuracy: 0.4966 - val_loss: 0.9664 - val_accuracy: 0.5297

Epoch 00001: val_loss improved from inf to 0.96645, saving model to /home/samhuang/ML/best_model/best_model_ternary_CNNsq_kappa0.15/
Epoch 2/500
450/450 [==============================] - 97s 216ms/step - loss: 0.9183 - accuracy: 0.5588 - val_loss: 0.8261 - val_accuracy: 0.6497

Epoch 00002: val_loss improved from 0.96645 to 0.82610, saving model to /home/samhuang/ML/best_model/best_model_ternary_CNNsq_kappa0.15/
Epoch 3/500
450/450 [==============================] - 72s 159ms/step - loss: 0.7653 - accuracy: 0.6852 - val_loss: 0.7157 - val_accuracy: 0.6971

Epoch 00003: val_loss improved from 0.82610 to 0.71574, saving model to /home/samhuang/ML/best_model/best_model_ternary_CNNsq_kappa0.15/
Epoch 4/500
450/450 [==============================] - 58s 130ms/step - loss: 0.7343 - accuracy: 0.6960 - val_loss: 0.7136 - val_accuracy: 0.6994

Epoch 00004: val_loss improved from 0.71574 to 0.71356, saving model to /home/samhuang/ML/best_model/best_model_ternary_CNNsq_kappa0.15/
Epoch 5/500
450/450 [==============================] - 58s 129ms/step - loss: 0.7256 - accuracy: 0.6993 - val_loss: 0.7049 - val_accuracy: 0.7021

Epoch 00005: val_loss improved from 0.71356 to 0.70493, saving model to /home/samhuang/ML/best_model/best_model_ternary_CNNsq_kappa0.15/
Epoch 6/500
450/450 [==============================] - 58s 129ms/step - loss: 0.7200 - accuracy: 0.7027 - val_loss: 0.7014 - val_accuracy: 0.7055

Epoch 00006: val_loss improved from 0.70493 to 0.70136, saving model to /home/samhuang/ML/best_model/best_model_ternary_CNNsq_kappa0.15/
Epoch 7/500
450/450 [==============================] - 58s 130ms/step - loss: 0.7151 - accuracy: 0.7047 - val_loss: 0.6923 - val_accuracy: 0.7100

Epoch 00007: val_loss improved from 0.70136 to 0.69235, saving model to /home/samhuang/ML/best_model/best_model_ternary_CNNsq_kappa0.15/
Epoch 8/500
450/450 [==============================] - 59s 130ms/step - loss: 0.7122 - accuracy: 0.7084 - val_loss: 0.6956 - val_accuracy: 0.7085

Epoch 00008: val_loss did not improve from 0.69235
Epoch 9/500
450/450 [==============================] - 58s 130ms/step - loss: 0.7083 - accuracy: 0.7086 - val_loss: 0.6989 - val_accuracy: 0.7067

Epoch 00009: val_loss did not improve from 0.69235
Epoch 10/500
450/450 [==============================] - 88s 195ms/step - loss: 0.7046 - accuracy: 0.7105 - val_loss: 0.6991 - val_accuracy: 0.7079

Epoch 00010: val_loss did not improve from 0.69235
Epoch 11/500
450/450 [==============================] - 70s 156ms/step - loss: 0.7006 - accuracy: 0.7113 - val_loss: 0.6938 - val_accuracy: 0.7099

Epoch 00011: val_loss did not improve from 0.69235
Epoch 12/500
450/450 [==============================] - 58s 129ms/step - loss: 0.6970 - accuracy: 0.7152 - val_loss: 0.6928 - val_accuracy: 0.7124

Epoch 00012: val_loss did not improve from 0.69235
Epoch 13/500
450/450 [==============================] - 59s 130ms/step - loss: 0.6923 - accuracy: 0.7177 - val_loss: 0.6900 - val_accuracy: 0.7134

Epoch 00013: val_loss improved from 0.69235 to 0.69001, saving model to /home/samhuang/ML/best_model/best_model_ternary_CNNsq_kappa0.15/
Epoch 14/500
450/450 [==============================] - 76s 169ms/step - loss: 0.6885 - accuracy: 0.7192 - val_loss: 0.6998 - val_accuracy: 0.7103

Epoch 00014: val_loss did not improve from 0.69001
Epoch 15/500
450/450 [==============================] - 98s 218ms/step - loss: 0.6856 - accuracy: 0.7216 - val_loss: 0.6945 - val_accuracy: 0.7114

Epoch 00015: val_loss did not improve from 0.69001
Epoch 16/500
450/450 [==============================] - 130s 290ms/step - loss: 0.6802 - accuracy: 0.7243 - val_loss: 0.7011 - val_accuracy: 0.7103

Epoch 00016: val_loss did not improve from 0.69001
Epoch 17/500
450/450 [==============================] - 134s 297ms/step - loss: 0.6764 - accuracy: 0.7274 - val_loss: 0.7054 - val_accuracy: 0.7101

Epoch 00017: val_loss did not improve from 0.69001
Epoch 18/500
450/450 [==============================] - 112s 249ms/step - loss: 0.6713 - accuracy: 0.7294 - val_loss: 0.7077 - val_accuracy: 0.7102

Epoch 00018: val_loss did not improve from 0.69001
Epoch 19/500
450/450 [==============================] - 198s 441ms/step - loss: 0.6646 - accuracy: 0.7339 - val_loss: 0.7140 - val_accuracy: 0.7097

Epoch 00019: val_loss did not improve from 0.69001
Epoch 20/500
450/450 [==============================] - 74s 164ms/step - loss: 0.6583 - accuracy: 0.7376 - val_loss: 0.7166 - val_accuracy: 0.7094

Epoch 00020: val_loss did not improve from 0.69001
Epoch 21/500
450/450 [==============================] - 84s 186ms/step - loss: 0.6543 - accuracy: 0.7401 - val_loss: 0.7196 - val_accuracy: 0.7102

Epoch 00021: val_loss did not improve from 0.69001
Epoch 22/500
450/450 [==============================] - 57s 128ms/step - loss: 0.6463 - accuracy: 0.7434 - val_loss: 0.7323 - val_accuracy: 0.7036

Epoch 00022: val_loss did not improve from 0.69001
Epoch 23/500
450/450 [==============================] - 59s 131ms/step - loss: 0.6391 - accuracy: 0.7486 - val_loss: 0.7293 - val_accuracy: 0.7083

Epoch 00023: val_loss did not improve from 0.69001
Epoch 24/500
450/450 [==============================] - 59s 131ms/step - loss: 0.6344 - accuracy: 0.7520 - val_loss: 0.7354 - val_accuracy: 0.7063

Epoch 00024: val_loss did not improve from 0.69001
Epoch 25/500
450/450 [==============================] - 58s 129ms/step - loss: 0.6286 - accuracy: 0.7543 - val_loss: 0.7411 - val_accuracy: 0.7057

Epoch 00025: val_loss did not improve from 0.69001
Epoch 26/500
450/450 [==============================] - 58s 129ms/step - loss: 0.6217 - accuracy: 0.7581 - val_loss: 0.7721 - val_accuracy: 0.6875

Epoch 00026: val_loss did not improve from 0.69001
Epoch 27/500
450/450 [==============================] - 58s 129ms/step - loss: 0.6202 - accuracy: 0.7595 - val_loss: 0.7738 - val_accuracy: 0.6889

Epoch 00027: val_loss did not improve from 0.69001
Epoch 28/500
450/450 [==============================] - 58s 129ms/step - loss: 0.6123 - accuracy: 0.7635 - val_loss: 0.7744 - val_accuracy: 0.6925

Epoch 00028: val_loss did not improve from 0.69001
Epoch 29/500
450/450 [==============================] - 58s 130ms/step - loss: 0.6028 - accuracy: 0.7677 - val_loss: 0.8070 - val_accuracy: 0.6748

Epoch 00029: val_loss did not improve from 0.69001
Epoch 30/500
450/450 [==============================] - 58s 129ms/step - loss: 0.5976 - accuracy: 0.7700 - val_loss: 0.7955 - val_accuracy: 0.6930

Epoch 00030: val_loss did not improve from 0.69001
Epoch 31/500
450/450 [==============================] - 59s 130ms/step - loss: 0.5914 - accuracy: 0.7737 - val_loss: 0.8085 - val_accuracy: 0.6915

Epoch 00031: val_loss did not improve from 0.69001
Epoch 32/500
450/450 [==============================] - 58s 130ms/step - loss: 0.5828 - accuracy: 0.7784 - val_loss: 0.8312 - val_accuracy: 0.6795

Epoch 00032: val_loss did not improve from 0.69001
Epoch 33/500
450/450 [==============================] - 58s 129ms/step - loss: 0.5776 - accuracy: 0.7814 - val_loss: 0.8259 - val_accuracy: 0.6859

Epoch 00033: val_loss did not improve from 0.69001
Epoch 00033: early stopping
$$$$$$$$$$$$$$$$$$$$$$$$$$$$$$$$$$$$$$$$$$$$$$$$$$$$$$
$$$$$$$$$$$$$$$$$$$$$$$$$$$$$$$$$$$$$$$$$$$$$$$$$$$$$$
[92mModel: "CNNsq"[0m
[92m_________________________________________________________________[0m
[92mLayer (type)                 Output Shape              Param #   [0m
[92m=================================================================[0m
[92msequential (Sequential)      (None, 256)               6537700   [0m
[92m_________________________________________________________________[0m
[92msequential_1 (Sequential)    (None, 256)               6006756   [0m
[92m_________________________________________________________________[0m
[92mdense_3 (Dense)              multiple                  1539      [0m
[92m=================================================================[0m
[92mTotal params: 12,545,995[0m
[92mTrainable params: 12,545,991[0m
[92mNon-trainable params: 4[0m
[92m_________________________________________________________________[0m
None

@LAYER1       @@@@@@@@@@@@@@@@@@@@@@
[94mModel: "sequential"[0m
[94m_________________________________________________________________[0m
[94mLayer (type)                 Output Shape              Param #   [0m
[94m=================================================================[0m
[94mlambda (Lambda)              (None, 75, 75, 1)         0         [0m
[94m_________________________________________________________________[0m
[94mbatch_normalization (BatchNo (None, 75, 75, 1)         4         [0m
[94m_________________________________________________________________[0m
[94mconv2d (Conv2D)              (None, 75, 75, 32)        320       [0m
[94m_________________________________________________________________[0m
[94mconv2d_1 (Conv2D)            (None, 75, 75, 32)        9248      [0m
[94m_________________________________________________________________[0m
[94mmax_pooling2d (MaxPooling2D) (None, 37, 37, 32)        0         [0m
[94m_________________________________________________________________[0m
[94mconv2d_2 (Conv2D)            (None, 37, 37, 64)        18496     [0m
[94m_________________________________________________________________[0m
[94mmax_pooling2d_1 (MaxPooling2 (None, 18, 18, 64)        0         [0m
[94m_________________________________________________________________[0m
[94mconv2d_3 (Conv2D)            (None, 18, 18, 64)        36928     [0m
[94m_________________________________________________________________[0m
[94mmax_pooling2d_2 (MaxPooling2 (None, 9, 9, 64)          0         [0m
[94m_________________________________________________________________[0m
[94mconv2d_4 (Conv2D)            (None, 9, 9, 64)          36928     [0m
[94m_________________________________________________________________[0m
[94mconv2d_5 (Conv2D)            (None, 9, 9, 64)          36928     [0m
[94m_________________________________________________________________[0m
[94mconv2d_6 (Conv2D)            (None, 9, 9, 128)         204928    [0m
[94m_________________________________________________________________[0m
[94mconv2d_7 (Conv2D)            (None, 9, 9, 256)         819456    [0m
[94m_________________________________________________________________[0m
[94mdropout (Dropout)            (None, 9, 9, 256)         0         [0m
[94m_________________________________________________________________[0m
[94mflatten (Flatten)            (None, 20736)             0         [0m
[94m_________________________________________________________________[0m
[94mdense (Dense)                (None, 256)               5308672   [0m
[94m_________________________________________________________________[0m
[94mdropout_1 (Dropout)          (None, 256)               0         [0m
[94m_________________________________________________________________[0m
[94mdense_1 (Dense)              (None, 256)               65792     [0m
[94m_________________________________________________________________[0m
[94mdropout_2 (Dropout)          (None, 256)               0         [0m
[94m=================================================================[0m
[94mTotal params: 6,537,700[0m
[94mTrainable params: 6,537,698[0m
[94mNon-trainable params: 2[0m
[94m_________________________________________________________________[0m
None
[92m%Optimizer:
[0m {'name': 'Adam', 'learning_rate': 0.001, 'decay': 0.0, 'beta_1': 0.9, 'beta_2': 0.999, 'epsilon': 1e-07, 'amsgrad': False}
[92m%Layer detail:
[0m {'name': 'sequential', 'layers': [{'class_name': 'InputLayer', 'config': {'batch_input_shape': (None, 75, 75, 2), 'dtype': 'float32', 'sparse': False, 'ragged': False, 'name': 'lambda_input'}}, {'class_name': 'Lambda', 'config': {'name': 'lambda', 'trainable': True, 'dtype': 'float32', 'function': ('4wEAAAAAAAAAAAAAAAEAAAAHAAAAUwAAAHMkAAAAdACgAXwAZABkAIUCZABkAIUCZABkAIUCZAFm\nBBkAZAKhAlMAKQNO6QAAAADp/////6kC2gJ0ZtoLZXhwYW5kX2RpbXOpAdoBeKkAcggAAAD6Hy9o\nb21lL3NhbWh1YW5nL01ML0NOTi9tb2RlbHMucHnaCDxsYW1iZGE+NAAAAPMAAAAA\n', None, None), 'function_type': 'lambda', 'module': 'models', 'output_shape': None, 'output_shape_type': 'raw', 'output_shape_module': None, 'arguments': {}}}, {'class_name': 'BatchNormalization', 'config': {'name': 'batch_normalization', 'trainable': True, 'dtype': 'float32', 'axis': ListWrapper([3]), 'momentum': 0.99, 'epsilon': 0.001, 'center': True, 'scale': True, 'beta_initializer': {'class_name': 'Zeros', 'config': {}}, 'gamma_initializer': {'class_name': 'Ones', 'config': {}}, 'moving_mean_initializer': {'class_name': 'Zeros', 'config': {}}, 'moving_variance_initializer': {'class_name': 'Ones', 'config': {}}, 'beta_regularizer': None, 'gamma_regularizer': None, 'beta_constraint': None, 'gamma_constraint': None}}, {'class_name': 'Conv2D', 'config': {'name': 'conv2d', 'trainable': True, 'dtype': 'float32', 'filters': 32, 'kernel_size': (3, 3), 'strides': (1, 1), 'padding': 'same', 'data_format': 'channels_last', 'dilation_rate': (1, 1), 'groups': 1, 'activation': 'relu', 'use_bias': True, 'kernel_initializer': {'class_name': 'GlorotUniform', 'config': {'seed': None}}, 'bias_initializer': {'class_name': 'Zeros', 'config': {}}, 'kernel_regularizer': None, 'bias_regularizer': None, 'activity_regularizer': None, 'kernel_constraint': None, 'bias_constraint': None}}, {'class_name': 'Conv2D', 'config': {'name': 'conv2d_1', 'trainable': True, 'dtype': 'float32', 'filters': 32, 'kernel_size': (3, 3), 'strides': (1, 1), 'padding': 'same', 'data_format': 'channels_last', 'dilation_rate': (1, 1), 'groups': 1, 'activation': 'relu', 'use_bias': True, 'kernel_initializer': {'class_name': 'GlorotUniform', 'config': {'seed': None}}, 'bias_initializer': {'class_name': 'Zeros', 'config': {}}, 'kernel_regularizer': None, 'bias_regularizer': None, 'activity_regularizer': None, 'kernel_constraint': None, 'bias_constraint': None}}, {'class_name': 'MaxPooling2D', 'config': {'name': 'max_pooling2d', 'trainable': True, 'dtype': 'float32', 'pool_size': (2, 2), 'padding': 'valid', 'strides': (2, 2), 'data_format': 'channels_last'}}, {'class_name': 'Conv2D', 'config': {'name': 'conv2d_2', 'trainable': True, 'dtype': 'float32', 'filters': 64, 'kernel_size': (3, 3), 'strides': (1, 1), 'padding': 'same', 'data_format': 'channels_last', 'dilation_rate': (1, 1), 'groups': 1, 'activation': 'relu', 'use_bias': True, 'kernel_initializer': {'class_name': 'GlorotUniform', 'config': {'seed': None}}, 'bias_initializer': {'class_name': 'Zeros', 'config': {}}, 'kernel_regularizer': None, 'bias_regularizer': None, 'activity_regularizer': None, 'kernel_constraint': None, 'bias_constraint': None}}, {'class_name': 'MaxPooling2D', 'config': {'name': 'max_pooling2d_1', 'trainable': True, 'dtype': 'float32', 'pool_size': (2, 2), 'padding': 'valid', 'strides': (2, 2), 'data_format': 'channels_last'}}, {'class_name': 'Conv2D', 'config': {'name': 'conv2d_3', 'trainable': True, 'dtype': 'float32', 'filters': 64, 'kernel_size': (3, 3), 'strides': (1, 1), 'padding': 'same', 'data_format': 'channels_last', 'dilation_rate': (1, 1), 'groups': 1, 'activation': 'relu', 'use_bias': True, 'kernel_initializer': {'class_name': 'GlorotUniform', 'config': {'seed': None}}, 'bias_initializer': {'class_name': 'Zeros', 'config': {}}, 'kernel_regularizer': None, 'bias_regularizer': None, 'activity_regularizer': None, 'kernel_constraint': None, 'bias_constraint': None}}, {'class_name': 'MaxPooling2D', 'config': {'name': 'max_pooling2d_2', 'trainable': True, 'dtype': 'float32', 'pool_size': (2, 2), 'padding': 'valid', 'strides': (2, 2), 'data_format': 'channels_last'}}, {'class_name': 'Conv2D', 'config': {'name': 'conv2d_4', 'trainable': True, 'dtype': 'float32', 'filters': 64, 'kernel_size': (3, 3), 'strides': (1, 1), 'padding': 'same', 'data_format': 'channels_last', 'dilation_rate': (1, 1), 'groups': 1, 'activation': 'relu', 'use_bias': True, 'kernel_initializer': {'class_name': 'GlorotUniform', 'config': {'seed': None}}, 'bias_initializer': {'class_name': 'Zeros', 'config': {}}, 'kernel_regularizer': None, 'bias_regularizer': None, 'activity_regularizer': None, 'kernel_constraint': None, 'bias_constraint': None}}, {'class_name': 'Conv2D', 'config': {'name': 'conv2d_5', 'trainable': True, 'dtype': 'float32', 'filters': 64, 'kernel_size': (3, 3), 'strides': (1, 1), 'padding': 'same', 'data_format': 'channels_last', 'dilation_rate': (1, 1), 'groups': 1, 'activation': 'relu', 'use_bias': True, 'kernel_initializer': {'class_name': 'GlorotUniform', 'config': {'seed': None}}, 'bias_initializer': {'class_name': 'Zeros', 'config': {}}, 'kernel_regularizer': None, 'bias_regularizer': None, 'activity_regularizer': None, 'kernel_constraint': None, 'bias_constraint': None}}, {'class_name': 'Conv2D', 'config': {'name': 'conv2d_6', 'trainable': True, 'dtype': 'float32', 'filters': 128, 'kernel_size': (5, 5), 'strides': (1, 1), 'padding': 'same', 'data_format': 'channels_last', 'dilation_rate': (1, 1), 'groups': 1, 'activation': 'relu', 'use_bias': True, 'kernel_initializer': {'class_name': 'GlorotUniform', 'config': {'seed': None}}, 'bias_initializer': {'class_name': 'Zeros', 'config': {}}, 'kernel_regularizer': None, 'bias_regularizer': None, 'activity_regularizer': None, 'kernel_constraint': None, 'bias_constraint': None}}, {'class_name': 'Conv2D', 'config': {'name': 'conv2d_7', 'trainable': True, 'dtype': 'float32', 'filters': 256, 'kernel_size': (5, 5), 'strides': (1, 1), 'padding': 'same', 'data_format': 'channels_last', 'dilation_rate': (1, 1), 'groups': 1, 'activation': 'relu', 'use_bias': True, 'kernel_initializer': {'class_name': 'GlorotUniform', 'config': {'seed': None}}, 'bias_initializer': {'class_name': 'Zeros', 'config': {}}, 'kernel_regularizer': None, 'bias_regularizer': None, 'activity_regularizer': None, 'kernel_constraint': None, 'bias_constraint': None}}, {'class_name': 'Dropout', 'config': {'name': 'dropout', 'trainable': True, 'dtype': 'float32', 'rate': 0.1, 'noise_shape': None, 'seed': None}}, {'class_name': 'Flatten', 'config': {'name': 'flatten', 'trainable': True, 'dtype': 'float32', 'data_format': 'channels_last'}}, {'class_name': 'Dense', 'config': {'name': 'dense', 'trainable': True, 'dtype': 'float32', 'units': 256, 'activation': 'relu', 'use_bias': True, 'kernel_initializer': {'class_name': 'GlorotUniform', 'config': {'seed': None}}, 'bias_initializer': {'class_name': 'Zeros', 'config': {}}, 'kernel_regularizer': {'class_name': 'L2', 'config': {'l2': 0.009999999776482582}}, 'bias_regularizer': None, 'activity_regularizer': None, 'kernel_constraint': None, 'bias_constraint': None}}, {'class_name': 'Dropout', 'config': {'name': 'dropout_1', 'trainable': True, 'dtype': 'float32', 'rate': 0.5, 'noise_shape': None, 'seed': None}}, {'class_name': 'Dense', 'config': {'name': 'dense_1', 'trainable': True, 'dtype': 'float32', 'units': 256, 'activation': 'relu', 'use_bias': True, 'kernel_initializer': {'class_name': 'GlorotUniform', 'config': {'seed': None}}, 'bias_initializer': {'class_name': 'Zeros', 'config': {}}, 'kernel_regularizer': {'class_name': 'L2', 'config': {'l2': 0.009999999776482582}}, 'bias_regularizer': None, 'activity_regularizer': None, 'kernel_constraint': None, 'bias_constraint': None}}, {'class_name': 'Dropout', 'config': {'name': 'dropout_2', 'trainable': True, 'dtype': 'float32', 'rate': 0.5, 'noise_shape': None, 'seed': None}}]}

@LAYER2       @@@@@@@@@@@@@@@@@@@@@@
[94mModel: "sequential_1"[0m
[94m_________________________________________________________________[0m
[94mLayer (type)                 Output Shape              Param #   [0m
[94m=================================================================[0m
[94mlambda_1 (Lambda)            (None, 75, 75, 1)         0         [0m
[94m_________________________________________________________________[0m
[94mbatch_normalization_1 (Batch (None, 75, 75, 1)         4         [0m
[94m_________________________________________________________________[0m
[94mconv2d_8 (Conv2D)            (None, 75, 75, 32)        320       [0m
[94m_________________________________________________________________[0m
[94mconv2d_9 (Conv2D)            (None, 75, 75, 32)        9248      [0m
[94m_________________________________________________________________[0m
[94mmax_pooling2d_3 (MaxPooling2 (None, 37, 37, 32)        0         [0m
[94m_________________________________________________________________[0m
[94mconv2d_10 (Conv2D)           (None, 37, 37, 64)        32832     [0m
[94m_________________________________________________________________[0m
[94mconv2d_11 (Conv2D)           (None, 37, 37, 64)        65600     [0m
[94m_________________________________________________________________[0m
[94mmax_pooling2d_4 (MaxPooling2 (None, 18, 18, 64)        0         [0m
[94m_________________________________________________________________[0m
[94mconv2d_12 (Conv2D)           (None, 18, 18, 256)       590080    [0m
[94m_________________________________________________________________[0m
[94mmax_pooling2d_5 (MaxPooling2 (None, 9, 9, 256)         0         [0m
[94m_________________________________________________________________[0m
[94mdropout_3 (Dropout)          (None, 9, 9, 256)         0         [0m
[94m_________________________________________________________________[0m
[94mflatten_1 (Flatten)          (None, 20736)             0         [0m
[94m_________________________________________________________________[0m
[94mdense_2 (Dense)              (None, 256)               5308672   [0m
[94m_________________________________________________________________[0m
[94mdropout_4 (Dropout)          (None, 256)               0         [0m
[94m=================================================================[0m
[94mTotal params: 6,006,756[0m
[94mTrainable params: 6,006,754[0m
[94mNon-trainable params: 2[0m
[94m_________________________________________________________________[0m
None
[92m%Optimizer:
[0m {'name': 'Adam', 'learning_rate': 0.001, 'decay': 0.0, 'beta_1': 0.9, 'beta_2': 0.999, 'epsilon': 1e-07, 'amsgrad': False}
[92m%Layer detail:
[0m {'name': 'sequential_1', 'layers': [{'class_name': 'InputLayer', 'config': {'batch_input_shape': (None, 75, 75, 2), 'dtype': 'float32', 'sparse': False, 'ragged': False, 'name': 'lambda_1_input'}}, {'class_name': 'Lambda', 'config': {'name': 'lambda_1', 'trainable': True, 'dtype': 'float32', 'function': ('4wEAAAAAAAAAAAAAAAEAAAAHAAAAUwAAAHMkAAAAdACgAXwAZABkAIUCZABkAIUCZABkAIUCZAFm\nBBkAZAKhAlMAKQNO6QEAAADp/////6kC2gJ0ZtoLZXhwYW5kX2RpbXOpAdoBeKkAcggAAAD6Hy9o\nb21lL3NhbWh1YW5nL01ML0NOTi9tb2RlbHMucHnaCDxsYW1iZGE+TAAAAPMAAAAA\n', None, None), 'function_type': 'lambda', 'module': 'models', 'output_shape': None, 'output_shape_type': 'raw', 'output_shape_module': None, 'arguments': {}}}, {'class_name': 'BatchNormalization', 'config': {'name': 'batch_normalization_1', 'trainable': True, 'dtype': 'float32', 'axis': ListWrapper([3]), 'momentum': 0.99, 'epsilon': 0.001, 'center': True, 'scale': True, 'beta_initializer': {'class_name': 'Zeros', 'config': {}}, 'gamma_initializer': {'class_name': 'Ones', 'config': {}}, 'moving_mean_initializer': {'class_name': 'Zeros', 'config': {}}, 'moving_variance_initializer': {'class_name': 'Ones', 'config': {}}, 'beta_regularizer': None, 'gamma_regularizer': None, 'beta_constraint': None, 'gamma_constraint': None}}, {'class_name': 'Conv2D', 'config': {'name': 'conv2d_8', 'trainable': True, 'dtype': 'float32', 'filters': 32, 'kernel_size': (3, 3), 'strides': (1, 1), 'padding': 'same', 'data_format': 'channels_last', 'dilation_rate': (1, 1), 'groups': 1, 'activation': 'relu', 'use_bias': True, 'kernel_initializer': {'class_name': 'GlorotUniform', 'config': {'seed': None}}, 'bias_initializer': {'class_name': 'Zeros', 'config': {}}, 'kernel_regularizer': {'class_name': 'L2', 'config': {'l2': 0.009999999776482582}}, 'bias_regularizer': None, 'activity_regularizer': None, 'kernel_constraint': None, 'bias_constraint': None}}, {'class_name': 'Conv2D', 'config': {'name': 'conv2d_9', 'trainable': True, 'dtype': 'float32', 'filters': 32, 'kernel_size': (3, 3), 'strides': (1, 1), 'padding': 'same', 'data_format': 'channels_last', 'dilation_rate': (1, 1), 'groups': 1, 'activation': 'relu', 'use_bias': True, 'kernel_initializer': {'class_name': 'GlorotUniform', 'config': {'seed': None}}, 'bias_initializer': {'class_name': 'Zeros', 'config': {}}, 'kernel_regularizer': None, 'bias_regularizer': None, 'activity_regularizer': None, 'kernel_constraint': None, 'bias_constraint': None}}, {'class_name': 'MaxPooling2D', 'config': {'name': 'max_pooling2d_3', 'trainable': True, 'dtype': 'float32', 'pool_size': (2, 2), 'padding': 'valid', 'strides': (2, 2), 'data_format': 'channels_last'}}, {'class_name': 'Conv2D', 'config': {'name': 'conv2d_10', 'trainable': True, 'dtype': 'float32', 'filters': 64, 'kernel_size': (4, 4), 'strides': (1, 1), 'padding': 'same', 'data_format': 'channels_last', 'dilation_rate': (1, 1), 'groups': 1, 'activation': 'relu', 'use_bias': True, 'kernel_initializer': {'class_name': 'GlorotUniform', 'config': {'seed': None}}, 'bias_initializer': {'class_name': 'Zeros', 'config': {}}, 'kernel_regularizer': None, 'bias_regularizer': None, 'activity_regularizer': None, 'kernel_constraint': None, 'bias_constraint': None}}, {'class_name': 'Conv2D', 'config': {'name': 'conv2d_11', 'trainable': True, 'dtype': 'float32', 'filters': 64, 'kernel_size': (4, 4), 'strides': (1, 1), 'padding': 'same', 'data_format': 'channels_last', 'dilation_rate': (1, 1), 'groups': 1, 'activation': 'relu', 'use_bias': True, 'kernel_initializer': {'class_name': 'GlorotUniform', 'config': {'seed': None}}, 'bias_initializer': {'class_name': 'Zeros', 'config': {}}, 'kernel_regularizer': None, 'bias_regularizer': None, 'activity_regularizer': None, 'kernel_constraint': None, 'bias_constraint': None}}, {'class_name': 'MaxPooling2D', 'config': {'name': 'max_pooling2d_4', 'trainable': True, 'dtype': 'float32', 'pool_size': (2, 2), 'padding': 'valid', 'strides': (2, 2), 'data_format': 'channels_last'}}, {'class_name': 'Conv2D', 'config': {'name': 'conv2d_12', 'trainable': True, 'dtype': 'float32', 'filters': 256, 'kernel_size': (6, 6), 'strides': (1, 1), 'padding': 'same', 'data_format': 'channels_last', 'dilation_rate': (1, 1), 'groups': 1, 'activation': 'relu', 'use_bias': True, 'kernel_initializer': {'class_name': 'GlorotUniform', 'config': {'seed': None}}, 'bias_initializer': {'class_name': 'Zeros', 'config': {}}, 'kernel_regularizer': None, 'bias_regularizer': None, 'activity_regularizer': None, 'kernel_constraint': None, 'bias_constraint': None}}, {'class_name': 'MaxPooling2D', 'config': {'name': 'max_pooling2d_5', 'trainable': True, 'dtype': 'float32', 'pool_size': (2, 2), 'padding': 'valid', 'strides': (2, 2), 'data_format': 'channels_last'}}, {'class_name': 'Dropout', 'config': {'name': 'dropout_3', 'trainable': True, 'dtype': 'float32', 'rate': 0.1, 'noise_shape': None, 'seed': None}}, {'class_name': 'Flatten', 'config': {'name': 'flatten_1', 'trainable': True, 'dtype': 'float32', 'data_format': 'channels_last'}}, {'class_name': 'Dense', 'config': {'name': 'dense_2', 'trainable': True, 'dtype': 'float32', 'units': 256, 'activation': 'relu', 'use_bias': True, 'kernel_initializer': {'class_name': 'GlorotUniform', 'config': {'seed': None}}, 'bias_initializer': {'class_name': 'Zeros', 'config': {}}, 'kernel_regularizer': {'class_name': 'L2', 'config': {'l2': 0.009999999776482582}}, 'bias_regularizer': None, 'activity_regularizer': None, 'kernel_constraint': None, 'bias_constraint': None}}, {'class_name': 'Dropout', 'config': {'name': 'dropout_4', 'trainable': True, 'dtype': 'float32', 'rate': 0.5, 'noise_shape': None, 'seed': None}}]}

@LAYER3       @@@@@@@@@@@@@@@@@@@@@@
[92m%Layer detail:
[0m {'name': 'dense_3', 'trainable': True, 'dtype': 'float32', 'units': 3, 'activation': 'softmax', 'use_bias': True, 'kernel_initializer': {'class_name': 'GlorotUniform', 'config': {'seed': None}}, 'bias_initializer': {'class_name': 'Zeros', 'config': {}}, 'kernel_regularizer': None, 'bias_regularizer': None, 'activity_regularizer': None, 'kernel_constraint': None, 'bias_constraint': None}

****************************************************
history keys:
 dict_keys(['loss', 'accuracy', 'val_loss', 'val_accuracy'])
history params:
 {'verbose': 1, 'epochs': 500, 'steps': None}
****************************************************
$$$$$$$$$$$$$$$$$$$$$$$$$$$$$$$$$$$$$$$$$$$$$$$$$$$$$$
$$$$$$$$$$$$$$$$$$$$$$$$$$$$$$$$$$$$$$$$$$$$$$$$$$$$$$
The data set contains images
72123/72123 [==============================] - 572s 8ms/step - loss: 0.6968 - accuracy: 0.7104
Testing Loss = 0.696825, Testing Accuracy = 0.710356
The data set contains images
[[0.34788012504577637, 0.011037606745958328, 0.641082227230072], [0.053701918572187424, 0.6517586708068848, 0.2945393919944763], [0.27201834321022034, 0.6349959969520569, 0.09298567473888397], [0.9223458170890808, 0.02117588371038437, 0.05647820979356766], [0.9548335671424866, 0.013378034345805645, 0.03178839012980461], [0.5763447880744934, 0.2512003183364868, 0.17245489358901978], [0.018526051193475723, 0.10886197537183762, 0.872611939907074], [0.9681821465492249, 0.026781313121318817, 0.005036578513681889], [0.03443789854645729, 0.08358390629291534, 0.8819781541824341], [0.02028392069041729, 0.02523285336792469, 0.9544832706451416]]
[[1.0, 0.0, 0.0], [0.0, 0.0, 1.0], [0.0, 1.0, 0.0], [1.0, 0.0, 0.0], [1.0, 0.0, 0.0], [0.0, 1.0, 0.0], [0.0, 0.0, 1.0], [1.0, 0.0, 0.0], [0.0, 0.0, 1.0], [0.0, 0.0, 1.0]]
3
$W^+$ (auc = 0.88)
$W^-$ (auc = 0.87)
$Z$ (auc = 0.86)
