

$$$$$$$$$$$$$$$$$$$$$$$$$$$$$$$$$$$$$$$$$
New Run
Current date and time = 2022-08-19 15:10:44.909421
$$$$$$$$$$$$$$$$$$$$$$$$$$$$$$$$$$$$$$$$$
The data set contains images
The data set contains images
Epoch 1/500
 - accuracy: 0.4238    452/Unknown - 33s 58ms/step - loss: 5.0882 - accuracy: 0.4238

$$$$$$$$$$$$$$$$$$$$$$$$$$$$$$$$$$$$$$$$$
New Run
Current date and time = 2022-08-20 21:33:43.528929
$$$$$$$$$$$$$$$$$$$$$$$$$$$$$$$$$$$$$$$$$


$$$$$$$$$$$$$$$$$$$$$$$$$$$$$$$$$$$$$$$$$
New Run
Current date and time = 2022-08-20 21:34:42.218179
$$$$$$$$$$$$$$$$$$$$$$$$$$$$$$$$$$$$$$$$$
The data set contains images
The data set contains images
Epoch 1/500
795/795 [==============================] - 86s 69ms/step - loss: 3.4666 - accuracy: 0.6373 - val_loss: 1.0150 - val_accuracy: 0.6930

Epoch 00001: val_loss improved from inf to 1.01496, saving model to best_model_ternary_CNN_kappa0.15/
Epoch 2/500
795/795 [==============================] - 56s 70ms/step - loss: 0.8384 - accuracy: 0.6895 - val_loss: 0.7494 - val_accuracy: 0.6996

Epoch 00002: val_loss improved from 1.01496 to 0.74941, saving model to best_model_ternary_CNN_kappa0.15/
Epoch 3/500
795/795 [==============================] - 107s 134ms/step - loss: 0.7461 - accuracy: 0.6969 - val_loss: 0.7267 - val_accuracy: 0.7032

Epoch 00003: val_loss improved from 0.74941 to 0.72671, saving model to best_model_ternary_CNN_kappa0.15/
Epoch 4/500
795/795 [==============================] - 105s 132ms/step - loss: 0.7319 - accuracy: 0.7017 - val_loss: 0.7226 - val_accuracy: 0.7043

Epoch 00004: val_loss improved from 0.72671 to 0.72258, saving model to best_model_ternary_CNN_kappa0.15/
Epoch 5/500
795/795 [==============================] - 108s 136ms/step - loss: 0.7251 - accuracy: 0.7044 - val_loss: 0.7204 - val_accuracy: 0.7032

Epoch 00005: val_loss improved from 0.72258 to 0.72039, saving model to best_model_ternary_CNN_kappa0.15/
Epoch 6/500
795/795 [==============================] - 103s 129ms/step - loss: 0.7198 - accuracy: 0.7072 - val_loss: 0.7183 - val_accuracy: 0.7039

Epoch 00006: val_loss improved from 0.72039 to 0.71833, saving model to best_model_ternary_CNN_kappa0.15/
Epoch 7/500
795/795 [==============================] - 108s 135ms/step - loss: 0.7149 - accuracy: 0.7099 - val_loss: 0.7154 - val_accuracy: 0.7058

Epoch 00007: val_loss improved from 0.71833 to 0.71543, saving model to best_model_ternary_CNN_kappa0.15/
Epoch 8/500
795/795 [==============================] - 103s 129ms/step - loss: 0.7112 - accuracy: 0.7115 - val_loss: 0.7114 - val_accuracy: 0.7077

Epoch 00008: val_loss improved from 0.71543 to 0.71138, saving model to best_model_ternary_CNN_kappa0.15/
Epoch 9/500
795/795 [==============================] - 108s 135ms/step - loss: 0.7069 - accuracy: 0.7139 - val_loss: 0.7058 - val_accuracy: 0.7105

Epoch 00009: val_loss improved from 0.71138 to 0.70582, saving model to best_model_ternary_CNN_kappa0.15/
Epoch 10/500
795/795 [==============================] - 102s 129ms/step - loss: 0.7030 - accuracy: 0.7166 - val_loss: 0.7060 - val_accuracy: 0.7110

Epoch 00010: val_loss did not improve from 0.70582
Epoch 11/500
795/795 [==============================] - 107s 135ms/step - loss: 0.6992 - accuracy: 0.7186 - val_loss: 0.7032 - val_accuracy: 0.7119

Epoch 00011: val_loss improved from 0.70582 to 0.70321, saving model to best_model_ternary_CNN_kappa0.15/
Epoch 12/500
795/795 [==============================] - 105s 132ms/step - loss: 0.6959 - accuracy: 0.7211 - val_loss: 0.6985 - val_accuracy: 0.7147

Epoch 00012: val_loss improved from 0.70321 to 0.69853, saving model to best_model_ternary_CNN_kappa0.15/
Epoch 13/500
795/795 [==============================] - 107s 135ms/step - loss: 0.6921 - accuracy: 0.7229 - val_loss: 0.6980 - val_accuracy: 0.7159

Epoch 00013: val_loss improved from 0.69853 to 0.69797, saving model to best_model_ternary_CNN_kappa0.15/
Epoch 14/500
795/795 [==============================] - 107s 135ms/step - loss: 0.6894 - accuracy: 0.7246 - val_loss: 0.6950 - val_accuracy: 0.7164

Epoch 00014: val_loss improved from 0.69797 to 0.69496, saving model to best_model_ternary_CNN_kappa0.15/
Epoch 15/500
795/795 [==============================] - 107s 135ms/step - loss: 0.6863 - accuracy: 0.7254 - val_loss: 0.6937 - val_accuracy: 0.7169

Epoch 00015: val_loss improved from 0.69496 to 0.69368, saving model to best_model_ternary_CNN_kappa0.15/
Epoch 16/500
795/795 [==============================] - 101s 126ms/step - loss: 0.6844 - accuracy: 0.7272 - val_loss: 0.6936 - val_accuracy: 0.7174

Epoch 00016: val_loss improved from 0.69368 to 0.69357, saving model to best_model_ternary_CNN_kappa0.15/
Epoch 17/500
795/795 [==============================] - 108s 135ms/step - loss: 0.6815 - accuracy: 0.7281 - val_loss: 0.6937 - val_accuracy: 0.7181

Epoch 00017: val_loss did not improve from 0.69357
Epoch 18/500
795/795 [==============================] - 106s 133ms/step - loss: 0.6797 - accuracy: 0.7292 - val_loss: 0.6907 - val_accuracy: 0.7189

Epoch 00018: val_loss improved from 0.69357 to 0.69066, saving model to best_model_ternary_CNN_kappa0.15/
Epoch 19/500
795/795 [==============================] - 107s 135ms/step - loss: 0.6774 - accuracy: 0.7309 - val_loss: 0.6930 - val_accuracy: 0.7183

Epoch 00019: val_loss did not improve from 0.69066
Epoch 20/500
795/795 [==============================] - 103s 129ms/step - loss: 0.6757 - accuracy: 0.7316 - val_loss: 0.6925 - val_accuracy: 0.7182

Epoch 00020: val_loss did not improve from 0.69066
Epoch 21/500
795/795 [==============================] - 108s 135ms/step - loss: 0.6729 - accuracy: 0.7335 - val_loss: 0.6906 - val_accuracy: 0.7202

Epoch 00021: val_loss improved from 0.69066 to 0.69060, saving model to best_model_ternary_CNN_kappa0.15/
Epoch 22/500
795/795 [==============================] - 103s 129ms/step - loss: 0.6714 - accuracy: 0.7343 - val_loss: 0.6911 - val_accuracy: 0.7201

Epoch 00022: val_loss did not improve from 0.69060
Epoch 23/500
795/795 [==============================] - 107s 135ms/step - loss: 0.6686 - accuracy: 0.7360 - val_loss: 0.6942 - val_accuracy: 0.7177

Epoch 00023: val_loss did not improve from 0.69060
Epoch 24/500
795/795 [==============================] - 103s 129ms/step - loss: 0.6672 - accuracy: 0.7375 - val_loss: 0.6912 - val_accuracy: 0.7192

Epoch 00024: val_loss did not improve from 0.69060
Epoch 25/500
795/795 [==============================] - 107s 135ms/step - loss: 0.6647 - accuracy: 0.7390 - val_loss: 0.6924 - val_accuracy: 0.7192

Epoch 00025: val_loss did not improve from 0.69060
Epoch 26/500
795/795 [==============================] - 102s 129ms/step - loss: 0.6627 - accuracy: 0.7399 - val_loss: 0.6947 - val_accuracy: 0.7184

Epoch 00026: val_loss did not improve from 0.69060
Epoch 27/500
795/795 [==============================] - 107s 135ms/step - loss: 0.6610 - accuracy: 0.7405 - val_loss: 0.6947 - val_accuracy: 0.7176

Epoch 00027: val_loss did not improve from 0.69060
Epoch 28/500
795/795 [==============================] - 103s 129ms/step - loss: 0.6588 - accuracy: 0.7415 - val_loss: 0.6893 - val_accuracy: 0.7211

Epoch 00028: val_loss improved from 0.69060 to 0.68926, saving model to best_model_ternary_CNN_kappa0.15/
Epoch 29/500
795/795 [==============================] - 107s 135ms/step - loss: 0.6566 - accuracy: 0.7431 - val_loss: 0.6937 - val_accuracy: 0.7189

Epoch 00029: val_loss did not improve from 0.68926
Epoch 30/500
795/795 [==============================] - 103s 129ms/step - loss: 0.6542 - accuracy: 0.7456 - val_loss: 0.6932 - val_accuracy: 0.7205

Epoch 00030: val_loss did not improve from 0.68926
Epoch 31/500
795/795 [==============================] - 107s 135ms/step - loss: 0.6524 - accuracy: 0.7459 - val_loss: 0.6961 - val_accuracy: 0.7179

Epoch 00031: val_loss did not improve from 0.68926
Epoch 32/500
795/795 [==============================] - 103s 129ms/step - loss: 0.6507 - accuracy: 0.7471 - val_loss: 0.6920 - val_accuracy: 0.7202

Epoch 00032: val_loss did not improve from 0.68926
Epoch 33/500
795/795 [==============================] - 108s 135ms/step - loss: 0.6473 - accuracy: 0.7490 - val_loss: 0.6973 - val_accuracy: 0.7184

Epoch 00033: val_loss did not improve from 0.68926
Epoch 34/500
795/795 [==============================] - 102s 129ms/step - loss: 0.6454 - accuracy: 0.7516 - val_loss: 0.6958 - val_accuracy: 0.7191

Epoch 00034: val_loss did not improve from 0.68926
Epoch 35/500
795/795 [==============================] - 107s 135ms/step - loss: 0.6427 - accuracy: 0.7524 - val_loss: 0.7015 - val_accuracy: 0.7165

Epoch 00035: val_loss did not improve from 0.68926
Epoch 36/500
795/795 [==============================] - 103s 129ms/step - loss: 0.6402 - accuracy: 0.7541 - val_loss: 0.6981 - val_accuracy: 0.7185

Epoch 00036: val_loss did not improve from 0.68926
Epoch 37/500
795/795 [==============================] - 108s 135ms/step - loss: 0.6375 - accuracy: 0.7556 - val_loss: 0.7010 - val_accuracy: 0.7177

Epoch 00037: val_loss did not improve from 0.68926
Epoch 38/500
795/795 [==============================] - 107s 135ms/step - loss: 0.6346 - accuracy: 0.7581 - val_loss: 0.7058 - val_accuracy: 0.7165

Epoch 00038: val_loss did not improve from 0.68926
Epoch 00038: early stopping
The data set contains images
127283/127283 [==============================] - 666s 5ms/step - loss: 0.7425 - accuracy: 0.6962
Testing Loss = 0.742479, Testing Accuracy = 0.696173
The data set contains images
[[0.40256598591804504, 0.5291622281074524, 0.06827180087566376], [0.3736947178840637, 0.5288774967193604, 0.09742776304483414], [0.023221168667078018, 0.911350429058075, 0.06542842835187912], [0.2912486493587494, 0.04826107248663902, 0.6604902744293213], [0.7997586131095886, 0.06662650406360626, 0.1336149126291275], [0.18206259608268738, 0.10433021187782288, 0.7136071920394897], [0.008165997453033924, 0.3031688332557678, 0.6886651515960693], [0.40929701924324036, 0.309902161359787, 0.28080081939697266], [0.04413123056292534, 0.4125598073005676, 0.5433089733123779], [0.9294219017028809, 0.02388077788054943, 0.04669729247689247]]
[[1.0, 0.0, 0.0], [0.0, 1.0, 0.0], [0.0, 1.0, 0.0], [1.0, 0.0, 0.0], [1.0, 0.0, 0.0], [1.0, 0.0, 0.0], [0.0, 0.0, 1.0], [1.0, 0.0, 0.0], [0.0, 0.0, 1.0], [1.0, 0.0, 0.0]]
3


$$$$$$$$$$$$$$$$$$$$$$$$$$$$$$$$$$$$$$$$$
New Run
Current date and time = 2022-08-22 17:24:52.027440
$$$$$$$$$$$$$$$$$$$$$$$$$$$$$$$$$$$$$$$$$
The data set contains images
The data set contains images
Epoch 1/500
 - accuracy: 0.5911    384/Unknown - 40s 72ms/step - loss: 5.6096 - accuracy: 0.5913

$$$$$$$$$$$$$$$$$$$$$$$$$$$$$$$$$$$$$$$$$
New Run
Current date and time = 2022-08-22 17:25:56.800665
$$$$$$$$$$$$$$$$$$$$$$$$$$$$$$$$$$$$$$$$$
The data set contains images
The data set contains images
Epoch 1/500
795/795 [==============================] - 68s 79ms/step - loss: 3.4795 - accuracy: 0.6358 - val_loss: 1.0244 - val_accuracy: 0.6929

Epoch 00001: val_loss improved from inf to 1.02438, saving model to best_model_ternary_CNN_kappa0.15/
Epoch 2/500
795/795 [==============================] - 55s 69ms/step - loss: 0.8424 - accuracy: 0.6886 - val_loss: 0.7506 - val_accuracy: 0.6998

Epoch 00002: val_loss improved from 1.02438 to 0.75056, saving model to best_model_ternary_CNN_kappa0.15/
Epoch 3/500
795/795 [==============================] - 55s 69ms/step - loss: 0.7478 - accuracy: 0.6966 - val_loss: 0.7302 - val_accuracy: 0.7001

Epoch 00003: val_loss improved from 0.75056 to 0.73021, saving model to best_model_ternary_CNN_kappa0.15/
Epoch 4/500
795/795 [==============================] - 54s 68ms/step - loss: 0.7333 - accuracy: 0.7012 - val_loss: 0.7264 - val_accuracy: 0.7002

Epoch 00004: val_loss improved from 0.73021 to 0.72640, saving model to best_model_ternary_CNN_kappa0.15/
Epoch 5/500
795/795 [==============================] - 54s 68ms/step - loss: 0.7268 - accuracy: 0.7037 - val_loss: 0.7213 - val_accuracy: 0.7031

Epoch 00005: val_loss improved from 0.72640 to 0.72126, saving model to best_model_ternary_CNN_kappa0.15/
Epoch 6/500
795/795 [==============================] - 55s 69ms/step - loss: 0.7217 - accuracy: 0.7060 - val_loss: 0.7176 - val_accuracy: 0.7046

Epoch 00006: val_loss improved from 0.72126 to 0.71763, saving model to best_model_ternary_CNN_kappa0.15/
Epoch 7/500
795/795 [==============================] - 54s 68ms/step - loss: 0.7176 - accuracy: 0.7084 - val_loss: 0.7147 - val_accuracy: 0.7060

Epoch 00007: val_loss improved from 0.71763 to 0.71473, saving model to best_model_ternary_CNN_kappa0.15/
Epoch 8/500
795/795 [==============================] - 55s 69ms/step - loss: 0.7142 - accuracy: 0.7104 - val_loss: 0.7175 - val_accuracy: 0.7037

Epoch 00008: val_loss did not improve from 0.71473
Epoch 9/500
795/795 [==============================] - 54s 68ms/step - loss: 0.7104 - accuracy: 0.7124 - val_loss: 0.7110 - val_accuracy: 0.7069

Epoch 00009: val_loss improved from 0.71473 to 0.71104, saving model to best_model_ternary_CNN_kappa0.15/
Epoch 10/500
795/795 [==============================] - 54s 68ms/step - loss: 0.7064 - accuracy: 0.7146 - val_loss: 0.7108 - val_accuracy: 0.7073

Epoch 00010: val_loss improved from 0.71104 to 0.71076, saving model to best_model_ternary_CNN_kappa0.15/
Epoch 11/500
795/795 [==============================] - 54s 68ms/step - loss: 0.7034 - accuracy: 0.7166 - val_loss: 0.7123 - val_accuracy: 0.7054

Epoch 00011: val_loss did not improve from 0.71076
Epoch 12/500
795/795 [==============================] - 54s 68ms/step - loss: 0.6997 - accuracy: 0.7192 - val_loss: 0.7049 - val_accuracy: 0.7105

Epoch 00012: val_loss improved from 0.71076 to 0.70494, saving model to best_model_ternary_CNN_kappa0.15/
Epoch 13/500
795/795 [==============================] - 54s 68ms/step - loss: 0.6955 - accuracy: 0.7211 - val_loss: 0.7044 - val_accuracy: 0.7110

Epoch 00013: val_loss improved from 0.70494 to 0.70439, saving model to best_model_ternary_CNN_kappa0.15/
Epoch 14/500
795/795 [==============================] - 54s 68ms/step - loss: 0.6921 - accuracy: 0.7235 - val_loss: 0.6997 - val_accuracy: 0.7143

Epoch 00014: val_loss improved from 0.70439 to 0.69965, saving model to best_model_ternary_CNN_kappa0.15/
Epoch 15/500
795/795 [==============================] - 55s 69ms/step - loss: 0.6894 - accuracy: 0.7250 - val_loss: 0.6999 - val_accuracy: 0.7130

Epoch 00015: val_loss did not improve from 0.69965
Epoch 16/500
795/795 [==============================] - 54s 68ms/step - loss: 0.6865 - accuracy: 0.7261 - val_loss: 0.6937 - val_accuracy: 0.7180

Epoch 00016: val_loss improved from 0.69965 to 0.69366, saving model to best_model_ternary_CNN_kappa0.15/
Epoch 17/500
795/795 [==============================] - 54s 68ms/step - loss: 0.6839 - accuracy: 0.7281 - val_loss: 0.6938 - val_accuracy: 0.7163

Epoch 00017: val_loss did not improve from 0.69366
Epoch 18/500
795/795 [==============================] - 54s 68ms/step - loss: 0.6813 - accuracy: 0.7291 - val_loss: 0.6912 - val_accuracy: 0.7196

Epoch 00018: val_loss improved from 0.69366 to 0.69119, saving model to best_model_ternary_CNN_kappa0.15/
Epoch 19/500
795/795 [==============================] - 54s 68ms/step - loss: 0.6791 - accuracy: 0.7304 - val_loss: 0.6916 - val_accuracy: 0.7179

Epoch 00019: val_loss did not improve from 0.69119
Epoch 20/500
795/795 [==============================] - 54s 68ms/step - loss: 0.6764 - accuracy: 0.7321 - val_loss: 0.6943 - val_accuracy: 0.7170

Epoch 00020: val_loss did not improve from 0.69119
Epoch 21/500
795/795 [==============================] - 54s 68ms/step - loss: 0.6745 - accuracy: 0.7326 - val_loss: 0.6918 - val_accuracy: 0.7182

Epoch 00021: val_loss did not improve from 0.69119
Epoch 22/500
795/795 [==============================] - 55s 69ms/step - loss: 0.6720 - accuracy: 0.7346 - val_loss: 0.6923 - val_accuracy: 0.7185

Epoch 00022: val_loss did not improve from 0.69119
Epoch 23/500
795/795 [==============================] - 54s 68ms/step - loss: 0.6706 - accuracy: 0.7353 - val_loss: 0.6883 - val_accuracy: 0.7214

Epoch 00023: val_loss improved from 0.69119 to 0.68833, saving model to best_model_ternary_CNN_kappa0.15/
Epoch 24/500
795/795 [==============================] - 55s 69ms/step - loss: 0.6684 - accuracy: 0.7369 - val_loss: 0.6900 - val_accuracy: 0.7204

Epoch 00024: val_loss did not improve from 0.68833
Epoch 25/500
795/795 [==============================] - 54s 68ms/step - loss: 0.6657 - accuracy: 0.7389 - val_loss: 0.6920 - val_accuracy: 0.7197

Epoch 00025: val_loss did not improve from 0.68833
Epoch 26/500
795/795 [==============================] - 54s 68ms/step - loss: 0.6638 - accuracy: 0.7398 - val_loss: 0.6903 - val_accuracy: 0.7214

Epoch 00026: val_loss did not improve from 0.68833
Epoch 27/500
795/795 [==============================] - 54s 68ms/step - loss: 0.6610 - accuracy: 0.7415 - val_loss: 0.6914 - val_accuracy: 0.7206

Epoch 00027: val_loss did not improve from 0.68833
Epoch 28/500
795/795 [==============================] - 54s 68ms/step - loss: 0.6594 - accuracy: 0.7429 - val_loss: 0.6915 - val_accuracy: 0.7201

Epoch 00028: val_loss did not improve from 0.68833
Epoch 29/500
795/795 [==============================] - 55s 69ms/step - loss: 0.6574 - accuracy: 0.7441 - val_loss: 0.6954 - val_accuracy: 0.7190

Epoch 00029: val_loss did not improve from 0.68833
Epoch 30/500
795/795 [==============================] - 54s 68ms/step - loss: 0.6550 - accuracy: 0.7449 - val_loss: 0.6958 - val_accuracy: 0.7184

Epoch 00030: val_loss did not improve from 0.68833
Epoch 31/500
795/795 [==============================] - 54s 68ms/step - loss: 0.6534 - accuracy: 0.7464 - val_loss: 0.6919 - val_accuracy: 0.7205

Epoch 00031: val_loss did not improve from 0.68833
Epoch 32/500
795/795 [==============================] - 54s 68ms/step - loss: 0.6501 - accuracy: 0.7484 - val_loss: 0.6953 - val_accuracy: 0.7183

Epoch 00032: val_loss did not improve from 0.68833
Epoch 33/500
795/795 [==============================] - 54s 68ms/step - loss: 0.6485 - accuracy: 0.7497 - val_loss: 0.6972 - val_accuracy: 0.7194

Epoch 00033: val_loss did not improve from 0.68833
Epoch 00033: early stopping
Model: "CNN"
_________________________________________________________________
Layer (type)                 Output Shape              Param #   
=================================================================
sequential (Sequential)      (None, 512)               12127912  
_________________________________________________________________
dense_2 (Dense)              multiple                  1539      
=================================================================
Total params: 12,129,451
Trainable params: 12,129,447
Non-trainable params: 4
_________________________________________________________________
None
The data set contains images
127283/127283 [==============================] - 469s 4ms/step - loss: 0.7315 - accuracy: 0.6980
Testing Loss = 0.731488, Testing Accuracy = 0.698004
The data set contains images
[[0.10764285922050476, 0.07586690783500671, 0.8164901733398438], [0.060358766466379166, 0.08049172908067703, 0.8591495156288147], [0.3090173304080963, 0.42097339034080505, 0.27000927925109863], [0.226052388548851, 0.4014029800891876, 0.3725445866584778], [0.01200012769550085, 0.24741201102733612, 0.7405878901481628], [0.483524352312088, 0.41823285818099976, 0.09824271500110626], [0.3910561800003052, 0.06701736152172089, 0.5419265031814575], [0.3002298176288605, 0.6264704465866089, 0.07329974323511124], [0.046393461525440216, 0.21337305009365082, 0.7402334809303284], [0.7260863780975342, 0.01900673285126686, 0.25490695238113403]]
[[1.0, 0.0, 0.0], [0.0, 0.0, 1.0], [0.0, 1.0, 0.0], [0.0, 0.0, 1.0], [0.0, 1.0, 0.0], [0.0, 1.0, 0.0], [0.0, 0.0, 1.0], [0.0, 0.0, 1.0], [0.0, 0.0, 1.0], [1.0, 0.0, 0.0]]
3
$W^+$ (auc = 0.88)
$W^-$ (auc = 0.89)
$Z$ (auc = 0.84)


$$$$$$$$$$$$$$$$$$$$$$$$$$$$$$$$$$$$$$$$$
New Run
Current date and time = 2022-08-22 21:16:51.348897
$$$$$$$$$$$$$$$$$$$$$$$$$$$$$$$$$$$$$$$$$
The data set contains images
The data set contains images


$$$$$$$$$$$$$$$$$$$$$$$$$$$$$$$$$$$$$$$$$
New Run
Current date and time = 2022-08-22 21:17:23.045171
$$$$$$$$$$$$$$$$$$$$$$$$$$$$$$$$$$$$$$$$$
The data set contains images
The data set contains images
Epoch 1/500
795/795 [==============================] - 82s 85ms/step - loss: 3.4392 - accuracy: 0.6386 - val_loss: 1.0204 - val_accuracy: 0.6911

Epoch 00001: val_loss improved from inf to 1.02038, saving model to best_model_ternary_CNN_kappa0.15/
Epoch 2/500
795/795 [==============================] - 54s 68ms/step - loss: 0.8396 - accuracy: 0.6890 - val_loss: 0.7481 - val_accuracy: 0.6997

Epoch 00002: val_loss improved from 1.02038 to 0.74808, saving model to best_model_ternary_CNN_kappa0.15/
Epoch 3/500
795/795 [==============================] - 54s 67ms/step - loss: 0.7462 - accuracy: 0.6976 - val_loss: 0.7299 - val_accuracy: 0.7011

Epoch 00003: val_loss improved from 0.74808 to 0.72987, saving model to best_model_ternary_CNN_kappa0.15/
Epoch 4/500
795/795 [==============================] - 54s 67ms/step - loss: 0.7320 - accuracy: 0.7018 - val_loss: 0.7221 - val_accuracy: 0.7046

Epoch 00004: val_loss improved from 0.72987 to 0.72211, saving model to best_model_ternary_CNN_kappa0.15/
Epoch 5/500
795/795 [==============================] - 184s 232ms/step - loss: 0.7253 - accuracy: 0.7047 - val_loss: 0.7240 - val_accuracy: 0.7004

Epoch 00005: val_loss did not improve from 0.72211
Epoch 6/500
795/795 [==============================] - 236s 297ms/step - loss: 0.7212 - accuracy: 0.7065 - val_loss: 0.7172 - val_accuracy: 0.7049

Epoch 00006: val_loss improved from 0.72211 to 0.71723, saving model to best_model_ternary_CNN_kappa0.15/
Epoch 7/500
795/795 [==============================] - 72s 90ms/step - loss: 0.7163 - accuracy: 0.7089 - val_loss: 0.7188 - val_accuracy: 0.7027

Epoch 00007: val_loss did not improve from 0.71723
Epoch 8/500
795/795 [==============================] - 55s 69ms/step - loss: 0.7125 - accuracy: 0.7114 - val_loss: 0.7118 - val_accuracy: 0.7077

Epoch 00008: val_loss improved from 0.71723 to 0.71180, saving model to best_model_ternary_CNN_kappa0.15/
Epoch 9/500
795/795 [==============================] - 55s 69ms/step - loss: 0.7094 - accuracy: 0.7130 - val_loss: 0.7091 - val_accuracy: 0.7085

Epoch 00009: val_loss improved from 0.71180 to 0.70914, saving model to best_model_ternary_CNN_kappa0.15/
Epoch 10/500
795/795 [==============================] - 55s 69ms/step - loss: 0.7048 - accuracy: 0.7155 - val_loss: 0.7079 - val_accuracy: 0.7091

Epoch 00010: val_loss improved from 0.70914 to 0.70786, saving model to best_model_ternary_CNN_kappa0.15/
Epoch 11/500
795/795 [==============================] - 55s 69ms/step - loss: 0.7004 - accuracy: 0.7176 - val_loss: 0.7044 - val_accuracy: 0.7112

Epoch 00011: val_loss improved from 0.70786 to 0.70442, saving model to best_model_ternary_CNN_kappa0.15/
Epoch 12/500
795/795 [==============================] - 55s 69ms/step - loss: 0.6969 - accuracy: 0.7204 - val_loss: 0.7022 - val_accuracy: 0.7126

Epoch 00012: val_loss improved from 0.70442 to 0.70219, saving model to best_model_ternary_CNN_kappa0.15/
Epoch 13/500
795/795 [==============================] - 55s 69ms/step - loss: 0.6935 - accuracy: 0.7220 - val_loss: 0.7020 - val_accuracy: 0.7130

Epoch 00013: val_loss improved from 0.70219 to 0.70203, saving model to best_model_ternary_CNN_kappa0.15/
Epoch 14/500
795/795 [==============================] - 54s 68ms/step - loss: 0.6900 - accuracy: 0.7241 - val_loss: 0.6958 - val_accuracy: 0.7173

Epoch 00014: val_loss improved from 0.70203 to 0.69583, saving model to best_model_ternary_CNN_kappa0.15/
Epoch 15/500
795/795 [==============================] - 55s 69ms/step - loss: 0.6872 - accuracy: 0.7254 - val_loss: 0.6954 - val_accuracy: 0.7167

Epoch 00015: val_loss improved from 0.69583 to 0.69544, saving model to best_model_ternary_CNN_kappa0.15/
Epoch 16/500
795/795 [==============================] - 55s 69ms/step - loss: 0.6843 - accuracy: 0.7269 - val_loss: 0.6937 - val_accuracy: 0.7176

Epoch 00016: val_loss improved from 0.69544 to 0.69371, saving model to best_model_ternary_CNN_kappa0.15/
Epoch 17/500
795/795 [==============================] - 55s 69ms/step - loss: 0.6819 - accuracy: 0.7282 - val_loss: 0.6896 - val_accuracy: 0.7206

Epoch 00017: val_loss improved from 0.69371 to 0.68960, saving model to best_model_ternary_CNN_kappa0.15/
Epoch 18/500
795/795 [==============================] - 55s 70ms/step - loss: 0.6793 - accuracy: 0.7297 - val_loss: 0.6891 - val_accuracy: 0.7195

Epoch 00018: val_loss improved from 0.68960 to 0.68910, saving model to best_model_ternary_CNN_kappa0.15/
Epoch 19/500
795/795 [==============================] - 54s 68ms/step - loss: 0.6776 - accuracy: 0.7316 - val_loss: 0.6870 - val_accuracy: 0.7223

Epoch 00019: val_loss improved from 0.68910 to 0.68701, saving model to best_model_ternary_CNN_kappa0.15/
Epoch 20/500
795/795 [==============================] - 54s 68ms/step - loss: 0.6756 - accuracy: 0.7320 - val_loss: 0.6893 - val_accuracy: 0.7195

Epoch 00020: val_loss did not improve from 0.68701
Epoch 21/500
795/795 [==============================] - 55s 68ms/step - loss: 0.6729 - accuracy: 0.7339 - val_loss: 0.6883 - val_accuracy: 0.7206

Epoch 00021: val_loss did not improve from 0.68701
Epoch 22/500
795/795 [==============================] - 55s 69ms/step - loss: 0.6712 - accuracy: 0.7341 - val_loss: 0.6881 - val_accuracy: 0.7207

Epoch 00022: val_loss did not improve from 0.68701
Epoch 23/500
795/795 [==============================] - 130s 164ms/step - loss: 0.6690 - accuracy: 0.7358 - val_loss: 0.6877 - val_accuracy: 0.7208

Epoch 00023: val_loss did not improve from 0.68701
Epoch 24/500
795/795 [==============================] - 170s 213ms/step - loss: 0.6671 - accuracy: 0.7370 - val_loss: 0.6864 - val_accuracy: 0.7225

Epoch 00024: val_loss improved from 0.68701 to 0.68636, saving model to best_model_ternary_CNN_kappa0.15/
Epoch 25/500
795/795 [==============================] - 76s 95ms/step - loss: 0.6651 - accuracy: 0.7383 - val_loss: 0.6876 - val_accuracy: 0.7221

Epoch 00025: val_loss did not improve from 0.68636
Epoch 26/500
795/795 [==============================] - 56s 68ms/step - loss: 0.6626 - accuracy: 0.7396 - val_loss: 0.6881 - val_accuracy: 0.7216

Epoch 00026: val_loss did not improve from 0.68636
Epoch 27/500
795/795 [==============================] - 55s 69ms/step - loss: 0.6609 - accuracy: 0.7407 - val_loss: 0.6880 - val_accuracy: 0.7220

Epoch 00027: val_loss did not improve from 0.68636
Epoch 28/500
795/795 [==============================] - 55s 69ms/step - loss: 0.6593 - accuracy: 0.7418 - val_loss: 0.6880 - val_accuracy: 0.7225

Epoch 00028: val_loss did not improve from 0.68636
Epoch 29/500
795/795 [==============================] - 54s 68ms/step - loss: 0.6576 - accuracy: 0.7430 - val_loss: 0.6931 - val_accuracy: 0.7197

Epoch 00029: val_loss did not improve from 0.68636
Epoch 30/500
795/795 [==============================] - 55s 69ms/step - loss: 0.6549 - accuracy: 0.7444 - val_loss: 0.6896 - val_accuracy: 0.7216

Epoch 00030: val_loss did not improve from 0.68636
Epoch 31/500
795/795 [==============================] - 55s 69ms/step - loss: 0.6520 - accuracy: 0.7461 - val_loss: 0.6904 - val_accuracy: 0.7212

Epoch 00031: val_loss did not improve from 0.68636
Epoch 32/500
795/795 [==============================] - 54s 68ms/step - loss: 0.6511 - accuracy: 0.7477 - val_loss: 0.6901 - val_accuracy: 0.7224

Epoch 00032: val_loss did not improve from 0.68636
Epoch 33/500
795/795 [==============================] - 55s 69ms/step - loss: 0.6482 - accuracy: 0.7490 - val_loss: 0.6922 - val_accuracy: 0.7216

Epoch 00033: val_loss did not improve from 0.68636
Epoch 34/500
795/795 [==============================] - 55s 69ms/step - loss: 0.6461 - accuracy: 0.7500 - val_loss: 0.6953 - val_accuracy: 0.7195

Epoch 00034: val_loss did not improve from 0.68636
Epoch 00034: early stopping
Model: "CNN_ternary"
_________________________________________________________________
Layer (type)                 Output Shape              Param #   
=================================================================
sequential (Sequential)      (None, 512)               12127912  
_________________________________________________________________
dense_2 (Dense)              multiple                  1539      
=================================================================
Total params: 12,129,451
Trainable params: 12,129,447
Non-trainable params: 4
_________________________________________________________________
None
The data set contains images
127283/127283 [==============================] - 522s 4ms/step - loss: 0.7304 - accuracy: 0.6977
Testing Loss = 0.730418, Testing Accuracy = 0.697666
The data set contains images
[[0.14026528596878052, 0.07199445366859436, 0.7877402305603027], [0.05909733101725578, 0.07356002181768417, 0.8673425912857056], [0.44155845046043396, 0.2013774961233139, 0.3570640981197357], [0.22045382857322693, 0.3528085947036743, 0.42673754692077637], [0.012545003555715084, 0.21384593844413757, 0.7736090421676636], [0.5057499408721924, 0.37872689962387085, 0.11552311480045319], [0.5234716534614563, 0.09207303822040558, 0.3844553530216217], [0.4037218987941742, 0.4519522488117218, 0.14432594180107117], [0.14733444154262543, 0.716134786605835, 0.13653069734573364], [0.8151450753211975, 0.03179091587662697, 0.1530640423297882]]
[[1.0, 0.0, 0.0], [0.0, 0.0, 1.0], [0.0, 1.0, 0.0], [0.0, 0.0, 1.0], [0.0, 1.0, 0.0], [0.0, 1.0, 0.0], [0.0, 0.0, 1.0], [0.0, 0.0, 1.0], [0.0, 0.0, 1.0], [1.0, 0.0, 0.0]]
3
$W^+$ (auc = 0.88)
$W^-$ (auc = 0.89)
$Z$ (auc = 0.84)


$$$$$$$$$$$$$$$$$$$$$$$$$$$$$$$$$$$$$$$$$
New Run
Current date and time = 2022-09-07 10:48:58.356192
$$$$$$$$$$$$$$$$$$$$$$$$$$$$$$$$$$$$$$$$$
The data set contains images
The data set contains images
Epoch 1/500
352/352 [==============================] - 41s 70ms/step - loss: 5.9055 - accuracy: 0.6003 - val_loss: 2.4707 - val_accuracy: 0.6498

Epoch 00001: val_loss improved from inf to 2.47069, saving model to best_model_ternary_CNN_kappa0.15/
Epoch 2/500
352/352 [==============================] - 24s 68ms/step - loss: 1.6542 - accuracy: 0.6758 - val_loss: 1.1393 - val_accuracy: 0.6934

Epoch 00002: val_loss improved from 2.47069 to 1.13932, saving model to best_model_ternary_CNN_kappa0.15/
Epoch 3/500
352/352 [==============================] - 24s 68ms/step - loss: 0.9765 - accuracy: 0.6842 - val_loss: 0.8328 - val_accuracy: 0.7002

Epoch 00003: val_loss improved from 1.13932 to 0.83283, saving model to best_model_ternary_CNN_kappa0.15/
Epoch 4/500
352/352 [==============================] - 24s 69ms/step - loss: 0.8128 - accuracy: 0.6890 - val_loss: 0.7580 - val_accuracy: 0.7040

Epoch 00004: val_loss improved from 0.83283 to 0.75804, saving model to best_model_ternary_CNN_kappa0.15/
Epoch 5/500
352/352 [==============================] - 24s 69ms/step - loss: 0.7677 - accuracy: 0.6923 - val_loss: 0.7344 - val_accuracy: 0.7055

Epoch 00005: val_loss improved from 0.75804 to 0.73435, saving model to best_model_ternary_CNN_kappa0.15/
Epoch 6/500
352/352 [==============================] - 24s 68ms/step - loss: 0.7518 - accuracy: 0.6939 - val_loss: 0.7267 - val_accuracy: 0.7069

Epoch 00006: val_loss improved from 0.73435 to 0.72673, saving model to best_model_ternary_CNN_kappa0.15/
Epoch 7/500
352/352 [==============================] - 24s 69ms/step - loss: 0.7435 - accuracy: 0.6962 - val_loss: 0.7241 - val_accuracy: 0.7070

Epoch 00007: val_loss improved from 0.72673 to 0.72413, saving model to best_model_ternary_CNN_kappa0.15/
Epoch 8/500
352/352 [==============================] - 24s 68ms/step - loss: 0.7384 - accuracy: 0.6982 - val_loss: 0.7181 - val_accuracy: 0.7092

Epoch 00008: val_loss improved from 0.72413 to 0.71812, saving model to best_model_ternary_CNN_kappa0.15/
Epoch 9/500
352/352 [==============================] - 25s 69ms/step - loss: 0.7358 - accuracy: 0.6989 - val_loss: 0.7183 - val_accuracy: 0.7084

Epoch 00009: val_loss did not improve from 0.71812
Epoch 10/500
352/352 [==============================] - 24s 69ms/step - loss: 0.7321 - accuracy: 0.7007 - val_loss: 0.7143 - val_accuracy: 0.7092

Epoch 00010: val_loss improved from 0.71812 to 0.71431, saving model to best_model_ternary_CNN_kappa0.15/
Epoch 11/500
352/352 [==============================] - 24s 69ms/step - loss: 0.7299 - accuracy: 0.7019 - val_loss: 0.7120 - val_accuracy: 0.7111

Epoch 00011: val_loss improved from 0.71431 to 0.71203, saving model to best_model_ternary_CNN_kappa0.15/
Epoch 12/500
352/352 [==============================] - 24s 68ms/step - loss: 0.7272 - accuracy: 0.7036 - val_loss: 0.7158 - val_accuracy: 0.7082

Epoch 00012: val_loss did not improve from 0.71203
Epoch 13/500
352/352 [==============================] - 24s 68ms/step - loss: 0.7244 - accuracy: 0.7054 - val_loss: 0.7126 - val_accuracy: 0.7101

Epoch 00013: val_loss did not improve from 0.71203
Epoch 14/500
352/352 [==============================] - 24s 69ms/step - loss: 0.7222 - accuracy: 0.7060 - val_loss: 0.7116 - val_accuracy: 0.7105

Epoch 00014: val_loss improved from 0.71203 to 0.71162, saving model to best_model_ternary_CNN_kappa0.15/
Epoch 15/500
352/352 [==============================] - 24s 69ms/step - loss: 0.7207 - accuracy: 0.7076 - val_loss: 0.7151 - val_accuracy: 0.7088

Epoch 00015: val_loss did not improve from 0.71162
Epoch 16/500
352/352 [==============================] - 24s 68ms/step - loss: 0.7174 - accuracy: 0.7090 - val_loss: 0.7114 - val_accuracy: 0.7098

Epoch 00016: val_loss improved from 0.71162 to 0.71139, saving model to best_model_ternary_CNN_kappa0.15/
Epoch 17/500
352/352 [==============================] - 24s 69ms/step - loss: 0.7164 - accuracy: 0.7095 - val_loss: 0.7138 - val_accuracy: 0.7098

Epoch 00017: val_loss did not improve from 0.71139
Epoch 18/500
352/352 [==============================] - 24s 69ms/step - loss: 0.7144 - accuracy: 0.7112 - val_loss: 0.7131 - val_accuracy: 0.7089

Epoch 00018: val_loss did not improve from 0.71139
Epoch 19/500
352/352 [==============================] - 24s 68ms/step - loss: 0.7117 - accuracy: 0.7128 - val_loss: 0.7138 - val_accuracy: 0.7097

Epoch 00019: val_loss did not improve from 0.71139
Epoch 20/500
352/352 [==============================] - 24s 68ms/step - loss: 0.7087 - accuracy: 0.7147 - val_loss: 0.7129 - val_accuracy: 0.7100

Epoch 00020: val_loss did not improve from 0.71139
Epoch 21/500
352/352 [==============================] - 24s 69ms/step - loss: 0.7058 - accuracy: 0.7173 - val_loss: 0.7164 - val_accuracy: 0.7094

Epoch 00021: val_loss did not improve from 0.71139
Epoch 22/500
352/352 [==============================] - 24s 69ms/step - loss: 0.7031 - accuracy: 0.7181 - val_loss: 0.7162 - val_accuracy: 0.7094

Epoch 00022: val_loss did not improve from 0.71139
Epoch 23/500
352/352 [==============================] - 24s 69ms/step - loss: 0.7004 - accuracy: 0.7209 - val_loss: 0.7216 - val_accuracy: 0.7080

Epoch 00023: val_loss did not improve from 0.71139
Epoch 24/500
352/352 [==============================] - 24s 69ms/step - loss: 0.6962 - accuracy: 0.7235 - val_loss: 0.7185 - val_accuracy: 0.7096

Epoch 00024: val_loss did not improve from 0.71139
Epoch 25/500
352/352 [==============================] - 24s 68ms/step - loss: 0.6925 - accuracy: 0.7258 - val_loss: 0.7241 - val_accuracy: 0.7091

Epoch 00025: val_loss did not improve from 0.71139
Epoch 26/500
352/352 [==============================] - 24s 69ms/step - loss: 0.6878 - accuracy: 0.7298 - val_loss: 0.7264 - val_accuracy: 0.7075

Epoch 00026: val_loss did not improve from 0.71139
Epoch 00026: early stopping
Model: "CNN_ternary"
_________________________________________________________________
Layer (type)                 Output Shape              Param #   
=================================================================
sequential (Sequential)      (None, 512)               12127912  
_________________________________________________________________
dense_2 (Dense)              multiple                  1539      
=================================================================
Total params: 12,129,451
Trainable params: 12,129,447
Non-trainable params: 4
_________________________________________________________________
None


$$$$$$$$$$$$$$$$$$$$$$$$$$$$$$$$$$$$$$$$$
New Run
Current date and time = 2022-09-07 11:56:52.156625
$$$$$$$$$$$$$$$$$$$$$$$$$$$$$$$$$$$$$$$$$
The data set contains images
The data set contains images
Epoch 1/500
352/352 [==============================] - 30s 69ms/step - loss: 5.9208 - accuracy: 0.5976 - val_loss: 2.4783 - val_accuracy: 0.6469

Epoch 00001: val_loss improved from inf to 2.47831, saving model to best_model_ternary_CNN_kappa0.15/
Epoch 2/500
352/352 [==============================] - 24s 68ms/step - loss: 1.6551 - accuracy: 0.6739 - val_loss: 1.1344 - val_accuracy: 0.6948

Epoch 00002: val_loss improved from 2.47831 to 1.13438, saving model to best_model_ternary_CNN_kappa0.15/
Epoch 3/500
352/352 [==============================] - 24s 69ms/step - loss: 0.9745 - accuracy: 0.6838 - val_loss: 0.8346 - val_accuracy: 0.6983

Epoch 00003: val_loss improved from 1.13438 to 0.83464, saving model to best_model_ternary_CNN_kappa0.15/
Epoch 4/500
352/352 [==============================] - 24s 69ms/step - loss: 0.8102 - accuracy: 0.6892 - val_loss: 0.7585 - val_accuracy: 0.7027

Epoch 00004: val_loss improved from 0.83464 to 0.75853, saving model to best_model_ternary_CNN_kappa0.15/
Epoch 5/500
352/352 [==============================] - 24s 68ms/step - loss: 0.7661 - accuracy: 0.6927 - val_loss: 0.7358 - val_accuracy: 0.7031

Epoch 00005: val_loss improved from 0.75853 to 0.73582, saving model to best_model_ternary_CNN_kappa0.15/
Epoch 6/500
352/352 [==============================] - 24s 68ms/step - loss: 0.7507 - accuracy: 0.6940 - val_loss: 0.7290 - val_accuracy: 0.7054

Epoch 00006: val_loss improved from 0.73582 to 0.72898, saving model to best_model_ternary_CNN_kappa0.15/
Epoch 7/500
352/352 [==============================] - 24s 69ms/step - loss: 0.7429 - accuracy: 0.6963 - val_loss: 0.7225 - val_accuracy: 0.7070

Epoch 00007: val_loss improved from 0.72898 to 0.72251, saving model to best_model_ternary_CNN_kappa0.15/
Epoch 8/500
352/352 [==============================] - 24s 69ms/step - loss: 0.7380 - accuracy: 0.6981 - val_loss: 0.7214 - val_accuracy: 0.7064

Epoch 00008: val_loss improved from 0.72251 to 0.72142, saving model to best_model_ternary_CNN_kappa0.15/
Epoch 9/500
352/352 [==============================] - 24s 68ms/step - loss: 0.7338 - accuracy: 0.7001 - val_loss: 0.7197 - val_accuracy: 0.7073

Epoch 00009: val_loss improved from 0.72142 to 0.71974, saving model to best_model_ternary_CNN_kappa0.15/
Epoch 10/500
352/352 [==============================] - 24s 69ms/step - loss: 0.7324 - accuracy: 0.7005 - val_loss: 0.7197 - val_accuracy: 0.7059

Epoch 00010: val_loss improved from 0.71974 to 0.71968, saving model to best_model_ternary_CNN_kappa0.15/
Epoch 11/500
352/352 [==============================] - 24s 68ms/step - loss: 0.7289 - accuracy: 0.7021 - val_loss: 0.7160 - val_accuracy: 0.7087

Epoch 00011: val_loss improved from 0.71968 to 0.71599, saving model to best_model_ternary_CNN_kappa0.15/
Epoch 12/500
352/352 [==============================] - 25s 71ms/step - loss: 0.7267 - accuracy: 0.7027 - val_loss: 0.7151 - val_accuracy: 0.7085

Epoch 00012: val_loss improved from 0.71599 to 0.71506, saving model to best_model_ternary_CNN_kappa0.15/
Epoch 13/500
352/352 [==============================] - 24s 68ms/step - loss: 0.7244 - accuracy: 0.7057 - val_loss: 0.7144 - val_accuracy: 0.7084

Epoch 00013: val_loss improved from 0.71506 to 0.71439, saving model to best_model_ternary_CNN_kappa0.15/
Epoch 14/500
352/352 [==============================] - 24s 69ms/step - loss: 0.7225 - accuracy: 0.7059 - val_loss: 0.7172 - val_accuracy: 0.7073

Epoch 00014: val_loss did not improve from 0.71439
Epoch 15/500
352/352 [==============================] - 24s 68ms/step - loss: 0.7204 - accuracy: 0.7071 - val_loss: 0.7145 - val_accuracy: 0.7090

Epoch 00015: val_loss did not improve from 0.71439
Epoch 16/500
352/352 [==============================] - 24s 69ms/step - loss: 0.7183 - accuracy: 0.7081 - val_loss: 0.7153 - val_accuracy: 0.7083

Epoch 00016: val_loss did not improve from 0.71439
Epoch 17/500
352/352 [==============================] - 24s 68ms/step - loss: 0.7154 - accuracy: 0.7114 - val_loss: 0.7142 - val_accuracy: 0.7087

Epoch 00017: val_loss improved from 0.71439 to 0.71423, saving model to best_model_ternary_CNN_kappa0.15/
Epoch 18/500
352/352 [==============================] - 24s 69ms/step - loss: 0.7134 - accuracy: 0.7117 - val_loss: 0.7138 - val_accuracy: 0.7097

Epoch 00018: val_loss improved from 0.71423 to 0.71377, saving model to best_model_ternary_CNN_kappa0.15/
Epoch 19/500
352/352 [==============================] - 24s 69ms/step - loss: 0.7120 - accuracy: 0.7131 - val_loss: 0.7160 - val_accuracy: 0.7077

Epoch 00019: val_loss did not improve from 0.71377
Epoch 20/500
352/352 [==============================] - 24s 69ms/step - loss: 0.7080 - accuracy: 0.7149 - val_loss: 0.7163 - val_accuracy: 0.7089

Epoch 00020: val_loss did not improve from 0.71377
Epoch 21/500
352/352 [==============================] - 24s 69ms/step - loss: 0.7055 - accuracy: 0.7175 - val_loss: 0.7172 - val_accuracy: 0.7092

Epoch 00021: val_loss did not improve from 0.71377
Epoch 22/500
352/352 [==============================] - 24s 69ms/step - loss: 0.7021 - accuracy: 0.7198 - val_loss: 0.7216 - val_accuracy: 0.7063

Epoch 00022: val_loss did not improve from 0.71377
Epoch 23/500
352/352 [==============================] - 24s 68ms/step - loss: 0.6988 - accuracy: 0.7228 - val_loss: 0.7208 - val_accuracy: 0.7071

Epoch 00023: val_loss did not improve from 0.71377
Epoch 24/500
352/352 [==============================] - 24s 68ms/step - loss: 0.6955 - accuracy: 0.7243 - val_loss: 0.7261 - val_accuracy: 0.7063

Epoch 00024: val_loss did not improve from 0.71377
Epoch 25/500
352/352 [==============================] - 24s 69ms/step - loss: 0.6914 - accuracy: 0.7281 - val_loss: 0.7267 - val_accuracy: 0.7054

Epoch 00025: val_loss did not improve from 0.71377
Epoch 26/500
352/352 [==============================] - 24s 69ms/step - loss: 0.6870 - accuracy: 0.7315 - val_loss: 0.7308 - val_accuracy: 0.7063

Epoch 00026: val_loss did not improve from 0.71377
Epoch 27/500
352/352 [==============================] - 24s 69ms/step - loss: 0.6821 - accuracy: 0.7340 - val_loss: 0.7338 - val_accuracy: 0.7039

Epoch 00027: val_loss did not improve from 0.71377
Epoch 28/500
352/352 [==============================] - 24s 69ms/step - loss: 0.6764 - accuracy: 0.7388 - val_loss: 0.7383 - val_accuracy: 0.7045

Epoch 00028: val_loss did not improve from 0.71377
Epoch 00028: early stopping
Model: "CNN_ternary"
_________________________________________________________________
Layer (type)                 Output Shape              Param #   
=================================================================
sequential (Sequential)      (None, 512)               12127912  
_________________________________________________________________
dense_2 (Dense)              multiple                  1539      
=================================================================
Total params: 12,129,451
Trainable params: 12,129,447
Non-trainable params: 4
_________________________________________________________________
None
The data set contains images
56456/56456 [==============================] - 246s 4ms/step - loss: 0.7451 - accuracy: 0.6999
Testing Loss = 0.745068, Testing Accuracy = 0.699908
The data set contains images
[[0.503169596195221, 0.043762192130088806, 0.45306816697120667], [0.9431195259094238, 0.0024693687446415424, 0.054411113262176514], [0.6009036898612976, 0.10798563063144684, 0.29111069440841675], [0.8236117959022522, 0.06737709790468216, 0.10901103168725967], [0.7245510220527649, 0.16703097522258759, 0.10841810703277588], [0.43333572149276733, 0.4826292097568512, 0.08403512090444565], [0.6009036898612976, 0.10798563063144684, 0.29111069440841675], [0.7743280529975891, 0.10777511447668076, 0.11789683252573013], [0.5542575120925903, 0.13858264684677124, 0.30715981125831604], [0.9639020562171936, 0.01105376798659563, 0.025044230744242668]]
[[0.0, 0.0, 1.0], [1.0, 0.0, 0.0], [0.0, 0.0, 1.0], [0.0, 1.0, 0.0], [1.0, 0.0, 0.0], [1.0, 0.0, 0.0], [0.0, 0.0, 1.0], [1.0, 0.0, 0.0], [0.0, 0.0, 1.0], [1.0, 0.0, 0.0]]
3
$W^+$ (auc = 0.87)
$W^-$ (auc = 0.87)
$Z$ (auc = 0.83)


$$$$$$$$$$$$$$$$$$$$$$$$$$$$$$$$$$$$$$$$$
New Run
Current date and time = 2022-09-07 12:20:40.386524
$$$$$$$$$$$$$$$$$$$$$$$$$$$$$$$$$$$$$$$$$
The data set contains images
The data set contains images
Epoch 1/500
352/352 [==============================] - 32s 72ms/step - loss: 5.8920 - accuracy: 0.6010 - val_loss: 2.4764 - val_accuracy: 0.6383

Epoch 00001: val_loss improved from inf to 2.47640, saving model to best_model_ternary_CNN_kappa0.15/
Epoch 2/500
352/352 [==============================] - 26s 74ms/step - loss: 1.6499 - accuracy: 0.6752 - val_loss: 1.1339 - val_accuracy: 0.6934

Epoch 00002: val_loss improved from 2.47640 to 1.13390, saving model to best_model_ternary_CNN_kappa0.15/
Epoch 3/500
352/352 [==============================] - 24s 68ms/step - loss: 0.9761 - accuracy: 0.6836 - val_loss: 0.8373 - val_accuracy: 0.6952

Epoch 00003: val_loss improved from 1.13390 to 0.83734, saving model to best_model_ternary_CNN_kappa0.15/
Epoch 4/500
352/352 [==============================] - 24s 68ms/step - loss: 0.8124 - accuracy: 0.6884 - val_loss: 0.7613 - val_accuracy: 0.7004

Epoch 00004: val_loss improved from 0.83734 to 0.76126, saving model to best_model_ternary_CNN_kappa0.15/
Epoch 5/500
352/352 [==============================] - 24s 68ms/step - loss: 0.7685 - accuracy: 0.6910 - val_loss: 0.7417 - val_accuracy: 0.7008

Epoch 00005: val_loss improved from 0.76126 to 0.74166, saving model to best_model_ternary_CNN_kappa0.15/
Epoch 6/500
352/352 [==============================] - 24s 69ms/step - loss: 0.7523 - accuracy: 0.6940 - val_loss: 0.7329 - val_accuracy: 0.7024

Epoch 00006: val_loss improved from 0.74166 to 0.73291, saving model to best_model_ternary_CNN_kappa0.15/
Epoch 7/500
352/352 [==============================] - 24s 69ms/step - loss: 0.7455 - accuracy: 0.6951 - val_loss: 0.7214 - val_accuracy: 0.7069

Epoch 00007: val_loss improved from 0.73291 to 0.72141, saving model to best_model_ternary_CNN_kappa0.15/
Epoch 8/500
352/352 [==============================] - 24s 69ms/step - loss: 0.7395 - accuracy: 0.6975 - val_loss: 0.7206 - val_accuracy: 0.7056

Epoch 00008: val_loss improved from 0.72141 to 0.72058, saving model to best_model_ternary_CNN_kappa0.15/
Epoch 9/500
352/352 [==============================] - 24s 69ms/step - loss: 0.7362 - accuracy: 0.6988 - val_loss: 0.7203 - val_accuracy: 0.7067

Epoch 00009: val_loss improved from 0.72058 to 0.72031, saving model to best_model_ternary_CNN_kappa0.15/
Epoch 10/500
352/352 [==============================] - 26s 73ms/step - loss: 0.7341 - accuracy: 0.6988 - val_loss: 0.7167 - val_accuracy: 0.7082

Epoch 00010: val_loss improved from 0.72031 to 0.71672, saving model to best_model_ternary_CNN_kappa0.15/
Epoch 11/500
352/352 [==============================] - 24s 69ms/step - loss: 0.7313 - accuracy: 0.7001 - val_loss: 0.7140 - val_accuracy: 0.7094

Epoch 00011: val_loss improved from 0.71672 to 0.71404, saving model to best_model_ternary_CNN_kappa0.15/
Epoch 12/500
352/352 [==============================] - 24s 69ms/step - loss: 0.7291 - accuracy: 0.7024 - val_loss: 0.7147 - val_accuracy: 0.7087

Epoch 00012: val_loss did not improve from 0.71404
Epoch 13/500
352/352 [==============================] - 24s 69ms/step - loss: 0.7261 - accuracy: 0.7036 - val_loss: 0.7130 - val_accuracy: 0.7081

Epoch 00013: val_loss improved from 0.71404 to 0.71302, saving model to best_model_ternary_CNN_kappa0.15/
Epoch 14/500
352/352 [==============================] - 24s 68ms/step - loss: 0.7242 - accuracy: 0.7054 - val_loss: 0.7161 - val_accuracy: 0.7080

Epoch 00014: val_loss did not improve from 0.71302
Epoch 15/500
352/352 [==============================] - 24s 68ms/step - loss: 0.7229 - accuracy: 0.7061 - val_loss: 0.7156 - val_accuracy: 0.7086

Epoch 00015: val_loss did not improve from 0.71302
Epoch 16/500
352/352 [==============================] - 24s 69ms/step - loss: 0.7195 - accuracy: 0.7081 - val_loss: 0.7124 - val_accuracy: 0.7100

Epoch 00016: val_loss improved from 0.71302 to 0.71238, saving model to best_model_ternary_CNN_kappa0.15/
Epoch 17/500
352/352 [==============================] - 25s 72ms/step - loss: 0.7177 - accuracy: 0.7086 - val_loss: 0.7120 - val_accuracy: 0.7111

Epoch 00017: val_loss improved from 0.71238 to 0.71197, saving model to best_model_ternary_CNN_kappa0.15/
Epoch 18/500
352/352 [==============================] - 24s 68ms/step - loss: 0.7151 - accuracy: 0.7110 - val_loss: 0.7133 - val_accuracy: 0.7096

Epoch 00018: val_loss did not improve from 0.71197
Epoch 19/500
352/352 [==============================] - 24s 69ms/step - loss: 0.7130 - accuracy: 0.7113 - val_loss: 0.7160 - val_accuracy: 0.7086

Epoch 00019: val_loss did not improve from 0.71197
Epoch 20/500
352/352 [==============================] - 24s 69ms/step - loss: 0.7103 - accuracy: 0.7135 - val_loss: 0.7153 - val_accuracy: 0.7099

Epoch 00020: val_loss did not improve from 0.71197
Epoch 21/500
352/352 [==============================] - 24s 69ms/step - loss: 0.7080 - accuracy: 0.7151 - val_loss: 0.7138 - val_accuracy: 0.7108

Epoch 00021: val_loss did not improve from 0.71197
Epoch 22/500
352/352 [==============================] - 26s 73ms/step - loss: 0.7047 - accuracy: 0.7182 - val_loss: 0.7146 - val_accuracy: 0.7110

Epoch 00022: val_loss did not improve from 0.71197
Epoch 23/500
352/352 [==============================] - 26s 73ms/step - loss: 0.7017 - accuracy: 0.7201 - val_loss: 0.7176 - val_accuracy: 0.7101

Epoch 00023: val_loss did not improve from 0.71197
Epoch 24/500
352/352 [==============================] - 24s 68ms/step - loss: 0.6998 - accuracy: 0.7226 - val_loss: 0.7184 - val_accuracy: 0.7095

Epoch 00024: val_loss did not improve from 0.71197
Epoch 25/500
352/352 [==============================] - 25s 72ms/step - loss: 0.6944 - accuracy: 0.7250 - val_loss: 0.7201 - val_accuracy: 0.7103

Epoch 00025: val_loss did not improve from 0.71197
Epoch 26/500
352/352 [==============================] - 28s 80ms/step - loss: 0.6911 - accuracy: 0.7290 - val_loss: 0.7241 - val_accuracy: 0.7084

Epoch 00026: val_loss did not improve from 0.71197
Epoch 27/500
352/352 [==============================] - 24s 68ms/step - loss: 0.6860 - accuracy: 0.7319 - val_loss: 0.7283 - val_accuracy: 0.7076

Epoch 00027: val_loss did not improve from 0.71197
Epoch 28/500
352/352 [==============================] - 24s 69ms/step - loss: 0.6807 - accuracy: 0.7352 - val_loss: 0.7321 - val_accuracy: 0.7067

Epoch 00028: val_loss did not improve from 0.71197
Epoch 29/500
352/352 [==============================] - 24s 69ms/step - loss: 0.6759 - accuracy: 0.7391 - val_loss: 0.7360 - val_accuracy: 0.7068

Epoch 00029: val_loss did not improve from 0.71197
Epoch 30/500
352/352 [==============================] - 24s 68ms/step - loss: 0.6705 - accuracy: 0.7439 - val_loss: 0.7432 - val_accuracy: 0.7049

Epoch 00030: val_loss did not improve from 0.71197
Epoch 31/500
352/352 [==============================] - 24s 68ms/step - loss: 0.6636 - accuracy: 0.7481 - val_loss: 0.7492 - val_accuracy: 0.7042

Epoch 00031: val_loss did not improve from 0.71197
Epoch 32/500
352/352 [==============================] - 24s 68ms/step - loss: 0.6570 - accuracy: 0.7529 - val_loss: 0.7549 - val_accuracy: 0.7037

Epoch 00032: val_loss did not improve from 0.71197
Epoch 33/500
352/352 [==============================] - 24s 69ms/step - loss: 0.6482 - accuracy: 0.7586 - val_loss: 0.7644 - val_accuracy: 0.7013

Epoch 00033: val_loss did not improve from 0.71197
Epoch 34/500
352/352 [==============================] - 24s 69ms/step - loss: 0.6403 - accuracy: 0.7638 - val_loss: 0.7746 - val_accuracy: 0.6990

Epoch 00034: val_loss did not improve from 0.71197
Epoch 35/500
352/352 [==============================] - 24s 68ms/step - loss: 0.6330 - accuracy: 0.7691 - val_loss: 0.7792 - val_accuracy: 0.6984

Epoch 00035: val_loss did not improve from 0.71197
Epoch 36/500
352/352 [==============================] - 24s 69ms/step - loss: 0.6238 - accuracy: 0.7741 - val_loss: 0.7922 - val_accuracy: 0.6965

Epoch 00036: val_loss did not improve from 0.71197
Epoch 37/500
352/352 [==============================] - 24s 68ms/step - loss: 0.6134 - accuracy: 0.7806 - val_loss: 0.8010 - val_accuracy: 0.6974

Epoch 00037: val_loss did not improve from 0.71197
Epoch 00037: early stopping
Model: "CNN_ternary"
_________________________________________________________________
Layer (type)                 Output Shape              Param #   
=================================================================
sequential (Sequential)      (None, 512)               12127912  
_________________________________________________________________
dense_2 (Dense)              multiple                  1539      
=================================================================
Total params: 12,129,451
Trainable params: 12,129,447
Non-trainable params: 4
_________________________________________________________________
None
The data set contains images
92 - accuracy: 0.6899  19746/Unknown - 62s 3ms/step - loss: 0.8089 - accuracy: 0.6900

$$$$$$$$$$$$$$$$$$$$$$$$$$$$$$$$$$$$$$$$$
New Run
Current date and time = 2022-09-07 12:41:14.536423
$$$$$$$$$$$$$$$$$$$$$$$$$$$$$$$$$$$$$$$$$
The data set contains images
The data set contains images
Epoch 1/500
352/352 [==============================] - 30s 69ms/step - loss: 5.9106 - accuracy: 0.6036 - val_loss: 2.5075 - val_accuracy: 0.6235

Epoch 00001: val_loss improved from inf to 2.50748, saving model to best_model_ternary_CNN_kappa0.15/
Epoch 2/500
352/352 [==============================] - 24s 68ms/step - loss: 1.6615 - accuracy: 0.6734 - val_loss: 1.1549 - val_accuracy: 0.6836

Epoch 00002: val_loss improved from 2.50748 to 1.15494, saving model to best_model_ternary_CNN_kappa0.15/
Epoch 3/500
352/352 [==============================] - 24s 69ms/step - loss: 0.9778 - accuracy: 0.6827 - val_loss: 0.8377 - val_accuracy: 0.6949

Epoch 00003: val_loss improved from 1.15494 to 0.83772, saving model to best_model_ternary_CNN_kappa0.15/
Epoch 4/500
352/352 [==============================] - 24s 69ms/step - loss: 0.8125 - accuracy: 0.6877 - val_loss: 0.7636 - val_accuracy: 0.6988

Epoch 00004: val_loss improved from 0.83772 to 0.76361, saving model to best_model_ternary_CNN_kappa0.15/
Epoch 5/500
352/352 [==============================] - 24s 69ms/step - loss: 0.7679 - accuracy: 0.6905 - val_loss: 0.7363 - val_accuracy: 0.7027

Epoch 00005: val_loss improved from 0.76361 to 0.73634, saving model to best_model_ternary_CNN_kappa0.15/
Epoch 6/500
352/352 [==============================] - 24s 69ms/step - loss: 0.7525 - accuracy: 0.6936 - val_loss: 0.7284 - val_accuracy: 0.7040

Epoch 00006: val_loss improved from 0.73634 to 0.72845, saving model to best_model_ternary_CNN_kappa0.15/
Epoch 7/500
352/352 [==============================] - 24s 69ms/step - loss: 0.7439 - accuracy: 0.6962 - val_loss: 0.7227 - val_accuracy: 0.7060

Epoch 00007: val_loss improved from 0.72845 to 0.72270, saving model to best_model_ternary_CNN_kappa0.15/
Epoch 8/500
352/352 [==============================] - 24s 68ms/step - loss: 0.7390 - accuracy: 0.6983 - val_loss: 0.7232 - val_accuracy: 0.7063

Epoch 00008: val_loss did not improve from 0.72270
Epoch 9/500
352/352 [==============================] - 24s 69ms/step - loss: 0.7356 - accuracy: 0.6989 - val_loss: 0.7175 - val_accuracy: 0.7078

Epoch 00009: val_loss improved from 0.72270 to 0.71749, saving model to best_model_ternary_CNN_kappa0.15/
Epoch 10/500
352/352 [==============================] - 24s 68ms/step - loss: 0.7333 - accuracy: 0.7002 - val_loss: 0.7180 - val_accuracy: 0.7072

Epoch 00010: val_loss did not improve from 0.71749
Epoch 11/500
352/352 [==============================] - 24s 69ms/step - loss: 0.7298 - accuracy: 0.7025 - val_loss: 0.7165 - val_accuracy: 0.7077

Epoch 00011: val_loss improved from 0.71749 to 0.71650, saving model to best_model_ternary_CNN_kappa0.15/
Epoch 12/500
352/352 [==============================] - 24s 68ms/step - loss: 0.7281 - accuracy: 0.7026 - val_loss: 0.7160 - val_accuracy: 0.7075

Epoch 00012: val_loss improved from 0.71650 to 0.71602, saving model to best_model_ternary_CNN_kappa0.15/
Epoch 13/500
352/352 [==============================] - 24s 68ms/step - loss: 0.7249 - accuracy: 0.7042 - val_loss: 0.7129 - val_accuracy: 0.7098

Epoch 00013: val_loss improved from 0.71602 to 0.71290, saving model to best_model_ternary_CNN_kappa0.15/
Epoch 14/500
352/352 [==============================] - 24s 69ms/step - loss: 0.7238 - accuracy: 0.7059 - val_loss: 0.7154 - val_accuracy: 0.7078

Epoch 00014: val_loss did not improve from 0.71290
Epoch 15/500
352/352 [==============================] - 24s 68ms/step - loss: 0.7209 - accuracy: 0.7076 - val_loss: 0.7141 - val_accuracy: 0.7082

Epoch 00015: val_loss did not improve from 0.71290
Epoch 16/500
352/352 [==============================] - 24s 68ms/step - loss: 0.7183 - accuracy: 0.7092 - val_loss: 0.7130 - val_accuracy: 0.7093

Epoch 00016: val_loss did not improve from 0.71290
Epoch 17/500
352/352 [==============================] - 24s 69ms/step - loss: 0.7162 - accuracy: 0.7104 - val_loss: 0.7125 - val_accuracy: 0.7095

Epoch 00017: val_loss improved from 0.71290 to 0.71246, saving model to best_model_ternary_CNN_kappa0.15/
Epoch 18/500
352/352 [==============================] - 24s 69ms/step - loss: 0.7136 - accuracy: 0.7121 - val_loss: 0.7149 - val_accuracy: 0.7091

Epoch 00018: val_loss did not improve from 0.71246
Epoch 19/500
352/352 [==============================] - 25s 70ms/step - loss: 0.7105 - accuracy: 0.7142 - val_loss: 0.7137 - val_accuracy: 0.7098

Epoch 00019: val_loss did not improve from 0.71246
Epoch 20/500
352/352 [==============================] - 26s 72ms/step - loss: 0.7089 - accuracy: 0.7154 - val_loss: 0.7149 - val_accuracy: 0.7085

Epoch 00020: val_loss did not improve from 0.71246
Epoch 21/500
352/352 [==============================] - 24s 69ms/step - loss: 0.7058 - accuracy: 0.7172 - val_loss: 0.7175 - val_accuracy: 0.7092

Epoch 00021: val_loss did not improve from 0.71246
Epoch 22/500
352/352 [==============================] - 24s 69ms/step - loss: 0.7029 - accuracy: 0.7205 - val_loss: 0.7172 - val_accuracy: 0.7090

Epoch 00022: val_loss did not improve from 0.71246
Epoch 23/500
352/352 [==============================] - 208s 592ms/step - loss: 0.7002 - accuracy: 0.7210 - val_loss: 0.7198 - val_accuracy: 0.7083

Epoch 00023: val_loss did not improve from 0.71246
Epoch 24/500
352/352 [==============================] - 24s 69ms/step - loss: 0.6960 - accuracy: 0.7249 - val_loss: 0.7200 - val_accuracy: 0.7088

Epoch 00024: val_loss did not improve from 0.71246
Epoch 25/500
352/352 [==============================] - 24s 69ms/step - loss: 0.6921 - accuracy: 0.7272 - val_loss: 0.7226 - val_accuracy: 0.7079

Epoch 00025: val_loss did not improve from 0.71246
Epoch 26/500
352/352 [==============================] - 24s 69ms/step - loss: 0.6878 - accuracy: 0.7309 - val_loss: 0.7276 - val_accuracy: 0.7062

Epoch 00026: val_loss did not improve from 0.71246
Epoch 27/500
352/352 [==============================] - 25s 70ms/step - loss: 0.6833 - accuracy: 0.7340 - val_loss: 0.7302 - val_accuracy: 0.7065

Epoch 00027: val_loss did not improve from 0.71246
Epoch 28/500
352/352 [==============================] - 24s 68ms/step - loss: 0.6784 - accuracy: 0.7371 - val_loss: 0.7343 - val_accuracy: 0.7050

Epoch 00028: val_loss did not improve from 0.71246
Epoch 29/500
352/352 [==============================] - 24s 69ms/step - loss: 0.6736 - accuracy: 0.7410 - val_loss: 0.7409 - val_accuracy: 0.7041

Epoch 00029: val_loss did not improve from 0.71246
Epoch 30/500
352/352 [==============================] - 24s 69ms/step - loss: 0.6661 - accuracy: 0.7460 - val_loss: 0.7464 - val_accuracy: 0.7021

Epoch 00030: val_loss did not improve from 0.71246
Epoch 31/500
352/352 [==============================] - 24s 68ms/step - loss: 0.6603 - accuracy: 0.7497 - val_loss: 0.7509 - val_accuracy: 0.7019

Epoch 00031: val_loss did not improve from 0.71246
Epoch 32/500
352/352 [==============================] - 24s 68ms/step - loss: 0.6541 - accuracy: 0.7547 - val_loss: 0.7618 - val_accuracy: 0.6990

Epoch 00032: val_loss did not improve from 0.71246
Epoch 33/500
352/352 [==============================] - 25s 70ms/step - loss: 0.6459 - accuracy: 0.7594 - val_loss: 0.7705 - val_accuracy: 0.6974

Epoch 00033: val_loss did not improve from 0.71246
Epoch 34/500
352/352 [==============================] - 24s 68ms/step - loss: 0.6384 - accuracy: 0.7640 - val_loss: 0.7756 - val_accuracy: 0.6958

Epoch 00034: val_loss did not improve from 0.71246
Epoch 35/500
352/352 [==============================] - 24s 69ms/step - loss: 0.6282 - accuracy: 0.7713 - val_loss: 0.7910 - val_accuracy: 0.6920

Epoch 00035: val_loss did not improve from 0.71246
Epoch 36/500
352/352 [==============================] - 24s 69ms/step - loss: 0.6191 - accuracy: 0.7769 - val_loss: 0.7961 - val_accuracy: 0.6916

Epoch 00036: val_loss did not improve from 0.71246
Epoch 37/500
352/352 [==============================] - 24s 69ms/step - loss: 0.6104 - accuracy: 0.7818 - val_loss: 0.8070 - val_accuracy: 0.6900

Epoch 00037: val_loss did not improve from 0.71246
Epoch 00037: early stopping
Model: "CNN_ternary"
_________________________________________________________________
Layer (type)                 Output Shape              Param #   
=================================================================
sequential (Sequential)      (None, 512)               12127912  
_________________________________________________________________
dense_2 (Dense)              multiple                  1539      
=================================================================
Total params: 12,129,451
Trainable params: 12,129,447
Non-trainable params: 4
_________________________________________________________________
None
[<tensorflow.python.keras.engine.sequential.Sequential object at 0x7f451c13c220>, <tensorflow.python.keras.layers.core.Dense object at 0x7f451c13ce20>]
The data set contains images
56456/56456 [==============================] - 235s 4ms/step - loss: 0.8169 - accuracy: 0.6864
Testing Loss = 0.816898, Testing Accuracy = 0.686446
The data set contains images
[[0.756135106086731, 0.040108196437358856, 0.2037566751241684], [0.5002595782279968, 0.007843520492315292, 0.49189692735671997], [0.7297767996788025, 0.11253813654184341, 0.15768501162528992], [0.8512972593307495, 0.06530867516994476, 0.08339406549930573], [0.8647065162658691, 0.07356970757246017, 0.06172383949160576], [0.5150576233863831, 0.21585966646671295, 0.269082635641098], [0.7297767996788025, 0.11253813654184341, 0.15768501162528992], [0.774043083190918, 0.15174497663974762, 0.07421190291643143], [0.5901638269424438, 0.17711015045642853, 0.23272599279880524], [0.9808657169342041, 0.011316685937345028, 0.007817563600838184]]
[[0.0, 0.0, 1.0], [1.0, 0.0, 0.0], [0.0, 0.0, 1.0], [0.0, 1.0, 0.0], [1.0, 0.0, 0.0], [1.0, 0.0, 0.0], [0.0, 0.0, 1.0], [1.0, 0.0, 0.0], [0.0, 0.0, 1.0], [1.0, 0.0, 0.0]]
3
$W^+$ (auc = 0.86)
$W^-$ (auc = 0.86)
$Z$ (auc = 0.82)
