

$$$$$$$$$$$$$$$$$$$$$$$$$$$$$$$$$$$$$$$$$
New Run
Current date and time = 2023-01-29 10:57:13.682192
$$$$$$$$$$$$$$$$$$$$$$$$$$$$$$$$$$$$$$$$$
CNN_torch(
  (h2ptjl): Sequential(
    (0): BatchNorm2d(2, eps=1e-05, momentum=0.1, affine=True, track_running_stats=True)
    (1): Conv2d(2, 32, kernel_size=(6, 6), stride=(1, 1), padding=same)
    (2): ReLU()
    (3): MaxPool2d(kernel_size=2, stride=2, padding=0, dilation=1, ceil_mode=False)
    (4): Conv2d(32, 128, kernel_size=(4, 4), stride=(1, 1), padding=same)
    (5): ReLU()
    (6): MaxPool2d(kernel_size=2, stride=2, padding=0, dilation=1, ceil_mode=False)
    (7): Conv2d(128, 256, kernel_size=(6, 6), stride=(1, 1), padding=same)
    (8): ReLU()
    (9): MaxPool2d(kernel_size=2, stride=2, padding=0, dilation=1, ceil_mode=False)
    (10): Dropout(p=0.1, inplace=False)
  )
  (linear1): Linear(in_features=20736, out_features=512, bias=True)
  (linear2): Linear(in_features=512, out_features=32, bias=True)
  (linear3): Linear(in_features=512, out_features=128, bias=True)
  (linear4): Linear(in_features=128, out_features=32, bias=True)
  (_output): Linear(in_features=32, out_features=6, bias=True)
)
Send the model to cuda
VALIDATION:   kappa = 1.05000     | val loss= 1.792, val acc= 25.23% |
Epoch 1: val_loss improved from inf to 1.7924, saving model to/home/samhuang/ML/best_model/best_model_senary_CNN_kappa0.23_fiximag/Try/0
VALIDATION:   kappa = 1.05000     | val loss= 1.798, val acc= 29.61% |
Epoch   2: val_loss did not improve from 1.7924. Performance did not improve for  1 epoch(s)
VALIDATION:   kappa = 1.05000     | val loss= 1.720, val acc= 31.11% |
Epoch 3: val_loss improved from 1.7924 to 1.7202, saving model to/home/samhuang/ML/best_model/best_model_senary_CNN_kappa0.23_fiximag/Try/0
VALIDATION:   kappa = 1.05000     | val loss= 1.750, val acc= 32.29% |
Epoch   4: val_loss did not improve from 1.7202. Performance did not improve for  1 epoch(s)
VALIDATION:   kappa = 1.05000     | val loss= 1.751, val acc= 33.45% |
Epoch   5: val_loss did not improve from 1.7202. Performance did not improve for  2 epoch(s)
VALIDATION:   kappa = 1.05000     | val loss= 1.612, val acc= 33.89% |
Epoch 6: val_loss improved from 1.7202 to 1.6119, saving model to/home/samhuang/ML/best_model/best_model_senary_CNN_kappa0.23_fiximag/Try/0
VALIDATION:   kappa = 1.05000     | val loss= 1.717, val acc= 34.62% |
Epoch   7: val_loss did not improve from 1.6119. Performance did not improve for  1 epoch(s)
VALIDATION:   kappa = 1.05000     | val loss= 1.673, val acc= 36.20% |
Epoch   8: val_loss did not improve from 1.6119. Performance did not improve for  2 epoch(s)
VALIDATION:   kappa = 1.05000     | val loss= 1.675, val acc= 36.73% |
Epoch   9: val_loss did not improve from 1.6119. Performance did not improve for  3 epoch(s)
VALIDATION:   kappa = 1.05000     | val loss= 1.741, val acc= 37.62% |
Epoch  10: val_loss did not improve from 1.6119. Performance did not improve for  4 epoch(s)
VALIDATION:   kappa = 1.05000     | val loss= 1.589, val acc= 37.76% |
Epoch 11: val_loss improved from 1.6119 to 1.5890, saving model to/home/samhuang/ML/best_model/best_model_senary_CNN_kappa0.23_fiximag/Try/0
VALIDATION:   kappa = 1.05000     | val loss= 1.576, val acc= 38.00% |
Epoch 12: val_loss improved from 1.5890 to 1.5762, saving model to/home/samhuang/ML/best_model/best_model_senary_CNN_kappa0.23_fiximag/Try/0
VALIDATION:   kappa = 1.05000     | val loss= 1.573, val acc= 37.26% |
Epoch 13: val_loss improved from 1.5762 to 1.5729, saving model to/home/samhuang/ML/best_model/best_model_senary_CNN_kappa0.23_fiximag/Try/0
VALIDATION:   kappa = 1.05000     | val loss= 1.708, val acc= 37.93% |
Epoch  14: val_loss did not improve from 1.5729. Performance did not improve for  1 epoch(s)
VALIDATION:   kappa = 1.05000     | val loss= 1.555, val acc= 37.98% |
Epoch 15: val_loss improved from 1.5729 to 1.5555, saving model to/home/samhuang/ML/best_model/best_model_senary_CNN_kappa0.23_fiximag/Try/0
VALIDATION:   kappa = 1.05000     | val loss= 1.676, val acc= 38.31% |
Epoch  16: val_loss did not improve from 1.5555. Performance did not improve for  1 epoch(s)
VALIDATION:   kappa = 1.05000     | val loss= 1.654, val acc= 38.18% |
Epoch  17: val_loss did not improve from 1.5555. Performance did not improve for  2 epoch(s)
VALIDATION:   kappa = 1.05000     | val loss= 1.859, val acc= 37.06% |
Epoch  18: val_loss did not improve from 1.5555. Performance did not improve for  3 epoch(s)
VALIDATION:   kappa = 1.05000     | val loss= 1.793, val acc= 37.23% |
Epoch  19: val_loss did not improve from 1.5555. Performance did not improve for  4 epoch(s)
VALIDATION:   kappa = 1.05000     | val loss= 1.785, val acc= 37.44% |
Epoch  20: val_loss did not improve from 1.5555. Performance did not improve for  5 epoch(s)
VALIDATION:   kappa = 1.05000     | val loss= 1.668, val acc= 37.16% |
Epoch  21: val_loss did not improve from 1.5555. Performance did not improve for  6 epoch(s)
VALIDATION:   kappa = 1.05000     | val loss= 1.628, val acc= 36.60% |
Epoch  22: val_loss did not improve from 1.5555. Performance did not improve for  7 epoch(s)
VALIDATION:   kappa = 1.05000     | val loss= 1.633, val acc= 36.61% |
Epoch  23: val_loss did not improve from 1.5555. Performance did not improve for  8 epoch(s)
VALIDATION:   kappa = 1.05000     | val loss= 1.895, val acc= 36.74% |
Epoch  24: val_loss did not improve from 1.5555. Performance did not improve for  9 epoch(s)
VALIDATION:   kappa = 1.05000     | val loss= 1.977, val acc= 35.94% |
Epoch  25: val_loss did not improve from 1.5555. Performance did not improve for 10 epoch(s)
dict_keys(['loss', 'accuracy', 'val_loss', 'val_accuracy'])
TEST:   kappa = 1.05000     | test loss= 0.933, test acc= 38.35% |
Finished Training
N of classes 6
$W^+/W^+$ (auc = 82.26 +- 0.0000 %)
$W^-/W^-$ (auc = 81.86 +- 0.0000 %)
$Z/Z$ (auc = 74.94 +- 0.0000 %)
$W^+/W^-$ (auc = 68.50 +- 0.0000 %)
$W^+/Z$ (auc = 66.85 +- 0.0000 %)
$W^-/Z$ (auc = 68.28 +- 0.0000 %)
N of classes 6
$W^+/W^+$ (acc = 46.33 +- 0.0000 %
$W^-/W^-$ (acc = 47.69 +- 0.0000 %
$Z/Z$ (acc = 37.67 +- 0.0000 %
$W^+/W^-$ (acc = 34.30 +- 0.0000 %
$W^+/Z$ (acc = 28.31 +- 0.0000 %
$W^-/Z$ (acc = 29.54 +- 0.0000 %
The summarized testing accuracy = 38.35 +- 0.0000 %, with the loss = 0.9333 +- 0.000000
Finished Training
