

$$$$$$$$$$$$$$$$$$$$$$$$$$$$$$$$$$$$$$$$$
New Run
Current date and time = 2022-10-29 23:53:36.539029
$$$$$$$$$$$$$$$$$$$$$$$$$$$$$$$$$$$$$$$$$
The data set contains images
The data set contains images
Number of training datasets: 383186.
Epoch 1/100
748/748 [==============================] - 110s 128ms/step - loss: 3.5023 - accuracy: 0.6052 - val_loss: 1.1265 - val_accuracy: 0.6528

Epoch 00001: val_loss improved from inf to 1.12650, saving model to /home/samhuang/ML/best_model/best_model_ternary_CNN_kappa0.15-fishbone2/Try/0
Epoch 2/100
748/748 [==============================] - 51s 68ms/step - loss: 0.9427 - accuracy: 0.6483 - val_loss: 0.8466 - val_accuracy: 0.6590

Epoch 00002: val_loss improved from 1.12650 to 0.84661, saving model to /home/samhuang/ML/best_model/best_model_ternary_CNN_kappa0.15-fishbone2/Try/0
Epoch 3/100
748/748 [==============================] - 71s 94ms/step - loss: 0.8472 - accuracy: 0.6539 - val_loss: 0.8203 - val_accuracy: 0.6631

Epoch 00003: val_loss improved from 0.84661 to 0.82032, saving model to /home/samhuang/ML/best_model/best_model_ternary_CNN_kappa0.15-fishbone2/Try/0
Epoch 4/100
748/748 [==============================] - 102s 137ms/step - loss: 0.8308 - accuracy: 0.6573 - val_loss: 0.8103 - val_accuracy: 0.6662

Epoch 00004: val_loss improved from 0.82032 to 0.81030, saving model to /home/samhuang/ML/best_model/best_model_ternary_CNN_kappa0.15-fishbone2/Try/0
Epoch 5/100
748/748 [==============================] - 102s 136ms/step - loss: 0.8219 - accuracy: 0.6611 - val_loss: 0.8013 - val_accuracy: 0.6708

Epoch 00005: val_loss improved from 0.81030 to 0.80131, saving model to /home/samhuang/ML/best_model/best_model_ternary_CNN_kappa0.15-fishbone2/Try/0
Epoch 6/100
748/748 [==============================] - 100s 133ms/step - loss: 0.8134 - accuracy: 0.6654 - val_loss: 0.7967 - val_accuracy: 0.6723

Epoch 00006: val_loss improved from 0.80131 to 0.79668, saving model to /home/samhuang/ML/best_model/best_model_ternary_CNN_kappa0.15-fishbone2/Try/0
Epoch 7/100
748/748 [==============================] - 102s 136ms/step - loss: 0.8063 - accuracy: 0.6696 - val_loss: 0.7909 - val_accuracy: 0.6766

Epoch 00007: val_loss improved from 0.79668 to 0.79091, saving model to /home/samhuang/ML/best_model/best_model_ternary_CNN_kappa0.15-fishbone2/Try/0
Epoch 8/100
748/748 [==============================] - 100s 133ms/step - loss: 0.7997 - accuracy: 0.6734 - val_loss: 0.7857 - val_accuracy: 0.6779

Epoch 00008: val_loss improved from 0.79091 to 0.78567, saving model to /home/samhuang/ML/best_model/best_model_ternary_CNN_kappa0.15-fishbone2/Try/0
Epoch 9/100
748/748 [==============================] - 102s 137ms/step - loss: 0.7951 - accuracy: 0.6755 - val_loss: 0.7855 - val_accuracy: 0.6779

Epoch 00009: val_loss improved from 0.78567 to 0.78550, saving model to /home/samhuang/ML/best_model/best_model_ternary_CNN_kappa0.15-fishbone2/Try/0
Epoch 10/100
748/748 [==============================] - 102s 136ms/step - loss: 0.7914 - accuracy: 0.6775 - val_loss: 0.7782 - val_accuracy: 0.6826

Epoch 00010: val_loss improved from 0.78550 to 0.77824, saving model to /home/samhuang/ML/best_model/best_model_ternary_CNN_kappa0.15-fishbone2/Try/0
Epoch 11/100
748/748 [==============================] - 100s 133ms/step - loss: 0.7884 - accuracy: 0.6786 - val_loss: 0.7799 - val_accuracy: 0.6817

Epoch 00011: val_loss did not improve from 0.77824
Epoch 12/100
748/748 [==============================] - 102s 136ms/step - loss: 0.7854 - accuracy: 0.6804 - val_loss: 0.7806 - val_accuracy: 0.6818

Epoch 00012: val_loss did not improve from 0.77824
Epoch 13/100
748/748 [==============================] - 99s 132ms/step - loss: 0.7827 - accuracy: 0.6820 - val_loss: 0.7792 - val_accuracy: 0.6816

Epoch 00013: val_loss did not improve from 0.77824
Epoch 14/100
748/748 [==============================] - 102s 136ms/step - loss: 0.7805 - accuracy: 0.6826 - val_loss: 0.7741 - val_accuracy: 0.6849

Epoch 00014: val_loss improved from 0.77824 to 0.77413, saving model to /home/samhuang/ML/best_model/best_model_ternary_CNN_kappa0.15-fishbone2/Try/0
Epoch 15/100
748/748 [==============================] - 102s 136ms/step - loss: 0.7785 - accuracy: 0.6841 - val_loss: 0.7730 - val_accuracy: 0.6855

Epoch 00015: val_loss improved from 0.77413 to 0.77298, saving model to /home/samhuang/ML/best_model/best_model_ternary_CNN_kappa0.15-fishbone2/Try/0
Epoch 16/100
748/748 [==============================] - 99s 132ms/step - loss: 0.7768 - accuracy: 0.6850 - val_loss: 0.7742 - val_accuracy: 0.6849

Epoch 00016: val_loss did not improve from 0.77298
Epoch 17/100
748/748 [==============================] - 102s 136ms/step - loss: 0.7751 - accuracy: 0.6857 - val_loss: 0.7699 - val_accuracy: 0.6871

Epoch 00017: val_loss improved from 0.77298 to 0.76988, saving model to /home/samhuang/ML/best_model/best_model_ternary_CNN_kappa0.15-fishbone2/Try/0
Epoch 18/100
748/748 [==============================] - 99s 132ms/step - loss: 0.7732 - accuracy: 0.6861 - val_loss: 0.7714 - val_accuracy: 0.6863

Epoch 00018: val_loss did not improve from 0.76988
Epoch 19/100
748/748 [==============================] - 102s 136ms/step - loss: 0.7715 - accuracy: 0.6878 - val_loss: 0.7715 - val_accuracy: 0.6869

Epoch 00019: val_loss did not improve from 0.76988
Epoch 20/100
748/748 [==============================] - 102s 136ms/step - loss: 0.7699 - accuracy: 0.6892 - val_loss: 0.7706 - val_accuracy: 0.6871

Epoch 00020: val_loss did not improve from 0.76988
Epoch 21/100
748/748 [==============================] - 99s 133ms/step - loss: 0.7684 - accuracy: 0.6898 - val_loss: 0.7691 - val_accuracy: 0.6875

Epoch 00021: val_loss improved from 0.76988 to 0.76913, saving model to /home/samhuang/ML/best_model/best_model_ternary_CNN_kappa0.15-fishbone2/Try/0
Epoch 22/100
748/748 [==============================] - 102s 136ms/step - loss: 0.7670 - accuracy: 0.6911 - val_loss: 0.7670 - val_accuracy: 0.6891

Epoch 00022: val_loss improved from 0.76913 to 0.76703, saving model to /home/samhuang/ML/best_model/best_model_ternary_CNN_kappa0.15-fishbone2/Try/0
Epoch 23/100
748/748 [==============================] - 99s 132ms/step - loss: 0.7656 - accuracy: 0.6916 - val_loss: 0.7679 - val_accuracy: 0.6880

Epoch 00023: val_loss did not improve from 0.76703
Epoch 24/100
748/748 [==============================] - 102s 137ms/step - loss: 0.7637 - accuracy: 0.6925 - val_loss: 0.7680 - val_accuracy: 0.6884

Epoch 00024: val_loss did not improve from 0.76703
Epoch 25/100
748/748 [==============================] - 102s 137ms/step - loss: 0.7619 - accuracy: 0.6935 - val_loss: 0.7711 - val_accuracy: 0.6873

Epoch 00025: val_loss did not improve from 0.76703
Epoch 26/100
748/748 [==============================] - 102s 136ms/step - loss: 0.7605 - accuracy: 0.6950 - val_loss: 0.7682 - val_accuracy: 0.6887

Epoch 00026: val_loss did not improve from 0.76703
Epoch 27/100
748/748 [==============================] - 102s 136ms/step - loss: 0.7588 - accuracy: 0.6963 - val_loss: 0.7693 - val_accuracy: 0.6874

Epoch 00027: val_loss did not improve from 0.76703
Epoch 28/100
748/748 [==============================] - 101s 135ms/step - loss: 0.7568 - accuracy: 0.6976 - val_loss: 0.7715 - val_accuracy: 0.6870

Epoch 00028: val_loss did not improve from 0.76703
Epoch 29/100
748/748 [==============================] - 101s 135ms/step - loss: 0.7547 - accuracy: 0.6991 - val_loss: 0.7710 - val_accuracy: 0.6879

Epoch 00029: val_loss did not improve from 0.76703
Epoch 30/100
748/748 [==============================] - 102s 136ms/step - loss: 0.7532 - accuracy: 0.7003 - val_loss: 0.7748 - val_accuracy: 0.6850

Epoch 00030: val_loss did not improve from 0.76703
Epoch 31/100
748/748 [==============================] - 99s 133ms/step - loss: 0.7508 - accuracy: 0.7024 - val_loss: 0.7733 - val_accuracy: 0.6873

Epoch 00031: val_loss did not improve from 0.76703
Epoch 32/100
748/748 [==============================] - 102s 136ms/step - loss: 0.7493 - accuracy: 0.7028 - val_loss: 0.7756 - val_accuracy: 0.6862

Epoch 00032: val_loss did not improve from 0.76703
Epoch 00032: early stopping
$$$$$$$$$$$$$$$$$$$$$$$$$$$$$$$$$$$$$$$$$$$$$$$$$$$$$$
$$$$$$$$$$$$$$$$$$$$$$$$$$$$$$$$$$$$$$$$$$$$$$$$$$$$$$
[92mModel: "CNN"[0m
[92m_________________________________________________________________[0m
[92mLayer (type)                 Output Shape              Param #   [0m
[92m=================================================================[0m
[92msequential (Sequential)      (None, 512)               12127912  [0m
[92m_________________________________________________________________[0m
[92mdense_2 (Dense)              multiple                  1539      [0m
[92m=================================================================[0m
[92mTotal params: 12,129,451[0m
[92mTrainable params: 12,129,447[0m
[92mNon-trainable params: 4[0m
[92m_________________________________________________________________[0m
None

@LAYER1       @@@@@@@@@@@@@@@@@@@@@@
[94mModel: "sequential"[0m
[94m_________________________________________________________________[0m
[94mLayer (type)                 Output Shape              Param #   [0m
[94m=================================================================[0m
[94mlambda (Lambda)              (None, 75, 75, 2)         0         [0m
[94m_________________________________________________________________[0m
[94mbatch_normalization (BatchNo (None, 75, 75, 2)         8         [0m
[94m_________________________________________________________________[0m
[94mconv2d (Conv2D)              (None, 75, 75, 32)        2336      [0m
[94m_________________________________________________________________[0m
[94mmax_pooling2d (MaxPooling2D) (None, 37, 37, 32)        0         [0m
[94m_________________________________________________________________[0m
[94mconv2d_1 (Conv2D)            (None, 37, 37, 128)       65664     [0m
[94m_________________________________________________________________[0m
[94mmax_pooling2d_1 (MaxPooling2 (None, 18, 18, 128)       0         [0m
[94m_________________________________________________________________[0m
[94mconv2d_2 (Conv2D)            (None, 18, 18, 256)       1179904   [0m
[94m_________________________________________________________________[0m
[94mmax_pooling2d_2 (MaxPooling2 (None, 9, 9, 256)         0         [0m
[94m_________________________________________________________________[0m
[94mdropout (Dropout)            (None, 9, 9, 256)         0         [0m
[94m_________________________________________________________________[0m
[94mflatten (Flatten)            (None, 20736)             0         [0m
[94m_________________________________________________________________[0m
[94mdense (Dense)                (None, 512)               10617344  [0m
[94m_________________________________________________________________[0m
[94mdropout_1 (Dropout)          (None, 512)               0         [0m
[94m_________________________________________________________________[0m
[94mdense_1 (Dense)              (None, 512)               262656    [0m
[94m_________________________________________________________________[0m
[94mdropout_2 (Dropout)          (None, 512)               0         [0m
[94m=================================================================[0m
[94mTotal params: 12,127,912[0m
[94mTrainable params: 12,127,908[0m
[94mNon-trainable params: 4[0m
[94m_________________________________________________________________[0m
None
[92m%Optimizer:
[0m {'name': 'Adam', 'learning_rate': 1e-04, 'decay': 0.0, 'beta_1': 0.9, 'beta_2': 0.999, 'epsilon': 1e-07, 'amsgrad': False}
[92m%Layer detail:
[0m {'name': 'sequential', 'layers': [{'class_name': 'InputLayer', 'config': {'batch_input_shape': (None, 75, 75, 2), 'dtype': 'float32', 'sparse': False, 'ragged': False, 'name': 'lambda_input'}}, {'class_name': 'Lambda', 'config': {'name': 'lambda', 'trainable': True, 'dtype': 'float32', 'function': ('4wEAAAAAAAAAAAAAAAEAAAAGAAAAUwAAAHMgAAAAfABkAGQAhQJkAGQAhQJkAGQAhQJkAGQAhQJm\nBBkAUwApAU6pAKkB2gF4cgEAAAByAQAAAPofL2hvbWUvc2FtaHVhbmcvTUwvQ05OL21vZGVscy5w\nedoIPGxhbWJkYT4NAAAA8wAAAAA=\n', None, None), 'function_type': 'lambda', 'module': 'models', 'output_shape': None, 'output_shape_type': 'raw', 'output_shape_module': None, 'arguments': {}}}, {'class_name': 'BatchNormalization', 'config': {'name': 'batch_normalization', 'trainable': True, 'dtype': 'float32', 'axis': ListWrapper([3]), 'momentum': 0.99, 'epsilon': 0.001, 'center': True, 'scale': True, 'beta_initializer': {'class_name': 'Zeros', 'config': {}}, 'gamma_initializer': {'class_name': 'Ones', 'config': {}}, 'moving_mean_initializer': {'class_name': 'Zeros', 'config': {}}, 'moving_variance_initializer': {'class_name': 'Ones', 'config': {}}, 'beta_regularizer': None, 'gamma_regularizer': None, 'beta_constraint': None, 'gamma_constraint': None}}, {'class_name': 'Conv2D', 'config': {'name': 'conv2d', 'trainable': True, 'dtype': 'float32', 'filters': 32, 'kernel_size': (6, 6), 'strides': (1, 1), 'padding': 'same', 'data_format': 'channels_last', 'dilation_rate': (1, 1), 'groups': 1, 'activation': 'relu', 'use_bias': True, 'kernel_initializer': {'class_name': 'GlorotUniform', 'config': {'seed': None}}, 'bias_initializer': {'class_name': 'Zeros', 'config': {}}, 'kernel_regularizer': {'class_name': 'L2', 'config': {'l2': 0.009999999776482582}}, 'bias_regularizer': None, 'activity_regularizer': None, 'kernel_constraint': None, 'bias_constraint': None}}, {'class_name': 'MaxPooling2D', 'config': {'name': 'max_pooling2d', 'trainable': True, 'dtype': 'float32', 'pool_size': (2, 2), 'padding': 'valid', 'strides': (2, 2), 'data_format': 'channels_last'}}, {'class_name': 'Conv2D', 'config': {'name': 'conv2d_1', 'trainable': True, 'dtype': 'float32', 'filters': 128, 'kernel_size': (4, 4), 'strides': (1, 1), 'padding': 'same', 'data_format': 'channels_last', 'dilation_rate': (1, 1), 'groups': 1, 'activation': 'relu', 'use_bias': True, 'kernel_initializer': {'class_name': 'GlorotUniform', 'config': {'seed': None}}, 'bias_initializer': {'class_name': 'Zeros', 'config': {}}, 'kernel_regularizer': None, 'bias_regularizer': None, 'activity_regularizer': None, 'kernel_constraint': None, 'bias_constraint': None}}, {'class_name': 'MaxPooling2D', 'config': {'name': 'max_pooling2d_1', 'trainable': True, 'dtype': 'float32', 'pool_size': (2, 2), 'padding': 'valid', 'strides': (2, 2), 'data_format': 'channels_last'}}, {'class_name': 'Conv2D', 'config': {'name': 'conv2d_2', 'trainable': True, 'dtype': 'float32', 'filters': 256, 'kernel_size': (6, 6), 'strides': (1, 1), 'padding': 'same', 'data_format': 'channels_last', 'dilation_rate': (1, 1), 'groups': 1, 'activation': 'relu', 'use_bias': True, 'kernel_initializer': {'class_name': 'GlorotUniform', 'config': {'seed': None}}, 'bias_initializer': {'class_name': 'Zeros', 'config': {}}, 'kernel_regularizer': None, 'bias_regularizer': None, 'activity_regularizer': None, 'kernel_constraint': None, 'bias_constraint': None}}, {'class_name': 'MaxPooling2D', 'config': {'name': 'max_pooling2d_2', 'trainable': True, 'dtype': 'float32', 'pool_size': (2, 2), 'padding': 'valid', 'strides': (2, 2), 'data_format': 'channels_last'}}, {'class_name': 'Dropout', 'config': {'name': 'dropout', 'trainable': True, 'dtype': 'float32', 'rate': 0.1, 'noise_shape': None, 'seed': None}}, {'class_name': 'Flatten', 'config': {'name': 'flatten', 'trainable': True, 'dtype': 'float32', 'data_format': 'channels_last'}}, {'class_name': 'Dense', 'config': {'name': 'dense', 'trainable': True, 'dtype': 'float32', 'units': 512, 'activation': 'relu', 'use_bias': True, 'kernel_initializer': {'class_name': 'GlorotUniform', 'config': {'seed': None}}, 'bias_initializer': {'class_name': 'Zeros', 'config': {}}, 'kernel_regularizer': {'class_name': 'L2', 'config': {'l2': 0.009999999776482582}}, 'bias_regularizer': None, 'activity_regularizer': None, 'kernel_constraint': None, 'bias_constraint': None}}, {'class_name': 'Dropout', 'config': {'name': 'dropout_1', 'trainable': True, 'dtype': 'float32', 'rate': 0.5, 'noise_shape': None, 'seed': None}}, {'class_name': 'Dense', 'config': {'name': 'dense_1', 'trainable': True, 'dtype': 'float32', 'units': 512, 'activation': 'relu', 'use_bias': True, 'kernel_initializer': {'class_name': 'GlorotUniform', 'config': {'seed': None}}, 'bias_initializer': {'class_name': 'Zeros', 'config': {}}, 'kernel_regularizer': {'class_name': 'L2', 'config': {'l2': 0.009999999776482582}}, 'bias_regularizer': None, 'activity_regularizer': None, 'kernel_constraint': None, 'bias_constraint': None}}, {'class_name': 'Dropout', 'config': {'name': 'dropout_2', 'trainable': True, 'dtype': 'float32', 'rate': 0.5, 'noise_shape': None, 'seed': None}}]}

@LAYER2       @@@@@@@@@@@@@@@@@@@@@@
[92m%Layer detail:
[0m {'name': 'dense_2', 'trainable': True, 'dtype': 'float32', 'units': 3, 'activation': 'softmax', 'use_bias': True, 'kernel_initializer': {'class_name': 'GlorotUniform', 'config': {'seed': None}}, 'bias_initializer': {'class_name': 'Zeros', 'config': {}}, 'kernel_regularizer': None, 'bias_regularizer': None, 'activity_regularizer': None, 'kernel_constraint': None, 'bias_constraint': None}

****************************************************
history keys:
 dict_keys(['loss', 'accuracy', 'val_loss', 'val_accuracy'])
history params:
 {'verbose': 1, 'epochs': 100, 'steps': None}
****************************************************
$$$$$$$$$$$$$$$$$$$$$$$$$$$$$$$$$$$$$$$$$$$$$$$$$$$$$$
$$$$$$$$$$$$$$$$$$$$$$$$$$$$$$$$$$$$$$$$$$$$$$$$$$$$$$
The data set contains images
119746/119746 [==============================] - 625s 5ms/step - loss: 0.7695 - accuracy: 0.6864
Testing Loss = 0.769521, Testing Accuracy = 0.686353
The data set contains images
N of classes 3
$W^+$ (auc = 85.53 +- 0.0000 %)
$W^-$ (auc = 85.59 +- 0.0000 %)
$Z$ (auc = 84.11 +- 0.0000 %)
The summarized testing accuracy = 68.64 +- 0.0000 (percent), with the loss = 0.7695 +- 0.000000
