

$$$$$$$$$$$$$$$$$$$$$$$$$$$$$$$$$$$$$$$$$
New Run
Current date and time = 2022-10-24 08:33:30.425663
$$$$$$$$$$$$$$$$$$$$$$$$$$$$$$$$$$$$$$$$$
The data set contains images
The data set contains images
Number of training datasets: 383186.
Epoch 1/100
748/748 [==============================] - 56s 68ms/step - loss: 3.5387 - accuracy: 0.6015 - val_loss: 1.1368 - val_accuracy: 0.6526

Epoch 00001: val_loss improved from inf to 1.13681, saving model to /home/samhuang/ML/best_model/best_model_ternary_CNN_kappa0.15-special/Try/0
Epoch 2/100
748/748 [==============================] - 51s 68ms/step - loss: 0.9443 - accuracy: 0.6481 - val_loss: 0.8539 - val_accuracy: 0.6553

Epoch 00002: val_loss improved from 1.13681 to 0.85386, saving model to /home/samhuang/ML/best_model/best_model_ternary_CNN_kappa0.15-special/Try/0
Epoch 3/100
748/748 [==============================] - 52s 69ms/step - loss: 0.8477 - accuracy: 0.6528 - val_loss: 0.8220 - val_accuracy: 0.6621

Epoch 00003: val_loss improved from 0.85386 to 0.82200, saving model to /home/samhuang/ML/best_model/best_model_ternary_CNN_kappa0.15-special/Try/0
Epoch 4/100
748/748 [==============================] - 51s 68ms/step - loss: 0.8315 - accuracy: 0.6571 - val_loss: 0.8124 - val_accuracy: 0.6658

Epoch 00004: val_loss improved from 0.82200 to 0.81239, saving model to /home/samhuang/ML/best_model/best_model_ternary_CNN_kappa0.15-special/Try/0
Epoch 5/100
748/748 [==============================] - 51s 68ms/step - loss: 0.8224 - accuracy: 0.6601 - val_loss: 0.8095 - val_accuracy: 0.6658

Epoch 00005: val_loss improved from 0.81239 to 0.80948, saving model to /home/samhuang/ML/best_model/best_model_ternary_CNN_kappa0.15-special/Try/0
Epoch 6/100
748/748 [==============================] - 51s 69ms/step - loss: 0.8157 - accuracy: 0.6633 - val_loss: 0.8016 - val_accuracy: 0.6709

Epoch 00006: val_loss improved from 0.80948 to 0.80163, saving model to /home/samhuang/ML/best_model/best_model_ternary_CNN_kappa0.15-special/Try/0
Epoch 7/100
748/748 [==============================] - 51s 69ms/step - loss: 0.8089 - accuracy: 0.6673 - val_loss: 0.8014 - val_accuracy: 0.6696

Epoch 00007: val_loss improved from 0.80163 to 0.80144, saving model to /home/samhuang/ML/best_model/best_model_ternary_CNN_kappa0.15-special/Try/0
Epoch 8/100
748/748 [==============================] - 51s 68ms/step - loss: 0.8024 - accuracy: 0.6705 - val_loss: 0.7940 - val_accuracy: 0.6749

Epoch 00008: val_loss improved from 0.80144 to 0.79403, saving model to /home/samhuang/ML/best_model/best_model_ternary_CNN_kappa0.15-special/Try/0
Epoch 9/100
748/748 [==============================] - 51s 69ms/step - loss: 0.7977 - accuracy: 0.6734 - val_loss: 0.7927 - val_accuracy: 0.6748

Epoch 00009: val_loss improved from 0.79403 to 0.79268, saving model to /home/samhuang/ML/best_model/best_model_ternary_CNN_kappa0.15-special/Try/0
Epoch 10/100
748/748 [==============================] - 235s 314ms/step - loss: 0.7941 - accuracy: 0.6749 - val_loss: 0.7897 - val_accuracy: 0.6753

Epoch 00010: val_loss improved from 0.79268 to 0.78968, saving model to /home/samhuang/ML/best_model/best_model_ternary_CNN_kappa0.15-special/Try/0
Epoch 11/100
748/748 [==============================] - 51s 68ms/step - loss: 0.7901 - accuracy: 0.6768 - val_loss: 0.7849 - val_accuracy: 0.6778

Epoch 00011: val_loss improved from 0.78968 to 0.78490, saving model to /home/samhuang/ML/best_model/best_model_ternary_CNN_kappa0.15-special/Try/0
Epoch 12/100
748/748 [==============================] - 51s 68ms/step - loss: 0.7877 - accuracy: 0.6784 - val_loss: 0.7797 - val_accuracy: 0.6811

Epoch 00012: val_loss improved from 0.78490 to 0.77966, saving model to /home/samhuang/ML/best_model/best_model_ternary_CNN_kappa0.15-special/Try/0
Epoch 13/100
748/748 [==============================] - 51s 68ms/step - loss: 0.7852 - accuracy: 0.6797 - val_loss: 0.7791 - val_accuracy: 0.6813

Epoch 00013: val_loss improved from 0.77966 to 0.77906, saving model to /home/samhuang/ML/best_model/best_model_ternary_CNN_kappa0.15-special/Try/0
Epoch 14/100
748/748 [==============================] - 51s 68ms/step - loss: 0.7826 - accuracy: 0.6815 - val_loss: 0.7756 - val_accuracy: 0.6826

Epoch 00014: val_loss improved from 0.77906 to 0.77561, saving model to /home/samhuang/ML/best_model/best_model_ternary_CNN_kappa0.15-special/Try/0
Epoch 15/100
748/748 [==============================] - 51s 68ms/step - loss: 0.7810 - accuracy: 0.6817 - val_loss: 0.7740 - val_accuracy: 0.6845

Epoch 00015: val_loss improved from 0.77561 to 0.77395, saving model to /home/samhuang/ML/best_model/best_model_ternary_CNN_kappa0.15-special/Try/0
Epoch 16/100
748/748 [==============================] - 51s 68ms/step - loss: 0.7792 - accuracy: 0.6831 - val_loss: 0.7737 - val_accuracy: 0.6840

Epoch 00016: val_loss improved from 0.77395 to 0.77374, saving model to /home/samhuang/ML/best_model/best_model_ternary_CNN_kappa0.15-special/Try/0
Epoch 17/100
748/748 [==============================] - 51s 68ms/step - loss: 0.7769 - accuracy: 0.6838 - val_loss: 0.7736 - val_accuracy: 0.6830

Epoch 00017: val_loss improved from 0.77374 to 0.77362, saving model to /home/samhuang/ML/best_model/best_model_ternary_CNN_kappa0.15-special/Try/0
Epoch 18/100
748/748 [==============================] - 51s 68ms/step - loss: 0.7749 - accuracy: 0.6851 - val_loss: 0.7693 - val_accuracy: 0.6861

Epoch 00018: val_loss improved from 0.77362 to 0.76926, saving model to /home/samhuang/ML/best_model/best_model_ternary_CNN_kappa0.15-special/Try/0
Epoch 19/100
748/748 [==============================] - 52s 69ms/step - loss: 0.7738 - accuracy: 0.6851 - val_loss: 0.7688 - val_accuracy: 0.6863

Epoch 00019: val_loss improved from 0.76926 to 0.76885, saving model to /home/samhuang/ML/best_model/best_model_ternary_CNN_kappa0.15-special/Try/0
Epoch 20/100
748/748 [==============================] - 51s 68ms/step - loss: 0.7718 - accuracy: 0.6872 - val_loss: 0.7688 - val_accuracy: 0.6865

Epoch 00020: val_loss improved from 0.76885 to 0.76881, saving model to /home/samhuang/ML/best_model/best_model_ternary_CNN_kappa0.15-special/Try/0
Epoch 21/100
748/748 [==============================] - 51s 69ms/step - loss: 0.7699 - accuracy: 0.6886 - val_loss: 0.7706 - val_accuracy: 0.6848

Epoch 00021: val_loss did not improve from 0.76881
Epoch 22/100
748/748 [==============================] - 51s 69ms/step - loss: 0.7683 - accuracy: 0.6890 - val_loss: 0.7732 - val_accuracy: 0.6825

Epoch 00022: val_loss did not improve from 0.76881
Epoch 23/100
748/748 [==============================] - 51s 68ms/step - loss: 0.7676 - accuracy: 0.6900 - val_loss: 0.7659 - val_accuracy: 0.6884

Epoch 00023: val_loss improved from 0.76881 to 0.76586, saving model to /home/samhuang/ML/best_model/best_model_ternary_CNN_kappa0.15-special/Try/0
Epoch 24/100
748/748 [==============================] - 51s 68ms/step - loss: 0.7660 - accuracy: 0.6914 - val_loss: 0.7715 - val_accuracy: 0.6832

Epoch 00024: val_loss did not improve from 0.76586
Epoch 25/100
748/748 [==============================] - 51s 68ms/step - loss: 0.7637 - accuracy: 0.6922 - val_loss: 0.7674 - val_accuracy: 0.6869

Epoch 00025: val_loss did not improve from 0.76586
Epoch 26/100
748/748 [==============================] - 51s 68ms/step - loss: 0.7621 - accuracy: 0.6930 - val_loss: 0.7714 - val_accuracy: 0.6843

Epoch 00026: val_loss did not improve from 0.76586
Epoch 27/100
748/748 [==============================] - 51s 68ms/step - loss: 0.7610 - accuracy: 0.6943 - val_loss: 0.7692 - val_accuracy: 0.6850

Epoch 00027: val_loss did not improve from 0.76586
Epoch 28/100
748/748 [==============================] - 51s 68ms/step - loss: 0.7592 - accuracy: 0.6952 - val_loss: 0.7696 - val_accuracy: 0.6857

Epoch 00028: val_loss did not improve from 0.76586
Epoch 29/100
748/748 [==============================] - 51s 68ms/step - loss: 0.7570 - accuracy: 0.6969 - val_loss: 0.7694 - val_accuracy: 0.6861

Epoch 00029: val_loss did not improve from 0.76586
Epoch 30/100
748/748 [==============================] - 51s 69ms/step - loss: 0.7560 - accuracy: 0.6983 - val_loss: 0.7749 - val_accuracy: 0.6824

Epoch 00030: val_loss did not improve from 0.76586
Epoch 31/100
748/748 [==============================] - 51s 68ms/step - loss: 0.7529 - accuracy: 0.6998 - val_loss: 0.7734 - val_accuracy: 0.6841

Epoch 00031: val_loss did not improve from 0.76586
Epoch 32/100
748/748 [==============================] - 51s 68ms/step - loss: 0.7518 - accuracy: 0.7009 - val_loss: 0.7721 - val_accuracy: 0.6859

Epoch 00032: val_loss did not improve from 0.76586
Epoch 33/100
748/748 [==============================] - 51s 68ms/step - loss: 0.7492 - accuracy: 0.7031 - val_loss: 0.7759 - val_accuracy: 0.6833

Epoch 00033: val_loss did not improve from 0.76586
Epoch 00033: early stopping
$$$$$$$$$$$$$$$$$$$$$$$$$$$$$$$$$$$$$$$$$$$$$$$$$$$$$$
$$$$$$$$$$$$$$$$$$$$$$$$$$$$$$$$$$$$$$$$$$$$$$$$$$$$$$
[92mModel: "CNN"[0m
[92m_________________________________________________________________[0m
[92mLayer (type)                 Output Shape              Param #   [0m
[92m=================================================================[0m
[92msequential (Sequential)      (None, 512)               12127912  [0m
[92m_________________________________________________________________[0m
[92mdense_2 (Dense)              multiple                  1539      [0m
[92m=================================================================[0m
[92mTotal params: 12,129,451[0m
[92mTrainable params: 12,129,447[0m
[92mNon-trainable params: 4[0m
[92m_________________________________________________________________[0m
None

@LAYER1       @@@@@@@@@@@@@@@@@@@@@@
[94mModel: "sequential"[0m
[94m_________________________________________________________________[0m
[94mLayer (type)                 Output Shape              Param #   [0m
[94m=================================================================[0m
[94mlambda (Lambda)              (None, 75, 75, 2)         0         [0m
[94m_________________________________________________________________[0m
[94mbatch_normalization (BatchNo (None, 75, 75, 2)         8         [0m
[94m_________________________________________________________________[0m
[94mconv2d (Conv2D)              (None, 75, 75, 32)        2336      [0m
[94m_________________________________________________________________[0m
[94mmax_pooling2d (MaxPooling2D) (None, 37, 37, 32)        0         [0m
[94m_________________________________________________________________[0m
[94mconv2d_1 (Conv2D)            (None, 37, 37, 128)       65664     [0m
[94m_________________________________________________________________[0m
[94mmax_pooling2d_1 (MaxPooling2 (None, 18, 18, 128)       0         [0m
[94m_________________________________________________________________[0m
[94mconv2d_2 (Conv2D)            (None, 18, 18, 256)       1179904   [0m
[94m_________________________________________________________________[0m
[94mmax_pooling2d_2 (MaxPooling2 (None, 9, 9, 256)         0         [0m
[94m_________________________________________________________________[0m
[94mdropout (Dropout)            (None, 9, 9, 256)         0         [0m
[94m_________________________________________________________________[0m
[94mflatten (Flatten)            (None, 20736)             0         [0m
[94m_________________________________________________________________[0m
[94mdense (Dense)                (None, 512)               10617344  [0m
[94m_________________________________________________________________[0m
[94mdropout_1 (Dropout)          (None, 512)               0         [0m
[94m_________________________________________________________________[0m
[94mdense_1 (Dense)              (None, 512)               262656    [0m
[94m_________________________________________________________________[0m
[94mdropout_2 (Dropout)          (None, 512)               0         [0m
[94m=================================================================[0m
[94mTotal params: 12,127,912[0m
[94mTrainable params: 12,127,908[0m
[94mNon-trainable params: 4[0m
[94m_________________________________________________________________[0m
None
[92m%Optimizer:
[0m {'name': 'Adam', 'learning_rate': 1e-04, 'decay': 0.0, 'beta_1': 0.9, 'beta_2': 0.999, 'epsilon': 1e-07, 'amsgrad': False}
[92m%Layer detail:
[0m {'name': 'sequential', 'layers': [{'class_name': 'InputLayer', 'config': {'batch_input_shape': (None, 75, 75, 2), 'dtype': 'float32', 'sparse': False, 'ragged': False, 'name': 'lambda_input'}}, {'class_name': 'Lambda', 'config': {'name': 'lambda', 'trainable': True, 'dtype': 'float32', 'function': ('4wEAAAAAAAAAAAAAAAEAAAAGAAAAUwAAAHMgAAAAfABkAGQAhQJkAGQAhQJkAGQAhQJkAGQAhQJm\nBBkAUwApAU6pAKkB2gF4cgEAAAByAQAAAPofL2hvbWUvc2FtaHVhbmcvTUwvQ05OL21vZGVscy5w\nedoIPGxhbWJkYT4NAAAA8wAAAAA=\n', None, None), 'function_type': 'lambda', 'module': 'models', 'output_shape': None, 'output_shape_type': 'raw', 'output_shape_module': None, 'arguments': {}}}, {'class_name': 'BatchNormalization', 'config': {'name': 'batch_normalization', 'trainable': True, 'dtype': 'float32', 'axis': ListWrapper([3]), 'momentum': 0.99, 'epsilon': 0.001, 'center': True, 'scale': True, 'beta_initializer': {'class_name': 'Zeros', 'config': {}}, 'gamma_initializer': {'class_name': 'Ones', 'config': {}}, 'moving_mean_initializer': {'class_name': 'Zeros', 'config': {}}, 'moving_variance_initializer': {'class_name': 'Ones', 'config': {}}, 'beta_regularizer': None, 'gamma_regularizer': None, 'beta_constraint': None, 'gamma_constraint': None}}, {'class_name': 'Conv2D', 'config': {'name': 'conv2d', 'trainable': True, 'dtype': 'float32', 'filters': 32, 'kernel_size': (6, 6), 'strides': (1, 1), 'padding': 'same', 'data_format': 'channels_last', 'dilation_rate': (1, 1), 'groups': 1, 'activation': 'relu', 'use_bias': True, 'kernel_initializer': {'class_name': 'GlorotUniform', 'config': {'seed': None}}, 'bias_initializer': {'class_name': 'Zeros', 'config': {}}, 'kernel_regularizer': {'class_name': 'L2', 'config': {'l2': 0.009999999776482582}}, 'bias_regularizer': None, 'activity_regularizer': None, 'kernel_constraint': None, 'bias_constraint': None}}, {'class_name': 'MaxPooling2D', 'config': {'name': 'max_pooling2d', 'trainable': True, 'dtype': 'float32', 'pool_size': (2, 2), 'padding': 'valid', 'strides': (2, 2), 'data_format': 'channels_last'}}, {'class_name': 'Conv2D', 'config': {'name': 'conv2d_1', 'trainable': True, 'dtype': 'float32', 'filters': 128, 'kernel_size': (4, 4), 'strides': (1, 1), 'padding': 'same', 'data_format': 'channels_last', 'dilation_rate': (1, 1), 'groups': 1, 'activation': 'relu', 'use_bias': True, 'kernel_initializer': {'class_name': 'GlorotUniform', 'config': {'seed': None}}, 'bias_initializer': {'class_name': 'Zeros', 'config': {}}, 'kernel_regularizer': None, 'bias_regularizer': None, 'activity_regularizer': None, 'kernel_constraint': None, 'bias_constraint': None}}, {'class_name': 'MaxPooling2D', 'config': {'name': 'max_pooling2d_1', 'trainable': True, 'dtype': 'float32', 'pool_size': (2, 2), 'padding': 'valid', 'strides': (2, 2), 'data_format': 'channels_last'}}, {'class_name': 'Conv2D', 'config': {'name': 'conv2d_2', 'trainable': True, 'dtype': 'float32', 'filters': 256, 'kernel_size': (6, 6), 'strides': (1, 1), 'padding': 'same', 'data_format': 'channels_last', 'dilation_rate': (1, 1), 'groups': 1, 'activation': 'relu', 'use_bias': True, 'kernel_initializer': {'class_name': 'GlorotUniform', 'config': {'seed': None}}, 'bias_initializer': {'class_name': 'Zeros', 'config': {}}, 'kernel_regularizer': None, 'bias_regularizer': None, 'activity_regularizer': None, 'kernel_constraint': None, 'bias_constraint': None}}, {'class_name': 'MaxPooling2D', 'config': {'name': 'max_pooling2d_2', 'trainable': True, 'dtype': 'float32', 'pool_size': (2, 2), 'padding': 'valid', 'strides': (2, 2), 'data_format': 'channels_last'}}, {'class_name': 'Dropout', 'config': {'name': 'dropout', 'trainable': True, 'dtype': 'float32', 'rate': 0.1, 'noise_shape': None, 'seed': None}}, {'class_name': 'Flatten', 'config': {'name': 'flatten', 'trainable': True, 'dtype': 'float32', 'data_format': 'channels_last'}}, {'class_name': 'Dense', 'config': {'name': 'dense', 'trainable': True, 'dtype': 'float32', 'units': 512, 'activation': 'relu', 'use_bias': True, 'kernel_initializer': {'class_name': 'GlorotUniform', 'config': {'seed': None}}, 'bias_initializer': {'class_name': 'Zeros', 'config': {}}, 'kernel_regularizer': {'class_name': 'L2', 'config': {'l2': 0.009999999776482582}}, 'bias_regularizer': None, 'activity_regularizer': None, 'kernel_constraint': None, 'bias_constraint': None}}, {'class_name': 'Dropout', 'config': {'name': 'dropout_1', 'trainable': True, 'dtype': 'float32', 'rate': 0.5, 'noise_shape': None, 'seed': None}}, {'class_name': 'Dense', 'config': {'name': 'dense_1', 'trainable': True, 'dtype': 'float32', 'units': 512, 'activation': 'relu', 'use_bias': True, 'kernel_initializer': {'class_name': 'GlorotUniform', 'config': {'seed': None}}, 'bias_initializer': {'class_name': 'Zeros', 'config': {}}, 'kernel_regularizer': {'class_name': 'L2', 'config': {'l2': 0.009999999776482582}}, 'bias_regularizer': None, 'activity_regularizer': None, 'kernel_constraint': None, 'bias_constraint': None}}, {'class_name': 'Dropout', 'config': {'name': 'dropout_2', 'trainable': True, 'dtype': 'float32', 'rate': 0.5, 'noise_shape': None, 'seed': None}}]}

@LAYER2       @@@@@@@@@@@@@@@@@@@@@@
[92m%Layer detail:
[0m {'name': 'dense_2', 'trainable': True, 'dtype': 'float32', 'units': 3, 'activation': 'softmax', 'use_bias': True, 'kernel_initializer': {'class_name': 'GlorotUniform', 'config': {'seed': None}}, 'bias_initializer': {'class_name': 'Zeros', 'config': {}}, 'kernel_regularizer': None, 'bias_regularizer': None, 'activity_regularizer': None, 'kernel_constraint': None, 'bias_constraint': None}

****************************************************
history keys:
 dict_keys(['loss', 'accuracy', 'val_loss', 'val_accuracy'])
history params:
 {'verbose': 1, 'epochs': 100, 'steps': None}
****************************************************
$$$$$$$$$$$$$$$$$$$$$$$$$$$$$$$$$$$$$$$$$$$$$$$$$$$$$$
$$$$$$$$$$$$$$$$$$$$$$$$$$$$$$$$$$$$$$$$$$$$$$$$$$$$$$
The data set contains images
119746/119746 [==============================] - 490s 4ms/step - loss: 0.7691 - accuracy: 0.6861
Testing Loss = 0.769108, Testing Accuracy = 0.686144
The data set contains images
N of classes 3
$W^+$ (auc = 85.55 +- 0.0000 %)
$W^-$ (auc = 85.53 +- 0.0000 %)
$Z$ (auc = 83.95 +- 0.0000 %)
The summarized testing accuracy = 68.61 +- 0.0000 (percent), with the loss = 0.7691 +- 0.000000
