

$$$$$$$$$$$$$$$$$$$$$$$$$$$$$$$$$$$$$$$$$
New Run
Current date and time = 2022-09-20 20:09:25.190285
Binary task for  ['$W^+$', '$Z$']
$$$$$$$$$$$$$$$$$$$$$$$$$$$$$$$$$$$$$$$$$
The data set contains images
The data set contains images
Epoch 1/500
375/375 [==============================] - 54s 129ms/step - loss: 5.1089 - accuracy: 0.7704 - val_loss: 1.8734 - val_accuracy: 0.8010

Epoch 00001: val_loss improved from inf to 1.87336, saving model to /home/samhuang/ML/best_model/best_model_binary-WpZ_CNN_kappa0.15_E/
Epoch 2/500
375/375 [==============================] - 25s 68ms/step - loss: 1.1608 - accuracy: 0.8181 - val_loss: 0.7322 - val_accuracy: 0.8237

Epoch 00002: val_loss improved from 1.87336 to 0.73220, saving model to /home/samhuang/ML/best_model/best_model_binary-WpZ_CNN_kappa0.15_E/
Epoch 3/500
375/375 [==============================] - 26s 68ms/step - loss: 0.5895 - accuracy: 0.8270 - val_loss: 0.5006 - val_accuracy: 0.8264

Epoch 00003: val_loss improved from 0.73220 to 0.50064, saving model to /home/samhuang/ML/best_model/best_model_binary-WpZ_CNN_kappa0.15_E/
Epoch 4/500
375/375 [==============================] - 26s 69ms/step - loss: 0.4690 - accuracy: 0.8315 - val_loss: 0.4528 - val_accuracy: 0.8273

Epoch 00004: val_loss improved from 0.50064 to 0.45281, saving model to /home/samhuang/ML/best_model/best_model_binary-WpZ_CNN_kappa0.15_E/
Epoch 5/500
375/375 [==============================] - 26s 69ms/step - loss: 0.4381 - accuracy: 0.8335 - val_loss: 0.4396 - val_accuracy: 0.8259

Epoch 00005: val_loss improved from 0.45281 to 0.43960, saving model to /home/samhuang/ML/best_model/best_model_binary-WpZ_CNN_kappa0.15_E/
Epoch 6/500
375/375 [==============================] - 26s 68ms/step - loss: 0.4251 - accuracy: 0.8368 - val_loss: 0.4333 - val_accuracy: 0.8266

Epoch 00006: val_loss improved from 0.43960 to 0.43327, saving model to /home/samhuang/ML/best_model/best_model_binary-WpZ_CNN_kappa0.15_E/
Epoch 7/500
375/375 [==============================] - 26s 69ms/step - loss: 0.4173 - accuracy: 0.8384 - val_loss: 0.4304 - val_accuracy: 0.8263

Epoch 00007: val_loss improved from 0.43327 to 0.43042, saving model to /home/samhuang/ML/best_model/best_model_binary-WpZ_CNN_kappa0.15_E/
Epoch 8/500
375/375 [==============================] - 26s 69ms/step - loss: 0.4119 - accuracy: 0.8398 - val_loss: 0.4215 - val_accuracy: 0.8308

Epoch 00008: val_loss improved from 0.43042 to 0.42150, saving model to /home/samhuang/ML/best_model/best_model_binary-WpZ_CNN_kappa0.15_E/
Epoch 9/500
375/375 [==============================] - 26s 69ms/step - loss: 0.4073 - accuracy: 0.8416 - val_loss: 0.4221 - val_accuracy: 0.8288

Epoch 00009: val_loss did not improve from 0.42150
Epoch 10/500
375/375 [==============================] - 26s 70ms/step - loss: 0.4032 - accuracy: 0.8434 - val_loss: 0.4247 - val_accuracy: 0.8273

Epoch 00010: val_loss did not improve from 0.42150
Epoch 11/500
375/375 [==============================] - 26s 69ms/step - loss: 0.3997 - accuracy: 0.8451 - val_loss: 0.4177 - val_accuracy: 0.8314

Epoch 00011: val_loss improved from 0.42150 to 0.41767, saving model to /home/samhuang/ML/best_model/best_model_binary-WpZ_CNN_kappa0.15_E/
Epoch 12/500
375/375 [==============================] - 26s 69ms/step - loss: 0.3973 - accuracy: 0.8456 - val_loss: 0.4158 - val_accuracy: 0.8334

Epoch 00012: val_loss improved from 0.41767 to 0.41578, saving model to /home/samhuang/ML/best_model/best_model_binary-WpZ_CNN_kappa0.15_E/
Epoch 13/500
375/375 [==============================] - 26s 68ms/step - loss: 0.3929 - accuracy: 0.8477 - val_loss: 0.4206 - val_accuracy: 0.8287

Epoch 00013: val_loss did not improve from 0.41578
Epoch 14/500
375/375 [==============================] - 26s 70ms/step - loss: 0.3890 - accuracy: 0.8500 - val_loss: 0.4155 - val_accuracy: 0.8328

Epoch 00014: val_loss improved from 0.41578 to 0.41548, saving model to /home/samhuang/ML/best_model/best_model_binary-WpZ_CNN_kappa0.15_E/
Epoch 15/500
375/375 [==============================] - 26s 69ms/step - loss: 0.3865 - accuracy: 0.8512 - val_loss: 0.4138 - val_accuracy: 0.8344

Epoch 00015: val_loss improved from 0.41548 to 0.41379, saving model to /home/samhuang/ML/best_model/best_model_binary-WpZ_CNN_kappa0.15_E/
Epoch 16/500
375/375 [==============================] - 26s 68ms/step - loss: 0.3826 - accuracy: 0.8533 - val_loss: 0.4190 - val_accuracy: 0.8313

Epoch 00016: val_loss did not improve from 0.41379
Epoch 17/500
375/375 [==============================] - 26s 69ms/step - loss: 0.3778 - accuracy: 0.8560 - val_loss: 0.4167 - val_accuracy: 0.8325

Epoch 00017: val_loss did not improve from 0.41379
Epoch 18/500
375/375 [==============================] - 26s 69ms/step - loss: 0.3736 - accuracy: 0.8586 - val_loss: 0.4223 - val_accuracy: 0.8312

Epoch 00018: val_loss did not improve from 0.41379
Epoch 19/500
375/375 [==============================] - 26s 69ms/step - loss: 0.3700 - accuracy: 0.8609 - val_loss: 0.4240 - val_accuracy: 0.8300

Epoch 00019: val_loss did not improve from 0.41379
Epoch 20/500
375/375 [==============================] - 26s 68ms/step - loss: 0.3648 - accuracy: 0.8649 - val_loss: 0.4308 - val_accuracy: 0.8296

Epoch 00020: val_loss did not improve from 0.41379
Epoch 21/500
375/375 [==============================] - 26s 70ms/step - loss: 0.3595 - accuracy: 0.8692 - val_loss: 0.4407 - val_accuracy: 0.8247

Epoch 00021: val_loss did not improve from 0.41379
Epoch 22/500
375/375 [==============================] - 26s 69ms/step - loss: 0.3522 - accuracy: 0.8745 - val_loss: 0.4380 - val_accuracy: 0.8272

Epoch 00022: val_loss did not improve from 0.41379
Epoch 23/500
375/375 [==============================] - 26s 69ms/step - loss: 0.3471 - accuracy: 0.8774 - val_loss: 0.4627 - val_accuracy: 0.8192

Epoch 00023: val_loss did not improve from 0.41379
Epoch 24/500
375/375 [==============================] - 26s 69ms/step - loss: 0.3405 - accuracy: 0.8818 - val_loss: 0.4641 - val_accuracy: 0.8200

Epoch 00024: val_loss did not improve from 0.41379
Epoch 25/500
375/375 [==============================] - 26s 69ms/step - loss: 0.3293 - accuracy: 0.8889 - val_loss: 0.4760 - val_accuracy: 0.8179

Epoch 00025: val_loss did not improve from 0.41379
Epoch 26/500
375/375 [==============================] - 26s 69ms/step - loss: 0.3233 - accuracy: 0.8924 - val_loss: 0.4613 - val_accuracy: 0.8251

Epoch 00026: val_loss did not improve from 0.41379
Epoch 27/500
375/375 [==============================] - 26s 69ms/step - loss: 0.3171 - accuracy: 0.8960 - val_loss: 0.4760 - val_accuracy: 0.8225

Epoch 00027: val_loss did not improve from 0.41379
Epoch 28/500
375/375 [==============================] - 26s 69ms/step - loss: 0.3146 - accuracy: 0.8967 - val_loss: 0.4945 - val_accuracy: 0.8133

Epoch 00028: val_loss did not improve from 0.41379
Epoch 29/500
375/375 [==============================] - 26s 69ms/step - loss: 0.3092 - accuracy: 0.8993 - val_loss: 0.5431 - val_accuracy: 0.8020

Epoch 00029: val_loss did not improve from 0.41379
Epoch 30/500
375/375 [==============================] - 26s 69ms/step - loss: 0.2934 - accuracy: 0.9093 - val_loss: 0.5807 - val_accuracy: 0.7931

Epoch 00030: val_loss did not improve from 0.41379
Epoch 00030: early stopping
$$$$$$$$$$$$$$$$$$$$$$$$$$$$$$$$$$$$$$$$$$$$$$$$$$$$$$
$$$$$$$$$$$$$$$$$$$$$$$$$$$$$$$$$$$$$$$$$$$$$$$$$$$$$$
[92mModel: "CNN"[0m
[92m_________________________________________________________________[0m
[92mLayer (type)                 Output Shape              Param #   [0m
[92m=================================================================[0m
[92msequential (Sequential)      (None, 512)               12127912  [0m
[92m_________________________________________________________________[0m
[92mdense_2 (Dense)              multiple                  1026      [0m
[92m=================================================================[0m
[92mTotal params: 12,128,938[0m
[92mTrainable params: 12,128,934[0m
[92mNon-trainable params: 4[0m
[92m_________________________________________________________________[0m
None

@LAYER1       @@@@@@@@@@@@@@@@@@@@@@
[94mModel: "sequential"[0m
[94m_________________________________________________________________[0m
[94mLayer (type)                 Output Shape              Param #   [0m
[94m=================================================================[0m
[94mlambda (Lambda)              (None, 75, 75, 2)         0         [0m
[94m_________________________________________________________________[0m
[94mbatch_normalization (BatchNo (None, 75, 75, 2)         8         [0m
[94m_________________________________________________________________[0m
[94mconv2d (Conv2D)              (None, 75, 75, 32)        2336      [0m
[94m_________________________________________________________________[0m
[94mmax_pooling2d (MaxPooling2D) (None, 37, 37, 32)        0         [0m
[94m_________________________________________________________________[0m
[94mconv2d_1 (Conv2D)            (None, 37, 37, 128)       65664     [0m
[94m_________________________________________________________________[0m
[94mmax_pooling2d_1 (MaxPooling2 (None, 18, 18, 128)       0         [0m
[94m_________________________________________________________________[0m
[94mconv2d_2 (Conv2D)            (None, 18, 18, 256)       1179904   [0m
[94m_________________________________________________________________[0m
[94mmax_pooling2d_2 (MaxPooling2 (None, 9, 9, 256)         0         [0m
[94m_________________________________________________________________[0m
[94mdropout (Dropout)            (None, 9, 9, 256)         0         [0m
[94m_________________________________________________________________[0m
[94mflatten (Flatten)            (None, 20736)             0         [0m
[94m_________________________________________________________________[0m
[94mdense (Dense)                (None, 512)               10617344  [0m
[94m_________________________________________________________________[0m
[94mdropout_1 (Dropout)          (None, 512)               0         [0m
[94m_________________________________________________________________[0m
[94mdense_1 (Dense)              (None, 512)               262656    [0m
[94m_________________________________________________________________[0m
[94mdropout_2 (Dropout)          (None, 512)               0         [0m
[94m=================================================================[0m
[94mTotal params: 12,127,912[0m
[94mTrainable params: 12,127,908[0m
[94mNon-trainable params: 4[0m
[94m_________________________________________________________________[0m
None
[92m%Optimizer:
[0m {'name': 'Adam', 'learning_rate': 1e-04, 'decay': 0.0, 'beta_1': 0.9, 'beta_2': 0.999, 'epsilon': 1e-07, 'amsgrad': False}
[92m%Layer detail:
[0m {'name': 'sequential', 'layers': [{'class_name': 'InputLayer', 'config': {'batch_input_shape': (None, 75, 75, 2), 'dtype': 'float32', 'sparse': False, 'ragged': False, 'name': 'lambda_input'}}, {'class_name': 'Lambda', 'config': {'name': 'lambda', 'trainable': True, 'dtype': 'float32', 'function': ('4wEAAAAAAAAAAAAAAAEAAAAGAAAAUwAAAHMgAAAAfABkAGQAhQJkAGQAhQJkAGQAhQJkAGQAhQJm\nBBkAUwApAU6pAKkB2gF4cgEAAAByAQAAAPofL2hvbWUvc2FtaHVhbmcvTUwvQ05OL21vZGVscy5w\nedoIPGxhbWJkYT4NAAAA8wAAAAA=\n', None, None), 'function_type': 'lambda', 'module': 'models', 'output_shape': None, 'output_shape_type': 'raw', 'output_shape_module': None, 'arguments': {}}}, {'class_name': 'BatchNormalization', 'config': {'name': 'batch_normalization', 'trainable': True, 'dtype': 'float32', 'axis': ListWrapper([3]), 'momentum': 0.99, 'epsilon': 0.001, 'center': True, 'scale': True, 'beta_initializer': {'class_name': 'Zeros', 'config': {}}, 'gamma_initializer': {'class_name': 'Ones', 'config': {}}, 'moving_mean_initializer': {'class_name': 'Zeros', 'config': {}}, 'moving_variance_initializer': {'class_name': 'Ones', 'config': {}}, 'beta_regularizer': None, 'gamma_regularizer': None, 'beta_constraint': None, 'gamma_constraint': None}}, {'class_name': 'Conv2D', 'config': {'name': 'conv2d', 'trainable': True, 'dtype': 'float32', 'filters': 32, 'kernel_size': (6, 6), 'strides': (1, 1), 'padding': 'same', 'data_format': 'channels_last', 'dilation_rate': (1, 1), 'groups': 1, 'activation': 'relu', 'use_bias': True, 'kernel_initializer': {'class_name': 'GlorotUniform', 'config': {'seed': None}}, 'bias_initializer': {'class_name': 'Zeros', 'config': {}}, 'kernel_regularizer': {'class_name': 'L2', 'config': {'l2': 0.009999999776482582}}, 'bias_regularizer': None, 'activity_regularizer': None, 'kernel_constraint': None, 'bias_constraint': None}}, {'class_name': 'MaxPooling2D', 'config': {'name': 'max_pooling2d', 'trainable': True, 'dtype': 'float32', 'pool_size': (2, 2), 'padding': 'valid', 'strides': (2, 2), 'data_format': 'channels_last'}}, {'class_name': 'Conv2D', 'config': {'name': 'conv2d_1', 'trainable': True, 'dtype': 'float32', 'filters': 128, 'kernel_size': (4, 4), 'strides': (1, 1), 'padding': 'same', 'data_format': 'channels_last', 'dilation_rate': (1, 1), 'groups': 1, 'activation': 'relu', 'use_bias': True, 'kernel_initializer': {'class_name': 'GlorotUniform', 'config': {'seed': None}}, 'bias_initializer': {'class_name': 'Zeros', 'config': {}}, 'kernel_regularizer': None, 'bias_regularizer': None, 'activity_regularizer': None, 'kernel_constraint': None, 'bias_constraint': None}}, {'class_name': 'MaxPooling2D', 'config': {'name': 'max_pooling2d_1', 'trainable': True, 'dtype': 'float32', 'pool_size': (2, 2), 'padding': 'valid', 'strides': (2, 2), 'data_format': 'channels_last'}}, {'class_name': 'Conv2D', 'config': {'name': 'conv2d_2', 'trainable': True, 'dtype': 'float32', 'filters': 256, 'kernel_size': (6, 6), 'strides': (1, 1), 'padding': 'same', 'data_format': 'channels_last', 'dilation_rate': (1, 1), 'groups': 1, 'activation': 'relu', 'use_bias': True, 'kernel_initializer': {'class_name': 'GlorotUniform', 'config': {'seed': None}}, 'bias_initializer': {'class_name': 'Zeros', 'config': {}}, 'kernel_regularizer': None, 'bias_regularizer': None, 'activity_regularizer': None, 'kernel_constraint': None, 'bias_constraint': None}}, {'class_name': 'MaxPooling2D', 'config': {'name': 'max_pooling2d_2', 'trainable': True, 'dtype': 'float32', 'pool_size': (2, 2), 'padding': 'valid', 'strides': (2, 2), 'data_format': 'channels_last'}}, {'class_name': 'Dropout', 'config': {'name': 'dropout', 'trainable': True, 'dtype': 'float32', 'rate': 0.1, 'noise_shape': None, 'seed': None}}, {'class_name': 'Flatten', 'config': {'name': 'flatten', 'trainable': True, 'dtype': 'float32', 'data_format': 'channels_last'}}, {'class_name': 'Dense', 'config': {'name': 'dense', 'trainable': True, 'dtype': 'float32', 'units': 512, 'activation': 'relu', 'use_bias': True, 'kernel_initializer': {'class_name': 'GlorotUniform', 'config': {'seed': None}}, 'bias_initializer': {'class_name': 'Zeros', 'config': {}}, 'kernel_regularizer': {'class_name': 'L2', 'config': {'l2': 0.009999999776482582}}, 'bias_regularizer': None, 'activity_regularizer': None, 'kernel_constraint': None, 'bias_constraint': None}}, {'class_name': 'Dropout', 'config': {'name': 'dropout_1', 'trainable': True, 'dtype': 'float32', 'rate': 0.5, 'noise_shape': None, 'seed': None}}, {'class_name': 'Dense', 'config': {'name': 'dense_1', 'trainable': True, 'dtype': 'float32', 'units': 512, 'activation': 'relu', 'use_bias': True, 'kernel_initializer': {'class_name': 'GlorotUniform', 'config': {'seed': None}}, 'bias_initializer': {'class_name': 'Zeros', 'config': {}}, 'kernel_regularizer': {'class_name': 'L2', 'config': {'l2': 0.009999999776482582}}, 'bias_regularizer': None, 'activity_regularizer': None, 'kernel_constraint': None, 'bias_constraint': None}}, {'class_name': 'Dropout', 'config': {'name': 'dropout_2', 'trainable': True, 'dtype': 'float32', 'rate': 0.5, 'noise_shape': None, 'seed': None}}]}

@LAYER2       @@@@@@@@@@@@@@@@@@@@@@
[92m%Layer detail:
[0m {'name': 'dense_2', 'trainable': True, 'dtype': 'float32', 'units': 2, 'activation': 'softmax', 'use_bias': True, 'kernel_initializer': {'class_name': 'GlorotUniform', 'config': {'seed': None}}, 'bias_initializer': {'class_name': 'Zeros', 'config': {}}, 'kernel_regularizer': None, 'bias_regularizer': None, 'activity_regularizer': None, 'kernel_constraint': None, 'bias_constraint': None}

****************************************************
history keys:
 dict_keys(['loss', 'accuracy', 'val_loss', 'val_accuracy'])
history params:
 {'verbose': 1, 'epochs': 500, 'steps': None}
****************************************************
$$$$$$$$$$$$$$$$$$$$$$$$$$$$$$$$$$$$$$$$$$$$$$$$$$$$$$
$$$$$$$$$$$$$$$$$$$$$$$$$$$$$$$$$$$$$$$$$$$$$$$$$$$$$$
The data set contains images
60000/60000 [==============================] - 248s 4ms/step - loss: 0.4119 - accuracy: 0.8332
Testing Loss = 0.411876, Testing Accuracy = 0.833250
The data set contains images
[[0.7598826885223389, 0.24011728167533875], [0.01692897081375122, 0.9830710291862488], [0.013769515790045261, 0.9862304329872131], [0.8171991109848022, 0.18280087411403656], [0.1497933566570282, 0.8502066135406494], [0.46172213554382324, 0.5382778644561768], [0.7466421723365784, 0.25335779786109924], [0.9526913166046143, 0.04730871692299843], [0.3894844651222229, 0.6105155348777771], [0.8781918287277222, 0.12180809676647186]]
[[1.0, 0.0], [1.0, 0.0], [0.0, 1.0], [1.0, 0.0], [0.0, 1.0], [1.0, 0.0], [1.0, 0.0], [1.0, 0.0], [0.0, 1.0], [1.0, 0.0]]
2
$W^+$ (auc = 0.9130)
$Z$ (auc = 0.9130)
