

$$$$$$$$$$$$$$$$$$$$$$$$$$$$$$$$$$$$$$$$$
New Run
Current date and time = 2023-01-27 22:27:29.770478
$$$$$$$$$$$$$$$$$$$$$$$$$$$$$$$$$$$$$$$$$
CNN_torch(
  (h2ptjl): Sequential(
    (0): BatchNorm2d(2, eps=1e-05, momentum=0.1, affine=True, track_running_stats=True)
    (1): Conv2d(2, 32, kernel_size=(6, 6), stride=(1, 1), padding=same)
    (2): ReLU()
    (3): MaxPool2d(kernel_size=2, stride=2, padding=0, dilation=1, ceil_mode=False)
    (4): Conv2d(32, 128, kernel_size=(4, 4), stride=(1, 1), padding=same)
    (5): ReLU()
    (6): MaxPool2d(kernel_size=2, stride=2, padding=0, dilation=1, ceil_mode=False)
    (7): Conv2d(128, 256, kernel_size=(6, 6), stride=(1, 1), padding=same)
    (8): ReLU()
    (9): MaxPool2d(kernel_size=2, stride=2, padding=0, dilation=1, ceil_mode=False)
    (10): Dropout(p=0.1, inplace=False)
  )
  (linear1): Linear(in_features=20736, out_features=512, bias=True)
  (linear2): Linear(in_features=512, out_features=32, bias=True)
  (linear3): Linear(in_features=512, out_features=128, bias=True)
  (linear4): Linear(in_features=128, out_features=32, bias=True)
  (_output): Linear(in_features=32, out_features=3, bias=True)
)
Send the model to cuda
