

$$$$$$$$$$$$$$$$$$$$$$$$$$$$$$$$$$$$$$$$$
New Run
Current date and time = 2022-09-17 19:55:59.190358
$$$$$$$$$$$$$$$$$$$$$$$$$$$$$$$$$$$$$$$$$
The data set contains images
The data set contains images
Epoch 1/500
647/647 [==============================] - 125s 158ms/step - loss: 0.7632 - accuracy: 0.7481 - val_loss: 0.4500 - val_accuracy: 0.7920

Epoch 00001: val_loss improved from inf to 0.44997, saving model to /home/samhuang/ML/best_model/best_model_binary-WpZ_CNNsq_kappa0.15/
Epoch 2/500
647/647 [==============================] - 84s 130ms/step - loss: 0.4473 - accuracy: 0.7982 - val_loss: 0.4318 - val_accuracy: 0.8032

Epoch 00002: val_loss improved from 0.44997 to 0.43182, saving model to /home/samhuang/ML/best_model/best_model_binary-WpZ_CNNsq_kappa0.15/
Epoch 3/500
647/647 [==============================] - 84s 130ms/step - loss: 0.4385 - accuracy: 0.8032 - val_loss: 0.4227 - val_accuracy: 0.8098

Epoch 00003: val_loss improved from 0.43182 to 0.42269, saving model to /home/samhuang/ML/best_model/best_model_binary-WpZ_CNNsq_kappa0.15/
Epoch 4/500
647/647 [==============================] - 84s 130ms/step - loss: 0.4322 - accuracy: 0.8070 - val_loss: 0.4270 - val_accuracy: 0.8066

Epoch 00004: val_loss did not improve from 0.42269
Epoch 5/500
647/647 [==============================] - 84s 131ms/step - loss: 0.4280 - accuracy: 0.8089 - val_loss: 0.4191 - val_accuracy: 0.8134

Epoch 00005: val_loss improved from 0.42269 to 0.41911, saving model to /home/samhuang/ML/best_model/best_model_binary-WpZ_CNNsq_kappa0.15/
Epoch 6/500
647/647 [==============================] - 84s 130ms/step - loss: 0.4244 - accuracy: 0.8114 - val_loss: 0.4218 - val_accuracy: 0.8138

Epoch 00006: val_loss did not improve from 0.41911
Epoch 7/500
647/647 [==============================] - 84s 130ms/step - loss: 0.4213 - accuracy: 0.8133 - val_loss: 0.4241 - val_accuracy: 0.8103

Epoch 00007: val_loss did not improve from 0.41911
Epoch 8/500
647/647 [==============================] - 84s 130ms/step - loss: 0.4176 - accuracy: 0.8163 - val_loss: 0.4292 - val_accuracy: 0.8066

Epoch 00008: val_loss did not improve from 0.41911
Epoch 9/500
647/647 [==============================] - 85s 131ms/step - loss: 0.4147 - accuracy: 0.8183 - val_loss: 0.4196 - val_accuracy: 0.8150

Epoch 00009: val_loss did not improve from 0.41911
Epoch 10/500
647/647 [==============================] - 84s 130ms/step - loss: 0.4101 - accuracy: 0.8211 - val_loss: 0.4204 - val_accuracy: 0.8136

Epoch 00010: val_loss did not improve from 0.41911
Epoch 11/500
647/647 [==============================] - 84s 130ms/step - loss: 0.4056 - accuracy: 0.8231 - val_loss: 0.4252 - val_accuracy: 0.8119

Epoch 00011: val_loss did not improve from 0.41911
Epoch 12/500
647/647 [==============================] - 84s 130ms/step - loss: 0.3997 - accuracy: 0.8274 - val_loss: 0.4268 - val_accuracy: 0.8118

Epoch 00012: val_loss did not improve from 0.41911
Epoch 13/500
647/647 [==============================] - 84s 130ms/step - loss: 0.3946 - accuracy: 0.8308 - val_loss: 0.4290 - val_accuracy: 0.8114

Epoch 00013: val_loss did not improve from 0.41911
Epoch 14/500
647/647 [==============================] - 84s 130ms/step - loss: 0.3882 - accuracy: 0.8348 - val_loss: 0.4438 - val_accuracy: 0.8067

Epoch 00014: val_loss did not improve from 0.41911
Epoch 15/500
647/647 [==============================] - 84s 130ms/step - loss: 0.3839 - accuracy: 0.8372 - val_loss: 0.4360 - val_accuracy: 0.8109

Epoch 00015: val_loss did not improve from 0.41911
Epoch 16/500
647/647 [==============================] - 85s 131ms/step - loss: 0.3764 - accuracy: 0.8420 - val_loss: 0.4452 - val_accuracy: 0.8061

Epoch 00016: val_loss did not improve from 0.41911
Epoch 17/500
647/647 [==============================] - 85s 131ms/step - loss: 0.3714 - accuracy: 0.8450 - val_loss: 0.4455 - val_accuracy: 0.8097

Epoch 00017: val_loss did not improve from 0.41911
Epoch 18/500
647/647 [==============================] - 84s 130ms/step - loss: 0.3676 - accuracy: 0.8478 - val_loss: 0.4595 - val_accuracy: 0.8089

Epoch 00018: val_loss did not improve from 0.41911
Epoch 19/500
647/647 [==============================] - 84s 130ms/step - loss: 0.3605 - accuracy: 0.8513 - val_loss: 0.4665 - val_accuracy: 0.8071

Epoch 00019: val_loss did not improve from 0.41911
Epoch 20/500
647/647 [==============================] - 84s 130ms/step - loss: 0.3514 - accuracy: 0.8571 - val_loss: 0.4942 - val_accuracy: 0.8051

Epoch 00020: val_loss did not improve from 0.41911
Epoch 21/500
647/647 [==============================] - 84s 130ms/step - loss: 0.3459 - accuracy: 0.8601 - val_loss: 0.4954 - val_accuracy: 0.7985

Epoch 00021: val_loss did not improve from 0.41911
Epoch 22/500
647/647 [==============================] - 85s 131ms/step - loss: 0.3394 - accuracy: 0.8635 - val_loss: 0.5218 - val_accuracy: 0.7964

Epoch 00022: val_loss did not improve from 0.41911
Epoch 23/500
647/647 [==============================] - 85s 131ms/step - loss: 0.3305 - accuracy: 0.8695 - val_loss: 0.5379 - val_accuracy: 0.7975

Epoch 00023: val_loss did not improve from 0.41911
Epoch 24/500
647/647 [==============================] - 84s 130ms/step - loss: 0.3266 - accuracy: 0.8710 - val_loss: 0.6146 - val_accuracy: 0.7841

Epoch 00024: val_loss did not improve from 0.41911
Epoch 25/500
647/647 [==============================] - 84s 130ms/step - loss: 0.3270 - accuracy: 0.8712 - val_loss: 0.5775 - val_accuracy: 0.7883

Epoch 00025: val_loss did not improve from 0.41911
Epoch 00025: early stopping
$$$$$$$$$$$$$$$$$$$$$$$$$$$$$$$$$$$$$$$$$$$$$$$$$$$$$$
$$$$$$$$$$$$$$$$$$$$$$$$$$$$$$$$$$$$$$$$$$$$$$$$$$$$$$
[92mModel: "CNNsq"[0m
[92m_________________________________________________________________[0m
[92mLayer (type)                 Output Shape              Param #   [0m
[92m=================================================================[0m
[92msequential (Sequential)      (None, 256)               6537700   [0m
[92m_________________________________________________________________[0m
[92msequential_1 (Sequential)    (None, 256)               6006756   [0m
[92m_________________________________________________________________[0m
[92mdense_3 (Dense)              multiple                  1026      [0m
[92m=================================================================[0m
[92mTotal params: 12,545,482[0m
[92mTrainable params: 12,545,478[0m
[92mNon-trainable params: 4[0m
[92m_________________________________________________________________[0m
None

@LAYER1       @@@@@@@@@@@@@@@@@@@@@@
[94mModel: "sequential"[0m
[94m_________________________________________________________________[0m
[94mLayer (type)                 Output Shape              Param #   [0m
[94m=================================================================[0m
[94mlambda (Lambda)              (None, 75, 75, 1)         0         [0m
[94m_________________________________________________________________[0m
[94mbatch_normalization (BatchNo (None, 75, 75, 1)         4         [0m
[94m_________________________________________________________________[0m
[94mconv2d (Conv2D)              (None, 75, 75, 32)        320       [0m
[94m_________________________________________________________________[0m
[94mconv2d_1 (Conv2D)            (None, 75, 75, 32)        9248      [0m
[94m_________________________________________________________________[0m
[94mmax_pooling2d (MaxPooling2D) (None, 37, 37, 32)        0         [0m
[94m_________________________________________________________________[0m
[94mconv2d_2 (Conv2D)            (None, 37, 37, 64)        18496     [0m
[94m_________________________________________________________________[0m
[94mmax_pooling2d_1 (MaxPooling2 (None, 18, 18, 64)        0         [0m
[94m_________________________________________________________________[0m
[94mconv2d_3 (Conv2D)            (None, 18, 18, 64)        36928     [0m
[94m_________________________________________________________________[0m
[94mmax_pooling2d_2 (MaxPooling2 (None, 9, 9, 64)          0         [0m
[94m_________________________________________________________________[0m
[94mconv2d_4 (Conv2D)            (None, 9, 9, 64)          36928     [0m
[94m_________________________________________________________________[0m
[94mconv2d_5 (Conv2D)            (None, 9, 9, 64)          36928     [0m
[94m_________________________________________________________________[0m
[94mconv2d_6 (Conv2D)            (None, 9, 9, 128)         204928    [0m
[94m_________________________________________________________________[0m
[94mconv2d_7 (Conv2D)            (None, 9, 9, 256)         819456    [0m
[94m_________________________________________________________________[0m
[94mdropout (Dropout)            (None, 9, 9, 256)         0         [0m
[94m_________________________________________________________________[0m
[94mflatten (Flatten)            (None, 20736)             0         [0m
[94m_________________________________________________________________[0m
[94mdense (Dense)                (None, 256)               5308672   [0m
[94m_________________________________________________________________[0m
[94mdropout_1 (Dropout)          (None, 256)               0         [0m
[94m_________________________________________________________________[0m
[94mdense_1 (Dense)              (None, 256)               65792     [0m
[94m_________________________________________________________________[0m
[94mdropout_2 (Dropout)          (None, 256)               0         [0m
[94m=================================================================[0m
[94mTotal params: 6,537,700[0m
[94mTrainable params: 6,537,698[0m
[94mNon-trainable params: 2[0m
[94m_________________________________________________________________[0m
None
[92m%Optimizer:
[0m {'name': 'Adam', 'learning_rate': 0.001, 'decay': 0.0, 'beta_1': 0.9, 'beta_2': 0.999, 'epsilon': 1e-07, 'amsgrad': False}
[92m%Layer detail:
[0m {'name': 'sequential', 'layers': [{'class_name': 'InputLayer', 'config': {'batch_input_shape': (None, 75, 75, 2), 'dtype': 'float32', 'sparse': False, 'ragged': False, 'name': 'lambda_input'}}, {'class_name': 'Lambda', 'config': {'name': 'lambda', 'trainable': True, 'dtype': 'float32', 'function': ('4wEAAAAAAAAAAAAAAAEAAAAHAAAAUwAAAHMkAAAAdACgAXwAZABkAIUCZABkAIUCZABkAIUCZAFm\nBBkAZAKhAlMAKQNO6QAAAADp/////6kC2gJ0ZtoLZXhwYW5kX2RpbXOpAdoBeKkAcggAAAD6Hy9o\nb21lL3NhbWh1YW5nL01ML0NOTi9tb2RlbHMucHnaCDxsYW1iZGE+NAAAAPMAAAAA\n', None, None), 'function_type': 'lambda', 'module': 'models', 'output_shape': None, 'output_shape_type': 'raw', 'output_shape_module': None, 'arguments': {}}}, {'class_name': 'BatchNormalization', 'config': {'name': 'batch_normalization', 'trainable': True, 'dtype': 'float32', 'axis': ListWrapper([3]), 'momentum': 0.99, 'epsilon': 0.001, 'center': True, 'scale': True, 'beta_initializer': {'class_name': 'Zeros', 'config': {}}, 'gamma_initializer': {'class_name': 'Ones', 'config': {}}, 'moving_mean_initializer': {'class_name': 'Zeros', 'config': {}}, 'moving_variance_initializer': {'class_name': 'Ones', 'config': {}}, 'beta_regularizer': None, 'gamma_regularizer': None, 'beta_constraint': None, 'gamma_constraint': None}}, {'class_name': 'Conv2D', 'config': {'name': 'conv2d', 'trainable': True, 'dtype': 'float32', 'filters': 32, 'kernel_size': (3, 3), 'strides': (1, 1), 'padding': 'same', 'data_format': 'channels_last', 'dilation_rate': (1, 1), 'groups': 1, 'activation': 'relu', 'use_bias': True, 'kernel_initializer': {'class_name': 'GlorotUniform', 'config': {'seed': None}}, 'bias_initializer': {'class_name': 'Zeros', 'config': {}}, 'kernel_regularizer': None, 'bias_regularizer': None, 'activity_regularizer': None, 'kernel_constraint': None, 'bias_constraint': None}}, {'class_name': 'Conv2D', 'config': {'name': 'conv2d_1', 'trainable': True, 'dtype': 'float32', 'filters': 32, 'kernel_size': (3, 3), 'strides': (1, 1), 'padding': 'same', 'data_format': 'channels_last', 'dilation_rate': (1, 1), 'groups': 1, 'activation': 'relu', 'use_bias': True, 'kernel_initializer': {'class_name': 'GlorotUniform', 'config': {'seed': None}}, 'bias_initializer': {'class_name': 'Zeros', 'config': {}}, 'kernel_regularizer': None, 'bias_regularizer': None, 'activity_regularizer': None, 'kernel_constraint': None, 'bias_constraint': None}}, {'class_name': 'MaxPooling2D', 'config': {'name': 'max_pooling2d', 'trainable': True, 'dtype': 'float32', 'pool_size': (2, 2), 'padding': 'valid', 'strides': (2, 2), 'data_format': 'channels_last'}}, {'class_name': 'Conv2D', 'config': {'name': 'conv2d_2', 'trainable': True, 'dtype': 'float32', 'filters': 64, 'kernel_size': (3, 3), 'strides': (1, 1), 'padding': 'same', 'data_format': 'channels_last', 'dilation_rate': (1, 1), 'groups': 1, 'activation': 'relu', 'use_bias': True, 'kernel_initializer': {'class_name': 'GlorotUniform', 'config': {'seed': None}}, 'bias_initializer': {'class_name': 'Zeros', 'config': {}}, 'kernel_regularizer': None, 'bias_regularizer': None, 'activity_regularizer': None, 'kernel_constraint': None, 'bias_constraint': None}}, {'class_name': 'MaxPooling2D', 'config': {'name': 'max_pooling2d_1', 'trainable': True, 'dtype': 'float32', 'pool_size': (2, 2), 'padding': 'valid', 'strides': (2, 2), 'data_format': 'channels_last'}}, {'class_name': 'Conv2D', 'config': {'name': 'conv2d_3', 'trainable': True, 'dtype': 'float32', 'filters': 64, 'kernel_size': (3, 3), 'strides': (1, 1), 'padding': 'same', 'data_format': 'channels_last', 'dilation_rate': (1, 1), 'groups': 1, 'activation': 'relu', 'use_bias': True, 'kernel_initializer': {'class_name': 'GlorotUniform', 'config': {'seed': None}}, 'bias_initializer': {'class_name': 'Zeros', 'config': {}}, 'kernel_regularizer': None, 'bias_regularizer': None, 'activity_regularizer': None, 'kernel_constraint': None, 'bias_constraint': None}}, {'class_name': 'MaxPooling2D', 'config': {'name': 'max_pooling2d_2', 'trainable': True, 'dtype': 'float32', 'pool_size': (2, 2), 'padding': 'valid', 'strides': (2, 2), 'data_format': 'channels_last'}}, {'class_name': 'Conv2D', 'config': {'name': 'conv2d_4', 'trainable': True, 'dtype': 'float32', 'filters': 64, 'kernel_size': (3, 3), 'strides': (1, 1), 'padding': 'same', 'data_format': 'channels_last', 'dilation_rate': (1, 1), 'groups': 1, 'activation': 'relu', 'use_bias': True, 'kernel_initializer': {'class_name': 'GlorotUniform', 'config': {'seed': None}}, 'bias_initializer': {'class_name': 'Zeros', 'config': {}}, 'kernel_regularizer': None, 'bias_regularizer': None, 'activity_regularizer': None, 'kernel_constraint': None, 'bias_constraint': None}}, {'class_name': 'Conv2D', 'config': {'name': 'conv2d_5', 'trainable': True, 'dtype': 'float32', 'filters': 64, 'kernel_size': (3, 3), 'strides': (1, 1), 'padding': 'same', 'data_format': 'channels_last', 'dilation_rate': (1, 1), 'groups': 1, 'activation': 'relu', 'use_bias': True, 'kernel_initializer': {'class_name': 'GlorotUniform', 'config': {'seed': None}}, 'bias_initializer': {'class_name': 'Zeros', 'config': {}}, 'kernel_regularizer': None, 'bias_regularizer': None, 'activity_regularizer': None, 'kernel_constraint': None, 'bias_constraint': None}}, {'class_name': 'Conv2D', 'config': {'name': 'conv2d_6', 'trainable': True, 'dtype': 'float32', 'filters': 128, 'kernel_size': (5, 5), 'strides': (1, 1), 'padding': 'same', 'data_format': 'channels_last', 'dilation_rate': (1, 1), 'groups': 1, 'activation': 'relu', 'use_bias': True, 'kernel_initializer': {'class_name': 'GlorotUniform', 'config': {'seed': None}}, 'bias_initializer': {'class_name': 'Zeros', 'config': {}}, 'kernel_regularizer': None, 'bias_regularizer': None, 'activity_regularizer': None, 'kernel_constraint': None, 'bias_constraint': None}}, {'class_name': 'Conv2D', 'config': {'name': 'conv2d_7', 'trainable': True, 'dtype': 'float32', 'filters': 256, 'kernel_size': (5, 5), 'strides': (1, 1), 'padding': 'same', 'data_format': 'channels_last', 'dilation_rate': (1, 1), 'groups': 1, 'activation': 'relu', 'use_bias': True, 'kernel_initializer': {'class_name': 'GlorotUniform', 'config': {'seed': None}}, 'bias_initializer': {'class_name': 'Zeros', 'config': {}}, 'kernel_regularizer': None, 'bias_regularizer': None, 'activity_regularizer': None, 'kernel_constraint': None, 'bias_constraint': None}}, {'class_name': 'Dropout', 'config': {'name': 'dropout', 'trainable': True, 'dtype': 'float32', 'rate': 0.1, 'noise_shape': None, 'seed': None}}, {'class_name': 'Flatten', 'config': {'name': 'flatten', 'trainable': True, 'dtype': 'float32', 'data_format': 'channels_last'}}, {'class_name': 'Dense', 'config': {'name': 'dense', 'trainable': True, 'dtype': 'float32', 'units': 256, 'activation': 'relu', 'use_bias': True, 'kernel_initializer': {'class_name': 'GlorotUniform', 'config': {'seed': None}}, 'bias_initializer': {'class_name': 'Zeros', 'config': {}}, 'kernel_regularizer': {'class_name': 'L2', 'config': {'l2': 0.009999999776482582}}, 'bias_regularizer': None, 'activity_regularizer': None, 'kernel_constraint': None, 'bias_constraint': None}}, {'class_name': 'Dropout', 'config': {'name': 'dropout_1', 'trainable': True, 'dtype': 'float32', 'rate': 0.5, 'noise_shape': None, 'seed': None}}, {'class_name': 'Dense', 'config': {'name': 'dense_1', 'trainable': True, 'dtype': 'float32', 'units': 256, 'activation': 'relu', 'use_bias': True, 'kernel_initializer': {'class_name': 'GlorotUniform', 'config': {'seed': None}}, 'bias_initializer': {'class_name': 'Zeros', 'config': {}}, 'kernel_regularizer': {'class_name': 'L2', 'config': {'l2': 0.009999999776482582}}, 'bias_regularizer': None, 'activity_regularizer': None, 'kernel_constraint': None, 'bias_constraint': None}}, {'class_name': 'Dropout', 'config': {'name': 'dropout_2', 'trainable': True, 'dtype': 'float32', 'rate': 0.5, 'noise_shape': None, 'seed': None}}]}

@LAYER2       @@@@@@@@@@@@@@@@@@@@@@
[94mModel: "sequential_1"[0m
[94m_________________________________________________________________[0m
[94mLayer (type)                 Output Shape              Param #   [0m
[94m=================================================================[0m
[94mlambda_1 (Lambda)            (None, 75, 75, 1)         0         [0m
[94m_________________________________________________________________[0m
[94mbatch_normalization_1 (Batch (None, 75, 75, 1)         4         [0m
[94m_________________________________________________________________[0m
[94mconv2d_8 (Conv2D)            (None, 75, 75, 32)        320       [0m
[94m_________________________________________________________________[0m
[94mconv2d_9 (Conv2D)            (None, 75, 75, 32)        9248      [0m
[94m_________________________________________________________________[0m
[94mmax_pooling2d_3 (MaxPooling2 (None, 37, 37, 32)        0         [0m
[94m_________________________________________________________________[0m
[94mconv2d_10 (Conv2D)           (None, 37, 37, 64)        32832     [0m
[94m_________________________________________________________________[0m
[94mconv2d_11 (Conv2D)           (None, 37, 37, 64)        65600     [0m
[94m_________________________________________________________________[0m
[94mmax_pooling2d_4 (MaxPooling2 (None, 18, 18, 64)        0         [0m
[94m_________________________________________________________________[0m
[94mconv2d_12 (Conv2D)           (None, 18, 18, 256)       590080    [0m
[94m_________________________________________________________________[0m
[94mmax_pooling2d_5 (MaxPooling2 (None, 9, 9, 256)         0         [0m
[94m_________________________________________________________________[0m
[94mdropout_3 (Dropout)          (None, 9, 9, 256)         0         [0m
[94m_________________________________________________________________[0m
[94mflatten_1 (Flatten)          (None, 20736)             0         [0m
[94m_________________________________________________________________[0m
[94mdense_2 (Dense)              (None, 256)               5308672   [0m
[94m_________________________________________________________________[0m
[94mdropout_4 (Dropout)          (None, 256)               0         [0m
[94m=================================================================[0m
[94mTotal params: 6,006,756[0m
[94mTrainable params: 6,006,754[0m
[94mNon-trainable params: 2[0m
[94m_________________________________________________________________[0m
None
[92m%Optimizer:
[0m {'name': 'Adam', 'learning_rate': 0.001, 'decay': 0.0, 'beta_1': 0.9, 'beta_2': 0.999, 'epsilon': 1e-07, 'amsgrad': False}
[92m%Layer detail:
[0m {'name': 'sequential_1', 'layers': [{'class_name': 'InputLayer', 'config': {'batch_input_shape': (None, 75, 75, 2), 'dtype': 'float32', 'sparse': False, 'ragged': False, 'name': 'lambda_1_input'}}, {'class_name': 'Lambda', 'config': {'name': 'lambda_1', 'trainable': True, 'dtype': 'float32', 'function': ('4wEAAAAAAAAAAAAAAAEAAAAHAAAAUwAAAHMkAAAAdACgAXwAZABkAIUCZABkAIUCZABkAIUCZAFm\nBBkAZAKhAlMAKQNO6QEAAADp/////6kC2gJ0ZtoLZXhwYW5kX2RpbXOpAdoBeKkAcggAAAD6Hy9o\nb21lL3NhbWh1YW5nL01ML0NOTi9tb2RlbHMucHnaCDxsYW1iZGE+TAAAAPMAAAAA\n', None, None), 'function_type': 'lambda', 'module': 'models', 'output_shape': None, 'output_shape_type': 'raw', 'output_shape_module': None, 'arguments': {}}}, {'class_name': 'BatchNormalization', 'config': {'name': 'batch_normalization_1', 'trainable': True, 'dtype': 'float32', 'axis': ListWrapper([3]), 'momentum': 0.99, 'epsilon': 0.001, 'center': True, 'scale': True, 'beta_initializer': {'class_name': 'Zeros', 'config': {}}, 'gamma_initializer': {'class_name': 'Ones', 'config': {}}, 'moving_mean_initializer': {'class_name': 'Zeros', 'config': {}}, 'moving_variance_initializer': {'class_name': 'Ones', 'config': {}}, 'beta_regularizer': None, 'gamma_regularizer': None, 'beta_constraint': None, 'gamma_constraint': None}}, {'class_name': 'Conv2D', 'config': {'name': 'conv2d_8', 'trainable': True, 'dtype': 'float32', 'filters': 32, 'kernel_size': (3, 3), 'strides': (1, 1), 'padding': 'same', 'data_format': 'channels_last', 'dilation_rate': (1, 1), 'groups': 1, 'activation': 'relu', 'use_bias': True, 'kernel_initializer': {'class_name': 'GlorotUniform', 'config': {'seed': None}}, 'bias_initializer': {'class_name': 'Zeros', 'config': {}}, 'kernel_regularizer': {'class_name': 'L2', 'config': {'l2': 0.009999999776482582}}, 'bias_regularizer': None, 'activity_regularizer': None, 'kernel_constraint': None, 'bias_constraint': None}}, {'class_name': 'Conv2D', 'config': {'name': 'conv2d_9', 'trainable': True, 'dtype': 'float32', 'filters': 32, 'kernel_size': (3, 3), 'strides': (1, 1), 'padding': 'same', 'data_format': 'channels_last', 'dilation_rate': (1, 1), 'groups': 1, 'activation': 'relu', 'use_bias': True, 'kernel_initializer': {'class_name': 'GlorotUniform', 'config': {'seed': None}}, 'bias_initializer': {'class_name': 'Zeros', 'config': {}}, 'kernel_regularizer': None, 'bias_regularizer': None, 'activity_regularizer': None, 'kernel_constraint': None, 'bias_constraint': None}}, {'class_name': 'MaxPooling2D', 'config': {'name': 'max_pooling2d_3', 'trainable': True, 'dtype': 'float32', 'pool_size': (2, 2), 'padding': 'valid', 'strides': (2, 2), 'data_format': 'channels_last'}}, {'class_name': 'Conv2D', 'config': {'name': 'conv2d_10', 'trainable': True, 'dtype': 'float32', 'filters': 64, 'kernel_size': (4, 4), 'strides': (1, 1), 'padding': 'same', 'data_format': 'channels_last', 'dilation_rate': (1, 1), 'groups': 1, 'activation': 'relu', 'use_bias': True, 'kernel_initializer': {'class_name': 'GlorotUniform', 'config': {'seed': None}}, 'bias_initializer': {'class_name': 'Zeros', 'config': {}}, 'kernel_regularizer': None, 'bias_regularizer': None, 'activity_regularizer': None, 'kernel_constraint': None, 'bias_constraint': None}}, {'class_name': 'Conv2D', 'config': {'name': 'conv2d_11', 'trainable': True, 'dtype': 'float32', 'filters': 64, 'kernel_size': (4, 4), 'strides': (1, 1), 'padding': 'same', 'data_format': 'channels_last', 'dilation_rate': (1, 1), 'groups': 1, 'activation': 'relu', 'use_bias': True, 'kernel_initializer': {'class_name': 'GlorotUniform', 'config': {'seed': None}}, 'bias_initializer': {'class_name': 'Zeros', 'config': {}}, 'kernel_regularizer': None, 'bias_regularizer': None, 'activity_regularizer': None, 'kernel_constraint': None, 'bias_constraint': None}}, {'class_name': 'MaxPooling2D', 'config': {'name': 'max_pooling2d_4', 'trainable': True, 'dtype': 'float32', 'pool_size': (2, 2), 'padding': 'valid', 'strides': (2, 2), 'data_format': 'channels_last'}}, {'class_name': 'Conv2D', 'config': {'name': 'conv2d_12', 'trainable': True, 'dtype': 'float32', 'filters': 256, 'kernel_size': (6, 6), 'strides': (1, 1), 'padding': 'same', 'data_format': 'channels_last', 'dilation_rate': (1, 1), 'groups': 1, 'activation': 'relu', 'use_bias': True, 'kernel_initializer': {'class_name': 'GlorotUniform', 'config': {'seed': None}}, 'bias_initializer': {'class_name': 'Zeros', 'config': {}}, 'kernel_regularizer': None, 'bias_regularizer': None, 'activity_regularizer': None, 'kernel_constraint': None, 'bias_constraint': None}}, {'class_name': 'MaxPooling2D', 'config': {'name': 'max_pooling2d_5', 'trainable': True, 'dtype': 'float32', 'pool_size': (2, 2), 'padding': 'valid', 'strides': (2, 2), 'data_format': 'channels_last'}}, {'class_name': 'Dropout', 'config': {'name': 'dropout_3', 'trainable': True, 'dtype': 'float32', 'rate': 0.1, 'noise_shape': None, 'seed': None}}, {'class_name': 'Flatten', 'config': {'name': 'flatten_1', 'trainable': True, 'dtype': 'float32', 'data_format': 'channels_last'}}, {'class_name': 'Dense', 'config': {'name': 'dense_2', 'trainable': True, 'dtype': 'float32', 'units': 256, 'activation': 'relu', 'use_bias': True, 'kernel_initializer': {'class_name': 'GlorotUniform', 'config': {'seed': None}}, 'bias_initializer': {'class_name': 'Zeros', 'config': {}}, 'kernel_regularizer': {'class_name': 'L2', 'config': {'l2': 0.009999999776482582}}, 'bias_regularizer': None, 'activity_regularizer': None, 'kernel_constraint': None, 'bias_constraint': None}}, {'class_name': 'Dropout', 'config': {'name': 'dropout_4', 'trainable': True, 'dtype': 'float32', 'rate': 0.5, 'noise_shape': None, 'seed': None}}]}

@LAYER3       @@@@@@@@@@@@@@@@@@@@@@
[92m%Layer detail:
[0m {'name': 'dense_3', 'trainable': True, 'dtype': 'float32', 'units': 2, 'activation': 'softmax', 'use_bias': True, 'kernel_initializer': {'class_name': 'GlorotUniform', 'config': {'seed': None}}, 'bias_initializer': {'class_name': 'Zeros', 'config': {}}, 'kernel_regularizer': None, 'bias_regularizer': None, 'activity_regularizer': None, 'kernel_constraint': None, 'bias_constraint': None}

****************************************************
history keys:
 dict_keys(['loss', 'accuracy', 'val_loss', 'val_accuracy'])
history params:
 {'verbose': 1, 'epochs': 500, 'steps': None}
****************************************************
$$$$$$$$$$$$$$$$$$$$$$$$$$$$$$$$$$$$$$$$$$$$$$$$$$$$$$
$$$$$$$$$$$$$$$$$$$$$$$$$$$$$$$$$$$$$$$$$$$$$$$$$$$$$$
The data set contains images
103546/103546 [==============================] - 799s 8ms/step - loss: 0.4190 - accuracy: 0.8115
Testing Loss = 0.419023, Testing Accuracy = 0.811485
The data set contains images
[[0.9870110750198364, 0.012988927774131298], [0.900347113609314, 0.09965287148952484], [0.4927952289581299, 0.5072047710418701], [0.07606519013643265, 0.9239347577095032], [0.020259197801351547, 0.9797407388687134], [0.5033325552940369, 0.49666741490364075], [0.10043362528085709, 0.8995663523674011], [0.9344279170036316, 0.06557208299636841], [0.3439786732196808, 0.6560213565826416], [0.04305734857916832, 0.956942617893219]]
[[1.0, 0.0], [1.0, 0.0], [0.0, 1.0], [0.0, 1.0], [0.0, 1.0], [0.0, 1.0], [0.0, 1.0], [1.0, 0.0], [0.0, 1.0], [0.0, 1.0]]
2
$W^+$ (auc = 0.89)
$Z$ (auc = 0.89)
