

$$$$$$$$$$$$$$$$$$$$$$$$$$$$$$$$$$$$$$$$$
New Run
Current date and time = 2022-10-31 01:19:41.988364
$$$$$$$$$$$$$$$$$$$$$$$$$$$$$$$$$$$$$$$$$
The data set contains images
The data set contains images
Number of training datasets: 288000.
Epoch 1/100
562/562 [==============================] - 51s 68ms/step - loss: 4.3196 - accuracy: 0.6012 - val_loss: 1.4879 - val_accuracy: 0.6614

Epoch 00001: val_loss improved from inf to 1.48785, saving model to /home/samhuang/ML/best_model/best_model_ternary_CNN_kappa0.15-special2/Try/0
Epoch 2/100
562/562 [==============================] - 38s 68ms/step - loss: 1.0980 - accuracy: 0.6538 - val_loss: 0.8647 - val_accuracy: 0.6762

Epoch 00002: val_loss improved from 1.48785 to 0.86470, saving model to /home/samhuang/ML/best_model/best_model_ternary_CNN_kappa0.15-special2/Try/0
Epoch 3/100
562/562 [==============================] - 38s 67ms/step - loss: 0.8642 - accuracy: 0.6588 - val_loss: 0.8011 - val_accuracy: 0.6802

Epoch 00003: val_loss improved from 0.86470 to 0.80107, saving model to /home/samhuang/ML/best_model/best_model_ternary_CNN_kappa0.15-special2/Try/0
Epoch 4/100
562/562 [==============================] - 38s 68ms/step - loss: 0.8328 - accuracy: 0.6618 - val_loss: 0.7868 - val_accuracy: 0.6827

Epoch 00004: val_loss improved from 0.80107 to 0.78676, saving model to /home/samhuang/ML/best_model/best_model_ternary_CNN_kappa0.15-special2/Try/0
Epoch 5/100
562/562 [==============================] - 38s 68ms/step - loss: 0.8208 - accuracy: 0.6649 - val_loss: 0.7806 - val_accuracy: 0.6841

Epoch 00005: val_loss improved from 0.78676 to 0.78064, saving model to /home/samhuang/ML/best_model/best_model_ternary_CNN_kappa0.15-special2/Try/0
Epoch 6/100
562/562 [==============================] - 38s 68ms/step - loss: 0.8139 - accuracy: 0.6672 - val_loss: 0.7722 - val_accuracy: 0.6877

Epoch 00006: val_loss improved from 0.78064 to 0.77224, saving model to /home/samhuang/ML/best_model/best_model_ternary_CNN_kappa0.15-special2/Try/0
Epoch 7/100
562/562 [==============================] - 39s 69ms/step - loss: 0.8080 - accuracy: 0.6692 - val_loss: 0.7667 - val_accuracy: 0.6897

Epoch 00007: val_loss improved from 0.77224 to 0.76671, saving model to /home/samhuang/ML/best_model/best_model_ternary_CNN_kappa0.15-special2/Try/0
Epoch 8/100
562/562 [==============================] - 38s 68ms/step - loss: 0.8023 - accuracy: 0.6729 - val_loss: 0.7684 - val_accuracy: 0.6885

Epoch 00008: val_loss did not improve from 0.76671
Epoch 9/100
562/562 [==============================] - 38s 68ms/step - loss: 0.7972 - accuracy: 0.6749 - val_loss: 0.7625 - val_accuracy: 0.6914

Epoch 00009: val_loss improved from 0.76671 to 0.76245, saving model to /home/samhuang/ML/best_model/best_model_ternary_CNN_kappa0.15-special2/Try/0
Epoch 10/100
562/562 [==============================] - 38s 68ms/step - loss: 0.7920 - accuracy: 0.6777 - val_loss: 0.7558 - val_accuracy: 0.6951

Epoch 00010: val_loss improved from 0.76245 to 0.75575, saving model to /home/samhuang/ML/best_model/best_model_ternary_CNN_kappa0.15-special2/Try/0
Epoch 11/100
562/562 [==============================] - 38s 68ms/step - loss: 0.7886 - accuracy: 0.6799 - val_loss: 0.7531 - val_accuracy: 0.6966

Epoch 00011: val_loss improved from 0.75575 to 0.75307, saving model to /home/samhuang/ML/best_model/best_model_ternary_CNN_kappa0.15-special2/Try/0
Epoch 12/100
562/562 [==============================] - 38s 68ms/step - loss: 0.7849 - accuracy: 0.6816 - val_loss: 0.7500 - val_accuracy: 0.6963

Epoch 00012: val_loss improved from 0.75307 to 0.75004, saving model to /home/samhuang/ML/best_model/best_model_ternary_CNN_kappa0.15-special2/Try/0
Epoch 13/100
562/562 [==============================] - 38s 67ms/step - loss: 0.7805 - accuracy: 0.6842 - val_loss: 0.7475 - val_accuracy: 0.6994

Epoch 00013: val_loss improved from 0.75004 to 0.74749, saving model to /home/samhuang/ML/best_model/best_model_ternary_CNN_kappa0.15-special2/Try/0
Epoch 14/100
562/562 [==============================] - 39s 69ms/step - loss: 0.7787 - accuracy: 0.6860 - val_loss: 0.7464 - val_accuracy: 0.6989

Epoch 00014: val_loss improved from 0.74749 to 0.74642, saving model to /home/samhuang/ML/best_model/best_model_ternary_CNN_kappa0.15-special2/Try/0
Epoch 15/100
562/562 [==============================] - 38s 68ms/step - loss: 0.7755 - accuracy: 0.6875 - val_loss: 0.7459 - val_accuracy: 0.6993

Epoch 00015: val_loss improved from 0.74642 to 0.74591, saving model to /home/samhuang/ML/best_model/best_model_ternary_CNN_kappa0.15-special2/Try/0
Epoch 16/100
562/562 [==============================] - 38s 68ms/step - loss: 0.7732 - accuracy: 0.6888 - val_loss: 0.7451 - val_accuracy: 0.6995

Epoch 00016: val_loss improved from 0.74591 to 0.74507, saving model to /home/samhuang/ML/best_model/best_model_ternary_CNN_kappa0.15-special2/Try/0
Epoch 17/100
562/562 [==============================] - 39s 69ms/step - loss: 0.7707 - accuracy: 0.6897 - val_loss: 0.7446 - val_accuracy: 0.7000

Epoch 00017: val_loss improved from 0.74507 to 0.74463, saving model to /home/samhuang/ML/best_model/best_model_ternary_CNN_kappa0.15-special2/Try/0
Epoch 18/100
562/562 [==============================] - 38s 68ms/step - loss: 0.7680 - accuracy: 0.6917 - val_loss: 0.7437 - val_accuracy: 0.7007

Epoch 00018: val_loss improved from 0.74463 to 0.74370, saving model to /home/samhuang/ML/best_model/best_model_ternary_CNN_kappa0.15-special2/Try/0
Epoch 19/100
562/562 [==============================] - 38s 68ms/step - loss: 0.7658 - accuracy: 0.6929 - val_loss: 0.7432 - val_accuracy: 0.7011

Epoch 00019: val_loss improved from 0.74370 to 0.74323, saving model to /home/samhuang/ML/best_model/best_model_ternary_CNN_kappa0.15-special2/Try/0
Epoch 20/100
562/562 [==============================] - 38s 68ms/step - loss: 0.7650 - accuracy: 0.6931 - val_loss: 0.7436 - val_accuracy: 0.7003

Epoch 00020: val_loss did not improve from 0.74323
Epoch 21/100
562/562 [==============================] - 38s 68ms/step - loss: 0.7624 - accuracy: 0.6954 - val_loss: 0.7408 - val_accuracy: 0.7028

Epoch 00021: val_loss improved from 0.74323 to 0.74081, saving model to /home/samhuang/ML/best_model/best_model_ternary_CNN_kappa0.15-special2/Try/0
Epoch 22/100
562/562 [==============================] - 38s 68ms/step - loss: 0.7597 - accuracy: 0.6967 - val_loss: 0.7396 - val_accuracy: 0.7032

Epoch 00022: val_loss improved from 0.74081 to 0.73961, saving model to /home/samhuang/ML/best_model/best_model_ternary_CNN_kappa0.15-special2/Try/0
Epoch 23/100
562/562 [==============================] - 38s 68ms/step - loss: 0.7586 - accuracy: 0.6971 - val_loss: 0.7414 - val_accuracy: 0.7024

Epoch 00023: val_loss did not improve from 0.73961
Epoch 24/100
562/562 [==============================] - 39s 69ms/step - loss: 0.7560 - accuracy: 0.6994 - val_loss: 0.7413 - val_accuracy: 0.7034

Epoch 00024: val_loss did not improve from 0.73961
Epoch 25/100
562/562 [==============================] - 38s 68ms/step - loss: 0.7544 - accuracy: 0.7009 - val_loss: 0.7403 - val_accuracy: 0.7042

Epoch 00025: val_loss did not improve from 0.73961
Epoch 26/100
562/562 [==============================] - 39s 69ms/step - loss: 0.7515 - accuracy: 0.7024 - val_loss: 0.7409 - val_accuracy: 0.7038

Epoch 00026: val_loss did not improve from 0.73961
Epoch 27/100
562/562 [==============================] - 38s 68ms/step - loss: 0.7492 - accuracy: 0.7042 - val_loss: 0.7441 - val_accuracy: 0.7023

Epoch 00027: val_loss did not improve from 0.73961
Epoch 28/100
562/562 [==============================] - 38s 67ms/step - loss: 0.7483 - accuracy: 0.7054 - val_loss: 0.7421 - val_accuracy: 0.7036

Epoch 00028: val_loss did not improve from 0.73961
Epoch 29/100
562/562 [==============================] - 38s 68ms/step - loss: 0.7445 - accuracy: 0.7076 - val_loss: 0.7432 - val_accuracy: 0.7031

Epoch 00029: val_loss did not improve from 0.73961
Epoch 30/100
562/562 [==============================] - 38s 68ms/step - loss: 0.7412 - accuracy: 0.7102 - val_loss: 0.7462 - val_accuracy: 0.7022

Epoch 00030: val_loss did not improve from 0.73961
Epoch 31/100
562/562 [==============================] - 39s 68ms/step - loss: 0.7405 - accuracy: 0.7107 - val_loss: 0.7446 - val_accuracy: 0.7040

Epoch 00031: val_loss did not improve from 0.73961
Epoch 32/100
562/562 [==============================] - 38s 68ms/step - loss: 0.7364 - accuracy: 0.7134 - val_loss: 0.7484 - val_accuracy: 0.7012

Epoch 00032: val_loss did not improve from 0.73961
Epoch 00032: early stopping
$$$$$$$$$$$$$$$$$$$$$$$$$$$$$$$$$$$$$$$$$$$$$$$$$$$$$$
$$$$$$$$$$$$$$$$$$$$$$$$$$$$$$$$$$$$$$$$$$$$$$$$$$$$$$
[92mModel: "CNN"[0m
[92m_________________________________________________________________[0m
[92mLayer (type)                 Output Shape              Param #   [0m
[92m=================================================================[0m
[92msequential (Sequential)      (None, 512)               12127912  [0m
[92m_________________________________________________________________[0m
[92mdense_2 (Dense)              multiple                  1539      [0m
[92m=================================================================[0m
[92mTotal params: 12,129,451[0m
[92mTrainable params: 12,129,447[0m
[92mNon-trainable params: 4[0m
[92m_________________________________________________________________[0m
None

@LAYER1       @@@@@@@@@@@@@@@@@@@@@@
[94mModel: "sequential"[0m
[94m_________________________________________________________________[0m
[94mLayer (type)                 Output Shape              Param #   [0m
[94m=================================================================[0m
[94mlambda (Lambda)              (None, 75, 75, 2)         0         [0m
[94m_________________________________________________________________[0m
[94mbatch_normalization (BatchNo (None, 75, 75, 2)         8         [0m
[94m_________________________________________________________________[0m
[94mconv2d (Conv2D)              (None, 75, 75, 32)        2336      [0m
[94m_________________________________________________________________[0m
[94mmax_pooling2d (MaxPooling2D) (None, 37, 37, 32)        0         [0m
[94m_________________________________________________________________[0m
[94mconv2d_1 (Conv2D)            (None, 37, 37, 128)       65664     [0m
[94m_________________________________________________________________[0m
[94mmax_pooling2d_1 (MaxPooling2 (None, 18, 18, 128)       0         [0m
[94m_________________________________________________________________[0m
[94mconv2d_2 (Conv2D)            (None, 18, 18, 256)       1179904   [0m
[94m_________________________________________________________________[0m
[94mmax_pooling2d_2 (MaxPooling2 (None, 9, 9, 256)         0         [0m
[94m_________________________________________________________________[0m
[94mdropout (Dropout)            (None, 9, 9, 256)         0         [0m
[94m_________________________________________________________________[0m
[94mflatten (Flatten)            (None, 20736)             0         [0m
[94m_________________________________________________________________[0m
[94mdense (Dense)                (None, 512)               10617344  [0m
[94m_________________________________________________________________[0m
[94mdropout_1 (Dropout)          (None, 512)               0         [0m
[94m_________________________________________________________________[0m
[94mdense_1 (Dense)              (None, 512)               262656    [0m
[94m_________________________________________________________________[0m
[94mdropout_2 (Dropout)          (None, 512)               0         [0m
[94m=================================================================[0m
[94mTotal params: 12,127,912[0m
[94mTrainable params: 12,127,908[0m
[94mNon-trainable params: 4[0m
[94m_________________________________________________________________[0m
None
[92m%Optimizer:
[0m {'name': 'Adam', 'learning_rate': 1e-04, 'decay': 0.0, 'beta_1': 0.9, 'beta_2': 0.999, 'epsilon': 1e-07, 'amsgrad': False}
[92m%Layer detail:
[0m {'name': 'sequential', 'layers': [{'class_name': 'InputLayer', 'config': {'batch_input_shape': (None, 75, 75, 2), 'dtype': 'float32', 'sparse': False, 'ragged': False, 'name': 'lambda_input'}}, {'class_name': 'Lambda', 'config': {'name': 'lambda', 'trainable': True, 'dtype': 'float32', 'function': ('4wEAAAAAAAAAAAAAAAEAAAAGAAAAUwAAAHMgAAAAfABkAGQAhQJkAGQAhQJkAGQAhQJkAGQAhQJm\nBBkAUwCpAU6pAKkB2gF4cgIAAAByAgAAAPofL2hvbWUvc2FtaHVhbmcvTUwvQ05OL21vZGVscy5w\nedoIPGxhbWJkYT4PAAAA8wAAAAA=\n', None, None), 'function_type': 'lambda', 'module': 'models', 'output_shape': None, 'output_shape_type': 'raw', 'output_shape_module': None, 'arguments': {}}}, {'class_name': 'BatchNormalization', 'config': {'name': 'batch_normalization', 'trainable': True, 'dtype': 'float32', 'axis': ListWrapper([3]), 'momentum': 0.99, 'epsilon': 0.001, 'center': True, 'scale': True, 'beta_initializer': {'class_name': 'Zeros', 'config': {}}, 'gamma_initializer': {'class_name': 'Ones', 'config': {}}, 'moving_mean_initializer': {'class_name': 'Zeros', 'config': {}}, 'moving_variance_initializer': {'class_name': 'Ones', 'config': {}}, 'beta_regularizer': None, 'gamma_regularizer': None, 'beta_constraint': None, 'gamma_constraint': None}}, {'class_name': 'Conv2D', 'config': {'name': 'conv2d', 'trainable': True, 'dtype': 'float32', 'filters': 32, 'kernel_size': (6, 6), 'strides': (1, 1), 'padding': 'same', 'data_format': 'channels_last', 'dilation_rate': (1, 1), 'groups': 1, 'activation': 'relu', 'use_bias': True, 'kernel_initializer': {'class_name': 'GlorotUniform', 'config': {'seed': None}}, 'bias_initializer': {'class_name': 'Zeros', 'config': {}}, 'kernel_regularizer': {'class_name': 'L2', 'config': {'l2': 0.009999999776482582}}, 'bias_regularizer': None, 'activity_regularizer': None, 'kernel_constraint': None, 'bias_constraint': None}}, {'class_name': 'MaxPooling2D', 'config': {'name': 'max_pooling2d', 'trainable': True, 'dtype': 'float32', 'pool_size': (2, 2), 'padding': 'valid', 'strides': (2, 2), 'data_format': 'channels_last'}}, {'class_name': 'Conv2D', 'config': {'name': 'conv2d_1', 'trainable': True, 'dtype': 'float32', 'filters': 128, 'kernel_size': (4, 4), 'strides': (1, 1), 'padding': 'same', 'data_format': 'channels_last', 'dilation_rate': (1, 1), 'groups': 1, 'activation': 'relu', 'use_bias': True, 'kernel_initializer': {'class_name': 'GlorotUniform', 'config': {'seed': None}}, 'bias_initializer': {'class_name': 'Zeros', 'config': {}}, 'kernel_regularizer': None, 'bias_regularizer': None, 'activity_regularizer': None, 'kernel_constraint': None, 'bias_constraint': None}}, {'class_name': 'MaxPooling2D', 'config': {'name': 'max_pooling2d_1', 'trainable': True, 'dtype': 'float32', 'pool_size': (2, 2), 'padding': 'valid', 'strides': (2, 2), 'data_format': 'channels_last'}}, {'class_name': 'Conv2D', 'config': {'name': 'conv2d_2', 'trainable': True, 'dtype': 'float32', 'filters': 256, 'kernel_size': (6, 6), 'strides': (1, 1), 'padding': 'same', 'data_format': 'channels_last', 'dilation_rate': (1, 1), 'groups': 1, 'activation': 'relu', 'use_bias': True, 'kernel_initializer': {'class_name': 'GlorotUniform', 'config': {'seed': None}}, 'bias_initializer': {'class_name': 'Zeros', 'config': {}}, 'kernel_regularizer': None, 'bias_regularizer': None, 'activity_regularizer': None, 'kernel_constraint': None, 'bias_constraint': None}}, {'class_name': 'MaxPooling2D', 'config': {'name': 'max_pooling2d_2', 'trainable': True, 'dtype': 'float32', 'pool_size': (2, 2), 'padding': 'valid', 'strides': (2, 2), 'data_format': 'channels_last'}}, {'class_name': 'Dropout', 'config': {'name': 'dropout', 'trainable': True, 'dtype': 'float32', 'rate': 0.1, 'noise_shape': None, 'seed': None}}, {'class_name': 'Flatten', 'config': {'name': 'flatten', 'trainable': True, 'dtype': 'float32', 'data_format': 'channels_last'}}, {'class_name': 'Dense', 'config': {'name': 'dense', 'trainable': True, 'dtype': 'float32', 'units': 512, 'activation': 'relu', 'use_bias': True, 'kernel_initializer': {'class_name': 'GlorotUniform', 'config': {'seed': None}}, 'bias_initializer': {'class_name': 'Zeros', 'config': {}}, 'kernel_regularizer': {'class_name': 'L2', 'config': {'l2': 0.009999999776482582}}, 'bias_regularizer': None, 'activity_regularizer': None, 'kernel_constraint': None, 'bias_constraint': None}}, {'class_name': 'Dropout', 'config': {'name': 'dropout_1', 'trainable': True, 'dtype': 'float32', 'rate': 0.5, 'noise_shape': None, 'seed': None}}, {'class_name': 'Dense', 'config': {'name': 'dense_1', 'trainable': True, 'dtype': 'float32', 'units': 512, 'activation': 'relu', 'use_bias': True, 'kernel_initializer': {'class_name': 'GlorotUniform', 'config': {'seed': None}}, 'bias_initializer': {'class_name': 'Zeros', 'config': {}}, 'kernel_regularizer': {'class_name': 'L2', 'config': {'l2': 0.009999999776482582}}, 'bias_regularizer': None, 'activity_regularizer': None, 'kernel_constraint': None, 'bias_constraint': None}}, {'class_name': 'Dropout', 'config': {'name': 'dropout_2', 'trainable': True, 'dtype': 'float32', 'rate': 0.5, 'noise_shape': None, 'seed': None}}]}

@LAYER2       @@@@@@@@@@@@@@@@@@@@@@
[92m%Layer detail:
[0m {'name': 'dense_2', 'trainable': True, 'dtype': 'float32', 'units': 3, 'activation': 'softmax', 'use_bias': True, 'kernel_initializer': {'class_name': 'GlorotUniform', 'config': {'seed': None}}, 'bias_initializer': {'class_name': 'Zeros', 'config': {}}, 'kernel_regularizer': None, 'bias_regularizer': None, 'activity_regularizer': None, 'kernel_constraint': None, 'bias_constraint': None}

****************************************************
history keys:
 dict_keys(['loss', 'accuracy', 'val_loss', 'val_accuracy'])
history params:
 {'verbose': 1, 'epochs': 100, 'steps': None}
****************************************************
$$$$$$$$$$$$$$$$$$$$$$$$$$$$$$$$$$$$$$$$$$$$$$$$$$$$$$
$$$$$$$$$$$$$$$$$$$$$$$$$$$$$$$$$$$$$$$$$$$$$$$$$$$$$$
The data set contains images
90000/90000 [==============================] - 403s 4ms/step - loss: 0.7291 - accuracy: 0.7091
Testing Loss = 0.729055, Testing Accuracy = 0.709100
The data set contains images
N of classes 3
$W^+$ (auc = 86.61 +- 0.0000 %)
$W^-$ (auc = 86.67 +- 0.0000 %)
$Z$ (auc = 87.55 +- 0.0000 %)
The summarized testing accuracy = 70.91 +- 0.0000 %, with the loss = 0.7291 +- 0.000000
