

$$$$$$$$$$$$$$$$$$$$$$$$$$$$$$$$$$$$$$$$$
New Run
Current date and time = 2022-08-23 11:37:05.646165
$$$$$$$$$$$$$$$$$$$$$$$$$$$$$$$$$$$$$$$$$
The data set contains images
The data set contains images
Epoch 1/500
456/456 [==============================] - 67s 129ms/step - loss: 5.0549 - accuracy: 0.8090 - val_loss: 1.1790 - val_accuracy: 0.8469

Epoch 00001: val_loss improved from inf to 1.17896, saving model to best_model_binary-WpWm_CNNsq_kappa0.3/
Epoch 2/500
456/456 [==============================] - 59s 129ms/step - loss: 0.6476 - accuracy: 0.8467 - val_loss: 0.4240 - val_accuracy: 0.8476

Epoch 00002: val_loss improved from 1.17896 to 0.42401, saving model to best_model_binary-WpWm_CNNsq_kappa0.3/
Epoch 3/500
456/456 [==============================] - 59s 129ms/step - loss: 0.3787 - accuracy: 0.8498 - val_loss: 0.3636 - val_accuracy: 0.8499

Epoch 00003: val_loss improved from 0.42401 to 0.36359, saving model to best_model_binary-WpWm_CNNsq_kappa0.3/
Epoch 4/500
456/456 [==============================] - 60s 129ms/step - loss: 0.3582 - accuracy: 0.8508 - val_loss: 0.3584 - val_accuracy: 0.8521

Epoch 00004: val_loss improved from 0.36359 to 0.35835, saving model to best_model_binary-WpWm_CNNsq_kappa0.3/
Epoch 5/500
456/456 [==============================] - 59s 129ms/step - loss: 0.3562 - accuracy: 0.8519 - val_loss: 0.3573 - val_accuracy: 0.8526

Epoch 00005: val_loss improved from 0.35835 to 0.35733, saving model to best_model_binary-WpWm_CNNsq_kappa0.3/
Epoch 6/500
456/456 [==============================] - 59s 129ms/step - loss: 0.3550 - accuracy: 0.8526 - val_loss: 0.3558 - val_accuracy: 0.8530

Epoch 00006: val_loss improved from 0.35733 to 0.35578, saving model to best_model_binary-WpWm_CNNsq_kappa0.3/
Epoch 7/500
456/456 [==============================] - 59s 129ms/step - loss: 0.3540 - accuracy: 0.8531 - val_loss: 0.3571 - val_accuracy: 0.8515

Epoch 00007: val_loss did not improve from 0.35578
Epoch 8/500
456/456 [==============================] - 59s 129ms/step - loss: 0.3529 - accuracy: 0.8537 - val_loss: 0.3568 - val_accuracy: 0.8512

Epoch 00008: val_loss did not improve from 0.35578
Epoch 9/500
456/456 [==============================] - 59s 129ms/step - loss: 0.3514 - accuracy: 0.8539 - val_loss: 0.3562 - val_accuracy: 0.8519

Epoch 00009: val_loss did not improve from 0.35578
Epoch 10/500
456/456 [==============================] - 59s 129ms/step - loss: 0.3502 - accuracy: 0.8549 - val_loss: 0.3534 - val_accuracy: 0.8534

Epoch 00010: val_loss improved from 0.35578 to 0.35344, saving model to best_model_binary-WpWm_CNNsq_kappa0.3/
Epoch 11/500
456/456 [==============================] - 59s 129ms/step - loss: 0.3497 - accuracy: 0.8548 - val_loss: 0.3550 - val_accuracy: 0.8525

Epoch 00011: val_loss did not improve from 0.35344
Epoch 12/500
456/456 [==============================] - 59s 129ms/step - loss: 0.3488 - accuracy: 0.8550 - val_loss: 0.3558 - val_accuracy: 0.8515

Epoch 00012: val_loss did not improve from 0.35344
Epoch 13/500
456/456 [==============================] - 59s 129ms/step - loss: 0.3475 - accuracy: 0.8558 - val_loss: 0.3554 - val_accuracy: 0.8512

Epoch 00013: val_loss did not improve from 0.35344
Epoch 14/500
456/456 [==============================] - 59s 129ms/step - loss: 0.3468 - accuracy: 0.8559 - val_loss: 0.3543 - val_accuracy: 0.8523

Epoch 00014: val_loss did not improve from 0.35344
Epoch 15/500
456/456 [==============================] - 59s 129ms/step - loss: 0.3461 - accuracy: 0.8568 - val_loss: 0.3540 - val_accuracy: 0.8524

Epoch 00015: val_loss did not improve from 0.35344
Epoch 16/500
456/456 [==============================] - 59s 129ms/step - loss: 0.3456 - accuracy: 0.8568 - val_loss: 0.3533 - val_accuracy: 0.8525

Epoch 00016: val_loss improved from 0.35344 to 0.35326, saving model to best_model_binary-WpWm_CNNsq_kappa0.3/
Epoch 17/500
456/456 [==============================] - 59s 129ms/step - loss: 0.3450 - accuracy: 0.8566 - val_loss: 0.3544 - val_accuracy: 0.8520

Epoch 00017: val_loss did not improve from 0.35326
Epoch 18/500
456/456 [==============================] - 59s 129ms/step - loss: 0.3441 - accuracy: 0.8578 - val_loss: 0.3529 - val_accuracy: 0.8525

Epoch 00018: val_loss improved from 0.35326 to 0.35292, saving model to best_model_binary-WpWm_CNNsq_kappa0.3/
Epoch 19/500
456/456 [==============================] - 59s 129ms/step - loss: 0.3430 - accuracy: 0.8576 - val_loss: 0.3493 - val_accuracy: 0.8547

Epoch 00019: val_loss improved from 0.35292 to 0.34931, saving model to best_model_binary-WpWm_CNNsq_kappa0.3/
Epoch 20/500
456/456 [==============================] - 59s 129ms/step - loss: 0.3426 - accuracy: 0.8584 - val_loss: 0.3526 - val_accuracy: 0.8524

Epoch 00020: val_loss did not improve from 0.34931
Epoch 21/500
456/456 [==============================] - 59s 129ms/step - loss: 0.3417 - accuracy: 0.8586 - val_loss: 0.3530 - val_accuracy: 0.8519

Epoch 00021: val_loss did not improve from 0.34931
Epoch 22/500
456/456 [==============================] - 59s 129ms/step - loss: 0.3410 - accuracy: 0.8586 - val_loss: 0.3517 - val_accuracy: 0.8530

Epoch 00022: val_loss did not improve from 0.34931
Epoch 23/500
456/456 [==============================] - 59s 129ms/step - loss: 0.3405 - accuracy: 0.8594 - val_loss: 0.3517 - val_accuracy: 0.8531

Epoch 00023: val_loss did not improve from 0.34931
Epoch 24/500
456/456 [==============================] - 59s 129ms/step - loss: 0.3392 - accuracy: 0.8601 - val_loss: 0.3514 - val_accuracy: 0.8531

Epoch 00024: val_loss did not improve from 0.34931
Epoch 25/500
456/456 [==============================] - 59s 129ms/step - loss: 0.3386 - accuracy: 0.8608 - val_loss: 0.3540 - val_accuracy: 0.8516

Epoch 00025: val_loss did not improve from 0.34931
Epoch 26/500
456/456 [==============================] - 59s 129ms/step - loss: 0.3378 - accuracy: 0.8610 - val_loss: 0.3521 - val_accuracy: 0.8525

Epoch 00026: val_loss did not improve from 0.34931
Epoch 27/500
456/456 [==============================] - 59s 128ms/step - loss: 0.3369 - accuracy: 0.8615 - val_loss: 0.3528 - val_accuracy: 0.8521

Epoch 00027: val_loss did not improve from 0.34931
Epoch 28/500
456/456 [==============================] - 59s 128ms/step - loss: 0.3361 - accuracy: 0.8624 - val_loss: 0.3549 - val_accuracy: 0.8507

Epoch 00028: val_loss did not improve from 0.34931
Epoch 29/500
456/456 [==============================] - 59s 128ms/step - loss: 0.3352 - accuracy: 0.8623 - val_loss: 0.3569 - val_accuracy: 0.8498

Epoch 00029: val_loss did not improve from 0.34931
Epoch 00029: early stopping
Model: "CNNsq_binary"
_________________________________________________________________
Layer (type)                 Output Shape              Param #   
=================================================================
sequential (Sequential)      (None, 512)               12043236  
_________________________________________________________________
sequential_1 (Sequential)    (None, 512)               11315428  
_________________________________________________________________
dense_3 (Dense)              multiple                  2050      
=================================================================
Total params: 23,360,714
Trainable params: 23,360,710
Non-trainable params: 4
_________________________________________________________________
None
The data set contains images
72962/72962 [==============================] - 540s 7ms/step - loss: 0.3648 - accuracy: 0.8453
Testing Loss = 0.364834, Testing Accuracy = 0.845262
The data set contains images
[[0.1685183048248291, 0.8314817547798157], [0.21156781911849976, 0.7884321808815002], [0.14116129279136658, 0.858838677406311], [0.27583470940589905, 0.7241653203964233], [0.19459153711795807, 0.8054084777832031], [0.9042713642120361, 0.09572862088680267], [0.9160887002944946, 0.08391132205724716], [0.25156065821647644, 0.748439371585846], [0.9009454250335693, 0.09905457496643066], [0.7013945579528809, 0.29860544204711914]]
[[1.0, 0.0], [0.0, 1.0], [0.0, 1.0], [0.0, 1.0], [0.0, 1.0], [1.0, 0.0], [1.0, 0.0], [1.0, 0.0], [1.0, 0.0], [1.0, 0.0]]
2
$W^+$ (auc = 0.93)
$W^-$ (auc = 0.93)
