

$$$$$$$$$$$$$$$$$$$$$$$$$$$$$$$$$$$$$$$$$
New Run
Current date and time = 2022-08-21 18:44:11.137281
$$$$$$$$$$$$$$$$$$$$$$$$$$$$$$$$$$$$$$$$$


$$$$$$$$$$$$$$$$$$$$$$$$$$$$$$$$$$$$$$$$$
New Run
Current date and time = 2022-08-21 19:43:35.730495
$$$$$$$$$$$$$$$$$$$$$$$$$$$$$$$$$$$$$$$$$


$$$$$$$$$$$$$$$$$$$$$$$$$$$$$$$$$$$$$$$$$
New Run
Current date and time = 2022-08-21 19:51:13.105807
$$$$$$$$$$$$$$$$$$$$$$$$$$$$$$$$$$$$$$$$$
The data set contains images
The data set contains images
Epoch 1/500
456/456 [==============================] - 77s 152ms/step - loss: 5.2997 - accuracy: 0.8102 - val_loss: 1.2036 - val_accuracy: 0.8496

Epoch 00001: val_loss improved from inf to 1.20363, saving model to best_model_binary-WpWm_CNNsq_kappa0.15/
Epoch 2/500
456/456 [==============================] - 63s 139ms/step - loss: 0.6739 - accuracy: 0.8490 - val_loss: 0.4286 - val_accuracy: 0.8517

Epoch 00002: val_loss improved from 1.20363 to 0.42858, saving model to best_model_binary-WpWm_CNNsq_kappa0.15/
Epoch 3/500
456/456 [==============================] - 59s 129ms/step - loss: 0.3855 - accuracy: 0.8511 - val_loss: 0.3646 - val_accuracy: 0.8523

Epoch 00003: val_loss improved from 0.42858 to 0.36456, saving model to best_model_binary-WpWm_CNNsq_kappa0.15/
Epoch 4/500
456/456 [==============================] - 60s 132ms/step - loss: 0.3614 - accuracy: 0.8523 - val_loss: 0.3622 - val_accuracy: 0.8511

Epoch 00004: val_loss improved from 0.36456 to 0.36223, saving model to best_model_binary-WpWm_CNNsq_kappa0.15/
Epoch 5/500
456/456 [==============================] - 62s 135ms/step - loss: 0.3581 - accuracy: 0.8540 - val_loss: 0.3618 - val_accuracy: 0.8516

Epoch 00005: val_loss improved from 0.36223 to 0.36179, saving model to best_model_binary-WpWm_CNNsq_kappa0.15/
Epoch 6/500
456/456 [==============================] - 59s 129ms/step - loss: 0.3565 - accuracy: 0.8545 - val_loss: 0.3582 - val_accuracy: 0.8538

Epoch 00006: val_loss improved from 0.36179 to 0.35817, saving model to best_model_binary-WpWm_CNNsq_kappa0.15/
Epoch 7/500
456/456 [==============================] - 59s 129ms/step - loss: 0.3550 - accuracy: 0.8552 - val_loss: 0.3565 - val_accuracy: 0.8540

Epoch 00007: val_loss improved from 0.35817 to 0.35647, saving model to best_model_binary-WpWm_CNNsq_kappa0.15/
Epoch 8/500
456/456 [==============================] - 59s 130ms/step - loss: 0.3544 - accuracy: 0.8554 - val_loss: 0.3557 - val_accuracy: 0.8545

Epoch 00008: val_loss improved from 0.35647 to 0.35572, saving model to best_model_binary-WpWm_CNNsq_kappa0.15/
Epoch 9/500
456/456 [==============================] - 60s 132ms/step - loss: 0.3526 - accuracy: 0.8562 - val_loss: 0.3555 - val_accuracy: 0.8544

Epoch 00009: val_loss improved from 0.35572 to 0.35548, saving model to best_model_binary-WpWm_CNNsq_kappa0.15/
Epoch 10/500
456/456 [==============================] - 60s 132ms/step - loss: 0.3515 - accuracy: 0.8563 - val_loss: 0.3570 - val_accuracy: 0.8539

Epoch 00010: val_loss did not improve from 0.35548
Epoch 11/500
456/456 [==============================] - 59s 129ms/step - loss: 0.3505 - accuracy: 0.8569 - val_loss: 0.3575 - val_accuracy: 0.8539

Epoch 00011: val_loss did not improve from 0.35548
Epoch 12/500
456/456 [==============================] - 61s 129ms/step - loss: 0.3500 - accuracy: 0.8569 - val_loss: 0.3538 - val_accuracy: 0.8549

Epoch 00012: val_loss improved from 0.35548 to 0.35385, saving model to best_model_binary-WpWm_CNNsq_kappa0.15/
Epoch 13/500
456/456 [==============================] - 60s 129ms/step - loss: 0.3490 - accuracy: 0.8576 - val_loss: 0.3541 - val_accuracy: 0.8550

Epoch 00013: val_loss did not improve from 0.35385
Epoch 14/500
456/456 [==============================] - 59s 129ms/step - loss: 0.3485 - accuracy: 0.8581 - val_loss: 0.3530 - val_accuracy: 0.8549

Epoch 00014: val_loss improved from 0.35385 to 0.35299, saving model to best_model_binary-WpWm_CNNsq_kappa0.15/
Epoch 15/500
456/456 [==============================] - 59s 129ms/step - loss: 0.3477 - accuracy: 0.8580 - val_loss: 0.3550 - val_accuracy: 0.8534

Epoch 00015: val_loss did not improve from 0.35299
Epoch 16/500
456/456 [==============================] - 59s 129ms/step - loss: 0.3466 - accuracy: 0.8589 - val_loss: 0.3527 - val_accuracy: 0.8553

Epoch 00016: val_loss improved from 0.35299 to 0.35274, saving model to best_model_binary-WpWm_CNNsq_kappa0.15/
Epoch 17/500
456/456 [==============================] - 59s 129ms/step - loss: 0.3461 - accuracy: 0.8588 - val_loss: 0.3530 - val_accuracy: 0.8550

Epoch 00017: val_loss did not improve from 0.35274
Epoch 18/500
456/456 [==============================] - 59s 129ms/step - loss: 0.3457 - accuracy: 0.8592 - val_loss: 0.3525 - val_accuracy: 0.8549

Epoch 00018: val_loss improved from 0.35274 to 0.35248, saving model to best_model_binary-WpWm_CNNsq_kappa0.15/
Epoch 19/500
456/456 [==============================] - 59s 129ms/step - loss: 0.3445 - accuracy: 0.8593 - val_loss: 0.3536 - val_accuracy: 0.8544

Epoch 00019: val_loss did not improve from 0.35248
Epoch 20/500
456/456 [==============================] - 59s 129ms/step - loss: 0.3437 - accuracy: 0.8602 - val_loss: 0.3513 - val_accuracy: 0.8558

Epoch 00020: val_loss improved from 0.35248 to 0.35126, saving model to best_model_binary-WpWm_CNNsq_kappa0.15/
Epoch 21/500
456/456 [==============================] - 59s 129ms/step - loss: 0.3430 - accuracy: 0.8601 - val_loss: 0.3510 - val_accuracy: 0.8553

Epoch 00021: val_loss improved from 0.35126 to 0.35101, saving model to best_model_binary-WpWm_CNNsq_kappa0.15/
Epoch 22/500
456/456 [==============================] - 59s 129ms/step - loss: 0.3422 - accuracy: 0.8607 - val_loss: 0.3506 - val_accuracy: 0.8558

Epoch 00022: val_loss improved from 0.35101 to 0.35058, saving model to best_model_binary-WpWm_CNNsq_kappa0.15/
Epoch 23/500
456/456 [==============================] - 59s 128ms/step - loss: 0.3420 - accuracy: 0.8609 - val_loss: 0.3540 - val_accuracy: 0.8536

Epoch 00023: val_loss did not improve from 0.35058
Epoch 24/500
456/456 [==============================] - 59s 128ms/step - loss: 0.3406 - accuracy: 0.8614 - val_loss: 0.3529 - val_accuracy: 0.8543

Epoch 00024: val_loss did not improve from 0.35058
Epoch 25/500
456/456 [==============================] - 59s 129ms/step - loss: 0.3400 - accuracy: 0.8617 - val_loss: 0.3547 - val_accuracy: 0.8537

Epoch 00025: val_loss did not improve from 0.35058
Epoch 26/500
456/456 [==============================] - 59s 128ms/step - loss: 0.3394 - accuracy: 0.8620 - val_loss: 0.3564 - val_accuracy: 0.8529

Epoch 00026: val_loss did not improve from 0.35058
Epoch 27/500
456/456 [==============================] - 59s 128ms/step - loss: 0.3388 - accuracy: 0.8623 - val_loss: 0.3544 - val_accuracy: 0.8537

Epoch 00027: val_loss did not improve from 0.35058
Epoch 28/500
456/456 [==============================] - 61s 133ms/step - loss: 0.3372 - accuracy: 0.8633 - val_loss: 0.3535 - val_accuracy: 0.8537

Epoch 00028: val_loss did not improve from 0.35058
Epoch 29/500
456/456 [==============================] - 59s 129ms/step - loss: 0.3364 - accuracy: 0.8641 - val_loss: 0.3517 - val_accuracy: 0.8552

Epoch 00029: val_loss did not improve from 0.35058
Epoch 30/500
456/456 [==============================] - 61s 128ms/step - loss: 0.3353 - accuracy: 0.8645 - val_loss: 0.3536 - val_accuracy: 0.8541

Epoch 00030: val_loss did not improve from 0.35058
Epoch 31/500
456/456 [==============================] - 59s 129ms/step - loss: 0.3347 - accuracy: 0.8646 - val_loss: 0.3525 - val_accuracy: 0.8548

Epoch 00031: val_loss did not improve from 0.35058
Epoch 32/500
456/456 [==============================] - 59s 129ms/step - loss: 0.3332 - accuracy: 0.8657 - val_loss: 0.3531 - val_accuracy: 0.8550

Epoch 00032: val_loss did not improve from 0.35058
Epoch 00032: early stopping
The data set contains images
72962/72962 [==============================] - 567s 8ms/step - loss: 0.3641 - accuracy: 0.8487
Testing Loss = 0.364090, Testing Accuracy = 0.848702
The data set contains images
[[0.9071870446205139, 0.09281278401613235, 2.5084744947889703e-07], [0.012225908227264881, 0.9877740740776062, 4.205150894165399e-09], [0.3310162425041199, 0.6689814925193787, 2.2367407837009523e-06], [0.4495016932487488, 0.5504961013793945, 2.2560220713785384e-06], [0.6290567517280579, 0.37094181776046753, 1.4240616792449146e-06], [0.18214429914951324, 0.8178547024726868, 9.778211733646458e-07], [0.05256494879722595, 0.9474349617958069, 1.134513354372757e-07], [0.2229750156402588, 0.7770234942436218, 1.4489542081719264e-06], [0.02617119997739792, 0.9738287925720215, 2.430232370898011e-08], [0.8213717341423035, 0.17862729728221893, 9.666619007475674e-07]]
[[1.0, 0.0, 0.0], [0.0, 1.0, 0.0], [0.0, 1.0, 0.0], [0.0, 1.0, 0.0], [1.0, 0.0, 0.0], [0.0, 1.0, 0.0], [0.0, 1.0, 0.0], [1.0, 0.0, 0.0], [0.0, 1.0, 0.0], [1.0, 0.0, 0.0]]
3


$$$$$$$$$$$$$$$$$$$$$$$$$$$$$$$$$$$$$$$$$
New Run
Current date and time = 2022-09-07 16:17:08.691101
$$$$$$$$$$$$$$$$$$$$$$$$$$$$$$$$$$$$$$$$$
The data set contains images
The data set contains images
Epoch 1/500
228/228 [==============================] - 59s 203ms/step - loss: 8.4251 - accuracy: 0.7647 - val_loss: 2.7902 - val_accuracy: 0.8357

Epoch 00001: val_loss improved from inf to 2.79020, saving model to best_model_binary-WpWm_CNNsq_kappa0.15/
Epoch 2/500
228/228 [==============================] - 58s 254ms/step - loss: 1.7181 - accuracy: 0.8302 - val_loss: 1.1736 - val_accuracy: 0.8279

Epoch 00002: val_loss improved from 2.79020 to 1.17359, saving model to best_model_binary-WpWm_CNNsq_kappa0.15/
Epoch 3/500
228/228 [==============================] - 58s 255ms/step - loss: 0.8252 - accuracy: 0.8341 - val_loss: 0.6133 - val_accuracy: 0.8333

Epoch 00003: val_loss improved from 1.17359 to 0.61334, saving model to best_model_binary-WpWm_CNNsq_kappa0.15/
Epoch 4/500
228/228 [==============================] - 44s 194ms/step - loss: 0.5127 - accuracy: 0.8363 - val_loss: 0.4350 - val_accuracy: 0.8407

Epoch 00004: val_loss improved from 0.61334 to 0.43504, saving model to best_model_binary-WpWm_CNNsq_kappa0.15/
Epoch 5/500
228/228 [==============================] - 48s 211ms/step - loss: 0.4152 - accuracy: 0.8364 - val_loss: 0.3864 - val_accuracy: 0.8423

Epoch 00005: val_loss improved from 0.43504 to 0.38639, saving model to best_model_binary-WpWm_CNNsq_kappa0.15/
Epoch 6/500
228/228 [==============================] - 47s 204ms/step - loss: 0.3885 - accuracy: 0.8371 - val_loss: 0.3755 - val_accuracy: 0.8432

Epoch 00006: val_loss improved from 0.38639 to 0.37555, saving model to best_model_binary-WpWm_CNNsq_kappa0.15/
Epoch 7/500
228/228 [==============================] - 46s 202ms/step - loss: 0.3826 - accuracy: 0.8379 - val_loss: 0.3734 - val_accuracy: 0.8426

Epoch 00007: val_loss improved from 0.37555 to 0.37341, saving model to best_model_binary-WpWm_CNNsq_kappa0.15/
Epoch 8/500
228/228 [==============================] - 48s 209ms/step - loss: 0.3813 - accuracy: 0.8384 - val_loss: 0.3730 - val_accuracy: 0.8421

Epoch 00008: val_loss improved from 0.37341 to 0.37302, saving model to best_model_binary-WpWm_CNNsq_kappa0.15/
Epoch 9/500
228/228 [==============================] - 45s 199ms/step - loss: 0.3796 - accuracy: 0.8383 - val_loss: 0.3714 - val_accuracy: 0.8433

Epoch 00009: val_loss improved from 0.37302 to 0.37140, saving model to best_model_binary-WpWm_CNNsq_kappa0.15/
Epoch 10/500
228/228 [==============================] - 52s 229ms/step - loss: 0.3785 - accuracy: 0.8397 - val_loss: 0.3714 - val_accuracy: 0.8435

Epoch 00010: val_loss did not improve from 0.37140
Epoch 11/500
228/228 [==============================] - 46s 201ms/step - loss: 0.3782 - accuracy: 0.8406 - val_loss: 0.3715 - val_accuracy: 0.8428

Epoch 00011: val_loss did not improve from 0.37140
Epoch 12/500
228/228 [==============================] - 55s 242ms/step - loss: 0.3771 - accuracy: 0.8403 - val_loss: 0.3715 - val_accuracy: 0.8438

Epoch 00012: val_loss did not improve from 0.37140
Epoch 13/500
228/228 [==============================] - 57s 250ms/step - loss: 0.3767 - accuracy: 0.8402 - val_loss: 0.3705 - val_accuracy: 0.8439

Epoch 00013: val_loss improved from 0.37140 to 0.37048, saving model to best_model_binary-WpWm_CNNsq_kappa0.15/
Epoch 14/500
228/228 [==============================] - 48s 202ms/step - loss: 0.3761 - accuracy: 0.8405 - val_loss: 0.3708 - val_accuracy: 0.8437

Epoch 00014: val_loss did not improve from 0.37048
Epoch 15/500
228/228 [==============================] - 42s 182ms/step - loss: 0.3760 - accuracy: 0.8412 - val_loss: 0.3704 - val_accuracy: 0.8438

Epoch 00015: val_loss improved from 0.37048 to 0.37035, saving model to best_model_binary-WpWm_CNNsq_kappa0.15/
Epoch 16/500
228/228 [==============================] - 47s 207ms/step - loss: 0.3746 - accuracy: 0.8420 - val_loss: 0.3708 - val_accuracy: 0.8437

Epoch 00016: val_loss did not improve from 0.37035
Epoch 17/500
228/228 [==============================] - 46s 201ms/step - loss: 0.3740 - accuracy: 0.8418 - val_loss: 0.3702 - val_accuracy: 0.8447

Epoch 00017: val_loss improved from 0.37035 to 0.37017, saving model to best_model_binary-WpWm_CNNsq_kappa0.15/
Epoch 18/500
228/228 [==============================] - 46s 199ms/step - loss: 0.3739 - accuracy: 0.8425 - val_loss: 0.3699 - val_accuracy: 0.8447

Epoch 00018: val_loss improved from 0.37017 to 0.36990, saving model to best_model_binary-WpWm_CNNsq_kappa0.15/
Epoch 19/500
228/228 [==============================] - 46s 202ms/step - loss: 0.3728 - accuracy: 0.8431 - val_loss: 0.3704 - val_accuracy: 0.8440

Epoch 00019: val_loss did not improve from 0.36990
Epoch 20/500
228/228 [==============================] - 47s 207ms/step - loss: 0.3721 - accuracy: 0.8437 - val_loss: 0.3697 - val_accuracy: 0.8439

Epoch 00020: val_loss improved from 0.36990 to 0.36971, saving model to best_model_binary-WpWm_CNNsq_kappa0.15/
Epoch 21/500
228/228 [==============================] - 45s 195ms/step - loss: 0.3711 - accuracy: 0.8442 - val_loss: 0.3702 - val_accuracy: 0.8443

Epoch 00021: val_loss did not improve from 0.36971
Epoch 22/500
228/228 [==============================] - 47s 204ms/step - loss: 0.3713 - accuracy: 0.8438 - val_loss: 0.3701 - val_accuracy: 0.8448

Epoch 00022: val_loss did not improve from 0.36971
Epoch 23/500
228/228 [==============================] - 42s 184ms/step - loss: 0.3705 - accuracy: 0.8449 - val_loss: 0.3704 - val_accuracy: 0.8446

Epoch 00023: val_loss did not improve from 0.36971
Epoch 24/500
228/228 [==============================] - 45s 197ms/step - loss: 0.3686 - accuracy: 0.8453 - val_loss: 0.3709 - val_accuracy: 0.8447

Epoch 00024: val_loss did not improve from 0.36971
Epoch 25/500
228/228 [==============================] - 39s 169ms/step - loss: 0.3691 - accuracy: 0.8453 - val_loss: 0.3706 - val_accuracy: 0.8446

Epoch 00025: val_loss did not improve from 0.36971
Epoch 26/500
228/228 [==============================] - 43s 190ms/step - loss: 0.3676 - accuracy: 0.8466 - val_loss: 0.3711 - val_accuracy: 0.8454

Epoch 00026: val_loss did not improve from 0.36971
Epoch 27/500
228/228 [==============================] - 41s 178ms/step - loss: 0.3670 - accuracy: 0.8466 - val_loss: 0.3714 - val_accuracy: 0.8452

Epoch 00027: val_loss did not improve from 0.36971
Epoch 28/500
228/228 [==============================] - 40s 174ms/step - loss: 0.3657 - accuracy: 0.8476 - val_loss: 0.3721 - val_accuracy: 0.8449

Epoch 00028: val_loss did not improve from 0.36971
Epoch 29/500
228/228 [==============================] - 41s 180ms/step - loss: 0.3649 - accuracy: 0.8480 - val_loss: 0.3727 - val_accuracy: 0.8445

Epoch 00029: val_loss did not improve from 0.36971
Epoch 30/500
228/228 [==============================] - 44s 190ms/step - loss: 0.3642 - accuracy: 0.8494 - val_loss: 0.3741 - val_accuracy: 0.8440

Epoch 00030: val_loss did not improve from 0.36971
Epoch 00030: early stopping
$$$$$$$$$$$$$$$$$$$$$$$$$$$$$$$$$$$$
$$$$$$$$$$$$$$$$$$$$$$$$$$$$$$$$$$$$
$$$$$$$$$$$$$$$$$$$$$$$$$$$$$$$$$$$$
[92mModel: "CNNsq_binary"[0m
[92m_________________________________________________________________[0m
[92mLayer (type)                 Output Shape              Param #   [0m
[92m=================================================================[0m
[92msequential (Sequential)      (None, 512)               12043236  [0m
[92m_________________________________________________________________[0m
[92msequential_1 (Sequential)    (None, 512)               11315428  [0m
[92m_________________________________________________________________[0m
[92mdense_3 (Dense)              multiple                  2050      [0m
[92m=================================================================[0m
[92mTotal params: 23,360,714[0m
[92mTrainable params: 23,360,710[0m
[92mNon-trainable params: 4[0m
[92m_________________________________________________________________[0m
None

@LAYER1       @@@@@@@@@@@@@@@@@@@@@@
[94mModel: "sequential"[0m
[94m_________________________________________________________________[0m
[94mLayer (type)                 Output Shape              Param #   [0m
[94m=================================================================[0m
[94mlambda (Lambda)              (None, 75, 75, 1)         0         [0m
[94m_________________________________________________________________[0m
[94mbatch_normalization (BatchNo (None, 75, 75, 1)         4         [0m
[94m_________________________________________________________________[0m
[94mconv2d (Conv2D)              (None, 75, 75, 32)        320       [0m
[94m_________________________________________________________________[0m
[94mconv2d_1 (Conv2D)            (None, 75, 75, 32)        9248      [0m
[94m_________________________________________________________________[0m
[94mmax_pooling2d (MaxPooling2D) (None, 37, 37, 32)        0         [0m
[94m_________________________________________________________________[0m
[94mconv2d_2 (Conv2D)            (None, 37, 37, 64)        18496     [0m
[94m_________________________________________________________________[0m
[94mmax_pooling2d_1 (MaxPooling2 (None, 18, 18, 64)        0         [0m
[94m_________________________________________________________________[0m
[94mconv2d_3 (Conv2D)            (None, 18, 18, 64)        36928     [0m
[94m_________________________________________________________________[0m
[94mmax_pooling2d_2 (MaxPooling2 (None, 9, 9, 64)          0         [0m
[94m_________________________________________________________________[0m
[94mconv2d_4 (Conv2D)            (None, 9, 9, 64)          36928     [0m
[94m_________________________________________________________________[0m
[94mconv2d_5 (Conv2D)            (None, 9, 9, 64)          36928     [0m
[94m_________________________________________________________________[0m
[94mconv2d_6 (Conv2D)            (None, 9, 9, 128)         204928    [0m
[94m_________________________________________________________________[0m
[94mconv2d_7 (Conv2D)            (None, 9, 9, 256)         819456    [0m
[94m_________________________________________________________________[0m
[94mdropout (Dropout)            (None, 9, 9, 256)         0         [0m
[94m_________________________________________________________________[0m
[94mflatten (Flatten)            (None, 20736)             0         [0m
[94m_________________________________________________________________[0m
[94mdense (Dense)                (None, 512)               10617344  [0m
[94m_________________________________________________________________[0m
[94mdropout_1 (Dropout)          (None, 512)               0         [0m
[94m_________________________________________________________________[0m
[94mdense_1 (Dense)              (None, 512)               262656    [0m
[94m_________________________________________________________________[0m
[94mdropout_2 (Dropout)          (None, 512)               0         [0m
[94m=================================================================[0m
[94mTotal params: 12,043,236[0m
[94mTrainable params: 12,043,234[0m
[94mNon-trainable params: 2[0m
[94m_________________________________________________________________[0m
None
[92m%Optimizer:
[0m {'name': 'Adam', 'learning_rate': 1e-04, 'decay': 0.0, 'beta_1': 0.9, 'beta_2': 0.999, 'epsilon': 1e-07, 'amsgrad': False}
[92m%Layer detail:
[0m {'name': 'sequential', 'layers': [{'class_name': 'InputLayer', 'config': {'batch_input_shape': (None, 75, 75, 2), 'dtype': 'float32', 'sparse': False, 'ragged': False, 'name': 'lambda_input'}}, {'class_name': 'Lambda', 'config': {'name': 'lambda', 'trainable': True, 'dtype': 'float32', 'function': ('4wEAAAAAAAAAAAAAAAEAAAAHAAAAUwAAAHMkAAAAdACgAXwAZABkAIUCZABkAIUCZABkAIUCZAFm\nBBkAZAKhAlMAqQNO6QAAAADp/////6kC2gJ0ZtoLZXhwYW5kX2RpbXOpAdoBeKkAcgkAAAD6Gy9o\nb21lL3NhbWh1YW5nL01ML21vZGVscy5wedoIPGxhbWJkYT47AQAA8wAAAAA=\n', None, None), 'function_type': 'lambda', 'module': 'models', 'output_shape': None, 'output_shape_type': 'raw', 'output_shape_module': None, 'arguments': {}}}, {'class_name': 'BatchNormalization', 'config': {'name': 'batch_normalization', 'trainable': True, 'dtype': 'float32', 'axis': ListWrapper([3]), 'momentum': 0.99, 'epsilon': 0.001, 'center': True, 'scale': True, 'beta_initializer': {'class_name': 'Zeros', 'config': {}}, 'gamma_initializer': {'class_name': 'Ones', 'config': {}}, 'moving_mean_initializer': {'class_name': 'Zeros', 'config': {}}, 'moving_variance_initializer': {'class_name': 'Ones', 'config': {}}, 'beta_regularizer': None, 'gamma_regularizer': None, 'beta_constraint': None, 'gamma_constraint': None}}, {'class_name': 'Conv2D', 'config': {'name': 'conv2d', 'trainable': True, 'dtype': 'float32', 'filters': 32, 'kernel_size': (3, 3), 'strides': (1, 1), 'padding': 'same', 'data_format': 'channels_last', 'dilation_rate': (1, 1), 'groups': 1, 'activation': 'relu', 'use_bias': True, 'kernel_initializer': {'class_name': 'GlorotUniform', 'config': {'seed': None}}, 'bias_initializer': {'class_name': 'Zeros', 'config': {}}, 'kernel_regularizer': None, 'bias_regularizer': None, 'activity_regularizer': None, 'kernel_constraint': None, 'bias_constraint': None}}, {'class_name': 'Conv2D', 'config': {'name': 'conv2d_1', 'trainable': True, 'dtype': 'float32', 'filters': 32, 'kernel_size': (3, 3), 'strides': (1, 1), 'padding': 'same', 'data_format': 'channels_last', 'dilation_rate': (1, 1), 'groups': 1, 'activation': 'relu', 'use_bias': True, 'kernel_initializer': {'class_name': 'GlorotUniform', 'config': {'seed': None}}, 'bias_initializer': {'class_name': 'Zeros', 'config': {}}, 'kernel_regularizer': None, 'bias_regularizer': None, 'activity_regularizer': None, 'kernel_constraint': None, 'bias_constraint': None}}, {'class_name': 'MaxPooling2D', 'config': {'name': 'max_pooling2d', 'trainable': True, 'dtype': 'float32', 'pool_size': (2, 2), 'padding': 'valid', 'strides': (2, 2), 'data_format': 'channels_last'}}, {'class_name': 'Conv2D', 'config': {'name': 'conv2d_2', 'trainable': True, 'dtype': 'float32', 'filters': 64, 'kernel_size': (3, 3), 'strides': (1, 1), 'padding': 'same', 'data_format': 'channels_last', 'dilation_rate': (1, 1), 'groups': 1, 'activation': 'relu', 'use_bias': True, 'kernel_initializer': {'class_name': 'GlorotUniform', 'config': {'seed': None}}, 'bias_initializer': {'class_name': 'Zeros', 'config': {}}, 'kernel_regularizer': None, 'bias_regularizer': None, 'activity_regularizer': None, 'kernel_constraint': None, 'bias_constraint': None}}, {'class_name': 'MaxPooling2D', 'config': {'name': 'max_pooling2d_1', 'trainable': True, 'dtype': 'float32', 'pool_size': (2, 2), 'padding': 'valid', 'strides': (2, 2), 'data_format': 'channels_last'}}, {'class_name': 'Conv2D', 'config': {'name': 'conv2d_3', 'trainable': True, 'dtype': 'float32', 'filters': 64, 'kernel_size': (3, 3), 'strides': (1, 1), 'padding': 'same', 'data_format': 'channels_last', 'dilation_rate': (1, 1), 'groups': 1, 'activation': 'relu', 'use_bias': True, 'kernel_initializer': {'class_name': 'GlorotUniform', 'config': {'seed': None}}, 'bias_initializer': {'class_name': 'Zeros', 'config': {}}, 'kernel_regularizer': None, 'bias_regularizer': None, 'activity_regularizer': None, 'kernel_constraint': None, 'bias_constraint': None}}, {'class_name': 'MaxPooling2D', 'config': {'name': 'max_pooling2d_2', 'trainable': True, 'dtype': 'float32', 'pool_size': (2, 2), 'padding': 'valid', 'strides': (2, 2), 'data_format': 'channels_last'}}, {'class_name': 'Conv2D', 'config': {'name': 'conv2d_4', 'trainable': True, 'dtype': 'float32', 'filters': 64, 'kernel_size': (3, 3), 'strides': (1, 1), 'padding': 'same', 'data_format': 'channels_last', 'dilation_rate': (1, 1), 'groups': 1, 'activation': 'relu', 'use_bias': True, 'kernel_initializer': {'class_name': 'GlorotUniform', 'config': {'seed': None}}, 'bias_initializer': {'class_name': 'Zeros', 'config': {}}, 'kernel_regularizer': None, 'bias_regularizer': None, 'activity_regularizer': None, 'kernel_constraint': None, 'bias_constraint': None}}, {'class_name': 'Conv2D', 'config': {'name': 'conv2d_5', 'trainable': True, 'dtype': 'float32', 'filters': 64, 'kernel_size': (3, 3), 'strides': (1, 1), 'padding': 'same', 'data_format': 'channels_last', 'dilation_rate': (1, 1), 'groups': 1, 'activation': 'relu', 'use_bias': True, 'kernel_initializer': {'class_name': 'GlorotUniform', 'config': {'seed': None}}, 'bias_initializer': {'class_name': 'Zeros', 'config': {}}, 'kernel_regularizer': None, 'bias_regularizer': None, 'activity_regularizer': None, 'kernel_constraint': None, 'bias_constraint': None}}, {'class_name': 'Conv2D', 'config': {'name': 'conv2d_6', 'trainable': True, 'dtype': 'float32', 'filters': 128, 'kernel_size': (5, 5), 'strides': (1, 1), 'padding': 'same', 'data_format': 'channels_last', 'dilation_rate': (1, 1), 'groups': 1, 'activation': 'relu', 'use_bias': True, 'kernel_initializer': {'class_name': 'GlorotUniform', 'config': {'seed': None}}, 'bias_initializer': {'class_name': 'Zeros', 'config': {}}, 'kernel_regularizer': None, 'bias_regularizer': None, 'activity_regularizer': None, 'kernel_constraint': None, 'bias_constraint': None}}, {'class_name': 'Conv2D', 'config': {'name': 'conv2d_7', 'trainable': True, 'dtype': 'float32', 'filters': 256, 'kernel_size': (5, 5), 'strides': (1, 1), 'padding': 'same', 'data_format': 'channels_last', 'dilation_rate': (1, 1), 'groups': 1, 'activation': 'relu', 'use_bias': True, 'kernel_initializer': {'class_name': 'GlorotUniform', 'config': {'seed': None}}, 'bias_initializer': {'class_name': 'Zeros', 'config': {}}, 'kernel_regularizer': None, 'bias_regularizer': None, 'activity_regularizer': None, 'kernel_constraint': None, 'bias_constraint': None}}, {'class_name': 'Dropout', 'config': {'name': 'dropout', 'trainable': True, 'dtype': 'float32', 'rate': 0.5, 'noise_shape': None, 'seed': None}}, {'class_name': 'Flatten', 'config': {'name': 'flatten', 'trainable': True, 'dtype': 'float32', 'data_format': 'channels_last'}}, {'class_name': 'Dense', 'config': {'name': 'dense', 'trainable': True, 'dtype': 'float32', 'units': 512, 'activation': 'relu', 'use_bias': True, 'kernel_initializer': {'class_name': 'GlorotUniform', 'config': {'seed': None}}, 'bias_initializer': {'class_name': 'Zeros', 'config': {}}, 'kernel_regularizer': {'class_name': 'L2', 'config': {'l2': 0.009999999776482582}}, 'bias_regularizer': None, 'activity_regularizer': None, 'kernel_constraint': None, 'bias_constraint': None}}, {'class_name': 'Dropout', 'config': {'name': 'dropout_1', 'trainable': True, 'dtype': 'float32', 'rate': 0.5, 'noise_shape': None, 'seed': None}}, {'class_name': 'Dense', 'config': {'name': 'dense_1', 'trainable': True, 'dtype': 'float32', 'units': 512, 'activation': 'relu', 'use_bias': True, 'kernel_initializer': {'class_name': 'GlorotUniform', 'config': {'seed': None}}, 'bias_initializer': {'class_name': 'Zeros', 'config': {}}, 'kernel_regularizer': {'class_name': 'L2', 'config': {'l2': 0.009999999776482582}}, 'bias_regularizer': None, 'activity_regularizer': None, 'kernel_constraint': None, 'bias_constraint': None}}, {'class_name': 'Dropout', 'config': {'name': 'dropout_2', 'trainable': True, 'dtype': 'float32', 'rate': 0.5, 'noise_shape': None, 'seed': None}}]}

@LAYER2       @@@@@@@@@@@@@@@@@@@@@@
[94mModel: "sequential_1"[0m
[94m_________________________________________________________________[0m
[94mLayer (type)                 Output Shape              Param #   [0m
[94m=================================================================[0m
[94mlambda_1 (Lambda)            (None, 75, 75, 1)         0         [0m
[94m_________________________________________________________________[0m
[94mbatch_normalization_1 (Batch (None, 75, 75, 1)         4         [0m
[94m_________________________________________________________________[0m
[94mconv2d_8 (Conv2D)            (None, 75, 75, 32)        320       [0m
[94m_________________________________________________________________[0m
[94mconv2d_9 (Conv2D)            (None, 75, 75, 32)        9248      [0m
[94m_________________________________________________________________[0m
[94mmax_pooling2d_3 (MaxPooling2 (None, 37, 37, 32)        0         [0m
[94m_________________________________________________________________[0m
[94mconv2d_10 (Conv2D)           (None, 37, 37, 64)        32832     [0m
[94m_________________________________________________________________[0m
[94mconv2d_11 (Conv2D)           (None, 37, 37, 64)        65600     [0m
[94m_________________________________________________________________[0m
[94mmax_pooling2d_4 (MaxPooling2 (None, 18, 18, 64)        0         [0m
[94m_________________________________________________________________[0m
[94mconv2d_12 (Conv2D)           (None, 18, 18, 256)       590080    [0m
[94m_________________________________________________________________[0m
[94mmax_pooling2d_5 (MaxPooling2 (None, 9, 9, 256)         0         [0m
[94m_________________________________________________________________[0m
[94mdropout_3 (Dropout)          (None, 9, 9, 256)         0         [0m
[94m_________________________________________________________________[0m
[94mflatten_1 (Flatten)          (None, 20736)             0         [0m
[94m_________________________________________________________________[0m
[94mdense_2 (Dense)              (None, 512)               10617344  [0m
[94m_________________________________________________________________[0m
[94mdropout_4 (Dropout)          (None, 512)               0         [0m
[94m=================================================================[0m
[94mTotal params: 11,315,428[0m
[94mTrainable params: 11,315,426[0m
[94mNon-trainable params: 2[0m
[94m_________________________________________________________________[0m
None
[92m%Optimizer:
[0m {'name': 'Adam', 'learning_rate': 1e-04, 'decay': 0.0, 'beta_1': 0.9, 'beta_2': 0.999, 'epsilon': 1e-07, 'amsgrad': False}
[92m%Layer detail:
[0m {'name': 'sequential_1', 'layers': [{'class_name': 'InputLayer', 'config': {'batch_input_shape': (None, 75, 75, 2), 'dtype': 'float32', 'sparse': False, 'ragged': False, 'name': 'lambda_1_input'}}, {'class_name': 'Lambda', 'config': {'name': 'lambda_1', 'trainable': True, 'dtype': 'float32', 'function': ('4wEAAAAAAAAAAAAAAAEAAAAHAAAAUwAAAHMkAAAAdACgAXwAZABkAIUCZABkAIUCZABkAIUCZAFm\nBBkAZAKhAlMAqQNO6QEAAADp/////6kC2gJ0ZtoLZXhwYW5kX2RpbXOpAdoBeKkAcgkAAAD6Gy9o\nb21lL3NhbWh1YW5nL01ML21vZGVscy5wedoIPGxhbWJkYT5TAQAA8wAAAAA=\n', None, None), 'function_type': 'lambda', 'module': 'models', 'output_shape': None, 'output_shape_type': 'raw', 'output_shape_module': None, 'arguments': {}}}, {'class_name': 'BatchNormalization', 'config': {'name': 'batch_normalization_1', 'trainable': True, 'dtype': 'float32', 'axis': ListWrapper([3]), 'momentum': 0.99, 'epsilon': 0.001, 'center': True, 'scale': True, 'beta_initializer': {'class_name': 'Zeros', 'config': {}}, 'gamma_initializer': {'class_name': 'Ones', 'config': {}}, 'moving_mean_initializer': {'class_name': 'Zeros', 'config': {}}, 'moving_variance_initializer': {'class_name': 'Ones', 'config': {}}, 'beta_regularizer': None, 'gamma_regularizer': None, 'beta_constraint': None, 'gamma_constraint': None}}, {'class_name': 'Conv2D', 'config': {'name': 'conv2d_8', 'trainable': True, 'dtype': 'float32', 'filters': 32, 'kernel_size': (3, 3), 'strides': (1, 1), 'padding': 'same', 'data_format': 'channels_last', 'dilation_rate': (1, 1), 'groups': 1, 'activation': 'relu', 'use_bias': True, 'kernel_initializer': {'class_name': 'GlorotUniform', 'config': {'seed': None}}, 'bias_initializer': {'class_name': 'Zeros', 'config': {}}, 'kernel_regularizer': None, 'bias_regularizer': None, 'activity_regularizer': None, 'kernel_constraint': None, 'bias_constraint': None}}, {'class_name': 'Conv2D', 'config': {'name': 'conv2d_9', 'trainable': True, 'dtype': 'float32', 'filters': 32, 'kernel_size': (3, 3), 'strides': (1, 1), 'padding': 'same', 'data_format': 'channels_last', 'dilation_rate': (1, 1), 'groups': 1, 'activation': 'relu', 'use_bias': True, 'kernel_initializer': {'class_name': 'GlorotUniform', 'config': {'seed': None}}, 'bias_initializer': {'class_name': 'Zeros', 'config': {}}, 'kernel_regularizer': None, 'bias_regularizer': None, 'activity_regularizer': None, 'kernel_constraint': None, 'bias_constraint': None}}, {'class_name': 'MaxPooling2D', 'config': {'name': 'max_pooling2d_3', 'trainable': True, 'dtype': 'float32', 'pool_size': (2, 2), 'padding': 'valid', 'strides': (2, 2), 'data_format': 'channels_last'}}, {'class_name': 'Conv2D', 'config': {'name': 'conv2d_10', 'trainable': True, 'dtype': 'float32', 'filters': 64, 'kernel_size': (4, 4), 'strides': (1, 1), 'padding': 'same', 'data_format': 'channels_last', 'dilation_rate': (1, 1), 'groups': 1, 'activation': 'relu', 'use_bias': True, 'kernel_initializer': {'class_name': 'GlorotUniform', 'config': {'seed': None}}, 'bias_initializer': {'class_name': 'Zeros', 'config': {}}, 'kernel_regularizer': None, 'bias_regularizer': None, 'activity_regularizer': None, 'kernel_constraint': None, 'bias_constraint': None}}, {'class_name': 'Conv2D', 'config': {'name': 'conv2d_11', 'trainable': True, 'dtype': 'float32', 'filters': 64, 'kernel_size': (4, 4), 'strides': (1, 1), 'padding': 'same', 'data_format': 'channels_last', 'dilation_rate': (1, 1), 'groups': 1, 'activation': 'relu', 'use_bias': True, 'kernel_initializer': {'class_name': 'GlorotUniform', 'config': {'seed': None}}, 'bias_initializer': {'class_name': 'Zeros', 'config': {}}, 'kernel_regularizer': None, 'bias_regularizer': None, 'activity_regularizer': None, 'kernel_constraint': None, 'bias_constraint': None}}, {'class_name': 'MaxPooling2D', 'config': {'name': 'max_pooling2d_4', 'trainable': True, 'dtype': 'float32', 'pool_size': (2, 2), 'padding': 'valid', 'strides': (2, 2), 'data_format': 'channels_last'}}, {'class_name': 'Conv2D', 'config': {'name': 'conv2d_12', 'trainable': True, 'dtype': 'float32', 'filters': 256, 'kernel_size': (6, 6), 'strides': (1, 1), 'padding': 'same', 'data_format': 'channels_last', 'dilation_rate': (1, 1), 'groups': 1, 'activation': 'relu', 'use_bias': True, 'kernel_initializer': {'class_name': 'GlorotUniform', 'config': {'seed': None}}, 'bias_initializer': {'class_name': 'Zeros', 'config': {}}, 'kernel_regularizer': None, 'bias_regularizer': None, 'activity_regularizer': None, 'kernel_constraint': None, 'bias_constraint': None}}, {'class_name': 'MaxPooling2D', 'config': {'name': 'max_pooling2d_5', 'trainable': True, 'dtype': 'float32', 'pool_size': (2, 2), 'padding': 'valid', 'strides': (2, 2), 'data_format': 'channels_last'}}, {'class_name': 'Dropout', 'config': {'name': 'dropout_3', 'trainable': True, 'dtype': 'float32', 'rate': 0.5, 'noise_shape': None, 'seed': None}}, {'class_name': 'Flatten', 'config': {'name': 'flatten_1', 'trainable': True, 'dtype': 'float32', 'data_format': 'channels_last'}}, {'class_name': 'Dense', 'config': {'name': 'dense_2', 'trainable': True, 'dtype': 'float32', 'units': 512, 'activation': 'relu', 'use_bias': True, 'kernel_initializer': {'class_name': 'GlorotUniform', 'config': {'seed': None}}, 'bias_initializer': {'class_name': 'Zeros', 'config': {}}, 'kernel_regularizer': {'class_name': 'L2', 'config': {'l2': 0.009999999776482582}}, 'bias_regularizer': None, 'activity_regularizer': None, 'kernel_constraint': None, 'bias_constraint': None}}, {'class_name': 'Dropout', 'config': {'name': 'dropout_4', 'trainable': True, 'dtype': 'float32', 'rate': 0.5, 'noise_shape': None, 'seed': None}}]}

@LAYER3       @@@@@@@@@@@@@@@@@@@@@@
{'name': 'dense_3', 'trainable': True, 'dtype': 'float32', 'units': 2, 'activation': 'softmax', 'use_bias': True, 'kernel_initializer': {'class_name': 'GlorotUniform', 'config': {'seed': None}}, 'bias_initializer': {'class_name': 'Zeros', 'config': {}}, 'kernel_regularizer': None, 'bias_regularizer': None, 'activity_regularizer': None, 'kernel_constraint': None, 'bias_constraint': None}

****************************************************
history keys:
 dict_keys(['loss', 'accuracy', 'val_loss', 'val_accuracy'])
history params:
 {'verbose': 1, 'epochs': 500, 'steps': None}
****************************************************
$$$$$$$$$$$$$$$$$$$$$$$$$$$$$$$$$$$$
$$$$$$$$$$$$$$$$$$$$$$$$$$$$$$$$$$$$
$$$$$$$$$$$$$$$$$$$$$$$$$$$$$$$$$$$$
The data set contains images
36541/36541 [==============================] - 239s 7ms/step - loss: 0.3707 - accuracy: 0.8452
Testing Loss = 0.370718, Testing Accuracy = 0.845242
The data set contains images
[[0.9811875224113464, 0.01881241612136364], [0.994779109954834, 0.005220928695052862], [0.17814236879348755, 0.8218576312065125], [0.9989000558853149, 0.0010998687939718366], [0.05961976945400238, 0.9403802156448364], [0.7952092885971069, 0.20479072630405426], [0.9594478607177734, 0.040552109479904175], [0.966020941734314, 0.03397908806800842], [0.8783056139945984, 0.12169439345598221], [0.9426257014274597, 0.05737430229783058]]
[[1.0, 0.0], [1.0, 0.0], [0.0, 1.0], [1.0, 0.0], [0.0, 1.0], [0.0, 1.0], [1.0, 0.0], [1.0, 0.0], [1.0, 0.0], [1.0, 0.0]]
2
$W^+$ (auc = 0.91)
$W^-$ (auc = 0.91)


$$$$$$$$$$$$$$$$$$$$$$$$$$$$$$$$$$$$$$$$$
New Run
Current date and time = 2022-09-13 13:24:22.676482
$$$$$$$$$$$$$$$$$$$$$$$$$$$$$$$$$$$$$$$$$
The data set contains images
The data set contains images
Epoch 1/500
248/248 [==============================] - 42s 131ms/step - loss: 1.1556 - accuracy: 0.7079 - val_loss: 0.6244 - val_accuracy: 0.7706

Epoch 00001: val_loss improved from inf to 0.62435, saving model to /home/samhuang/ML/best_model/best_model_binary-WpWm_CNNsq_kappa0.15/
Epoch 2/500
248/248 [==============================] - 31s 127ms/step - loss: 0.4304 - accuracy: 0.8156 - val_loss: 0.4853 - val_accuracy: 0.8180

Epoch 00002: val_loss improved from 0.62435 to 0.48525, saving model to /home/samhuang/ML/best_model/best_model_binary-WpWm_CNNsq_kappa0.15/
Epoch 3/500
248/248 [==============================] - 31s 126ms/step - loss: 0.4253 - accuracy: 0.8159 - val_loss: 0.4202 - val_accuracy: 0.8178

Epoch 00003: val_loss improved from 0.48525 to 0.42021, saving model to /home/samhuang/ML/best_model/best_model_binary-WpWm_CNNsq_kappa0.15/
Epoch 4/500
248/248 [==============================] - 31s 127ms/step - loss: 0.4193 - accuracy: 0.8179 - val_loss: 0.4153 - val_accuracy: 0.8190

Epoch 00004: val_loss improved from 0.42021 to 0.41530, saving model to /home/samhuang/ML/best_model/best_model_binary-WpWm_CNNsq_kappa0.15/
Epoch 5/500
248/248 [==============================] - 31s 126ms/step - loss: 0.4179 - accuracy: 0.8173 - val_loss: 0.4048 - val_accuracy: 0.8237

Epoch 00005: val_loss improved from 0.41530 to 0.40482, saving model to /home/samhuang/ML/best_model/best_model_binary-WpWm_CNNsq_kappa0.15/
Epoch 6/500
248/248 [==============================] - 31s 126ms/step - loss: 0.4144 - accuracy: 0.8198 - val_loss: 0.4026 - val_accuracy: 0.8227

Epoch 00006: val_loss improved from 0.40482 to 0.40261, saving model to /home/samhuang/ML/best_model/best_model_binary-WpWm_CNNsq_kappa0.15/
Epoch 7/500
248/248 [==============================] - 31s 126ms/step - loss: 0.4127 - accuracy: 0.8198 - val_loss: 0.4013 - val_accuracy: 0.8239

Epoch 00007: val_loss improved from 0.40261 to 0.40130, saving model to /home/samhuang/ML/best_model/best_model_binary-WpWm_CNNsq_kappa0.15/
Epoch 8/500
248/248 [==============================] - 32s 127ms/step - loss: 0.4099 - accuracy: 0.8214 - val_loss: 0.4023 - val_accuracy: 0.8226

Epoch 00008: val_loss did not improve from 0.40130
Epoch 9/500
248/248 [==============================] - 31s 127ms/step - loss: 0.4083 - accuracy: 0.8226 - val_loss: 0.4000 - val_accuracy: 0.8238

Epoch 00009: val_loss improved from 0.40130 to 0.40001, saving model to /home/samhuang/ML/best_model/best_model_binary-WpWm_CNNsq_kappa0.15/
Epoch 10/500
248/248 [==============================] - 31s 126ms/step - loss: 0.4075 - accuracy: 0.8238 - val_loss: 0.4043 - val_accuracy: 0.8217

Epoch 00010: val_loss did not improve from 0.40001
Epoch 11/500
248/248 [==============================] - 31s 126ms/step - loss: 0.4055 - accuracy: 0.8247 - val_loss: 0.4005 - val_accuracy: 0.8235

Epoch 00011: val_loss did not improve from 0.40001
Epoch 12/500
248/248 [==============================] - 32s 127ms/step - loss: 0.4035 - accuracy: 0.8270 - val_loss: 0.4101 - val_accuracy: 0.8221

Epoch 00012: val_loss did not improve from 0.40001
Epoch 13/500
248/248 [==============================] - 31s 127ms/step - loss: 0.4019 - accuracy: 0.8278 - val_loss: 0.4206 - val_accuracy: 0.8179

Epoch 00013: val_loss did not improve from 0.40001
Epoch 14/500
248/248 [==============================] - 32s 127ms/step - loss: 0.3960 - accuracy: 0.8315 - val_loss: 0.4290 - val_accuracy: 0.8126

Epoch 00014: val_loss did not improve from 0.40001
Epoch 15/500
248/248 [==============================] - 31s 127ms/step - loss: 0.3918 - accuracy: 0.8353 - val_loss: 0.4224 - val_accuracy: 0.8183

Epoch 00015: val_loss did not improve from 0.40001
Epoch 16/500
248/248 [==============================] - 32s 128ms/step - loss: 0.3892 - accuracy: 0.8377 - val_loss: 0.4371 - val_accuracy: 0.8129

Epoch 00016: val_loss did not improve from 0.40001
Epoch 17/500
248/248 [==============================] - 31s 126ms/step - loss: 0.3824 - accuracy: 0.8427 - val_loss: 0.4333 - val_accuracy: 0.8163

Epoch 00017: val_loss did not improve from 0.40001
Epoch 18/500
248/248 [==============================] - 31s 126ms/step - loss: 0.3757 - accuracy: 0.8488 - val_loss: 0.4419 - val_accuracy: 0.8145

Epoch 00018: val_loss did not improve from 0.40001
Epoch 19/500
248/248 [==============================] - 33s 132ms/step - loss: 0.3688 - accuracy: 0.8538 - val_loss: 0.4649 - val_accuracy: 0.8078

Epoch 00019: val_loss did not improve from 0.40001
Epoch 20/500
248/248 [==============================] - 31s 126ms/step - loss: 0.3733 - accuracy: 0.8501 - val_loss: 0.4535 - val_accuracy: 0.8046

Epoch 00020: val_loss did not improve from 0.40001
Epoch 21/500
248/248 [==============================] - 31s 126ms/step - loss: 0.3747 - accuracy: 0.8494 - val_loss: 0.5312 - val_accuracy: 0.7625

Epoch 00021: val_loss did not improve from 0.40001
Epoch 22/500
248/248 [==============================] - 32s 127ms/step - loss: 0.3543 - accuracy: 0.8625 - val_loss: 0.5451 - val_accuracy: 0.7592

Epoch 00022: val_loss did not improve from 0.40001
Epoch 23/500
248/248 [==============================] - 32s 127ms/step - loss: 0.3498 - accuracy: 0.8649 - val_loss: 0.5271 - val_accuracy: 0.7741

Epoch 00023: val_loss did not improve from 0.40001
Epoch 24/500
248/248 [==============================] - 32s 128ms/step - loss: 0.3403 - accuracy: 0.8707 - val_loss: 0.5292 - val_accuracy: 0.7902

Epoch 00024: val_loss did not improve from 0.40001
Epoch 25/500
248/248 [==============================] - 32s 128ms/step - loss: 0.3361 - accuracy: 0.8725 - val_loss: 0.5178 - val_accuracy: 0.7987

Epoch 00025: val_loss did not improve from 0.40001
Epoch 26/500
248/248 [==============================] - 32s 130ms/step - loss: 0.3157 - accuracy: 0.8838 - val_loss: 0.5535 - val_accuracy: 0.7920

Epoch 00026: val_loss did not improve from 0.40001
Epoch 27/500
248/248 [==============================] - 31s 127ms/step - loss: 0.3062 - accuracy: 0.8891 - val_loss: 0.5697 - val_accuracy: 0.7935

Epoch 00027: val_loss did not improve from 0.40001
Epoch 28/500
248/248 [==============================] - 31s 127ms/step - loss: 0.3066 - accuracy: 0.8902 - val_loss: 0.6151 - val_accuracy: 0.7774

Epoch 00028: val_loss did not improve from 0.40001
Epoch 29/500
248/248 [==============================] - 33s 133ms/step - loss: 0.3223 - accuracy: 0.8803 - val_loss: 0.5444 - val_accuracy: 0.7851

Epoch 00029: val_loss did not improve from 0.40001
Epoch 00029: early stopping
$$$$$$$$$$$$$$$$$$$$$$$$$$$$$$$$$$$$$$$$$$$$$$$$$$$$$$
$$$$$$$$$$$$$$$$$$$$$$$$$$$$$$$$$$$$$$$$$$$$$$$$$$$$$$
[92mModel: "CNNsq"[0m
[92m_________________________________________________________________[0m
[92mLayer (type)                 Output Shape              Param #   [0m
[92m=================================================================[0m
[92msequential (Sequential)      (None, 256)               6537700   [0m
[92m_________________________________________________________________[0m
[92msequential_1 (Sequential)    (None, 256)               6006756   [0m
[92m_________________________________________________________________[0m
[92mdense_3 (Dense)              multiple                  1026      [0m
[92m=================================================================[0m
[92mTotal params: 12,545,482[0m
[92mTrainable params: 12,545,478[0m
[92mNon-trainable params: 4[0m
[92m_________________________________________________________________[0m
None

@LAYER1       @@@@@@@@@@@@@@@@@@@@@@
[94mModel: "sequential"[0m
[94m_________________________________________________________________[0m
[94mLayer (type)                 Output Shape              Param #   [0m
[94m=================================================================[0m
[94mlambda (Lambda)              (None, 75, 75, 1)         0         [0m
[94m_________________________________________________________________[0m
[94mbatch_normalization (BatchNo (None, 75, 75, 1)         4         [0m
[94m_________________________________________________________________[0m
[94mconv2d (Conv2D)              (None, 75, 75, 32)        320       [0m
[94m_________________________________________________________________[0m
[94mconv2d_1 (Conv2D)            (None, 75, 75, 32)        9248      [0m
[94m_________________________________________________________________[0m
[94mmax_pooling2d (MaxPooling2D) (None, 37, 37, 32)        0         [0m
[94m_________________________________________________________________[0m
[94mconv2d_2 (Conv2D)            (None, 37, 37, 64)        18496     [0m
[94m_________________________________________________________________[0m
[94mmax_pooling2d_1 (MaxPooling2 (None, 18, 18, 64)        0         [0m
[94m_________________________________________________________________[0m
[94mconv2d_3 (Conv2D)            (None, 18, 18, 64)        36928     [0m
[94m_________________________________________________________________[0m
[94mmax_pooling2d_2 (MaxPooling2 (None, 9, 9, 64)          0         [0m
[94m_________________________________________________________________[0m
[94mconv2d_4 (Conv2D)            (None, 9, 9, 64)          36928     [0m
[94m_________________________________________________________________[0m
[94mconv2d_5 (Conv2D)            (None, 9, 9, 64)          36928     [0m
[94m_________________________________________________________________[0m
[94mconv2d_6 (Conv2D)            (None, 9, 9, 128)         204928    [0m
[94m_________________________________________________________________[0m
[94mconv2d_7 (Conv2D)            (None, 9, 9, 256)         819456    [0m
[94m_________________________________________________________________[0m
[94mdropout (Dropout)            (None, 9, 9, 256)         0         [0m
[94m_________________________________________________________________[0m
[94mflatten (Flatten)            (None, 20736)             0         [0m
[94m_________________________________________________________________[0m
[94mdense (Dense)                (None, 256)               5308672   [0m
[94m_________________________________________________________________[0m
[94mdropout_1 (Dropout)          (None, 256)               0         [0m
[94m_________________________________________________________________[0m
[94mdense_1 (Dense)              (None, 256)               65792     [0m
[94m_________________________________________________________________[0m
[94mdropout_2 (Dropout)          (None, 256)               0         [0m
[94m=================================================================[0m
[94mTotal params: 6,537,700[0m
[94mTrainable params: 6,537,698[0m
[94mNon-trainable params: 2[0m
[94m_________________________________________________________________[0m
None
[92m%Optimizer:
[0m {'name': 'Adam', 'learning_rate': 0.001, 'decay': 0.0, 'beta_1': 0.9, 'beta_2': 0.999, 'epsilon': 1e-07, 'amsgrad': False}
[92m%Layer detail:
[0m {'name': 'sequential', 'layers': [{'class_name': 'InputLayer', 'config': {'batch_input_shape': (None, 75, 75, 2), 'dtype': 'float32', 'sparse': False, 'ragged': False, 'name': 'lambda_input'}}, {'class_name': 'Lambda', 'config': {'name': 'lambda', 'trainable': True, 'dtype': 'float32', 'function': ('4wEAAAAAAAAAAAAAAAEAAAAHAAAAUwAAAHMkAAAAdACgAXwAZABkAIUCZABkAIUCZABkAIUCZAFm\nBBkAZAKhAlMAKQNO6QAAAADp/////6kC2gJ0ZtoLZXhwYW5kX2RpbXOpAdoBeKkAcggAAAD6Hy9o\nb21lL3NhbWh1YW5nL01ML0NOTi9tb2RlbHMucHnaCDxsYW1iZGE+NAAAAPMAAAAA\n', None, None), 'function_type': 'lambda', 'module': 'models', 'output_shape': None, 'output_shape_type': 'raw', 'output_shape_module': None, 'arguments': {}}}, {'class_name': 'BatchNormalization', 'config': {'name': 'batch_normalization', 'trainable': True, 'dtype': 'float32', 'axis': ListWrapper([3]), 'momentum': 0.99, 'epsilon': 0.001, 'center': True, 'scale': True, 'beta_initializer': {'class_name': 'Zeros', 'config': {}}, 'gamma_initializer': {'class_name': 'Ones', 'config': {}}, 'moving_mean_initializer': {'class_name': 'Zeros', 'config': {}}, 'moving_variance_initializer': {'class_name': 'Ones', 'config': {}}, 'beta_regularizer': None, 'gamma_regularizer': None, 'beta_constraint': None, 'gamma_constraint': None}}, {'class_name': 'Conv2D', 'config': {'name': 'conv2d', 'trainable': True, 'dtype': 'float32', 'filters': 32, 'kernel_size': (3, 3), 'strides': (1, 1), 'padding': 'same', 'data_format': 'channels_last', 'dilation_rate': (1, 1), 'groups': 1, 'activation': 'relu', 'use_bias': True, 'kernel_initializer': {'class_name': 'GlorotUniform', 'config': {'seed': None}}, 'bias_initializer': {'class_name': 'Zeros', 'config': {}}, 'kernel_regularizer': None, 'bias_regularizer': None, 'activity_regularizer': None, 'kernel_constraint': None, 'bias_constraint': None}}, {'class_name': 'Conv2D', 'config': {'name': 'conv2d_1', 'trainable': True, 'dtype': 'float32', 'filters': 32, 'kernel_size': (3, 3), 'strides': (1, 1), 'padding': 'same', 'data_format': 'channels_last', 'dilation_rate': (1, 1), 'groups': 1, 'activation': 'relu', 'use_bias': True, 'kernel_initializer': {'class_name': 'GlorotUniform', 'config': {'seed': None}}, 'bias_initializer': {'class_name': 'Zeros', 'config': {}}, 'kernel_regularizer': None, 'bias_regularizer': None, 'activity_regularizer': None, 'kernel_constraint': None, 'bias_constraint': None}}, {'class_name': 'MaxPooling2D', 'config': {'name': 'max_pooling2d', 'trainable': True, 'dtype': 'float32', 'pool_size': (2, 2), 'padding': 'valid', 'strides': (2, 2), 'data_format': 'channels_last'}}, {'class_name': 'Conv2D', 'config': {'name': 'conv2d_2', 'trainable': True, 'dtype': 'float32', 'filters': 64, 'kernel_size': (3, 3), 'strides': (1, 1), 'padding': 'same', 'data_format': 'channels_last', 'dilation_rate': (1, 1), 'groups': 1, 'activation': 'relu', 'use_bias': True, 'kernel_initializer': {'class_name': 'GlorotUniform', 'config': {'seed': None}}, 'bias_initializer': {'class_name': 'Zeros', 'config': {}}, 'kernel_regularizer': None, 'bias_regularizer': None, 'activity_regularizer': None, 'kernel_constraint': None, 'bias_constraint': None}}, {'class_name': 'MaxPooling2D', 'config': {'name': 'max_pooling2d_1', 'trainable': True, 'dtype': 'float32', 'pool_size': (2, 2), 'padding': 'valid', 'strides': (2, 2), 'data_format': 'channels_last'}}, {'class_name': 'Conv2D', 'config': {'name': 'conv2d_3', 'trainable': True, 'dtype': 'float32', 'filters': 64, 'kernel_size': (3, 3), 'strides': (1, 1), 'padding': 'same', 'data_format': 'channels_last', 'dilation_rate': (1, 1), 'groups': 1, 'activation': 'relu', 'use_bias': True, 'kernel_initializer': {'class_name': 'GlorotUniform', 'config': {'seed': None}}, 'bias_initializer': {'class_name': 'Zeros', 'config': {}}, 'kernel_regularizer': None, 'bias_regularizer': None, 'activity_regularizer': None, 'kernel_constraint': None, 'bias_constraint': None}}, {'class_name': 'MaxPooling2D', 'config': {'name': 'max_pooling2d_2', 'trainable': True, 'dtype': 'float32', 'pool_size': (2, 2), 'padding': 'valid', 'strides': (2, 2), 'data_format': 'channels_last'}}, {'class_name': 'Conv2D', 'config': {'name': 'conv2d_4', 'trainable': True, 'dtype': 'float32', 'filters': 64, 'kernel_size': (3, 3), 'strides': (1, 1), 'padding': 'same', 'data_format': 'channels_last', 'dilation_rate': (1, 1), 'groups': 1, 'activation': 'relu', 'use_bias': True, 'kernel_initializer': {'class_name': 'GlorotUniform', 'config': {'seed': None}}, 'bias_initializer': {'class_name': 'Zeros', 'config': {}}, 'kernel_regularizer': None, 'bias_regularizer': None, 'activity_regularizer': None, 'kernel_constraint': None, 'bias_constraint': None}}, {'class_name': 'Conv2D', 'config': {'name': 'conv2d_5', 'trainable': True, 'dtype': 'float32', 'filters': 64, 'kernel_size': (3, 3), 'strides': (1, 1), 'padding': 'same', 'data_format': 'channels_last', 'dilation_rate': (1, 1), 'groups': 1, 'activation': 'relu', 'use_bias': True, 'kernel_initializer': {'class_name': 'GlorotUniform', 'config': {'seed': None}}, 'bias_initializer': {'class_name': 'Zeros', 'config': {}}, 'kernel_regularizer': None, 'bias_regularizer': None, 'activity_regularizer': None, 'kernel_constraint': None, 'bias_constraint': None}}, {'class_name': 'Conv2D', 'config': {'name': 'conv2d_6', 'trainable': True, 'dtype': 'float32', 'filters': 128, 'kernel_size': (5, 5), 'strides': (1, 1), 'padding': 'same', 'data_format': 'channels_last', 'dilation_rate': (1, 1), 'groups': 1, 'activation': 'relu', 'use_bias': True, 'kernel_initializer': {'class_name': 'GlorotUniform', 'config': {'seed': None}}, 'bias_initializer': {'class_name': 'Zeros', 'config': {}}, 'kernel_regularizer': None, 'bias_regularizer': None, 'activity_regularizer': None, 'kernel_constraint': None, 'bias_constraint': None}}, {'class_name': 'Conv2D', 'config': {'name': 'conv2d_7', 'trainable': True, 'dtype': 'float32', 'filters': 256, 'kernel_size': (5, 5), 'strides': (1, 1), 'padding': 'same', 'data_format': 'channels_last', 'dilation_rate': (1, 1), 'groups': 1, 'activation': 'relu', 'use_bias': True, 'kernel_initializer': {'class_name': 'GlorotUniform', 'config': {'seed': None}}, 'bias_initializer': {'class_name': 'Zeros', 'config': {}}, 'kernel_regularizer': None, 'bias_regularizer': None, 'activity_regularizer': None, 'kernel_constraint': None, 'bias_constraint': None}}, {'class_name': 'Dropout', 'config': {'name': 'dropout', 'trainable': True, 'dtype': 'float32', 'rate': 0.1, 'noise_shape': None, 'seed': None}}, {'class_name': 'Flatten', 'config': {'name': 'flatten', 'trainable': True, 'dtype': 'float32', 'data_format': 'channels_last'}}, {'class_name': 'Dense', 'config': {'name': 'dense', 'trainable': True, 'dtype': 'float32', 'units': 256, 'activation': 'relu', 'use_bias': True, 'kernel_initializer': {'class_name': 'GlorotUniform', 'config': {'seed': None}}, 'bias_initializer': {'class_name': 'Zeros', 'config': {}}, 'kernel_regularizer': {'class_name': 'L2', 'config': {'l2': 0.009999999776482582}}, 'bias_regularizer': None, 'activity_regularizer': None, 'kernel_constraint': None, 'bias_constraint': None}}, {'class_name': 'Dropout', 'config': {'name': 'dropout_1', 'trainable': True, 'dtype': 'float32', 'rate': 0.5, 'noise_shape': None, 'seed': None}}, {'class_name': 'Dense', 'config': {'name': 'dense_1', 'trainable': True, 'dtype': 'float32', 'units': 256, 'activation': 'relu', 'use_bias': True, 'kernel_initializer': {'class_name': 'GlorotUniform', 'config': {'seed': None}}, 'bias_initializer': {'class_name': 'Zeros', 'config': {}}, 'kernel_regularizer': {'class_name': 'L2', 'config': {'l2': 0.009999999776482582}}, 'bias_regularizer': None, 'activity_regularizer': None, 'kernel_constraint': None, 'bias_constraint': None}}, {'class_name': 'Dropout', 'config': {'name': 'dropout_2', 'trainable': True, 'dtype': 'float32', 'rate': 0.5, 'noise_shape': None, 'seed': None}}]}

@LAYER2       @@@@@@@@@@@@@@@@@@@@@@
[94mModel: "sequential_1"[0m
[94m_________________________________________________________________[0m
[94mLayer (type)                 Output Shape              Param #   [0m
[94m=================================================================[0m
[94mlambda_1 (Lambda)            (None, 75, 75, 1)         0         [0m
[94m_________________________________________________________________[0m
[94mbatch_normalization_1 (Batch (None, 75, 75, 1)         4         [0m
[94m_________________________________________________________________[0m
[94mconv2d_8 (Conv2D)            (None, 75, 75, 32)        320       [0m
[94m_________________________________________________________________[0m
[94mconv2d_9 (Conv2D)            (None, 75, 75, 32)        9248      [0m
[94m_________________________________________________________________[0m
[94mmax_pooling2d_3 (MaxPooling2 (None, 37, 37, 32)        0         [0m
[94m_________________________________________________________________[0m
[94mconv2d_10 (Conv2D)           (None, 37, 37, 64)        32832     [0m
[94m_________________________________________________________________[0m
[94mconv2d_11 (Conv2D)           (None, 37, 37, 64)        65600     [0m
[94m_________________________________________________________________[0m
[94mmax_pooling2d_4 (MaxPooling2 (None, 18, 18, 64)        0         [0m
[94m_________________________________________________________________[0m
[94mconv2d_12 (Conv2D)           (None, 18, 18, 256)       590080    [0m
[94m_________________________________________________________________[0m
[94mmax_pooling2d_5 (MaxPooling2 (None, 9, 9, 256)         0         [0m
[94m_________________________________________________________________[0m
[94mdropout_3 (Dropout)          (None, 9, 9, 256)         0         [0m
[94m_________________________________________________________________[0m
[94mflatten_1 (Flatten)          (None, 20736)             0         [0m
[94m_________________________________________________________________[0m
[94mdense_2 (Dense)              (None, 256)               5308672   [0m
[94m_________________________________________________________________[0m
[94mdropout_4 (Dropout)          (None, 256)               0         [0m
[94m=================================================================[0m
[94mTotal params: 6,006,756[0m
[94mTrainable params: 6,006,754[0m
[94mNon-trainable params: 2[0m
[94m_________________________________________________________________[0m
None
[92m%Optimizer:
[0m {'name': 'Adam', 'learning_rate': 0.001, 'decay': 0.0, 'beta_1': 0.9, 'beta_2': 0.999, 'epsilon': 1e-07, 'amsgrad': False}
[92m%Layer detail:
[0m {'name': 'sequential_1', 'layers': [{'class_name': 'InputLayer', 'config': {'batch_input_shape': (None, 75, 75, 2), 'dtype': 'float32', 'sparse': False, 'ragged': False, 'name': 'lambda_1_input'}}, {'class_name': 'Lambda', 'config': {'name': 'lambda_1', 'trainable': True, 'dtype': 'float32', 'function': ('4wEAAAAAAAAAAAAAAAEAAAAHAAAAUwAAAHMkAAAAdACgAXwAZABkAIUCZABkAIUCZABkAIUCZAFm\nBBkAZAKhAlMAKQNO6QEAAADp/////6kC2gJ0ZtoLZXhwYW5kX2RpbXOpAdoBeKkAcggAAAD6Hy9o\nb21lL3NhbWh1YW5nL01ML0NOTi9tb2RlbHMucHnaCDxsYW1iZGE+TAAAAPMAAAAA\n', None, None), 'function_type': 'lambda', 'module': 'models', 'output_shape': None, 'output_shape_type': 'raw', 'output_shape_module': None, 'arguments': {}}}, {'class_name': 'BatchNormalization', 'config': {'name': 'batch_normalization_1', 'trainable': True, 'dtype': 'float32', 'axis': ListWrapper([3]), 'momentum': 0.99, 'epsilon': 0.001, 'center': True, 'scale': True, 'beta_initializer': {'class_name': 'Zeros', 'config': {}}, 'gamma_initializer': {'class_name': 'Ones', 'config': {}}, 'moving_mean_initializer': {'class_name': 'Zeros', 'config': {}}, 'moving_variance_initializer': {'class_name': 'Ones', 'config': {}}, 'beta_regularizer': None, 'gamma_regularizer': None, 'beta_constraint': None, 'gamma_constraint': None}}, {'class_name': 'Conv2D', 'config': {'name': 'conv2d_8', 'trainable': True, 'dtype': 'float32', 'filters': 32, 'kernel_size': (3, 3), 'strides': (1, 1), 'padding': 'same', 'data_format': 'channels_last', 'dilation_rate': (1, 1), 'groups': 1, 'activation': 'relu', 'use_bias': True, 'kernel_initializer': {'class_name': 'GlorotUniform', 'config': {'seed': None}}, 'bias_initializer': {'class_name': 'Zeros', 'config': {}}, 'kernel_regularizer': {'class_name': 'L2', 'config': {'l2': 0.009999999776482582}}, 'bias_regularizer': None, 'activity_regularizer': None, 'kernel_constraint': None, 'bias_constraint': None}}, {'class_name': 'Conv2D', 'config': {'name': 'conv2d_9', 'trainable': True, 'dtype': 'float32', 'filters': 32, 'kernel_size': (3, 3), 'strides': (1, 1), 'padding': 'same', 'data_format': 'channels_last', 'dilation_rate': (1, 1), 'groups': 1, 'activation': 'relu', 'use_bias': True, 'kernel_initializer': {'class_name': 'GlorotUniform', 'config': {'seed': None}}, 'bias_initializer': {'class_name': 'Zeros', 'config': {}}, 'kernel_regularizer': None, 'bias_regularizer': None, 'activity_regularizer': None, 'kernel_constraint': None, 'bias_constraint': None}}, {'class_name': 'MaxPooling2D', 'config': {'name': 'max_pooling2d_3', 'trainable': True, 'dtype': 'float32', 'pool_size': (2, 2), 'padding': 'valid', 'strides': (2, 2), 'data_format': 'channels_last'}}, {'class_name': 'Conv2D', 'config': {'name': 'conv2d_10', 'trainable': True, 'dtype': 'float32', 'filters': 64, 'kernel_size': (4, 4), 'strides': (1, 1), 'padding': 'same', 'data_format': 'channels_last', 'dilation_rate': (1, 1), 'groups': 1, 'activation': 'relu', 'use_bias': True, 'kernel_initializer': {'class_name': 'GlorotUniform', 'config': {'seed': None}}, 'bias_initializer': {'class_name': 'Zeros', 'config': {}}, 'kernel_regularizer': None, 'bias_regularizer': None, 'activity_regularizer': None, 'kernel_constraint': None, 'bias_constraint': None}}, {'class_name': 'Conv2D', 'config': {'name': 'conv2d_11', 'trainable': True, 'dtype': 'float32', 'filters': 64, 'kernel_size': (4, 4), 'strides': (1, 1), 'padding': 'same', 'data_format': 'channels_last', 'dilation_rate': (1, 1), 'groups': 1, 'activation': 'relu', 'use_bias': True, 'kernel_initializer': {'class_name': 'GlorotUniform', 'config': {'seed': None}}, 'bias_initializer': {'class_name': 'Zeros', 'config': {}}, 'kernel_regularizer': None, 'bias_regularizer': None, 'activity_regularizer': None, 'kernel_constraint': None, 'bias_constraint': None}}, {'class_name': 'MaxPooling2D', 'config': {'name': 'max_pooling2d_4', 'trainable': True, 'dtype': 'float32', 'pool_size': (2, 2), 'padding': 'valid', 'strides': (2, 2), 'data_format': 'channels_last'}}, {'class_name': 'Conv2D', 'config': {'name': 'conv2d_12', 'trainable': True, 'dtype': 'float32', 'filters': 256, 'kernel_size': (6, 6), 'strides': (1, 1), 'padding': 'same', 'data_format': 'channels_last', 'dilation_rate': (1, 1), 'groups': 1, 'activation': 'relu', 'use_bias': True, 'kernel_initializer': {'class_name': 'GlorotUniform', 'config': {'seed': None}}, 'bias_initializer': {'class_name': 'Zeros', 'config': {}}, 'kernel_regularizer': None, 'bias_regularizer': None, 'activity_regularizer': None, 'kernel_constraint': None, 'bias_constraint': None}}, {'class_name': 'MaxPooling2D', 'config': {'name': 'max_pooling2d_5', 'trainable': True, 'dtype': 'float32', 'pool_size': (2, 2), 'padding': 'valid', 'strides': (2, 2), 'data_format': 'channels_last'}}, {'class_name': 'Dropout', 'config': {'name': 'dropout_3', 'trainable': True, 'dtype': 'float32', 'rate': 0.1, 'noise_shape': None, 'seed': None}}, {'class_name': 'Flatten', 'config': {'name': 'flatten_1', 'trainable': True, 'dtype': 'float32', 'data_format': 'channels_last'}}, {'class_name': 'Dense', 'config': {'name': 'dense_2', 'trainable': True, 'dtype': 'float32', 'units': 256, 'activation': 'relu', 'use_bias': True, 'kernel_initializer': {'class_name': 'GlorotUniform', 'config': {'seed': None}}, 'bias_initializer': {'class_name': 'Zeros', 'config': {}}, 'kernel_regularizer': {'class_name': 'L2', 'config': {'l2': 0.009999999776482582}}, 'bias_regularizer': None, 'activity_regularizer': None, 'kernel_constraint': None, 'bias_constraint': None}}, {'class_name': 'Dropout', 'config': {'name': 'dropout_4', 'trainable': True, 'dtype': 'float32', 'rate': 0.5, 'noise_shape': None, 'seed': None}}]}

@LAYER3       @@@@@@@@@@@@@@@@@@@@@@
[92m%Layer detail:
[0m {'name': 'dense_3', 'trainable': True, 'dtype': 'float32', 'units': 2, 'activation': 'softmax', 'use_bias': True, 'kernel_initializer': {'class_name': 'GlorotUniform', 'config': {'seed': None}}, 'bias_initializer': {'class_name': 'Zeros', 'config': {}}, 'kernel_regularizer': None, 'bias_regularizer': None, 'activity_regularizer': None, 'kernel_constraint': None, 'bias_constraint': None}

****************************************************
history keys:
 dict_keys(['loss', 'accuracy', 'val_loss', 'val_accuracy'])
history params:
 {'verbose': 1, 'epochs': 500, 'steps': None}
****************************************************
$$$$$$$$$$$$$$$$$$$$$$$$$$$$$$$$$$$$$$$$$$$$$$$$$$$$$$
$$$$$$$$$$$$$$$$$$$$$$$$$$$$$$$$$$$$$$$$$$$$$$$$$$$$$$
The data set contains images
39804/39804 [==============================] - 304s 8ms/step - loss: 0.4112 - accuracy: 0.8180
Testing Loss = 0.411170, Testing Accuracy = 0.818008
The data set contains images
[[0.34519150853157043, 0.6548084616661072], [0.950625479221344, 0.04937450587749481], [0.9889606833457947, 0.011039347387850285], [0.05874928832054138, 0.9412506818771362], [0.006286827847361565, 0.9937132000923157], [0.969707727432251, 0.030292214825749397], [0.10034026950597763, 0.8996596932411194], [0.05856401100754738, 0.9414359927177429], [0.9473239779472351, 0.05267595499753952], [0.9831668734550476, 0.016833104193210602]]
[[0.0, 1.0], [1.0, 0.0], [1.0, 0.0], [0.0, 1.0], [0.0, 1.0], [1.0, 0.0], [0.0, 1.0], [0.0, 1.0], [1.0, 0.0], [1.0, 0.0]]
2
$W^+$ (auc = 0.91)
$W^-$ (auc = 0.91)


$$$$$$$$$$$$$$$$$$$$$$$$$$$$$$$$$$$$$$$$$
New Run
Current date and time = 2022-09-17 13:09:14.958213
$$$$$$$$$$$$$$$$$$$$$$$$$$$$$$$$$$$$$$$$$
The data set contains images
The data set contains images
Epoch 1/500
500/500 [==============================] - 82s 132ms/step - loss: 0.8123 - accuracy: 0.7750 - val_loss: 0.4517 - val_accuracy: 0.8216

Epoch 00001: val_loss improved from inf to 0.45170, saving model to /home/samhuang/ML/best_model/best_model_binary-WpWm_CNNsq_kappa0.15/
Epoch 2/500
500/500 [==============================] - 64s 129ms/step - loss: 0.4240 - accuracy: 0.8184 - val_loss: 0.4126 - val_accuracy: 0.8226

Epoch 00002: val_loss improved from 0.45170 to 0.41262, saving model to /home/samhuang/ML/best_model/best_model_binary-WpWm_CNNsq_kappa0.15/
Epoch 3/500
500/500 [==============================] - 65s 129ms/step - loss: 0.4179 - accuracy: 0.8194 - val_loss: 0.4111 - val_accuracy: 0.8235

Epoch 00003: val_loss improved from 0.41262 to 0.41113, saving model to /home/samhuang/ML/best_model/best_model_binary-WpWm_CNNsq_kappa0.15/
Epoch 4/500
500/500 [==============================] - 65s 130ms/step - loss: 0.4125 - accuracy: 0.8219 - val_loss: 0.4060 - val_accuracy: 0.8242

Epoch 00004: val_loss improved from 0.41113 to 0.40605, saving model to /home/samhuang/ML/best_model/best_model_binary-WpWm_CNNsq_kappa0.15/
Epoch 5/500
500/500 [==============================] - 65s 130ms/step - loss: 0.4105 - accuracy: 0.8216 - val_loss: 0.4078 - val_accuracy: 0.8237

Epoch 00005: val_loss did not improve from 0.40605
Epoch 6/500
500/500 [==============================] - 131s 262ms/step - loss: 0.4073 - accuracy: 0.8230 - val_loss: 0.4083 - val_accuracy: 0.8225

Epoch 00006: val_loss did not improve from 0.40605
Epoch 7/500
500/500 [==============================] - 64s 129ms/step - loss: 0.4053 - accuracy: 0.8246 - val_loss: 0.4052 - val_accuracy: 0.8234

Epoch 00007: val_loss improved from 0.40605 to 0.40521, saving model to /home/samhuang/ML/best_model/best_model_binary-WpWm_CNNsq_kappa0.15/
Epoch 8/500
500/500 [==============================] - 64s 129ms/step - loss: 0.4033 - accuracy: 0.8254 - val_loss: 0.4054 - val_accuracy: 0.8238

Epoch 00008: val_loss did not improve from 0.40521
Epoch 9/500
500/500 [==============================] - 64s 129ms/step - loss: 0.4019 - accuracy: 0.8270 - val_loss: 0.4157 - val_accuracy: 0.8224

Epoch 00009: val_loss did not improve from 0.40521
Epoch 10/500
500/500 [==============================] - 64s 129ms/step - loss: 0.3988 - accuracy: 0.8295 - val_loss: 0.4225 - val_accuracy: 0.8190

Epoch 00010: val_loss did not improve from 0.40521
Epoch 11/500
500/500 [==============================] - 64s 129ms/step - loss: 0.3968 - accuracy: 0.8303 - val_loss: 0.4239 - val_accuracy: 0.8191

Epoch 00011: val_loss did not improve from 0.40521
Epoch 12/500
500/500 [==============================] - 64s 129ms/step - loss: 0.3941 - accuracy: 0.8329 - val_loss: 0.4275 - val_accuracy: 0.8189

Epoch 00012: val_loss did not improve from 0.40521
Epoch 13/500
500/500 [==============================] - 64s 129ms/step - loss: 0.3914 - accuracy: 0.8354 - val_loss: 0.4298 - val_accuracy: 0.8178

Epoch 00013: val_loss did not improve from 0.40521
Epoch 14/500
500/500 [==============================] - 242s 484ms/step - loss: 0.3871 - accuracy: 0.8392 - val_loss: 0.4394 - val_accuracy: 0.8178

Epoch 00014: val_loss did not improve from 0.40521
Epoch 15/500
500/500 [==============================] - 64s 128ms/step - loss: 0.3823 - accuracy: 0.8426 - val_loss: 0.4573 - val_accuracy: 0.8152

Epoch 00015: val_loss did not improve from 0.40521
Epoch 16/500
500/500 [==============================] - 64s 129ms/step - loss: 0.3793 - accuracy: 0.8459 - val_loss: 0.4628 - val_accuracy: 0.8126

Epoch 00016: val_loss did not improve from 0.40521
Epoch 17/500
500/500 [==============================] - 64s 129ms/step - loss: 0.3774 - accuracy: 0.8467 - val_loss: 0.4610 - val_accuracy: 0.8115

Epoch 00017: val_loss did not improve from 0.40521
Epoch 18/500
500/500 [==============================] - 65s 129ms/step - loss: 0.3662 - accuracy: 0.8543 - val_loss: 0.5021 - val_accuracy: 0.7949

Epoch 00018: val_loss did not improve from 0.40521
Epoch 19/500
500/500 [==============================] - 64s 129ms/step - loss: 0.3612 - accuracy: 0.8575 - val_loss: 0.4608 - val_accuracy: 0.8057

Epoch 00019: val_loss did not improve from 0.40521
Epoch 20/500
500/500 [==============================] - 64s 129ms/step - loss: 0.3578 - accuracy: 0.8588 - val_loss: 0.4768 - val_accuracy: 0.8019

Epoch 00020: val_loss did not improve from 0.40521
Epoch 21/500
500/500 [==============================] - 64s 129ms/step - loss: 0.3533 - accuracy: 0.8626 - val_loss: 0.5002 - val_accuracy: 0.7950

Epoch 00021: val_loss did not improve from 0.40521
Epoch 22/500
500/500 [==============================] - 64s 129ms/step - loss: 0.3462 - accuracy: 0.8667 - val_loss: 0.5055 - val_accuracy: 0.8023

Epoch 00022: val_loss did not improve from 0.40521
Epoch 23/500
500/500 [==============================] - 64s 129ms/step - loss: 0.3392 - accuracy: 0.8709 - val_loss: 0.5233 - val_accuracy: 0.8013

Epoch 00023: val_loss did not improve from 0.40521
Epoch 24/500
500/500 [==============================] - 64s 128ms/step - loss: 0.3401 - accuracy: 0.8693 - val_loss: 0.5324 - val_accuracy: 0.7928

Epoch 00024: val_loss did not improve from 0.40521
Epoch 25/500
500/500 [==============================] - 64s 129ms/step - loss: 0.3437 - accuracy: 0.8678 - val_loss: 0.5319 - val_accuracy: 0.7853

Epoch 00025: val_loss did not improve from 0.40521
Epoch 26/500
500/500 [==============================] - 64s 129ms/step - loss: 0.3338 - accuracy: 0.8736 - val_loss: 0.5232 - val_accuracy: 0.7925

Epoch 00026: val_loss did not improve from 0.40521
Epoch 27/500
500/500 [==============================] - 64s 128ms/step - loss: 0.3300 - accuracy: 0.8757 - val_loss: 0.5651 - val_accuracy: 0.7731

Epoch 00027: val_loss did not improve from 0.40521
Epoch 00027: early stopping
$$$$$$$$$$$$$$$$$$$$$$$$$$$$$$$$$$$$$$$$$$$$$$$$$$$$$$
$$$$$$$$$$$$$$$$$$$$$$$$$$$$$$$$$$$$$$$$$$$$$$$$$$$$$$
[92mModel: "CNNsq"[0m
[92m_________________________________________________________________[0m
[92mLayer (type)                 Output Shape              Param #   [0m
[92m=================================================================[0m
[92msequential (Sequential)      (None, 256)               6537700   [0m
[92m_________________________________________________________________[0m
[92msequential_1 (Sequential)    (None, 256)               6006756   [0m
[92m_________________________________________________________________[0m
[92mdense_3 (Dense)              multiple                  1026      [0m
[92m=================================================================[0m
[92mTotal params: 12,545,482[0m
[92mTrainable params: 12,545,478[0m
[92mNon-trainable params: 4[0m
[92m_________________________________________________________________[0m
None

@LAYER1       @@@@@@@@@@@@@@@@@@@@@@
[94mModel: "sequential"[0m
[94m_________________________________________________________________[0m
[94mLayer (type)                 Output Shape              Param #   [0m
[94m=================================================================[0m
[94mlambda (Lambda)              (None, 75, 75, 1)         0         [0m
[94m_________________________________________________________________[0m
[94mbatch_normalization (BatchNo (None, 75, 75, 1)         4         [0m
[94m_________________________________________________________________[0m
[94mconv2d (Conv2D)              (None, 75, 75, 32)        320       [0m
[94m_________________________________________________________________[0m
[94mconv2d_1 (Conv2D)            (None, 75, 75, 32)        9248      [0m
[94m_________________________________________________________________[0m
[94mmax_pooling2d (MaxPooling2D) (None, 37, 37, 32)        0         [0m
[94m_________________________________________________________________[0m
[94mconv2d_2 (Conv2D)            (None, 37, 37, 64)        18496     [0m
[94m_________________________________________________________________[0m
[94mmax_pooling2d_1 (MaxPooling2 (None, 18, 18, 64)        0         [0m
[94m_________________________________________________________________[0m
[94mconv2d_3 (Conv2D)            (None, 18, 18, 64)        36928     [0m
[94m_________________________________________________________________[0m
[94mmax_pooling2d_2 (MaxPooling2 (None, 9, 9, 64)          0         [0m
[94m_________________________________________________________________[0m
[94mconv2d_4 (Conv2D)            (None, 9, 9, 64)          36928     [0m
[94m_________________________________________________________________[0m
[94mconv2d_5 (Conv2D)            (None, 9, 9, 64)          36928     [0m
[94m_________________________________________________________________[0m
[94mconv2d_6 (Conv2D)            (None, 9, 9, 128)         204928    [0m
[94m_________________________________________________________________[0m
[94mconv2d_7 (Conv2D)            (None, 9, 9, 256)         819456    [0m
[94m_________________________________________________________________[0m
[94mdropout (Dropout)            (None, 9, 9, 256)         0         [0m
[94m_________________________________________________________________[0m
[94mflatten (Flatten)            (None, 20736)             0         [0m
[94m_________________________________________________________________[0m
[94mdense (Dense)                (None, 256)               5308672   [0m
[94m_________________________________________________________________[0m
[94mdropout_1 (Dropout)          (None, 256)               0         [0m
[94m_________________________________________________________________[0m
[94mdense_1 (Dense)              (None, 256)               65792     [0m
[94m_________________________________________________________________[0m
[94mdropout_2 (Dropout)          (None, 256)               0         [0m
[94m=================================================================[0m
[94mTotal params: 6,537,700[0m
[94mTrainable params: 6,537,698[0m
[94mNon-trainable params: 2[0m
[94m_________________________________________________________________[0m
None
[92m%Optimizer:
[0m {'name': 'Adam', 'learning_rate': 0.001, 'decay': 0.0, 'beta_1': 0.9, 'beta_2': 0.999, 'epsilon': 1e-07, 'amsgrad': False}
[92m%Layer detail:
[0m {'name': 'sequential', 'layers': [{'class_name': 'InputLayer', 'config': {'batch_input_shape': (None, 75, 75, 2), 'dtype': 'float32', 'sparse': False, 'ragged': False, 'name': 'lambda_input'}}, {'class_name': 'Lambda', 'config': {'name': 'lambda', 'trainable': True, 'dtype': 'float32', 'function': ('4wEAAAAAAAAAAAAAAAEAAAAHAAAAUwAAAHMkAAAAdACgAXwAZABkAIUCZABkAIUCZABkAIUCZAFm\nBBkAZAKhAlMAKQNO6QAAAADp/////6kC2gJ0ZtoLZXhwYW5kX2RpbXOpAdoBeKkAcggAAAD6Hy9o\nb21lL3NhbWh1YW5nL01ML0NOTi9tb2RlbHMucHnaCDxsYW1iZGE+NAAAAPMAAAAA\n', None, None), 'function_type': 'lambda', 'module': 'models', 'output_shape': None, 'output_shape_type': 'raw', 'output_shape_module': None, 'arguments': {}}}, {'class_name': 'BatchNormalization', 'config': {'name': 'batch_normalization', 'trainable': True, 'dtype': 'float32', 'axis': ListWrapper([3]), 'momentum': 0.99, 'epsilon': 0.001, 'center': True, 'scale': True, 'beta_initializer': {'class_name': 'Zeros', 'config': {}}, 'gamma_initializer': {'class_name': 'Ones', 'config': {}}, 'moving_mean_initializer': {'class_name': 'Zeros', 'config': {}}, 'moving_variance_initializer': {'class_name': 'Ones', 'config': {}}, 'beta_regularizer': None, 'gamma_regularizer': None, 'beta_constraint': None, 'gamma_constraint': None}}, {'class_name': 'Conv2D', 'config': {'name': 'conv2d', 'trainable': True, 'dtype': 'float32', 'filters': 32, 'kernel_size': (3, 3), 'strides': (1, 1), 'padding': 'same', 'data_format': 'channels_last', 'dilation_rate': (1, 1), 'groups': 1, 'activation': 'relu', 'use_bias': True, 'kernel_initializer': {'class_name': 'GlorotUniform', 'config': {'seed': None}}, 'bias_initializer': {'class_name': 'Zeros', 'config': {}}, 'kernel_regularizer': None, 'bias_regularizer': None, 'activity_regularizer': None, 'kernel_constraint': None, 'bias_constraint': None}}, {'class_name': 'Conv2D', 'config': {'name': 'conv2d_1', 'trainable': True, 'dtype': 'float32', 'filters': 32, 'kernel_size': (3, 3), 'strides': (1, 1), 'padding': 'same', 'data_format': 'channels_last', 'dilation_rate': (1, 1), 'groups': 1, 'activation': 'relu', 'use_bias': True, 'kernel_initializer': {'class_name': 'GlorotUniform', 'config': {'seed': None}}, 'bias_initializer': {'class_name': 'Zeros', 'config': {}}, 'kernel_regularizer': None, 'bias_regularizer': None, 'activity_regularizer': None, 'kernel_constraint': None, 'bias_constraint': None}}, {'class_name': 'MaxPooling2D', 'config': {'name': 'max_pooling2d', 'trainable': True, 'dtype': 'float32', 'pool_size': (2, 2), 'padding': 'valid', 'strides': (2, 2), 'data_format': 'channels_last'}}, {'class_name': 'Conv2D', 'config': {'name': 'conv2d_2', 'trainable': True, 'dtype': 'float32', 'filters': 64, 'kernel_size': (3, 3), 'strides': (1, 1), 'padding': 'same', 'data_format': 'channels_last', 'dilation_rate': (1, 1), 'groups': 1, 'activation': 'relu', 'use_bias': True, 'kernel_initializer': {'class_name': 'GlorotUniform', 'config': {'seed': None}}, 'bias_initializer': {'class_name': 'Zeros', 'config': {}}, 'kernel_regularizer': None, 'bias_regularizer': None, 'activity_regularizer': None, 'kernel_constraint': None, 'bias_constraint': None}}, {'class_name': 'MaxPooling2D', 'config': {'name': 'max_pooling2d_1', 'trainable': True, 'dtype': 'float32', 'pool_size': (2, 2), 'padding': 'valid', 'strides': (2, 2), 'data_format': 'channels_last'}}, {'class_name': 'Conv2D', 'config': {'name': 'conv2d_3', 'trainable': True, 'dtype': 'float32', 'filters': 64, 'kernel_size': (3, 3), 'strides': (1, 1), 'padding': 'same', 'data_format': 'channels_last', 'dilation_rate': (1, 1), 'groups': 1, 'activation': 'relu', 'use_bias': True, 'kernel_initializer': {'class_name': 'GlorotUniform', 'config': {'seed': None}}, 'bias_initializer': {'class_name': 'Zeros', 'config': {}}, 'kernel_regularizer': None, 'bias_regularizer': None, 'activity_regularizer': None, 'kernel_constraint': None, 'bias_constraint': None}}, {'class_name': 'MaxPooling2D', 'config': {'name': 'max_pooling2d_2', 'trainable': True, 'dtype': 'float32', 'pool_size': (2, 2), 'padding': 'valid', 'strides': (2, 2), 'data_format': 'channels_last'}}, {'class_name': 'Conv2D', 'config': {'name': 'conv2d_4', 'trainable': True, 'dtype': 'float32', 'filters': 64, 'kernel_size': (3, 3), 'strides': (1, 1), 'padding': 'same', 'data_format': 'channels_last', 'dilation_rate': (1, 1), 'groups': 1, 'activation': 'relu', 'use_bias': True, 'kernel_initializer': {'class_name': 'GlorotUniform', 'config': {'seed': None}}, 'bias_initializer': {'class_name': 'Zeros', 'config': {}}, 'kernel_regularizer': None, 'bias_regularizer': None, 'activity_regularizer': None, 'kernel_constraint': None, 'bias_constraint': None}}, {'class_name': 'Conv2D', 'config': {'name': 'conv2d_5', 'trainable': True, 'dtype': 'float32', 'filters': 64, 'kernel_size': (3, 3), 'strides': (1, 1), 'padding': 'same', 'data_format': 'channels_last', 'dilation_rate': (1, 1), 'groups': 1, 'activation': 'relu', 'use_bias': True, 'kernel_initializer': {'class_name': 'GlorotUniform', 'config': {'seed': None}}, 'bias_initializer': {'class_name': 'Zeros', 'config': {}}, 'kernel_regularizer': None, 'bias_regularizer': None, 'activity_regularizer': None, 'kernel_constraint': None, 'bias_constraint': None}}, {'class_name': 'Conv2D', 'config': {'name': 'conv2d_6', 'trainable': True, 'dtype': 'float32', 'filters': 128, 'kernel_size': (5, 5), 'strides': (1, 1), 'padding': 'same', 'data_format': 'channels_last', 'dilation_rate': (1, 1), 'groups': 1, 'activation': 'relu', 'use_bias': True, 'kernel_initializer': {'class_name': 'GlorotUniform', 'config': {'seed': None}}, 'bias_initializer': {'class_name': 'Zeros', 'config': {}}, 'kernel_regularizer': None, 'bias_regularizer': None, 'activity_regularizer': None, 'kernel_constraint': None, 'bias_constraint': None}}, {'class_name': 'Conv2D', 'config': {'name': 'conv2d_7', 'trainable': True, 'dtype': 'float32', 'filters': 256, 'kernel_size': (5, 5), 'strides': (1, 1), 'padding': 'same', 'data_format': 'channels_last', 'dilation_rate': (1, 1), 'groups': 1, 'activation': 'relu', 'use_bias': True, 'kernel_initializer': {'class_name': 'GlorotUniform', 'config': {'seed': None}}, 'bias_initializer': {'class_name': 'Zeros', 'config': {}}, 'kernel_regularizer': None, 'bias_regularizer': None, 'activity_regularizer': None, 'kernel_constraint': None, 'bias_constraint': None}}, {'class_name': 'Dropout', 'config': {'name': 'dropout', 'trainable': True, 'dtype': 'float32', 'rate': 0.1, 'noise_shape': None, 'seed': None}}, {'class_name': 'Flatten', 'config': {'name': 'flatten', 'trainable': True, 'dtype': 'float32', 'data_format': 'channels_last'}}, {'class_name': 'Dense', 'config': {'name': 'dense', 'trainable': True, 'dtype': 'float32', 'units': 256, 'activation': 'relu', 'use_bias': True, 'kernel_initializer': {'class_name': 'GlorotUniform', 'config': {'seed': None}}, 'bias_initializer': {'class_name': 'Zeros', 'config': {}}, 'kernel_regularizer': {'class_name': 'L2', 'config': {'l2': 0.009999999776482582}}, 'bias_regularizer': None, 'activity_regularizer': None, 'kernel_constraint': None, 'bias_constraint': None}}, {'class_name': 'Dropout', 'config': {'name': 'dropout_1', 'trainable': True, 'dtype': 'float32', 'rate': 0.5, 'noise_shape': None, 'seed': None}}, {'class_name': 'Dense', 'config': {'name': 'dense_1', 'trainable': True, 'dtype': 'float32', 'units': 256, 'activation': 'relu', 'use_bias': True, 'kernel_initializer': {'class_name': 'GlorotUniform', 'config': {'seed': None}}, 'bias_initializer': {'class_name': 'Zeros', 'config': {}}, 'kernel_regularizer': {'class_name': 'L2', 'config': {'l2': 0.009999999776482582}}, 'bias_regularizer': None, 'activity_regularizer': None, 'kernel_constraint': None, 'bias_constraint': None}}, {'class_name': 'Dropout', 'config': {'name': 'dropout_2', 'trainable': True, 'dtype': 'float32', 'rate': 0.5, 'noise_shape': None, 'seed': None}}]}

@LAYER2       @@@@@@@@@@@@@@@@@@@@@@
[94mModel: "sequential_1"[0m
[94m_________________________________________________________________[0m
[94mLayer (type)                 Output Shape              Param #   [0m
[94m=================================================================[0m
[94mlambda_1 (Lambda)            (None, 75, 75, 1)         0         [0m
[94m_________________________________________________________________[0m
[94mbatch_normalization_1 (Batch (None, 75, 75, 1)         4         [0m
[94m_________________________________________________________________[0m
[94mconv2d_8 (Conv2D)            (None, 75, 75, 32)        320       [0m
[94m_________________________________________________________________[0m
[94mconv2d_9 (Conv2D)            (None, 75, 75, 32)        9248      [0m
[94m_________________________________________________________________[0m
[94mmax_pooling2d_3 (MaxPooling2 (None, 37, 37, 32)        0         [0m
[94m_________________________________________________________________[0m
[94mconv2d_10 (Conv2D)           (None, 37, 37, 64)        32832     [0m
[94m_________________________________________________________________[0m
[94mconv2d_11 (Conv2D)           (None, 37, 37, 64)        65600     [0m
[94m_________________________________________________________________[0m
[94mmax_pooling2d_4 (MaxPooling2 (None, 18, 18, 64)        0         [0m
[94m_________________________________________________________________[0m
[94mconv2d_12 (Conv2D)           (None, 18, 18, 256)       590080    [0m
[94m_________________________________________________________________[0m
[94mmax_pooling2d_5 (MaxPooling2 (None, 9, 9, 256)         0         [0m
[94m_________________________________________________________________[0m
[94mdropout_3 (Dropout)          (None, 9, 9, 256)         0         [0m
[94m_________________________________________________________________[0m
[94mflatten_1 (Flatten)          (None, 20736)             0         [0m
[94m_________________________________________________________________[0m
[94mdense_2 (Dense)              (None, 256)               5308672   [0m
[94m_________________________________________________________________[0m
[94mdropout_4 (Dropout)          (None, 256)               0         [0m
[94m=================================================================[0m
[94mTotal params: 6,006,756[0m
[94mTrainable params: 6,006,754[0m
[94mNon-trainable params: 2[0m
[94m_________________________________________________________________[0m
None
[92m%Optimizer:
[0m {'name': 'Adam', 'learning_rate': 0.001, 'decay': 0.0, 'beta_1': 0.9, 'beta_2': 0.999, 'epsilon': 1e-07, 'amsgrad': False}
[92m%Layer detail:
[0m {'name': 'sequential_1', 'layers': [{'class_name': 'InputLayer', 'config': {'batch_input_shape': (None, 75, 75, 2), 'dtype': 'float32', 'sparse': False, 'ragged': False, 'name': 'lambda_1_input'}}, {'class_name': 'Lambda', 'config': {'name': 'lambda_1', 'trainable': True, 'dtype': 'float32', 'function': ('4wEAAAAAAAAAAAAAAAEAAAAHAAAAUwAAAHMkAAAAdACgAXwAZABkAIUCZABkAIUCZABkAIUCZAFm\nBBkAZAKhAlMAKQNO6QEAAADp/////6kC2gJ0ZtoLZXhwYW5kX2RpbXOpAdoBeKkAcggAAAD6Hy9o\nb21lL3NhbWh1YW5nL01ML0NOTi9tb2RlbHMucHnaCDxsYW1iZGE+TAAAAPMAAAAA\n', None, None), 'function_type': 'lambda', 'module': 'models', 'output_shape': None, 'output_shape_type': 'raw', 'output_shape_module': None, 'arguments': {}}}, {'class_name': 'BatchNormalization', 'config': {'name': 'batch_normalization_1', 'trainable': True, 'dtype': 'float32', 'axis': ListWrapper([3]), 'momentum': 0.99, 'epsilon': 0.001, 'center': True, 'scale': True, 'beta_initializer': {'class_name': 'Zeros', 'config': {}}, 'gamma_initializer': {'class_name': 'Ones', 'config': {}}, 'moving_mean_initializer': {'class_name': 'Zeros', 'config': {}}, 'moving_variance_initializer': {'class_name': 'Ones', 'config': {}}, 'beta_regularizer': None, 'gamma_regularizer': None, 'beta_constraint': None, 'gamma_constraint': None}}, {'class_name': 'Conv2D', 'config': {'name': 'conv2d_8', 'trainable': True, 'dtype': 'float32', 'filters': 32, 'kernel_size': (3, 3), 'strides': (1, 1), 'padding': 'same', 'data_format': 'channels_last', 'dilation_rate': (1, 1), 'groups': 1, 'activation': 'relu', 'use_bias': True, 'kernel_initializer': {'class_name': 'GlorotUniform', 'config': {'seed': None}}, 'bias_initializer': {'class_name': 'Zeros', 'config': {}}, 'kernel_regularizer': {'class_name': 'L2', 'config': {'l2': 0.009999999776482582}}, 'bias_regularizer': None, 'activity_regularizer': None, 'kernel_constraint': None, 'bias_constraint': None}}, {'class_name': 'Conv2D', 'config': {'name': 'conv2d_9', 'trainable': True, 'dtype': 'float32', 'filters': 32, 'kernel_size': (3, 3), 'strides': (1, 1), 'padding': 'same', 'data_format': 'channels_last', 'dilation_rate': (1, 1), 'groups': 1, 'activation': 'relu', 'use_bias': True, 'kernel_initializer': {'class_name': 'GlorotUniform', 'config': {'seed': None}}, 'bias_initializer': {'class_name': 'Zeros', 'config': {}}, 'kernel_regularizer': None, 'bias_regularizer': None, 'activity_regularizer': None, 'kernel_constraint': None, 'bias_constraint': None}}, {'class_name': 'MaxPooling2D', 'config': {'name': 'max_pooling2d_3', 'trainable': True, 'dtype': 'float32', 'pool_size': (2, 2), 'padding': 'valid', 'strides': (2, 2), 'data_format': 'channels_last'}}, {'class_name': 'Conv2D', 'config': {'name': 'conv2d_10', 'trainable': True, 'dtype': 'float32', 'filters': 64, 'kernel_size': (4, 4), 'strides': (1, 1), 'padding': 'same', 'data_format': 'channels_last', 'dilation_rate': (1, 1), 'groups': 1, 'activation': 'relu', 'use_bias': True, 'kernel_initializer': {'class_name': 'GlorotUniform', 'config': {'seed': None}}, 'bias_initializer': {'class_name': 'Zeros', 'config': {}}, 'kernel_regularizer': None, 'bias_regularizer': None, 'activity_regularizer': None, 'kernel_constraint': None, 'bias_constraint': None}}, {'class_name': 'Conv2D', 'config': {'name': 'conv2d_11', 'trainable': True, 'dtype': 'float32', 'filters': 64, 'kernel_size': (4, 4), 'strides': (1, 1), 'padding': 'same', 'data_format': 'channels_last', 'dilation_rate': (1, 1), 'groups': 1, 'activation': 'relu', 'use_bias': True, 'kernel_initializer': {'class_name': 'GlorotUniform', 'config': {'seed': None}}, 'bias_initializer': {'class_name': 'Zeros', 'config': {}}, 'kernel_regularizer': None, 'bias_regularizer': None, 'activity_regularizer': None, 'kernel_constraint': None, 'bias_constraint': None}}, {'class_name': 'MaxPooling2D', 'config': {'name': 'max_pooling2d_4', 'trainable': True, 'dtype': 'float32', 'pool_size': (2, 2), 'padding': 'valid', 'strides': (2, 2), 'data_format': 'channels_last'}}, {'class_name': 'Conv2D', 'config': {'name': 'conv2d_12', 'trainable': True, 'dtype': 'float32', 'filters': 256, 'kernel_size': (6, 6), 'strides': (1, 1), 'padding': 'same', 'data_format': 'channels_last', 'dilation_rate': (1, 1), 'groups': 1, 'activation': 'relu', 'use_bias': True, 'kernel_initializer': {'class_name': 'GlorotUniform', 'config': {'seed': None}}, 'bias_initializer': {'class_name': 'Zeros', 'config': {}}, 'kernel_regularizer': None, 'bias_regularizer': None, 'activity_regularizer': None, 'kernel_constraint': None, 'bias_constraint': None}}, {'class_name': 'MaxPooling2D', 'config': {'name': 'max_pooling2d_5', 'trainable': True, 'dtype': 'float32', 'pool_size': (2, 2), 'padding': 'valid', 'strides': (2, 2), 'data_format': 'channels_last'}}, {'class_name': 'Dropout', 'config': {'name': 'dropout_3', 'trainable': True, 'dtype': 'float32', 'rate': 0.1, 'noise_shape': None, 'seed': None}}, {'class_name': 'Flatten', 'config': {'name': 'flatten_1', 'trainable': True, 'dtype': 'float32', 'data_format': 'channels_last'}}, {'class_name': 'Dense', 'config': {'name': 'dense_2', 'trainable': True, 'dtype': 'float32', 'units': 256, 'activation': 'relu', 'use_bias': True, 'kernel_initializer': {'class_name': 'GlorotUniform', 'config': {'seed': None}}, 'bias_initializer': {'class_name': 'Zeros', 'config': {}}, 'kernel_regularizer': {'class_name': 'L2', 'config': {'l2': 0.009999999776482582}}, 'bias_regularizer': None, 'activity_regularizer': None, 'kernel_constraint': None, 'bias_constraint': None}}, {'class_name': 'Dropout', 'config': {'name': 'dropout_4', 'trainable': True, 'dtype': 'float32', 'rate': 0.5, 'noise_shape': None, 'seed': None}}]}

@LAYER3       @@@@@@@@@@@@@@@@@@@@@@
[92m%Layer detail:
[0m {'name': 'dense_3', 'trainable': True, 'dtype': 'float32', 'units': 2, 'activation': 'softmax', 'use_bias': True, 'kernel_initializer': {'class_name': 'GlorotUniform', 'config': {'seed': None}}, 'bias_initializer': {'class_name': 'Zeros', 'config': {}}, 'kernel_regularizer': None, 'bias_regularizer': None, 'activity_regularizer': None, 'kernel_constraint': None, 'bias_constraint': None}

****************************************************
history keys:
 dict_keys(['loss', 'accuracy', 'val_loss', 'val_accuracy'])
history params:
 {'verbose': 1, 'epochs': 500, 'steps': None}
****************************************************
$$$$$$$$$$$$$$$$$$$$$$$$$$$$$$$$$$$$$$$$$$$$$$$$$$$$$$
$$$$$$$$$$$$$$$$$$$$$$$$$$$$$$$$$$$$$$$$$$$$$$$$$$$$$$
The data set contains images
80098/80098 [==============================] - 598s 7ms/step - loss: 0.4046 - accuracy: 0.8223
Testing Loss = 0.404640, Testing Accuracy = 0.822293
The data set contains images
[[0.9058070778846741, 0.09419293701648712], [0.07635447382926941, 0.923645555973053], [0.2310086339712143, 0.7689914107322693], [0.2944444715976715, 0.7055555582046509], [0.09059134870767593, 0.9094086289405823], [0.7724311351776123, 0.22756889462471008], [0.27697306871414185, 0.7230269312858582], [0.15388070046901703, 0.8461193442344666], [0.0009312951005995274, 0.9990686774253845], [0.480315625667572, 0.519684374332428]]
[[1.0, 0.0], [0.0, 1.0], [0.0, 1.0], [1.0, 0.0], [0.0, 1.0], [1.0, 0.0], [1.0, 0.0], [0.0, 1.0], [0.0, 1.0], [0.0, 1.0]]
2
$W^+$ (auc = 0.91)
$W^-$ (auc = 0.91)
