

$$$$$$$$$$$$$$$$$$$$$$$$$$$$$$$$$$$$$$$$$
New Run
Current date and time = 2022-09-07 17:09:22.904025
$$$$$$$$$$$$$$$$$$$$$$$$$$$$$$$$$$$$$$$$$
The data set contains images
The data set contains images
Epoch 1/500
281/281 [==============================] - 43s 126ms/step - loss: 7.5069 - accuracy: 0.7287 - val_loss: 2.3192 - val_accuracy: 0.7433

Epoch 00001: val_loss improved from inf to 2.31921, saving model to best_model_binary-WpZ_CNNsq_kappa0.15/
Epoch 2/500
281/281 [==============================] - 35s 125ms/step - loss: 1.4887 - accuracy: 0.7725 - val_loss: 0.9630 - val_accuracy: 0.7744

Epoch 00002: val_loss improved from 2.31921 to 0.96304, saving model to best_model_binary-WpZ_CNNsq_kappa0.15/
Epoch 3/500
281/281 [==============================] - 35s 126ms/step - loss: 0.7387 - accuracy: 0.7788 - val_loss: 0.5801 - val_accuracy: 0.7902

Epoch 00003: val_loss improved from 0.96304 to 0.58009, saving model to best_model_binary-WpZ_CNNsq_kappa0.15/
Epoch 4/500
281/281 [==============================] - 35s 126ms/step - loss: 0.5353 - accuracy: 0.7811 - val_loss: 0.4860 - val_accuracy: 0.7924

Epoch 00004: val_loss improved from 0.58009 to 0.48595, saving model to best_model_binary-WpZ_CNNsq_kappa0.15/
Epoch 5/500
281/281 [==============================] - 35s 126ms/step - loss: 0.4848 - accuracy: 0.7836 - val_loss: 0.4656 - val_accuracy: 0.7919

Epoch 00005: val_loss improved from 0.48595 to 0.46557, saving model to best_model_binary-WpZ_CNNsq_kappa0.15/
Epoch 6/500
281/281 [==============================] - 36s 127ms/step - loss: 0.4726 - accuracy: 0.7855 - val_loss: 0.4594 - val_accuracy: 0.7927

Epoch 00006: val_loss improved from 0.46557 to 0.45941, saving model to best_model_binary-WpZ_CNNsq_kappa0.15/
Epoch 7/500
281/281 [==============================] - 35s 126ms/step - loss: 0.4683 - accuracy: 0.7862 - val_loss: 0.4577 - val_accuracy: 0.7949

Epoch 00007: val_loss improved from 0.45941 to 0.45770, saving model to best_model_binary-WpZ_CNNsq_kappa0.15/
Epoch 8/500
281/281 [==============================] - 35s 126ms/step - loss: 0.4650 - accuracy: 0.7878 - val_loss: 0.4561 - val_accuracy: 0.7955

Epoch 00008: val_loss improved from 0.45770 to 0.45615, saving model to best_model_binary-WpZ_CNNsq_kappa0.15/
Epoch 9/500
281/281 [==============================] - 35s 126ms/step - loss: 0.4630 - accuracy: 0.7888 - val_loss: 0.4563 - val_accuracy: 0.7956

Epoch 00009: val_loss did not improve from 0.45615
Epoch 10/500
281/281 [==============================] - 35s 126ms/step - loss: 0.4612 - accuracy: 0.7900 - val_loss: 0.4557 - val_accuracy: 0.7967

Epoch 00010: val_loss improved from 0.45615 to 0.45572, saving model to best_model_binary-WpZ_CNNsq_kappa0.15/
Epoch 11/500
281/281 [==============================] - 35s 125ms/step - loss: 0.4591 - accuracy: 0.7918 - val_loss: 0.4541 - val_accuracy: 0.7964

Epoch 00011: val_loss improved from 0.45572 to 0.45415, saving model to best_model_binary-WpZ_CNNsq_kappa0.15/
Epoch 12/500
281/281 [==============================] - 35s 126ms/step - loss: 0.4570 - accuracy: 0.7928 - val_loss: 0.4536 - val_accuracy: 0.7969

Epoch 00012: val_loss improved from 0.45415 to 0.45357, saving model to best_model_binary-WpZ_CNNsq_kappa0.15/
Epoch 13/500
281/281 [==============================] - 35s 126ms/step - loss: 0.4552 - accuracy: 0.7936 - val_loss: 0.4533 - val_accuracy: 0.7974

Epoch 00013: val_loss improved from 0.45357 to 0.45333, saving model to best_model_binary-WpZ_CNNsq_kappa0.15/
Epoch 14/500
281/281 [==============================] - 35s 125ms/step - loss: 0.4536 - accuracy: 0.7940 - val_loss: 0.4528 - val_accuracy: 0.7979

Epoch 00014: val_loss improved from 0.45333 to 0.45281, saving model to best_model_binary-WpZ_CNNsq_kappa0.15/
Epoch 15/500
281/281 [==============================] - 35s 126ms/step - loss: 0.4517 - accuracy: 0.7954 - val_loss: 0.4523 - val_accuracy: 0.7971

Epoch 00015: val_loss improved from 0.45281 to 0.45228, saving model to best_model_binary-WpZ_CNNsq_kappa0.15/
Epoch 16/500
281/281 [==============================] - 35s 125ms/step - loss: 0.4491 - accuracy: 0.7980 - val_loss: 0.4529 - val_accuracy: 0.7966

Epoch 00016: val_loss did not improve from 0.45228
Epoch 17/500
281/281 [==============================] - 35s 126ms/step - loss: 0.4483 - accuracy: 0.7978 - val_loss: 0.4529 - val_accuracy: 0.7985

Epoch 00017: val_loss did not improve from 0.45228
Epoch 18/500
281/281 [==============================] - 35s 126ms/step - loss: 0.4455 - accuracy: 0.8000 - val_loss: 0.4533 - val_accuracy: 0.7977

Epoch 00018: val_loss did not improve from 0.45228
Epoch 19/500
281/281 [==============================] - 35s 126ms/step - loss: 0.4444 - accuracy: 0.8012 - val_loss: 0.4544 - val_accuracy: 0.7981

Epoch 00019: val_loss did not improve from 0.45228
Epoch 20/500
281/281 [==============================] - 35s 126ms/step - loss: 0.4419 - accuracy: 0.8027 - val_loss: 0.4543 - val_accuracy: 0.7975

Epoch 00020: val_loss did not improve from 0.45228
Epoch 21/500
281/281 [==============================] - 35s 126ms/step - loss: 0.4400 - accuracy: 0.8037 - val_loss: 0.4553 - val_accuracy: 0.7976

Epoch 00021: val_loss did not improve from 0.45228
Epoch 22/500
281/281 [==============================] - 35s 126ms/step - loss: 0.4376 - accuracy: 0.8059 - val_loss: 0.4573 - val_accuracy: 0.7962

Epoch 00022: val_loss did not improve from 0.45228
Epoch 23/500
281/281 [==============================] - 35s 125ms/step - loss: 0.4350 - accuracy: 0.8079 - val_loss: 0.4589 - val_accuracy: 0.7953

Epoch 00023: val_loss did not improve from 0.45228
Epoch 24/500
281/281 [==============================] - 35s 126ms/step - loss: 0.4319 - accuracy: 0.8092 - val_loss: 0.4601 - val_accuracy: 0.7956

Epoch 00024: val_loss did not improve from 0.45228
Epoch 25/500
281/281 [==============================] - 35s 126ms/step - loss: 0.4289 - accuracy: 0.8119 - val_loss: 0.4634 - val_accuracy: 0.7943

Epoch 00025: val_loss did not improve from 0.45228
Epoch 26/500
281/281 [==============================] - 35s 126ms/step - loss: 0.4265 - accuracy: 0.8137 - val_loss: 0.4627 - val_accuracy: 0.7946

Epoch 00026: val_loss did not improve from 0.45228
Epoch 27/500
281/281 [==============================] - 35s 125ms/step - loss: 0.4207 - accuracy: 0.8181 - val_loss: 0.4708 - val_accuracy: 0.7917

Epoch 00027: val_loss did not improve from 0.45228
Epoch 28/500
281/281 [==============================] - 35s 126ms/step - loss: 0.4188 - accuracy: 0.8191 - val_loss: 0.4715 - val_accuracy: 0.7914

Epoch 00028: val_loss did not improve from 0.45228
Epoch 29/500
281/281 [==============================] - 35s 126ms/step - loss: 0.4131 - accuracy: 0.8238 - val_loss: 0.4756 - val_accuracy: 0.7907

Epoch 00029: val_loss did not improve from 0.45228
Epoch 30/500
281/281 [==============================] - 35s 126ms/step - loss: 0.4072 - accuracy: 0.8278 - val_loss: 0.4848 - val_accuracy: 0.7876

Epoch 00030: val_loss did not improve from 0.45228
Epoch 31/500
281/281 [==============================] - 35s 126ms/step - loss: 0.4031 - accuracy: 0.8302 - val_loss: 0.4867 - val_accuracy: 0.7874

Epoch 00031: val_loss did not improve from 0.45228
Epoch 32/500
281/281 [==============================] - 35s 126ms/step - loss: 0.3971 - accuracy: 0.8342 - val_loss: 0.4940 - val_accuracy: 0.7857

Epoch 00032: val_loss did not improve from 0.45228
Epoch 33/500
281/281 [==============================] - 35s 126ms/step - loss: 0.3906 - accuracy: 0.8393 - val_loss: 0.5007 - val_accuracy: 0.7827

Epoch 00033: val_loss did not improve from 0.45228
Epoch 34/500
281/281 [==============================] - 35s 126ms/step - loss: 0.3839 - accuracy: 0.8433 - val_loss: 0.5082 - val_accuracy: 0.7840

Epoch 00034: val_loss did not improve from 0.45228
Epoch 35/500
281/281 [==============================] - 35s 126ms/step - loss: 0.3765 - accuracy: 0.8474 - val_loss: 0.5134 - val_accuracy: 0.7836

Epoch 00035: val_loss did not improve from 0.45228
Epoch 00035: early stopping
$$$$$$$$$$$$$$$$$$$$$$$$$$$$$$$$$$$$$$$$$$$$$$$$$$$$$$
$$$$$$$$$$$$$$$$$$$$$$$$$$$$$$$$$$$$$$$$$$$$$$$$$$$$$$
[92mModel: "CNNsq_binary"[0m
[92m_________________________________________________________________[0m
[92mLayer (type)                 Output Shape              Param #   [0m
[92m=================================================================[0m
[92msequential (Sequential)      (None, 512)               12043236  [0m
[92m_________________________________________________________________[0m
[92msequential_1 (Sequential)    (None, 512)               11315428  [0m
[92m_________________________________________________________________[0m
[92mdense_3 (Dense)              multiple                  2050      [0m
[92m=================================================================[0m
[92mTotal params: 23,360,714[0m
[92mTrainable params: 23,360,710[0m
[92mNon-trainable params: 4[0m
[92m_________________________________________________________________[0m
None

@LAYER1       @@@@@@@@@@@@@@@@@@@@@@
[94mModel: "sequential"[0m
[94m_________________________________________________________________[0m
[94mLayer (type)                 Output Shape              Param #   [0m
[94m=================================================================[0m
[94mlambda (Lambda)              (None, 75, 75, 1)         0         [0m
[94m_________________________________________________________________[0m
[94mbatch_normalization (BatchNo (None, 75, 75, 1)         4         [0m
[94m_________________________________________________________________[0m
[94mconv2d (Conv2D)              (None, 75, 75, 32)        320       [0m
[94m_________________________________________________________________[0m
[94mconv2d_1 (Conv2D)            (None, 75, 75, 32)        9248      [0m
[94m_________________________________________________________________[0m
[94mmax_pooling2d (MaxPooling2D) (None, 37, 37, 32)        0         [0m
[94m_________________________________________________________________[0m
[94mconv2d_2 (Conv2D)            (None, 37, 37, 64)        18496     [0m
[94m_________________________________________________________________[0m
[94mmax_pooling2d_1 (MaxPooling2 (None, 18, 18, 64)        0         [0m
[94m_________________________________________________________________[0m
[94mconv2d_3 (Conv2D)            (None, 18, 18, 64)        36928     [0m
[94m_________________________________________________________________[0m
[94mmax_pooling2d_2 (MaxPooling2 (None, 9, 9, 64)          0         [0m
[94m_________________________________________________________________[0m
[94mconv2d_4 (Conv2D)            (None, 9, 9, 64)          36928     [0m
[94m_________________________________________________________________[0m
[94mconv2d_5 (Conv2D)            (None, 9, 9, 64)          36928     [0m
[94m_________________________________________________________________[0m
[94mconv2d_6 (Conv2D)            (None, 9, 9, 128)         204928    [0m
[94m_________________________________________________________________[0m
[94mconv2d_7 (Conv2D)            (None, 9, 9, 256)         819456    [0m
[94m_________________________________________________________________[0m
[94mdropout (Dropout)            (None, 9, 9, 256)         0         [0m
[94m_________________________________________________________________[0m
[94mflatten (Flatten)            (None, 20736)             0         [0m
[94m_________________________________________________________________[0m
[94mdense (Dense)                (None, 512)               10617344  [0m
[94m_________________________________________________________________[0m
[94mdropout_1 (Dropout)          (None, 512)               0         [0m
[94m_________________________________________________________________[0m
[94mdense_1 (Dense)              (None, 512)               262656    [0m
[94m_________________________________________________________________[0m
[94mdropout_2 (Dropout)          (None, 512)               0         [0m
[94m=================================================================[0m
[94mTotal params: 12,043,236[0m
[94mTrainable params: 12,043,234[0m
[94mNon-trainable params: 2[0m
[94m_________________________________________________________________[0m
None
[92m%Optimizer:
[0m {'name': 'Adam', 'learning_rate': 1e-04, 'decay': 0.0, 'beta_1': 0.9, 'beta_2': 0.999, 'epsilon': 1e-07, 'amsgrad': False}
[92m%Layer detail:
[0m {'name': 'sequential', 'layers': [{'class_name': 'InputLayer', 'config': {'batch_input_shape': (None, 75, 75, 2), 'dtype': 'float32', 'sparse': False, 'ragged': False, 'name': 'lambda_input'}}, {'class_name': 'Lambda', 'config': {'name': 'lambda', 'trainable': True, 'dtype': 'float32', 'function': ('4wEAAAAAAAAAAAAAAAEAAAAHAAAAUwAAAHMkAAAAdACgAXwAZABkAIUCZABkAIUCZABkAIUCZAFm\nBBkAZAKhAlMAqQNO6QAAAADp/////6kC2gJ0ZtoLZXhwYW5kX2RpbXOpAdoBeKkAcgkAAAD6Gy9o\nb21lL3NhbWh1YW5nL01ML21vZGVscy5wedoIPGxhbWJkYT47AQAA8wAAAAA=\n', None, None), 'function_type': 'lambda', 'module': 'models', 'output_shape': None, 'output_shape_type': 'raw', 'output_shape_module': None, 'arguments': {}}}, {'class_name': 'BatchNormalization', 'config': {'name': 'batch_normalization', 'trainable': True, 'dtype': 'float32', 'axis': ListWrapper([3]), 'momentum': 0.99, 'epsilon': 0.001, 'center': True, 'scale': True, 'beta_initializer': {'class_name': 'Zeros', 'config': {}}, 'gamma_initializer': {'class_name': 'Ones', 'config': {}}, 'moving_mean_initializer': {'class_name': 'Zeros', 'config': {}}, 'moving_variance_initializer': {'class_name': 'Ones', 'config': {}}, 'beta_regularizer': None, 'gamma_regularizer': None, 'beta_constraint': None, 'gamma_constraint': None}}, {'class_name': 'Conv2D', 'config': {'name': 'conv2d', 'trainable': True, 'dtype': 'float32', 'filters': 32, 'kernel_size': (3, 3), 'strides': (1, 1), 'padding': 'same', 'data_format': 'channels_last', 'dilation_rate': (1, 1), 'groups': 1, 'activation': 'relu', 'use_bias': True, 'kernel_initializer': {'class_name': 'GlorotUniform', 'config': {'seed': None}}, 'bias_initializer': {'class_name': 'Zeros', 'config': {}}, 'kernel_regularizer': None, 'bias_regularizer': None, 'activity_regularizer': None, 'kernel_constraint': None, 'bias_constraint': None}}, {'class_name': 'Conv2D', 'config': {'name': 'conv2d_1', 'trainable': True, 'dtype': 'float32', 'filters': 32, 'kernel_size': (3, 3), 'strides': (1, 1), 'padding': 'same', 'data_format': 'channels_last', 'dilation_rate': (1, 1), 'groups': 1, 'activation': 'relu', 'use_bias': True, 'kernel_initializer': {'class_name': 'GlorotUniform', 'config': {'seed': None}}, 'bias_initializer': {'class_name': 'Zeros', 'config': {}}, 'kernel_regularizer': None, 'bias_regularizer': None, 'activity_regularizer': None, 'kernel_constraint': None, 'bias_constraint': None}}, {'class_name': 'MaxPooling2D', 'config': {'name': 'max_pooling2d', 'trainable': True, 'dtype': 'float32', 'pool_size': (2, 2), 'padding': 'valid', 'strides': (2, 2), 'data_format': 'channels_last'}}, {'class_name': 'Conv2D', 'config': {'name': 'conv2d_2', 'trainable': True, 'dtype': 'float32', 'filters': 64, 'kernel_size': (3, 3), 'strides': (1, 1), 'padding': 'same', 'data_format': 'channels_last', 'dilation_rate': (1, 1), 'groups': 1, 'activation': 'relu', 'use_bias': True, 'kernel_initializer': {'class_name': 'GlorotUniform', 'config': {'seed': None}}, 'bias_initializer': {'class_name': 'Zeros', 'config': {}}, 'kernel_regularizer': None, 'bias_regularizer': None, 'activity_regularizer': None, 'kernel_constraint': None, 'bias_constraint': None}}, {'class_name': 'MaxPooling2D', 'config': {'name': 'max_pooling2d_1', 'trainable': True, 'dtype': 'float32', 'pool_size': (2, 2), 'padding': 'valid', 'strides': (2, 2), 'data_format': 'channels_last'}}, {'class_name': 'Conv2D', 'config': {'name': 'conv2d_3', 'trainable': True, 'dtype': 'float32', 'filters': 64, 'kernel_size': (3, 3), 'strides': (1, 1), 'padding': 'same', 'data_format': 'channels_last', 'dilation_rate': (1, 1), 'groups': 1, 'activation': 'relu', 'use_bias': True, 'kernel_initializer': {'class_name': 'GlorotUniform', 'config': {'seed': None}}, 'bias_initializer': {'class_name': 'Zeros', 'config': {}}, 'kernel_regularizer': None, 'bias_regularizer': None, 'activity_regularizer': None, 'kernel_constraint': None, 'bias_constraint': None}}, {'class_name': 'MaxPooling2D', 'config': {'name': 'max_pooling2d_2', 'trainable': True, 'dtype': 'float32', 'pool_size': (2, 2), 'padding': 'valid', 'strides': (2, 2), 'data_format': 'channels_last'}}, {'class_name': 'Conv2D', 'config': {'name': 'conv2d_4', 'trainable': True, 'dtype': 'float32', 'filters': 64, 'kernel_size': (3, 3), 'strides': (1, 1), 'padding': 'same', 'data_format': 'channels_last', 'dilation_rate': (1, 1), 'groups': 1, 'activation': 'relu', 'use_bias': True, 'kernel_initializer': {'class_name': 'GlorotUniform', 'config': {'seed': None}}, 'bias_initializer': {'class_name': 'Zeros', 'config': {}}, 'kernel_regularizer': None, 'bias_regularizer': None, 'activity_regularizer': None, 'kernel_constraint': None, 'bias_constraint': None}}, {'class_name': 'Conv2D', 'config': {'name': 'conv2d_5', 'trainable': True, 'dtype': 'float32', 'filters': 64, 'kernel_size': (3, 3), 'strides': (1, 1), 'padding': 'same', 'data_format': 'channels_last', 'dilation_rate': (1, 1), 'groups': 1, 'activation': 'relu', 'use_bias': True, 'kernel_initializer': {'class_name': 'GlorotUniform', 'config': {'seed': None}}, 'bias_initializer': {'class_name': 'Zeros', 'config': {}}, 'kernel_regularizer': None, 'bias_regularizer': None, 'activity_regularizer': None, 'kernel_constraint': None, 'bias_constraint': None}}, {'class_name': 'Conv2D', 'config': {'name': 'conv2d_6', 'trainable': True, 'dtype': 'float32', 'filters': 128, 'kernel_size': (5, 5), 'strides': (1, 1), 'padding': 'same', 'data_format': 'channels_last', 'dilation_rate': (1, 1), 'groups': 1, 'activation': 'relu', 'use_bias': True, 'kernel_initializer': {'class_name': 'GlorotUniform', 'config': {'seed': None}}, 'bias_initializer': {'class_name': 'Zeros', 'config': {}}, 'kernel_regularizer': None, 'bias_regularizer': None, 'activity_regularizer': None, 'kernel_constraint': None, 'bias_constraint': None}}, {'class_name': 'Conv2D', 'config': {'name': 'conv2d_7', 'trainable': True, 'dtype': 'float32', 'filters': 256, 'kernel_size': (5, 5), 'strides': (1, 1), 'padding': 'same', 'data_format': 'channels_last', 'dilation_rate': (1, 1), 'groups': 1, 'activation': 'relu', 'use_bias': True, 'kernel_initializer': {'class_name': 'GlorotUniform', 'config': {'seed': None}}, 'bias_initializer': {'class_name': 'Zeros', 'config': {}}, 'kernel_regularizer': None, 'bias_regularizer': None, 'activity_regularizer': None, 'kernel_constraint': None, 'bias_constraint': None}}, {'class_name': 'Dropout', 'config': {'name': 'dropout', 'trainable': True, 'dtype': 'float32', 'rate': 0.5, 'noise_shape': None, 'seed': None}}, {'class_name': 'Flatten', 'config': {'name': 'flatten', 'trainable': True, 'dtype': 'float32', 'data_format': 'channels_last'}}, {'class_name': 'Dense', 'config': {'name': 'dense', 'trainable': True, 'dtype': 'float32', 'units': 512, 'activation': 'relu', 'use_bias': True, 'kernel_initializer': {'class_name': 'GlorotUniform', 'config': {'seed': None}}, 'bias_initializer': {'class_name': 'Zeros', 'config': {}}, 'kernel_regularizer': {'class_name': 'L2', 'config': {'l2': 0.009999999776482582}}, 'bias_regularizer': None, 'activity_regularizer': None, 'kernel_constraint': None, 'bias_constraint': None}}, {'class_name': 'Dropout', 'config': {'name': 'dropout_1', 'trainable': True, 'dtype': 'float32', 'rate': 0.5, 'noise_shape': None, 'seed': None}}, {'class_name': 'Dense', 'config': {'name': 'dense_1', 'trainable': True, 'dtype': 'float32', 'units': 512, 'activation': 'relu', 'use_bias': True, 'kernel_initializer': {'class_name': 'GlorotUniform', 'config': {'seed': None}}, 'bias_initializer': {'class_name': 'Zeros', 'config': {}}, 'kernel_regularizer': {'class_name': 'L2', 'config': {'l2': 0.009999999776482582}}, 'bias_regularizer': None, 'activity_regularizer': None, 'kernel_constraint': None, 'bias_constraint': None}}, {'class_name': 'Dropout', 'config': {'name': 'dropout_2', 'trainable': True, 'dtype': 'float32', 'rate': 0.5, 'noise_shape': None, 'seed': None}}]}

@LAYER2       @@@@@@@@@@@@@@@@@@@@@@
[94mModel: "sequential_1"[0m
[94m_________________________________________________________________[0m
[94mLayer (type)                 Output Shape              Param #   [0m
[94m=================================================================[0m
[94mlambda_1 (Lambda)            (None, 75, 75, 1)         0         [0m
[94m_________________________________________________________________[0m
[94mbatch_normalization_1 (Batch (None, 75, 75, 1)         4         [0m
[94m_________________________________________________________________[0m
[94mconv2d_8 (Conv2D)            (None, 75, 75, 32)        320       [0m
[94m_________________________________________________________________[0m
[94mconv2d_9 (Conv2D)            (None, 75, 75, 32)        9248      [0m
[94m_________________________________________________________________[0m
[94mmax_pooling2d_3 (MaxPooling2 (None, 37, 37, 32)        0         [0m
[94m_________________________________________________________________[0m
[94mconv2d_10 (Conv2D)           (None, 37, 37, 64)        32832     [0m
[94m_________________________________________________________________[0m
[94mconv2d_11 (Conv2D)           (None, 37, 37, 64)        65600     [0m
[94m_________________________________________________________________[0m
[94mmax_pooling2d_4 (MaxPooling2 (None, 18, 18, 64)        0         [0m
[94m_________________________________________________________________[0m
[94mconv2d_12 (Conv2D)           (None, 18, 18, 256)       590080    [0m
[94m_________________________________________________________________[0m
[94mmax_pooling2d_5 (MaxPooling2 (None, 9, 9, 256)         0         [0m
[94m_________________________________________________________________[0m
[94mdropout_3 (Dropout)          (None, 9, 9, 256)         0         [0m
[94m_________________________________________________________________[0m
[94mflatten_1 (Flatten)          (None, 20736)             0         [0m
[94m_________________________________________________________________[0m
[94mdense_2 (Dense)              (None, 512)               10617344  [0m
[94m_________________________________________________________________[0m
[94mdropout_4 (Dropout)          (None, 512)               0         [0m
[94m=================================================================[0m
[94mTotal params: 11,315,428[0m
[94mTrainable params: 11,315,426[0m
[94mNon-trainable params: 2[0m
[94m_________________________________________________________________[0m
None
[92m%Optimizer:
[0m {'name': 'Adam', 'learning_rate': 1e-04, 'decay': 0.0, 'beta_1': 0.9, 'beta_2': 0.999, 'epsilon': 1e-07, 'amsgrad': False}
[92m%Layer detail:
[0m {'name': 'sequential_1', 'layers': [{'class_name': 'InputLayer', 'config': {'batch_input_shape': (None, 75, 75, 2), 'dtype': 'float32', 'sparse': False, 'ragged': False, 'name': 'lambda_1_input'}}, {'class_name': 'Lambda', 'config': {'name': 'lambda_1', 'trainable': True, 'dtype': 'float32', 'function': ('4wEAAAAAAAAAAAAAAAEAAAAHAAAAUwAAAHMkAAAAdACgAXwAZABkAIUCZABkAIUCZABkAIUCZAFm\nBBkAZAKhAlMAqQNO6QEAAADp/////6kC2gJ0ZtoLZXhwYW5kX2RpbXOpAdoBeKkAcgkAAAD6Gy9o\nb21lL3NhbWh1YW5nL01ML21vZGVscy5wedoIPGxhbWJkYT5TAQAA8wAAAAA=\n', None, None), 'function_type': 'lambda', 'module': 'models', 'output_shape': None, 'output_shape_type': 'raw', 'output_shape_module': None, 'arguments': {}}}, {'class_name': 'BatchNormalization', 'config': {'name': 'batch_normalization_1', 'trainable': True, 'dtype': 'float32', 'axis': ListWrapper([3]), 'momentum': 0.99, 'epsilon': 0.001, 'center': True, 'scale': True, 'beta_initializer': {'class_name': 'Zeros', 'config': {}}, 'gamma_initializer': {'class_name': 'Ones', 'config': {}}, 'moving_mean_initializer': {'class_name': 'Zeros', 'config': {}}, 'moving_variance_initializer': {'class_name': 'Ones', 'config': {}}, 'beta_regularizer': None, 'gamma_regularizer': None, 'beta_constraint': None, 'gamma_constraint': None}}, {'class_name': 'Conv2D', 'config': {'name': 'conv2d_8', 'trainable': True, 'dtype': 'float32', 'filters': 32, 'kernel_size': (3, 3), 'strides': (1, 1), 'padding': 'same', 'data_format': 'channels_last', 'dilation_rate': (1, 1), 'groups': 1, 'activation': 'relu', 'use_bias': True, 'kernel_initializer': {'class_name': 'GlorotUniform', 'config': {'seed': None}}, 'bias_initializer': {'class_name': 'Zeros', 'config': {}}, 'kernel_regularizer': None, 'bias_regularizer': None, 'activity_regularizer': None, 'kernel_constraint': None, 'bias_constraint': None}}, {'class_name': 'Conv2D', 'config': {'name': 'conv2d_9', 'trainable': True, 'dtype': 'float32', 'filters': 32, 'kernel_size': (3, 3), 'strides': (1, 1), 'padding': 'same', 'data_format': 'channels_last', 'dilation_rate': (1, 1), 'groups': 1, 'activation': 'relu', 'use_bias': True, 'kernel_initializer': {'class_name': 'GlorotUniform', 'config': {'seed': None}}, 'bias_initializer': {'class_name': 'Zeros', 'config': {}}, 'kernel_regularizer': None, 'bias_regularizer': None, 'activity_regularizer': None, 'kernel_constraint': None, 'bias_constraint': None}}, {'class_name': 'MaxPooling2D', 'config': {'name': 'max_pooling2d_3', 'trainable': True, 'dtype': 'float32', 'pool_size': (2, 2), 'padding': 'valid', 'strides': (2, 2), 'data_format': 'channels_last'}}, {'class_name': 'Conv2D', 'config': {'name': 'conv2d_10', 'trainable': True, 'dtype': 'float32', 'filters': 64, 'kernel_size': (4, 4), 'strides': (1, 1), 'padding': 'same', 'data_format': 'channels_last', 'dilation_rate': (1, 1), 'groups': 1, 'activation': 'relu', 'use_bias': True, 'kernel_initializer': {'class_name': 'GlorotUniform', 'config': {'seed': None}}, 'bias_initializer': {'class_name': 'Zeros', 'config': {}}, 'kernel_regularizer': None, 'bias_regularizer': None, 'activity_regularizer': None, 'kernel_constraint': None, 'bias_constraint': None}}, {'class_name': 'Conv2D', 'config': {'name': 'conv2d_11', 'trainable': True, 'dtype': 'float32', 'filters': 64, 'kernel_size': (4, 4), 'strides': (1, 1), 'padding': 'same', 'data_format': 'channels_last', 'dilation_rate': (1, 1), 'groups': 1, 'activation': 'relu', 'use_bias': True, 'kernel_initializer': {'class_name': 'GlorotUniform', 'config': {'seed': None}}, 'bias_initializer': {'class_name': 'Zeros', 'config': {}}, 'kernel_regularizer': None, 'bias_regularizer': None, 'activity_regularizer': None, 'kernel_constraint': None, 'bias_constraint': None}}, {'class_name': 'MaxPooling2D', 'config': {'name': 'max_pooling2d_4', 'trainable': True, 'dtype': 'float32', 'pool_size': (2, 2), 'padding': 'valid', 'strides': (2, 2), 'data_format': 'channels_last'}}, {'class_name': 'Conv2D', 'config': {'name': 'conv2d_12', 'trainable': True, 'dtype': 'float32', 'filters': 256, 'kernel_size': (6, 6), 'strides': (1, 1), 'padding': 'same', 'data_format': 'channels_last', 'dilation_rate': (1, 1), 'groups': 1, 'activation': 'relu', 'use_bias': True, 'kernel_initializer': {'class_name': 'GlorotUniform', 'config': {'seed': None}}, 'bias_initializer': {'class_name': 'Zeros', 'config': {}}, 'kernel_regularizer': None, 'bias_regularizer': None, 'activity_regularizer': None, 'kernel_constraint': None, 'bias_constraint': None}}, {'class_name': 'MaxPooling2D', 'config': {'name': 'max_pooling2d_5', 'trainable': True, 'dtype': 'float32', 'pool_size': (2, 2), 'padding': 'valid', 'strides': (2, 2), 'data_format': 'channels_last'}}, {'class_name': 'Dropout', 'config': {'name': 'dropout_3', 'trainable': True, 'dtype': 'float32', 'rate': 0.5, 'noise_shape': None, 'seed': None}}, {'class_name': 'Flatten', 'config': {'name': 'flatten_1', 'trainable': True, 'dtype': 'float32', 'data_format': 'channels_last'}}, {'class_name': 'Dense', 'config': {'name': 'dense_2', 'trainable': True, 'dtype': 'float32', 'units': 512, 'activation': 'relu', 'use_bias': True, 'kernel_initializer': {'class_name': 'GlorotUniform', 'config': {'seed': None}}, 'bias_initializer': {'class_name': 'Zeros', 'config': {}}, 'kernel_regularizer': {'class_name': 'L2', 'config': {'l2': 0.009999999776482582}}, 'bias_regularizer': None, 'activity_regularizer': None, 'kernel_constraint': None, 'bias_constraint': None}}, {'class_name': 'Dropout', 'config': {'name': 'dropout_4', 'trainable': True, 'dtype': 'float32', 'rate': 0.5, 'noise_shape': None, 'seed': None}}]}

@LAYER3       @@@@@@@@@@@@@@@@@@@@@@
[92m%Layer detail:
[0m {'name': 'dense_3', 'trainable': True, 'dtype': 'float32', 'units': 2, 'activation': 'softmax', 'use_bias': True, 'kernel_initializer': {'class_name': 'GlorotUniform', 'config': {'seed': None}}, 'bias_initializer': {'class_name': 'Zeros', 'config': {}}, 'kernel_regularizer': None, 'bias_regularizer': None, 'activity_regularizer': None, 'kernel_constraint': None, 'bias_constraint': None}

****************************************************
history keys:
 dict_keys(['loss', 'accuracy', 'val_loss', 'val_accuracy'])
history params:
 {'verbose': 1, 'epochs': 500, 'steps': None}
****************************************************
$$$$$$$$$$$$$$$$$$$$$$$$$$$$$$$$$$$$$$$$$$$$$$$$$$$$$$
$$$$$$$$$$$$$$$$$$$$$$$$$$$$$$$$$$$$$$$$$$$$$$$$$$$$$$
The data set contains images
45063/45063 [==============================] - 325s 7ms/step - loss: 0.5219 - accuracy: 0.7789
Testing Loss = 0.521859, Testing Accuracy = 0.778887
The data set contains images
[[0.340596467256546, 0.6594035029411316], [0.010159334167838097, 0.9898406863212585], [0.4929579794406891, 0.5070419907569885], [0.9608327746391296, 0.039167240262031555], [0.0012724457774311304, 0.9987275004386902], [0.8409165740013123, 0.15908339619636536], [0.08541591465473175, 0.9145840406417847], [0.7497308850288391, 0.2502691149711609], [0.687272846698761, 0.312727153301239], [0.8790016174316406, 0.12099836021661758]]
[[0.0, 1.0], [0.0, 1.0], [1.0, 0.0], [1.0, 0.0], [0.0, 1.0], [1.0, 0.0], [0.0, 1.0], [1.0, 0.0], [0.0, 1.0], [1.0, 0.0]]
2
$W^+$ (auc = 0.86)
$Z$ (auc = 0.86)
