

$$$$$$$$$$$$$$$$$$$$$$$$$$$$$$$$$$$$$$$$$
New Run
Current date and time = 2022-10-30 10:41:20.769454
$$$$$$$$$$$$$$$$$$$$$$$$$$$$$$$$$$$$$$$$$
The data set contains images
The data set contains images
Number of training datasets: 230792.
Epoch 1/100
450/450 [==============================] - 209s 453ms/step - loss: 4.9275 - accuracy: 0.5904 - val_loss: 1.9168 - val_accuracy: 0.6070

Epoch 00001: val_loss improved from inf to 1.91676, saving model to /home/samhuang/ML/best_model/best_model_ternary_CNN_kappa0.15-fishbone3/Try/0
Epoch 2/100
450/450 [==============================] - 31s 68ms/step - loss: 1.2951 - accuracy: 0.6528 - val_loss: 0.9782 - val_accuracy: 0.6565

Epoch 00002: val_loss improved from 1.91676 to 0.97816, saving model to /home/samhuang/ML/best_model/best_model_ternary_CNN_kappa0.15-fishbone3/Try/0
Epoch 3/100
450/450 [==============================] - 30s 68ms/step - loss: 0.8974 - accuracy: 0.6586 - val_loss: 0.8375 - val_accuracy: 0.6633

Epoch 00003: val_loss improved from 0.97816 to 0.83746, saving model to /home/samhuang/ML/best_model/best_model_ternary_CNN_kappa0.15-fishbone3/Try/0
Epoch 4/100
450/450 [==============================] - 31s 69ms/step - loss: 0.8312 - accuracy: 0.6634 - val_loss: 0.8116 - val_accuracy: 0.6649

Epoch 00004: val_loss improved from 0.83746 to 0.81159, saving model to /home/samhuang/ML/best_model/best_model_ternary_CNN_kappa0.15-fishbone3/Try/0
Epoch 5/100
450/450 [==============================] - 31s 69ms/step - loss: 0.8133 - accuracy: 0.6647 - val_loss: 0.7972 - val_accuracy: 0.6704

Epoch 00005: val_loss improved from 0.81159 to 0.79725, saving model to /home/samhuang/ML/best_model/best_model_ternary_CNN_kappa0.15-fishbone3/Try/0
Epoch 6/100
450/450 [==============================] - 31s 68ms/step - loss: 0.8035 - accuracy: 0.6685 - val_loss: 0.7900 - val_accuracy: 0.6734

Epoch 00006: val_loss improved from 0.79725 to 0.79001, saving model to /home/samhuang/ML/best_model/best_model_ternary_CNN_kappa0.15-fishbone3/Try/0
Epoch 7/100
450/450 [==============================] - 31s 68ms/step - loss: 0.7967 - accuracy: 0.6712 - val_loss: 0.7850 - val_accuracy: 0.6749

Epoch 00007: val_loss improved from 0.79001 to 0.78502, saving model to /home/samhuang/ML/best_model/best_model_ternary_CNN_kappa0.15-fishbone3/Try/0
Epoch 8/100
450/450 [==============================] - 31s 69ms/step - loss: 0.7912 - accuracy: 0.6750 - val_loss: 0.7775 - val_accuracy: 0.6814

Epoch 00008: val_loss improved from 0.78502 to 0.77754, saving model to /home/samhuang/ML/best_model/best_model_ternary_CNN_kappa0.15-fishbone3/Try/0
Epoch 9/100
450/450 [==============================] - 31s 69ms/step - loss: 0.7858 - accuracy: 0.6774 - val_loss: 0.7742 - val_accuracy: 0.6828

Epoch 00009: val_loss improved from 0.77754 to 0.77415, saving model to /home/samhuang/ML/best_model/best_model_ternary_CNN_kappa0.15-fishbone3/Try/0
Epoch 10/100
450/450 [==============================] - 31s 68ms/step - loss: 0.7814 - accuracy: 0.6798 - val_loss: 0.7708 - val_accuracy: 0.6850

Epoch 00010: val_loss improved from 0.77415 to 0.77076, saving model to /home/samhuang/ML/best_model/best_model_ternary_CNN_kappa0.15-fishbone3/Try/0
Epoch 11/100
450/450 [==============================] - 31s 68ms/step - loss: 0.7775 - accuracy: 0.6822 - val_loss: 0.7675 - val_accuracy: 0.6867

Epoch 00011: val_loss improved from 0.77076 to 0.76753, saving model to /home/samhuang/ML/best_model/best_model_ternary_CNN_kappa0.15-fishbone3/Try/0
Epoch 12/100
450/450 [==============================] - 31s 68ms/step - loss: 0.7733 - accuracy: 0.6844 - val_loss: 0.7650 - val_accuracy: 0.6875

Epoch 00012: val_loss improved from 0.76753 to 0.76497, saving model to /home/samhuang/ML/best_model/best_model_ternary_CNN_kappa0.15-fishbone3/Try/0
Epoch 13/100
450/450 [==============================] - 30s 67ms/step - loss: 0.7703 - accuracy: 0.6865 - val_loss: 0.7627 - val_accuracy: 0.6889

Epoch 00013: val_loss improved from 0.76497 to 0.76275, saving model to /home/samhuang/ML/best_model/best_model_ternary_CNN_kappa0.15-fishbone3/Try/0
Epoch 14/100
450/450 [==============================] - 31s 68ms/step - loss: 0.7676 - accuracy: 0.6880 - val_loss: 0.7623 - val_accuracy: 0.6888

Epoch 00014: val_loss improved from 0.76275 to 0.76231, saving model to /home/samhuang/ML/best_model/best_model_ternary_CNN_kappa0.15-fishbone3/Try/0
Epoch 15/100
450/450 [==============================] - 31s 68ms/step - loss: 0.7640 - accuracy: 0.6903 - val_loss: 0.7603 - val_accuracy: 0.6902

Epoch 00015: val_loss improved from 0.76231 to 0.76030, saving model to /home/samhuang/ML/best_model/best_model_ternary_CNN_kappa0.15-fishbone3/Try/0
Epoch 16/100
450/450 [==============================] - 30s 68ms/step - loss: 0.7610 - accuracy: 0.6922 - val_loss: 0.7607 - val_accuracy: 0.6900

Epoch 00016: val_loss did not improve from 0.76030
Epoch 17/100
450/450 [==============================] - 31s 69ms/step - loss: 0.7587 - accuracy: 0.6938 - val_loss: 0.7580 - val_accuracy: 0.6914

Epoch 00017: val_loss improved from 0.76030 to 0.75803, saving model to /home/samhuang/ML/best_model/best_model_ternary_CNN_kappa0.15-fishbone3/Try/0
Epoch 18/100
450/450 [==============================] - 31s 69ms/step - loss: 0.7573 - accuracy: 0.6940 - val_loss: 0.7565 - val_accuracy: 0.6922

Epoch 00018: val_loss improved from 0.75803 to 0.75654, saving model to /home/samhuang/ML/best_model/best_model_ternary_CNN_kappa0.15-fishbone3/Try/0
Epoch 19/100
450/450 [==============================] - 31s 68ms/step - loss: 0.7547 - accuracy: 0.6966 - val_loss: 0.7560 - val_accuracy: 0.6928

Epoch 00019: val_loss improved from 0.75654 to 0.75602, saving model to /home/samhuang/ML/best_model/best_model_ternary_CNN_kappa0.15-fishbone3/Try/0
Epoch 20/100
450/450 [==============================] - 31s 69ms/step - loss: 0.7528 - accuracy: 0.6971 - val_loss: 0.7571 - val_accuracy: 0.6919

Epoch 00020: val_loss did not improve from 0.75602
Epoch 21/100
450/450 [==============================] - 31s 68ms/step - loss: 0.7501 - accuracy: 0.6995 - val_loss: 0.7545 - val_accuracy: 0.6935

Epoch 00021: val_loss improved from 0.75602 to 0.75454, saving model to /home/samhuang/ML/best_model/best_model_ternary_CNN_kappa0.15-fishbone3/Try/0
Epoch 22/100
450/450 [==============================] - 31s 69ms/step - loss: 0.7492 - accuracy: 0.7003 - val_loss: 0.7560 - val_accuracy: 0.6929

Epoch 00022: val_loss did not improve from 0.75454
Epoch 23/100
450/450 [==============================] - 31s 69ms/step - loss: 0.7462 - accuracy: 0.7019 - val_loss: 0.7571 - val_accuracy: 0.6920

Epoch 00023: val_loss did not improve from 0.75454
Epoch 24/100
450/450 [==============================] - 31s 69ms/step - loss: 0.7431 - accuracy: 0.7045 - val_loss: 0.7550 - val_accuracy: 0.6939

Epoch 00024: val_loss did not improve from 0.75454
Epoch 25/100
450/450 [==============================] - 31s 69ms/step - loss: 0.7416 - accuracy: 0.7054 - val_loss: 0.7593 - val_accuracy: 0.6913

Epoch 00025: val_loss did not improve from 0.75454
Epoch 26/100
450/450 [==============================] - 31s 69ms/step - loss: 0.7402 - accuracy: 0.7065 - val_loss: 0.7586 - val_accuracy: 0.6915

Epoch 00026: val_loss did not improve from 0.75454
Epoch 27/100
450/450 [==============================] - 30s 67ms/step - loss: 0.7376 - accuracy: 0.7090 - val_loss: 0.7614 - val_accuracy: 0.6914

Epoch 00027: val_loss did not improve from 0.75454
Epoch 28/100
450/450 [==============================] - 31s 69ms/step - loss: 0.7349 - accuracy: 0.7101 - val_loss: 0.7622 - val_accuracy: 0.6914

Epoch 00028: val_loss did not improve from 0.75454
Epoch 29/100
450/450 [==============================] - 31s 68ms/step - loss: 0.7312 - accuracy: 0.7142 - val_loss: 0.7643 - val_accuracy: 0.6899

Epoch 00029: val_loss did not improve from 0.75454
Epoch 30/100
450/450 [==============================] - 31s 68ms/step - loss: 0.7285 - accuracy: 0.7157 - val_loss: 0.7661 - val_accuracy: 0.6889

Epoch 00030: val_loss did not improve from 0.75454
Epoch 31/100
450/450 [==============================] - 31s 68ms/step - loss: 0.7259 - accuracy: 0.7184 - val_loss: 0.7682 - val_accuracy: 0.6890

Epoch 00031: val_loss did not improve from 0.75454
Epoch 00031: early stopping
$$$$$$$$$$$$$$$$$$$$$$$$$$$$$$$$$$$$$$$$$$$$$$$$$$$$$$
$$$$$$$$$$$$$$$$$$$$$$$$$$$$$$$$$$$$$$$$$$$$$$$$$$$$$$
[92mModel: "CNN"[0m
[92m_________________________________________________________________[0m
[92mLayer (type)                 Output Shape              Param #   [0m
[92m=================================================================[0m
[92msequential (Sequential)      (None, 512)               12127912  [0m
[92m_________________________________________________________________[0m
[92mdense_2 (Dense)              multiple                  1539      [0m
[92m=================================================================[0m
[92mTotal params: 12,129,451[0m
[92mTrainable params: 12,129,447[0m
[92mNon-trainable params: 4[0m
[92m_________________________________________________________________[0m
None

@LAYER1       @@@@@@@@@@@@@@@@@@@@@@
[94mModel: "sequential"[0m
[94m_________________________________________________________________[0m
[94mLayer (type)                 Output Shape              Param #   [0m
[94m=================================================================[0m
[94mlambda (Lambda)              (None, 75, 75, 2)         0         [0m
[94m_________________________________________________________________[0m
[94mbatch_normalization (BatchNo (None, 75, 75, 2)         8         [0m
[94m_________________________________________________________________[0m
[94mconv2d (Conv2D)              (None, 75, 75, 32)        2336      [0m
[94m_________________________________________________________________[0m
[94mmax_pooling2d (MaxPooling2D) (None, 37, 37, 32)        0         [0m
[94m_________________________________________________________________[0m
[94mconv2d_1 (Conv2D)            (None, 37, 37, 128)       65664     [0m
[94m_________________________________________________________________[0m
[94mmax_pooling2d_1 (MaxPooling2 (None, 18, 18, 128)       0         [0m
[94m_________________________________________________________________[0m
[94mconv2d_2 (Conv2D)            (None, 18, 18, 256)       1179904   [0m
[94m_________________________________________________________________[0m
[94mmax_pooling2d_2 (MaxPooling2 (None, 9, 9, 256)         0         [0m
[94m_________________________________________________________________[0m
[94mdropout (Dropout)            (None, 9, 9, 256)         0         [0m
[94m_________________________________________________________________[0m
[94mflatten (Flatten)            (None, 20736)             0         [0m
[94m_________________________________________________________________[0m
[94mdense (Dense)                (None, 512)               10617344  [0m
[94m_________________________________________________________________[0m
[94mdropout_1 (Dropout)          (None, 512)               0         [0m
[94m_________________________________________________________________[0m
[94mdense_1 (Dense)              (None, 512)               262656    [0m
[94m_________________________________________________________________[0m
[94mdropout_2 (Dropout)          (None, 512)               0         [0m
[94m=================================================================[0m
[94mTotal params: 12,127,912[0m
[94mTrainable params: 12,127,908[0m
[94mNon-trainable params: 4[0m
[94m_________________________________________________________________[0m
None
[92m%Optimizer:
[0m {'name': 'Adam', 'learning_rate': 1e-04, 'decay': 0.0, 'beta_1': 0.9, 'beta_2': 0.999, 'epsilon': 1e-07, 'amsgrad': False}
[92m%Layer detail:
[0m {'name': 'sequential', 'layers': [{'class_name': 'InputLayer', 'config': {'batch_input_shape': (None, 75, 75, 2), 'dtype': 'float32', 'sparse': False, 'ragged': False, 'name': 'lambda_input'}}, {'class_name': 'Lambda', 'config': {'name': 'lambda', 'trainable': True, 'dtype': 'float32', 'function': ('4wEAAAAAAAAAAAAAAAEAAAAGAAAAUwAAAHMgAAAAfABkAGQAhQJkAGQAhQJkAGQAhQJkAGQAhQJm\nBBkAUwApAU6pAKkB2gF4cgEAAAByAQAAAPofL2hvbWUvc2FtaHVhbmcvTUwvQ05OL21vZGVscy5w\nedoIPGxhbWJkYT4NAAAA8wAAAAA=\n', None, None), 'function_type': 'lambda', 'module': 'models', 'output_shape': None, 'output_shape_type': 'raw', 'output_shape_module': None, 'arguments': {}}}, {'class_name': 'BatchNormalization', 'config': {'name': 'batch_normalization', 'trainable': True, 'dtype': 'float32', 'axis': ListWrapper([3]), 'momentum': 0.99, 'epsilon': 0.001, 'center': True, 'scale': True, 'beta_initializer': {'class_name': 'Zeros', 'config': {}}, 'gamma_initializer': {'class_name': 'Ones', 'config': {}}, 'moving_mean_initializer': {'class_name': 'Zeros', 'config': {}}, 'moving_variance_initializer': {'class_name': 'Ones', 'config': {}}, 'beta_regularizer': None, 'gamma_regularizer': None, 'beta_constraint': None, 'gamma_constraint': None}}, {'class_name': 'Conv2D', 'config': {'name': 'conv2d', 'trainable': True, 'dtype': 'float32', 'filters': 32, 'kernel_size': (6, 6), 'strides': (1, 1), 'padding': 'same', 'data_format': 'channels_last', 'dilation_rate': (1, 1), 'groups': 1, 'activation': 'relu', 'use_bias': True, 'kernel_initializer': {'class_name': 'GlorotUniform', 'config': {'seed': None}}, 'bias_initializer': {'class_name': 'Zeros', 'config': {}}, 'kernel_regularizer': {'class_name': 'L2', 'config': {'l2': 0.009999999776482582}}, 'bias_regularizer': None, 'activity_regularizer': None, 'kernel_constraint': None, 'bias_constraint': None}}, {'class_name': 'MaxPooling2D', 'config': {'name': 'max_pooling2d', 'trainable': True, 'dtype': 'float32', 'pool_size': (2, 2), 'padding': 'valid', 'strides': (2, 2), 'data_format': 'channels_last'}}, {'class_name': 'Conv2D', 'config': {'name': 'conv2d_1', 'trainable': True, 'dtype': 'float32', 'filters': 128, 'kernel_size': (4, 4), 'strides': (1, 1), 'padding': 'same', 'data_format': 'channels_last', 'dilation_rate': (1, 1), 'groups': 1, 'activation': 'relu', 'use_bias': True, 'kernel_initializer': {'class_name': 'GlorotUniform', 'config': {'seed': None}}, 'bias_initializer': {'class_name': 'Zeros', 'config': {}}, 'kernel_regularizer': None, 'bias_regularizer': None, 'activity_regularizer': None, 'kernel_constraint': None, 'bias_constraint': None}}, {'class_name': 'MaxPooling2D', 'config': {'name': 'max_pooling2d_1', 'trainable': True, 'dtype': 'float32', 'pool_size': (2, 2), 'padding': 'valid', 'strides': (2, 2), 'data_format': 'channels_last'}}, {'class_name': 'Conv2D', 'config': {'name': 'conv2d_2', 'trainable': True, 'dtype': 'float32', 'filters': 256, 'kernel_size': (6, 6), 'strides': (1, 1), 'padding': 'same', 'data_format': 'channels_last', 'dilation_rate': (1, 1), 'groups': 1, 'activation': 'relu', 'use_bias': True, 'kernel_initializer': {'class_name': 'GlorotUniform', 'config': {'seed': None}}, 'bias_initializer': {'class_name': 'Zeros', 'config': {}}, 'kernel_regularizer': None, 'bias_regularizer': None, 'activity_regularizer': None, 'kernel_constraint': None, 'bias_constraint': None}}, {'class_name': 'MaxPooling2D', 'config': {'name': 'max_pooling2d_2', 'trainable': True, 'dtype': 'float32', 'pool_size': (2, 2), 'padding': 'valid', 'strides': (2, 2), 'data_format': 'channels_last'}}, {'class_name': 'Dropout', 'config': {'name': 'dropout', 'trainable': True, 'dtype': 'float32', 'rate': 0.1, 'noise_shape': None, 'seed': None}}, {'class_name': 'Flatten', 'config': {'name': 'flatten', 'trainable': True, 'dtype': 'float32', 'data_format': 'channels_last'}}, {'class_name': 'Dense', 'config': {'name': 'dense', 'trainable': True, 'dtype': 'float32', 'units': 512, 'activation': 'relu', 'use_bias': True, 'kernel_initializer': {'class_name': 'GlorotUniform', 'config': {'seed': None}}, 'bias_initializer': {'class_name': 'Zeros', 'config': {}}, 'kernel_regularizer': {'class_name': 'L2', 'config': {'l2': 0.009999999776482582}}, 'bias_regularizer': None, 'activity_regularizer': None, 'kernel_constraint': None, 'bias_constraint': None}}, {'class_name': 'Dropout', 'config': {'name': 'dropout_1', 'trainable': True, 'dtype': 'float32', 'rate': 0.5, 'noise_shape': None, 'seed': None}}, {'class_name': 'Dense', 'config': {'name': 'dense_1', 'trainable': True, 'dtype': 'float32', 'units': 512, 'activation': 'relu', 'use_bias': True, 'kernel_initializer': {'class_name': 'GlorotUniform', 'config': {'seed': None}}, 'bias_initializer': {'class_name': 'Zeros', 'config': {}}, 'kernel_regularizer': {'class_name': 'L2', 'config': {'l2': 0.009999999776482582}}, 'bias_regularizer': None, 'activity_regularizer': None, 'kernel_constraint': None, 'bias_constraint': None}}, {'class_name': 'Dropout', 'config': {'name': 'dropout_2', 'trainable': True, 'dtype': 'float32', 'rate': 0.5, 'noise_shape': None, 'seed': None}}]}

@LAYER2       @@@@@@@@@@@@@@@@@@@@@@
[92m%Layer detail:
[0m {'name': 'dense_2', 'trainable': True, 'dtype': 'float32', 'units': 3, 'activation': 'softmax', 'use_bias': True, 'kernel_initializer': {'class_name': 'GlorotUniform', 'config': {'seed': None}}, 'bias_initializer': {'class_name': 'Zeros', 'config': {}}, 'kernel_regularizer': None, 'bias_regularizer': None, 'activity_regularizer': None, 'kernel_constraint': None, 'bias_constraint': None}

****************************************************
history keys:
 dict_keys(['loss', 'accuracy', 'val_loss', 'val_accuracy'])
history params:
 {'verbose': 1, 'epochs': 100, 'steps': None}
****************************************************
$$$$$$$$$$$$$$$$$$$$$$$$$$$$$$$$$$$$$$$$$$$$$$$$$$$$$$
$$$$$$$$$$$$$$$$$$$$$$$$$$$$$$$$$$$$$$$$$$$$$$$$$$$$$$
The data set contains images
72123/72123 [==============================] - 298s 4ms/step - loss: 0.7539 - accuracy: 0.6947
Testing Loss = 0.753857, Testing Accuracy = 0.694674
The data set contains images
N of classes 3
$W^+$ (auc = 85.75 +- 0.0000 %)
$W^-$ (auc = 85.58 +- 0.0000 %)
$Z$ (auc = 84.23 +- 0.0000 %)
The summarized testing accuracy = 69.47 +- 0.0000 (percent), with the loss = 0.7539 +- 0.000000
